INFO - 2023-03-15 06:21:43 --> Session: Class initialized using 'CodeIgniter\Session\Handlers\FileHandler' driver.
INFO - 2023-03-15 06:24:37 --> Session: Class initialized using 'CodeIgniter\Session\Handlers\FileHandler' driver.
INFO - 2023-03-15 06:26:00 --> Session: Class initialized using 'CodeIgniter\Session\Handlers\FileHandler' driver.
INFO - 2023-03-15 06:28:12 --> Session: Class initialized using 'CodeIgniter\Session\Handlers\FileHandler' driver.
INFO - 2023-03-15 06:28:17 --> Session: Class initialized using 'CodeIgniter\Session\Handlers\FileHandler' driver.
INFO - 2023-03-15 06:31:55 --> Session: Class initialized using 'CodeIgniter\Session\Handlers\FileHandler' driver.
INFO - 2023-03-15 08:26:13 --> Session: Class initialized using 'CodeIgniter\Session\Handlers\FileHandler' driver.
CRITICAL - 2023-03-15 08:26:14 --> Array to string conversion
in SYSTEMPATH\Database\Query.php on line 329.
 1 [internal function]: CodeIgniter\Debug\Exceptions->errorHandler(2, 'Array to string conversion', 'SYSTEMPATH\\Database\\Query.php', 329)
 2 SYSTEMPATH\Database\Query.php(329): implode(',', [...])
 3 SYSTEMPATH\Database\Query.php(310): CodeIgniter\Database\Query->matchNamedBinds('SELECT *
FROM "customer"
WHERE "userid" = :userid:
 LIMIT 1', [...])
 4 SYSTEMPATH\Database\Query.php(159): CodeIgniter\Database\Query->compileBinds()
 5 SYSTEMPATH\Database\BaseConnection.php(605): CodeIgniter\Database\Query->getQuery()
 6 SYSTEMPATH\Database\BaseBuilder.php(1616): CodeIgniter\Database\BaseConnection->query('SELECT *
FROM "customer"
WHERE "userid" = :userid:
 LIMIT 1', [...], false)
 7 SYSTEMPATH\Model.php(268): CodeIgniter\Database\BaseBuilder->get()
 8 SYSTEMPATH\BaseModel.php(656): CodeIgniter\Model->doFirst()
 9 APPPATH\Models\CustomersModel.php(23): CodeIgniter\BaseModel->first()
10 APPPATH\Controllers\Lists.php(132): App\Models\CustomersModel->getUserid([...])
11 SYSTEMPATH\CodeIgniter.php(934): App\Controllers\Lists->suborder('1')
12 SYSTEMPATH\CodeIgniter.php(499): CodeIgniter\CodeIgniter->runController(Object(App\Controllers\Lists))
13 SYSTEMPATH\CodeIgniter.php(368): CodeIgniter\CodeIgniter->handleRequest(null, Object(Config\Cache), false)
14 FCPATH\index.php(67): CodeIgniter\CodeIgniter->run()
INFO - 2023-03-15 08:36:08 --> Session: Class initialized using 'CodeIgniter\Session\Handlers\FileHandler' driver.
CRITICAL - 2023-03-15 08:36:08 --> Array to string conversion
in SYSTEMPATH\Database\Query.php on line 329.
 1 [internal function]: CodeIgniter\Debug\Exceptions->errorHandler(2, 'Array to string conversion', 'SYSTEMPATH\\Database\\Query.php', 329)
 2 SYSTEMPATH\Database\Query.php(329): implode(',', [...])
 3 SYSTEMPATH\Database\Query.php(310): CodeIgniter\Database\Query->matchNamedBinds('SELECT *
FROM "customer"
WHERE "userid" = :userid:
 LIMIT 1', [...])
 4 SYSTEMPATH\Database\Query.php(159): CodeIgniter\Database\Query->compileBinds()
 5 SYSTEMPATH\Database\BaseConnection.php(605): CodeIgniter\Database\Query->getQuery()
 6 SYSTEMPATH\Database\BaseBuilder.php(1616): CodeIgniter\Database\BaseConnection->query('SELECT *
FROM "customer"
WHERE "userid" = :userid:
 LIMIT 1', [...], false)
 7 SYSTEMPATH\Model.php(268): CodeIgniter\Database\BaseBuilder->get()
 8 SYSTEMPATH\BaseModel.php(656): CodeIgniter\Model->doFirst()
 9 APPPATH\Models\CustomersModel.php(23): CodeIgniter\BaseModel->first()
10 APPPATH\Controllers\Lists.php(134): App\Models\CustomersModel->getUserid([...])
11 SYSTEMPATH\CodeIgniter.php(934): App\Controllers\Lists->suborder('1')
12 SYSTEMPATH\CodeIgniter.php(499): CodeIgniter\CodeIgniter->runController(Object(App\Controllers\Lists))
13 SYSTEMPATH\CodeIgniter.php(368): CodeIgniter\CodeIgniter->handleRequest(null, Object(Config\Cache), false)
14 FCPATH\index.php(67): CodeIgniter\CodeIgniter->run()
INFO - 2023-03-15 08:38:48 --> Session: Class initialized using 'CodeIgniter\Session\Handlers\FileHandler' driver.
CRITICAL - 2023-03-15 08:38:48 --> Array to string conversion
in SYSTEMPATH\Database\Query.php on line 329.
 1 [internal function]: CodeIgniter\Debug\Exceptions->errorHandler(2, 'Array to string conversion', 'SYSTEMPATH\\Database\\Query.php', 329)
 2 SYSTEMPATH\Database\Query.php(329): implode(',', [...])
 3 SYSTEMPATH\Database\Query.php(310): CodeIgniter\Database\Query->matchNamedBinds('SELECT *
FROM "customer"
WHERE "userid" = :userid:
 LIMIT 1', [...])
 4 SYSTEMPATH\Database\Query.php(159): CodeIgniter\Database\Query->compileBinds()
 5 SYSTEMPATH\Database\BaseConnection.php(605): CodeIgniter\Database\Query->getQuery()
 6 SYSTEMPATH\Database\BaseBuilder.php(1616): CodeIgniter\Database\BaseConnection->query('SELECT *
FROM "customer"
WHERE "userid" = :userid:
 LIMIT 1', [...], false)
 7 SYSTEMPATH\Model.php(268): CodeIgniter\Database\BaseBuilder->get()
 8 SYSTEMPATH\BaseModel.php(656): CodeIgniter\Model->doFirst()
 9 APPPATH\Models\CustomersModel.php(23): CodeIgniter\BaseModel->first()
10 APPPATH\Controllers\Lists.php(134): App\Models\CustomersModel->getUserid([...])
11 SYSTEMPATH\CodeIgniter.php(934): App\Controllers\Lists->suborder('1')
12 SYSTEMPATH\CodeIgniter.php(499): CodeIgniter\CodeIgniter->runController(Object(App\Controllers\Lists))
13 SYSTEMPATH\CodeIgniter.php(368): CodeIgniter\CodeIgniter->handleRequest(null, Object(Config\Cache), false)
14 FCPATH\index.php(67): CodeIgniter\CodeIgniter->run()
INFO - 2023-03-15 08:39:56 --> Session: Class initialized using 'CodeIgniter\Session\Handlers\FileHandler' driver.
CRITICAL - 2023-03-15 08:39:56 --> Array to string conversion
in SYSTEMPATH\Database\Query.php on line 329.
 1 [internal function]: CodeIgniter\Debug\Exceptions->errorHandler(2, 'Array to string conversion', 'SYSTEMPATH\\Database\\Query.php', 329)
 2 SYSTEMPATH\Database\Query.php(329): implode(',', [...])
 3 SYSTEMPATH\Database\Query.php(310): CodeIgniter\Database\Query->matchNamedBinds('SELECT *
FROM "customer"
WHERE "userid" = :userid:
 LIMIT 1', [...])
 4 SYSTEMPATH\Database\Query.php(159): CodeIgniter\Database\Query->compileBinds()
 5 SYSTEMPATH\Database\BaseConnection.php(605): CodeIgniter\Database\Query->getQuery()
 6 SYSTEMPATH\Database\BaseBuilder.php(1616): CodeIgniter\Database\BaseConnection->query('SELECT *
FROM "customer"
WHERE "userid" = :userid:
 LIMIT 1', [...], false)
 7 SYSTEMPATH\Model.php(268): CodeIgniter\Database\BaseBuilder->get()
 8 SYSTEMPATH\BaseModel.php(656): CodeIgniter\Model->doFirst()
 9 APPPATH\Models\CustomersModel.php(23): CodeIgniter\BaseModel->first()
10 APPPATH\Controllers\Lists.php(134): App\Models\CustomersModel->getUserid([...])
11 SYSTEMPATH\CodeIgniter.php(934): App\Controllers\Lists->suborder('1')
12 SYSTEMPATH\CodeIgniter.php(499): CodeIgniter\CodeIgniter->runController(Object(App\Controllers\Lists))
13 SYSTEMPATH\CodeIgniter.php(368): CodeIgniter\CodeIgniter->handleRequest(null, Object(Config\Cache), false)
14 FCPATH\index.php(67): CodeIgniter\CodeIgniter->run()
INFO - 2023-03-15 08:45:20 --> Session: Class initialized using 'CodeIgniter\Session\Handlers\FileHandler' driver.
CRITICAL - 2023-03-15 08:45:21 --> Array to string conversion
in SYSTEMPATH\Database\Query.php on line 329.
 1 [internal function]: CodeIgniter\Debug\Exceptions->errorHandler(2, 'Array to string conversion', 'SYSTEMPATH\\Database\\Query.php', 329)
 2 SYSTEMPATH\Database\Query.php(329): implode(',', [...])
 3 SYSTEMPATH\Database\Query.php(310): CodeIgniter\Database\Query->matchNamedBinds('SELECT *
FROM "customer"
WHERE "userid" = :userid:
 LIMIT 1', [...])
 4 SYSTEMPATH\Database\Query.php(159): CodeIgniter\Database\Query->compileBinds()
 5 SYSTEMPATH\Database\BaseConnection.php(605): CodeIgniter\Database\Query->getQuery()
 6 SYSTEMPATH\Database\BaseBuilder.php(1616): CodeIgniter\Database\BaseConnection->query('SELECT *
FROM "customer"
WHERE "userid" = :userid:
 LIMIT 1', [...], false)
 7 SYSTEMPATH\Model.php(268): CodeIgniter\Database\BaseBuilder->get()
 8 SYSTEMPATH\BaseModel.php(656): CodeIgniter\Model->doFirst()
 9 APPPATH\Models\CustomersModel.php(23): CodeIgniter\BaseModel->first()
10 APPPATH\Controllers\Lists.php(134): App\Models\CustomersModel->getUserid([...])
11 SYSTEMPATH\CodeIgniter.php(934): App\Controllers\Lists->suborder('1')
12 SYSTEMPATH\CodeIgniter.php(499): CodeIgniter\CodeIgniter->runController(Object(App\Controllers\Lists))
13 SYSTEMPATH\CodeIgniter.php(368): CodeIgniter\CodeIgniter->handleRequest(null, Object(Config\Cache), false)
14 FCPATH\index.php(67): CodeIgniter\CodeIgniter->run()
INFO - 2023-03-15 08:46:00 --> Session: Class initialized using 'CodeIgniter\Session\Handlers\FileHandler' driver.
CRITICAL - 2023-03-15 08:46:01 --> Array to string conversion
in SYSTEMPATH\Database\Query.php on line 329.
 1 [internal function]: CodeIgniter\Debug\Exceptions->errorHandler(2, 'Array to string conversion', 'SYSTEMPATH\\Database\\Query.php', 329)
 2 SYSTEMPATH\Database\Query.php(329): implode(',', [...])
 3 SYSTEMPATH\Database\Query.php(310): CodeIgniter\Database\Query->matchNamedBinds('SELECT *
FROM "customer"
WHERE "userid" = :userid:
 LIMIT 1', [...])
 4 SYSTEMPATH\Database\Query.php(159): CodeIgniter\Database\Query->compileBinds()
 5 SYSTEMPATH\Database\BaseConnection.php(605): CodeIgniter\Database\Query->getQuery()
 6 SYSTEMPATH\Database\BaseBuilder.php(1616): CodeIgniter\Database\BaseConnection->query('SELECT *
FROM "customer"
WHERE "userid" = :userid:
 LIMIT 1', [...], false)
 7 SYSTEMPATH\Model.php(268): CodeIgniter\Database\BaseBuilder->get()
 8 SYSTEMPATH\BaseModel.php(656): CodeIgniter\Model->doFirst()
 9 APPPATH\Models\CustomersModel.php(23): CodeIgniter\BaseModel->first()
10 APPPATH\Controllers\Lists.php(134): App\Models\CustomersModel->getUserid([...])
11 SYSTEMPATH\CodeIgniter.php(934): App\Controllers\Lists->suborder('1')
12 SYSTEMPATH\CodeIgniter.php(499): CodeIgniter\CodeIgniter->runController(Object(App\Controllers\Lists))
13 SYSTEMPATH\CodeIgniter.php(368): CodeIgniter\CodeIgniter->handleRequest(null, Object(Config\Cache), false)
14 FCPATH\index.php(67): CodeIgniter\CodeIgniter->run()
INFO - 2023-03-15 08:47:21 --> Session: Class initialized using 'CodeIgniter\Session\Handlers\FileHandler' driver.
CRITICAL - 2023-03-15 08:47:22 --> Array to string conversion
in SYSTEMPATH\Database\Query.php on line 329.
 1 [internal function]: CodeIgniter\Debug\Exceptions->errorHandler(2, 'Array to string conversion', 'SYSTEMPATH\\Database\\Query.php', 329)
 2 SYSTEMPATH\Database\Query.php(329): implode(',', [...])
 3 SYSTEMPATH\Database\Query.php(310): CodeIgniter\Database\Query->matchNamedBinds('SELECT *
FROM "customer"
WHERE "userid" = :userid:
 LIMIT 1', [...])
 4 SYSTEMPATH\Database\Query.php(159): CodeIgniter\Database\Query->compileBinds()
 5 SYSTEMPATH\Database\BaseConnection.php(605): CodeIgniter\Database\Query->getQuery()
 6 SYSTEMPATH\Database\BaseBuilder.php(1616): CodeIgniter\Database\BaseConnection->query('SELECT *
FROM "customer"
WHERE "userid" = :userid:
 LIMIT 1', [...], false)
 7 SYSTEMPATH\Model.php(268): CodeIgniter\Database\BaseBuilder->get()
 8 SYSTEMPATH\BaseModel.php(656): CodeIgniter\Model->doFirst()
 9 APPPATH\Models\CustomersModel.php(23): CodeIgniter\BaseModel->first()
10 APPPATH\Controllers\Lists.php(134): App\Models\CustomersModel->getUserid([...])
11 SYSTEMPATH\CodeIgniter.php(934): App\Controllers\Lists->suborder('1')
12 SYSTEMPATH\CodeIgniter.php(499): CodeIgniter\CodeIgniter->runController(Object(App\Controllers\Lists))
13 SYSTEMPATH\CodeIgniter.php(368): CodeIgniter\CodeIgniter->handleRequest(null, Object(Config\Cache), false)
14 FCPATH\index.php(67): CodeIgniter\CodeIgniter->run()
INFO - 2023-03-15 08:47:51 --> Session: Class initialized using 'CodeIgniter\Session\Handlers\FileHandler' driver.
CRITICAL - 2023-03-15 08:47:51 --> Array to string conversion
in SYSTEMPATH\Database\Query.php on line 329.
 1 [internal function]: CodeIgniter\Debug\Exceptions->errorHandler(2, 'Array to string conversion', 'SYSTEMPATH\\Database\\Query.php', 329)
 2 SYSTEMPATH\Database\Query.php(329): implode(',', [...])
 3 SYSTEMPATH\Database\Query.php(310): CodeIgniter\Database\Query->matchNamedBinds('SELECT *
FROM "customer"
WHERE "userid" = :userid:
 LIMIT 1', [...])
 4 SYSTEMPATH\Database\Query.php(159): CodeIgniter\Database\Query->compileBinds()
 5 SYSTEMPATH\Database\BaseConnection.php(605): CodeIgniter\Database\Query->getQuery()
 6 SYSTEMPATH\Database\BaseBuilder.php(1616): CodeIgniter\Database\BaseConnection->query('SELECT *
FROM "customer"
WHERE "userid" = :userid:
 LIMIT 1', [...], false)
 7 SYSTEMPATH\Model.php(268): CodeIgniter\Database\BaseBuilder->get()
 8 SYSTEMPATH\BaseModel.php(656): CodeIgniter\Model->doFirst()
 9 APPPATH\Models\CustomersModel.php(23): CodeIgniter\BaseModel->first()
10 APPPATH\Controllers\Lists.php(134): App\Models\CustomersModel->getUserid([...])
11 SYSTEMPATH\CodeIgniter.php(934): App\Controllers\Lists->suborder('1')
12 SYSTEMPATH\CodeIgniter.php(499): CodeIgniter\CodeIgniter->runController(Object(App\Controllers\Lists))
13 SYSTEMPATH\CodeIgniter.php(368): CodeIgniter\CodeIgniter->handleRequest(null, Object(Config\Cache), false)
14 FCPATH\index.php(67): CodeIgniter\CodeIgniter->run()
INFO - 2023-03-15 08:47:55 --> Session: Class initialized using 'CodeIgniter\Session\Handlers\FileHandler' driver.
CRITICAL - 2023-03-15 08:47:55 --> Array to string conversion
in SYSTEMPATH\Database\Query.php on line 329.
 1 [internal function]: CodeIgniter\Debug\Exceptions->errorHandler(2, 'Array to string conversion', 'SYSTEMPATH\\Database\\Query.php', 329)
 2 SYSTEMPATH\Database\Query.php(329): implode(',', [...])
 3 SYSTEMPATH\Database\Query.php(310): CodeIgniter\Database\Query->matchNamedBinds('SELECT *
FROM "customer"
WHERE "userid" = :userid:
 LIMIT 1', [...])
 4 SYSTEMPATH\Database\Query.php(159): CodeIgniter\Database\Query->compileBinds()
 5 SYSTEMPATH\Database\BaseConnection.php(605): CodeIgniter\Database\Query->getQuery()
 6 SYSTEMPATH\Database\BaseBuilder.php(1616): CodeIgniter\Database\BaseConnection->query('SELECT *
FROM "customer"
WHERE "userid" = :userid:
 LIMIT 1', [...], false)
 7 SYSTEMPATH\Model.php(268): CodeIgniter\Database\BaseBuilder->get()
 8 SYSTEMPATH\BaseModel.php(656): CodeIgniter\Model->doFirst()
 9 APPPATH\Models\CustomersModel.php(23): CodeIgniter\BaseModel->first()
10 APPPATH\Controllers\Lists.php(134): App\Models\CustomersModel->getUserid([...])
11 SYSTEMPATH\CodeIgniter.php(934): App\Controllers\Lists->suborder('1')
12 SYSTEMPATH\CodeIgniter.php(499): CodeIgniter\CodeIgniter->runController(Object(App\Controllers\Lists))
13 SYSTEMPATH\CodeIgniter.php(368): CodeIgniter\CodeIgniter->handleRequest(null, Object(Config\Cache), false)
14 FCPATH\index.php(67): CodeIgniter\CodeIgniter->run()
INFO - 2023-03-15 08:48:47 --> Session: Class initialized using 'CodeIgniter\Session\Handlers\FileHandler' driver.
INFO - 2023-03-15 08:52:09 --> Session: Class initialized using 'CodeIgniter\Session\Handlers\FileHandler' driver.
INFO - 2023-03-15 08:53:29 --> Session: Class initialized using 'CodeIgniter\Session\Handlers\FileHandler' driver.
INFO - 2023-03-15 08:53:53 --> Session: Class initialized using 'CodeIgniter\Session\Handlers\FileHandler' driver.
INFO - 2023-03-15 08:54:58 --> Session: Class initialized using 'CodeIgniter\Session\Handlers\FileHandler' driver.
INFO - 2023-03-15 08:55:44 --> Session: Class initialized using 'CodeIgniter\Session\Handlers\FileHandler' driver.
INFO - 2023-03-15 08:59:32 --> Session: Class initialized using 'CodeIgniter\Session\Handlers\FileHandler' driver.
INFO - 2023-03-15 09:02:29 --> Session: Class initialized using 'CodeIgniter\Session\Handlers\FileHandler' driver.
INFO - 2023-03-15 09:03:29 --> Session: Class initialized using 'CodeIgniter\Session\Handlers\FileHandler' driver.
INFO - 2023-03-15 09:04:20 --> Session: Class initialized using 'CodeIgniter\Session\Handlers\FileHandler' driver.
INFO - 2023-03-15 09:05:50 --> Session: Class initialized using 'CodeIgniter\Session\Handlers\FileHandler' driver.
CRITICAL - 2023-03-15 09:05:50 --> Array to string conversion
in SYSTEMPATH\Database\Query.php on line 329.
 1 [internal function]: CodeIgniter\Debug\Exceptions->errorHandler(2, 'Array to string conversion', 'SYSTEMPATH\\Database\\Query.php', 329)
 2 SYSTEMPATH\Database\Query.php(329): implode(',', [...])
 3 SYSTEMPATH\Database\Query.php(310): CodeIgniter\Database\Query->matchNamedBinds('SELECT *
FROM "customer"
WHERE "userid" = :userid:
 LIMIT 1', [...])
 4 SYSTEMPATH\Database\Query.php(159): CodeIgniter\Database\Query->compileBinds()
 5 SYSTEMPATH\Database\BaseConnection.php(605): CodeIgniter\Database\Query->getQuery()
 6 SYSTEMPATH\Database\BaseBuilder.php(1616): CodeIgniter\Database\BaseConnection->query('SELECT *
FROM "customer"
WHERE "userid" = :userid:
 LIMIT 1', [...], false)
 7 SYSTEMPATH\Model.php(268): CodeIgniter\Database\BaseBuilder->get()
 8 SYSTEMPATH\BaseModel.php(656): CodeIgniter\Model->doFirst()
 9 APPPATH\Models\CustomersModel.php(23): CodeIgniter\BaseModel->first()
10 APPPATH\Controllers\Lists.php(134): App\Models\CustomersModel->getUserid([...])
11 SYSTEMPATH\CodeIgniter.php(934): App\Controllers\Lists->suborder('1')
12 SYSTEMPATH\CodeIgniter.php(499): CodeIgniter\CodeIgniter->runController(Object(App\Controllers\Lists))
13 SYSTEMPATH\CodeIgniter.php(368): CodeIgniter\CodeIgniter->handleRequest(null, Object(Config\Cache), false)
14 FCPATH\index.php(67): CodeIgniter\CodeIgniter->run()
CRITICAL - 2023-03-15 09:06:02 --> Array to string conversion
in SYSTEMPATH\Database\Query.php on line 329.
 1 [internal function]: CodeIgniter\Debug\Exceptions->errorHandler(2, 'Array to string conversion', 'SYSTEMPATH\\Database\\Query.php', 329)
 2 SYSTEMPATH\Database\Query.php(329): implode(',', [...])
 3 SYSTEMPATH\Database\Query.php(310): CodeIgniter\Database\Query->matchNamedBinds('SELECT *
FROM "customer"
WHERE "userid" = :userid:
 LIMIT 1', [...])
 4 SYSTEMPATH\Database\Query.php(159): CodeIgniter\Database\Query->compileBinds()
 5 SYSTEMPATH\Database\BaseConnection.php(605): CodeIgniter\Database\Query->getQuery()
 6 SYSTEMPATH\Database\BaseBuilder.php(1616): CodeIgniter\Database\BaseConnection->query('SELECT *
FROM "customer"
WHERE "userid" = :userid:
 LIMIT 1', [...], false)
 7 SYSTEMPATH\Model.php(268): CodeIgniter\Database\BaseBuilder->get()
 8 SYSTEMPATH\BaseModel.php(656): CodeIgniter\Model->doFirst()
 9 APPPATH\Models\CustomersModel.php(23): CodeIgniter\BaseModel->first()
10 APPPATH\Controllers\Lists.php(134): App\Models\CustomersModel->getUserid([...])
11 SYSTEMPATH\CodeIgniter.php(934): App\Controllers\Lists->suborder('1')
12 SYSTEMPATH\CodeIgniter.php(499): CodeIgniter\CodeIgniter->runController(Object(App\Controllers\Lists))
13 SYSTEMPATH\CodeIgniter.php(368): CodeIgniter\CodeIgniter->handleRequest(null, Object(Config\Cache), false)
14 FCPATH\index.php(67): CodeIgniter\CodeIgniter->run()
INFO - 2023-03-15 09:06:49 --> Session: Class initialized using 'CodeIgniter\Session\Handlers\FileHandler' driver.
INFO - 2023-03-15 09:07:03 --> Session: Class initialized using 'CodeIgniter\Session\Handlers\FileHandler' driver.
INFO - 2023-03-15 09:07:20 --> Session: Class initialized using 'CodeIgniter\Session\Handlers\FileHandler' driver.
INFO - 2023-03-15 09:07:26 --> Session: Class initialized using 'CodeIgniter\Session\Handlers\FileHandler' driver.
CRITICAL - 2023-03-15 09:07:26 --> Array to string conversion
in SYSTEMPATH\Database\Query.php on line 329.
 1 [internal function]: CodeIgniter\Debug\Exceptions->errorHandler(2, 'Array to string conversion', 'SYSTEMPATH\\Database\\Query.php', 329)
 2 SYSTEMPATH\Database\Query.php(329): implode(',', [...])
 3 SYSTEMPATH\Database\Query.php(310): CodeIgniter\Database\Query->matchNamedBinds('SELECT *
FROM "customer"
WHERE "userid" = :userid:
 LIMIT 1', [...])
 4 SYSTEMPATH\Database\Query.php(159): CodeIgniter\Database\Query->compileBinds()
 5 SYSTEMPATH\Database\BaseConnection.php(605): CodeIgniter\Database\Query->getQuery()
 6 SYSTEMPATH\Database\BaseBuilder.php(1616): CodeIgniter\Database\BaseConnection->query('SELECT *
FROM "customer"
WHERE "userid" = :userid:
 LIMIT 1', [...], false)
 7 SYSTEMPATH\Model.php(268): CodeIgniter\Database\BaseBuilder->get()
 8 SYSTEMPATH\BaseModel.php(656): CodeIgniter\Model->doFirst()
 9 APPPATH\Models\CustomersModel.php(23): CodeIgniter\BaseModel->first()
10 APPPATH\Controllers\Lists.php(134): App\Models\CustomersModel->getUserid([...])
11 SYSTEMPATH\CodeIgniter.php(934): App\Controllers\Lists->suborder('1')
12 SYSTEMPATH\CodeIgniter.php(499): CodeIgniter\CodeIgniter->runController(Object(App\Controllers\Lists))
13 SYSTEMPATH\CodeIgniter.php(368): CodeIgniter\CodeIgniter->handleRequest(null, Object(Config\Cache), false)
14 FCPATH\index.php(67): CodeIgniter\CodeIgniter->run()
INFO - 2023-03-15 09:07:50 --> Session: Class initialized using 'CodeIgniter\Session\Handlers\FileHandler' driver.
CRITICAL - 2023-03-15 09:07:50 --> Call to a member function first() on array
in APPPATH\Controllers\Lists.php on line 131.
 1 SYSTEMPATH\CodeIgniter.php(934): App\Controllers\Lists->suborder('1')
 2 SYSTEMPATH\CodeIgniter.php(499): CodeIgniter\CodeIgniter->runController(Object(App\Controllers\Lists))
 3 SYSTEMPATH\CodeIgniter.php(368): CodeIgniter\CodeIgniter->handleRequest(null, Object(Config\Cache), false)
 4 FCPATH\index.php(67): CodeIgniter\CodeIgniter->run()
INFO - 2023-03-15 09:09:35 --> Session: Class initialized using 'CodeIgniter\Session\Handlers\FileHandler' driver.
CRITICAL - 2023-03-15 09:09:35 --> Array to string conversion
in SYSTEMPATH\Database\Query.php on line 329.
 1 [internal function]: CodeIgniter\Debug\Exceptions->errorHandler(2, 'Array to string conversion', 'SYSTEMPATH\\Database\\Query.php', 329)
 2 SYSTEMPATH\Database\Query.php(329): implode(',', [...])
 3 SYSTEMPATH\Database\Query.php(310): CodeIgniter\Database\Query->matchNamedBinds('SELECT *
FROM "customer"
WHERE "userid" = :userid:
 LIMIT 1', [...])
 4 SYSTEMPATH\Database\Query.php(159): CodeIgniter\Database\Query->compileBinds()
 5 SYSTEMPATH\Database\BaseConnection.php(605): CodeIgniter\Database\Query->getQuery()
 6 SYSTEMPATH\Database\BaseBuilder.php(1616): CodeIgniter\Database\BaseConnection->query('SELECT *
FROM "customer"
WHERE "userid" = :userid:
 LIMIT 1', [...], false)
 7 SYSTEMPATH\Model.php(268): CodeIgniter\Database\BaseBuilder->get()
 8 SYSTEMPATH\BaseModel.php(656): CodeIgniter\Model->doFirst()
 9 APPPATH\Models\CustomersModel.php(23): CodeIgniter\BaseModel->first()
10 APPPATH\Controllers\Lists.php(134): App\Models\CustomersModel->getUserid([...])
11 SYSTEMPATH\CodeIgniter.php(934): App\Controllers\Lists->suborder('1')
12 SYSTEMPATH\CodeIgniter.php(499): CodeIgniter\CodeIgniter->runController(Object(App\Controllers\Lists))
13 SYSTEMPATH\CodeIgniter.php(368): CodeIgniter\CodeIgniter->handleRequest(null, Object(Config\Cache), false)
14 FCPATH\index.php(67): CodeIgniter\CodeIgniter->run()
INFO - 2023-03-15 09:10:05 --> Session: Class initialized using 'CodeIgniter\Session\Handlers\FileHandler' driver.
INFO - 2023-03-15 09:10:22 --> Session: Class initialized using 'CodeIgniter\Session\Handlers\FileHandler' driver.
CRITICAL - 2023-03-15 09:10:22 --> CodeIgniter\Database\BaseBuilder::get(): Argument #1 ($limit) must be of type ?int, string given, called in C:\xampp\htdocs\fgpr\vendor\codeigniter4\framework\system\Model.php on line 840
in SYSTEMPATH\Database\BaseBuilder.php on line 1608.
 1 SYSTEMPATH\Model.php(840): CodeIgniter\Database\BaseBuilder->get('orders')
 2 APPPATH\Models\OrdersModel.php(49): CodeIgniter\Model->__call('get', [...])
 3 APPPATH\Controllers\Lists.php(138): App\Models\OrdersModel->totalOrderCountByNo('1')
 4 SYSTEMPATH\CodeIgniter.php(934): App\Controllers\Lists->suborder('1')
 5 SYSTEMPATH\CodeIgniter.php(499): CodeIgniter\CodeIgniter->runController(Object(App\Controllers\Lists))
 6 SYSTEMPATH\CodeIgniter.php(368): CodeIgniter\CodeIgniter->handleRequest(null, Object(Config\Cache), false)
 7 FCPATH\index.php(67): CodeIgniter\CodeIgniter->run()
INFO - 2023-03-15 09:11:30 --> Session: Class initialized using 'CodeIgniter\Session\Handlers\FileHandler' driver.
INFO - 2023-03-15 09:12:06 --> Session: Class initialized using 'CodeIgniter\Session\Handlers\FileHandler' driver.
CRITICAL - 2023-03-15 09:12:06 --> CodeIgniter\Database\BaseBuilder::get(): Argument #1 ($limit) must be of type ?int, string given, called in C:\xampp\htdocs\fgpr\vendor\codeigniter4\framework\system\Model.php on line 840
in SYSTEMPATH\Database\BaseBuilder.php on line 1608.
 1 SYSTEMPATH\Model.php(840): CodeIgniter\Database\BaseBuilder->get('orders')
 2 APPPATH\Models\OrdersModel.php(50): CodeIgniter\Model->__call('get', [...])
 3 APPPATH\Controllers\Lists.php(138): App\Models\OrdersModel->totalOrderCountByNo('1')
 4 SYSTEMPATH\CodeIgniter.php(934): App\Controllers\Lists->suborder('1')
 5 SYSTEMPATH\CodeIgniter.php(499): CodeIgniter\CodeIgniter->runController(Object(App\Controllers\Lists))
 6 SYSTEMPATH\CodeIgniter.php(368): CodeIgniter\CodeIgniter->handleRequest(null, Object(Config\Cache), false)
 7 FCPATH\index.php(67): CodeIgniter\CodeIgniter->run()
INFO - 2023-03-15 09:12:37 --> Session: Class initialized using 'CodeIgniter\Session\Handlers\FileHandler' driver.
CRITICAL - 2023-03-15 09:12:37 --> CodeIgniter\Database\BaseBuilder::get(): Argument #1 ($limit) must be of type ?int, string given, called in C:\xampp\htdocs\fgpr\vendor\codeigniter4\framework\system\Model.php on line 840
in SYSTEMPATH\Database\BaseBuilder.php on line 1608.
 1 SYSTEMPATH\Model.php(840): CodeIgniter\Database\BaseBuilder->get('orders')
 2 APPPATH\Models\OrdersModel.php(50): CodeIgniter\Model->__call('get', [...])
 3 APPPATH\Controllers\Lists.php(138): App\Models\OrdersModel->totalOrderCountByNo('1')
 4 SYSTEMPATH\CodeIgniter.php(934): App\Controllers\Lists->suborder('1')
 5 SYSTEMPATH\CodeIgniter.php(499): CodeIgniter\CodeIgniter->runController(Object(App\Controllers\Lists))
 6 SYSTEMPATH\CodeIgniter.php(368): CodeIgniter\CodeIgniter->handleRequest(null, Object(Config\Cache), false)
 7 FCPATH\index.php(67): CodeIgniter\CodeIgniter->run()
INFO - 2023-03-15 09:12:40 --> Session: Class initialized using 'CodeIgniter\Session\Handlers\FileHandler' driver.
CRITICAL - 2023-03-15 09:12:40 --> CodeIgniter\Database\BaseBuilder::get(): Argument #1 ($limit) must be of type ?int, string given, called in C:\xampp\htdocs\fgpr\vendor\codeigniter4\framework\system\Model.php on line 840
in SYSTEMPATH\Database\BaseBuilder.php on line 1608.
 1 SYSTEMPATH\Model.php(840): CodeIgniter\Database\BaseBuilder->get('orders')
 2 APPPATH\Models\OrdersModel.php(50): CodeIgniter\Model->__call('get', [...])
 3 APPPATH\Controllers\Lists.php(138): App\Models\OrdersModel->totalOrderCountByNo('1')
 4 SYSTEMPATH\CodeIgniter.php(934): App\Controllers\Lists->suborder('1')
 5 SYSTEMPATH\CodeIgniter.php(499): CodeIgniter\CodeIgniter->runController(Object(App\Controllers\Lists))
 6 SYSTEMPATH\CodeIgniter.php(368): CodeIgniter\CodeIgniter->handleRequest(null, Object(Config\Cache), false)
 7 FCPATH\index.php(67): CodeIgniter\CodeIgniter->run()
INFO - 2023-03-15 09:13:38 --> Session: Class initialized using 'CodeIgniter\Session\Handlers\FileHandler' driver.
INFO - 2023-03-15 09:13:55 --> Session: Class initialized using 'CodeIgniter\Session\Handlers\FileHandler' driver.
CRITICAL - 2023-03-15 09:13:55 --> Array to string conversion
in SYSTEMPATH\Database\Query.php on line 329.
 1 [internal function]: CodeIgniter\Debug\Exceptions->errorHandler(2, 'Array to string conversion', 'SYSTEMPATH\\Database\\Query.php', 329)
 2 SYSTEMPATH\Database\Query.php(329): implode(',', [...])
 3 SYSTEMPATH\Database\Query.php(310): CodeIgniter\Database\Query->matchNamedBinds('SELECT *
FROM "customer"
WHERE "userid" = :userid:
 LIMIT 1', [...])
 4 SYSTEMPATH\Database\Query.php(159): CodeIgniter\Database\Query->compileBinds()
 5 SYSTEMPATH\Database\BaseConnection.php(605): CodeIgniter\Database\Query->getQuery()
 6 SYSTEMPATH\Database\BaseBuilder.php(1616): CodeIgniter\Database\BaseConnection->query('SELECT *
FROM "customer"
WHERE "userid" = :userid:
 LIMIT 1', [...], false)
 7 SYSTEMPATH\Model.php(268): CodeIgniter\Database\BaseBuilder->get()
 8 SYSTEMPATH\BaseModel.php(656): CodeIgniter\Model->doFirst()
 9 APPPATH\Models\CustomersModel.php(23): CodeIgniter\BaseModel->first()
10 APPPATH\Controllers\Lists.php(134): App\Models\CustomersModel->getUserid([...])
11 SYSTEMPATH\CodeIgniter.php(934): App\Controllers\Lists->suborder('1')
12 SYSTEMPATH\CodeIgniter.php(499): CodeIgniter\CodeIgniter->runController(Object(App\Controllers\Lists))
13 SYSTEMPATH\CodeIgniter.php(368): CodeIgniter\CodeIgniter->handleRequest(null, Object(Config\Cache), false)
14 FCPATH\index.php(67): CodeIgniter\CodeIgniter->run()
INFO - 2023-03-15 09:16:35 --> Session: Class initialized using 'CodeIgniter\Session\Handlers\FileHandler' driver.
CRITICAL - 2023-03-15 09:16:35 --> Call to undefined method CodeIgniter\Database\Postgre\Connection::where()
in APPPATH\Models\OrdersModel.php on line 30.
 1 APPPATH\Controllers\Lists.php(131): App\Models\OrdersModel->getCustomeridByNo('1')
 2 SYSTEMPATH\CodeIgniter.php(934): App\Controllers\Lists->suborder('1')
 3 SYSTEMPATH\CodeIgniter.php(499): CodeIgniter\CodeIgniter->runController(Object(App\Controllers\Lists))
 4 SYSTEMPATH\CodeIgniter.php(368): CodeIgniter\CodeIgniter->handleRequest(null, Object(Config\Cache), false)
 5 FCPATH\index.php(67): CodeIgniter\CodeIgniter->run()
INFO - 2023-03-15 09:17:00 --> Session: Class initialized using 'CodeIgniter\Session\Handlers\FileHandler' driver.
CRITICAL - 2023-03-15 09:17:00 --> CodeIgniter\Database\BaseBuilder::get(): Argument #1 ($limit) must be of type ?int, string given, called in C:\xampp\htdocs\fgpr\vendor\codeigniter4\framework\system\Model.php on line 840
in SYSTEMPATH\Database\BaseBuilder.php on line 1608.
 1 SYSTEMPATH\Model.php(840): CodeIgniter\Database\BaseBuilder->get('orders')
 2 APPPATH\Models\OrdersModel.php(32): CodeIgniter\Model->__call('get', [...])
 3 APPPATH\Controllers\Lists.php(131): App\Models\OrdersModel->getCustomeridByNo('1')
 4 SYSTEMPATH\CodeIgniter.php(934): App\Controllers\Lists->suborder('1')
 5 SYSTEMPATH\CodeIgniter.php(499): CodeIgniter\CodeIgniter->runController(Object(App\Controllers\Lists))
 6 SYSTEMPATH\CodeIgniter.php(368): CodeIgniter\CodeIgniter->handleRequest(null, Object(Config\Cache), false)
 7 FCPATH\index.php(67): CodeIgniter\CodeIgniter->run()
INFO - 2023-03-15 09:17:42 --> Session: Class initialized using 'CodeIgniter\Session\Handlers\FileHandler' driver.
CRITICAL - 2023-03-15 09:17:43 --> Call to undefined method App\Models\OrdersModel::row
in SYSTEMPATH\Model.php on line 842.
 1 APPPATH\Models\OrdersModel.php(33): CodeIgniter\Model->__call('row', [])
 2 APPPATH\Controllers\Lists.php(131): App\Models\OrdersModel->getCustomeridByNo('1')
 3 SYSTEMPATH\CodeIgniter.php(934): App\Controllers\Lists->suborder('1')
 4 SYSTEMPATH\CodeIgniter.php(499): CodeIgniter\CodeIgniter->runController(Object(App\Controllers\Lists))
 5 SYSTEMPATH\CodeIgniter.php(368): CodeIgniter\CodeIgniter->handleRequest(null, Object(Config\Cache), false)
 6 FCPATH\index.php(67): CodeIgniter\CodeIgniter->run()
INFO - 2023-03-15 09:17:51 --> Session: Class initialized using 'CodeIgniter\Session\Handlers\FileHandler' driver.
CRITICAL - 2023-03-15 09:17:51 --> Call to undefined method App\Models\OrdersModel::row
in SYSTEMPATH\Model.php on line 842.
 1 APPPATH\Models\OrdersModel.php(32): CodeIgniter\Model->__call('row', [])
 2 APPPATH\Controllers\Lists.php(131): App\Models\OrdersModel->getCustomeridByNo('1')
 3 SYSTEMPATH\CodeIgniter.php(934): App\Controllers\Lists->suborder('1')
 4 SYSTEMPATH\CodeIgniter.php(499): CodeIgniter\CodeIgniter->runController(Object(App\Controllers\Lists))
 5 SYSTEMPATH\CodeIgniter.php(368): CodeIgniter\CodeIgniter->handleRequest(null, Object(Config\Cache), false)
 6 FCPATH\index.php(67): CodeIgniter\CodeIgniter->run()
INFO - 2023-03-15 09:22:17 --> Session: Class initialized using 'CodeIgniter\Session\Handlers\FileHandler' driver.
CRITICAL - 2023-03-15 09:22:18 --> Attempt to read property "1" on string
in APPPATH\Models\OrdersModel.php on line 28.
 1 APPPATH\Models\OrdersModel.php(28): CodeIgniter\Debug\Exceptions->errorHandler(2, 'Attempt to read property "1" on string', 'APPPATH\\Models\\OrdersModel.php', 28)
 2 APPPATH\Controllers\Lists.php(131): App\Models\OrdersModel->getCustomeridByNo('1')
 3 SYSTEMPATH\CodeIgniter.php(934): App\Controllers\Lists->suborder('1')
 4 SYSTEMPATH\CodeIgniter.php(499): CodeIgniter\CodeIgniter->runController(Object(App\Controllers\Lists))
 5 SYSTEMPATH\CodeIgniter.php(368): CodeIgniter\CodeIgniter->handleRequest(null, Object(Config\Cache), false)
 6 FCPATH\index.php(67): CodeIgniter\CodeIgniter->run()
INFO - 2023-03-15 09:23:01 --> Session: Class initialized using 'CodeIgniter\Session\Handlers\FileHandler' driver.
CRITICAL - 2023-03-15 09:23:01 --> Attempt to read property "1" on string
in APPPATH\Models\OrdersModel.php on line 28.
 1 APPPATH\Models\OrdersModel.php(28): CodeIgniter\Debug\Exceptions->errorHandler(2, 'Attempt to read property "1" on string', 'APPPATH\\Models\\OrdersModel.php', 28)
 2 APPPATH\Controllers\Lists.php(131): App\Models\OrdersModel->getCustomeridByNo('1')
 3 SYSTEMPATH\CodeIgniter.php(934): App\Controllers\Lists->suborder('1')
 4 SYSTEMPATH\CodeIgniter.php(499): CodeIgniter\CodeIgniter->runController(Object(App\Controllers\Lists))
 5 SYSTEMPATH\CodeIgniter.php(368): CodeIgniter\CodeIgniter->handleRequest(null, Object(Config\Cache), false)
 6 FCPATH\index.php(67): CodeIgniter\CodeIgniter->run()
