INFO - 2023-03-14 08:51:38 --> Session: Class initialized using 'CodeIgniter\Session\Handlers\FileHandler' driver.
INFO - 2023-03-14 08:53:10 --> Session: Class initialized using 'CodeIgniter\Session\Handlers\FileHandler' driver.
INFO - 2023-03-14 08:53:15 --> Session: Class initialized using 'CodeIgniter\Session\Handlers\FileHandler' driver.
INFO - 2023-03-14 08:53:18 --> Session: Class initialized using 'CodeIgniter\Session\Handlers\FileHandler' driver.
CRITICAL - 2023-03-14 08:53:25 --> Undefined variable $name
in APPPATH\Views\layouts\main.php on line 52.
 1 APPPATH\Views\layouts\main.php(52): CodeIgniter\Debug\Exceptions->errorHandler(2, 'Undefined variable $name', 'APPPATH\\Views\\layouts\\main.php', 52)
 2 SYSTEMPATH\View\View.php(213): include('APPPATH\\Views\\layouts\\main.php')
 3 SYSTEMPATH\View\View.php(216): CodeIgniter\View\View->CodeIgniter\View\{closure}()
 4 SYSTEMPATH\View\View.php(229): CodeIgniter\View\View->render('layouts/main', [], true)
 5 SYSTEMPATH\Common.php(1184): CodeIgniter\View\View->render('accounts/signup', [], true)
 6 APPPATH\Controllers\Accounts.php(84): view('accounts/signup', [...])
 7 SYSTEMPATH\CodeIgniter.php(934): App\Controllers\Accounts->register()
 8 SYSTEMPATH\CodeIgniter.php(499): CodeIgniter\CodeIgniter->runController(Object(App\Controllers\Accounts))
 9 SYSTEMPATH\CodeIgniter.php(368): CodeIgniter\CodeIgniter->handleRequest(null, Object(Config\Cache), false)
10 FCPATH\index.php(67): CodeIgniter\CodeIgniter->run()
CRITICAL - 2023-03-14 08:54:13 --> Undefined variable $name
in APPPATH\Views\layouts\main.php on line 52.
 1 APPPATH\Views\layouts\main.php(52): CodeIgniter\Debug\Exceptions->errorHandler(2, 'Undefined variable $name', 'APPPATH\\Views\\layouts\\main.php', 52)
 2 SYSTEMPATH\View\View.php(213): include('APPPATH\\Views\\layouts\\main.php')
 3 SYSTEMPATH\View\View.php(216): CodeIgniter\View\View->CodeIgniter\View\{closure}()
 4 SYSTEMPATH\View\View.php(229): CodeIgniter\View\View->render('layouts/main', [], true)
 5 SYSTEMPATH\Common.php(1184): CodeIgniter\View\View->render('accounts/signup', [], true)
 6 APPPATH\Controllers\Accounts.php(84): view('accounts/signup', [...])
 7 SYSTEMPATH\CodeIgniter.php(934): App\Controllers\Accounts->register()
 8 SYSTEMPATH\CodeIgniter.php(499): CodeIgniter\CodeIgniter->runController(Object(App\Controllers\Accounts))
 9 SYSTEMPATH\CodeIgniter.php(368): CodeIgniter\CodeIgniter->handleRequest(null, Object(Config\Cache), false)
10 FCPATH\index.php(67): CodeIgniter\CodeIgniter->run()
INFO - 2023-03-14 08:54:19 --> Session: Class initialized using 'CodeIgniter\Session\Handlers\FileHandler' driver.
INFO - 2023-03-14 08:54:34 --> Session: Class initialized using 'CodeIgniter\Session\Handlers\FileHandler' driver.
CRITICAL - 2023-03-14 08:55:46 --> Undefined variable $name
in APPPATH\Views\layouts\main.php on line 52.
 1 APPPATH\Views\layouts\main.php(52): CodeIgniter\Debug\Exceptions->errorHandler(2, 'Undefined variable $name', 'APPPATH\\Views\\layouts\\main.php', 52)
 2 SYSTEMPATH\View\View.php(213): include('APPPATH\\Views\\layouts\\main.php')
 3 SYSTEMPATH\View\View.php(216): CodeIgniter\View\View->CodeIgniter\View\{closure}()
 4 SYSTEMPATH\View\View.php(229): CodeIgniter\View\View->render('layouts/main', [], true)
 5 SYSTEMPATH\Common.php(1184): CodeIgniter\View\View->render('accounts/signup', [], true)
 6 APPPATH\Controllers\Accounts.php(84): view('accounts/signup', [...])
 7 SYSTEMPATH\CodeIgniter.php(934): App\Controllers\Accounts->register()
 8 SYSTEMPATH\CodeIgniter.php(499): CodeIgniter\CodeIgniter->runController(Object(App\Controllers\Accounts))
 9 SYSTEMPATH\CodeIgniter.php(368): CodeIgniter\CodeIgniter->handleRequest(null, Object(Config\Cache), false)
10 FCPATH\index.php(67): CodeIgniter\CodeIgniter->run()
CRITICAL - 2023-03-14 08:57:03 --> Undefined variable $name
in APPPATH\Views\layouts\main.php on line 52.
 1 APPPATH\Views\layouts\main.php(52): CodeIgniter\Debug\Exceptions->errorHandler(2, 'Undefined variable $name', 'APPPATH\\Views\\layouts\\main.php', 52)
 2 SYSTEMPATH\View\View.php(213): include('APPPATH\\Views\\layouts\\main.php')
 3 SYSTEMPATH\View\View.php(216): CodeIgniter\View\View->CodeIgniter\View\{closure}()
 4 SYSTEMPATH\View\View.php(229): CodeIgniter\View\View->render('layouts/main', [], true)
 5 SYSTEMPATH\Common.php(1184): CodeIgniter\View\View->render('accounts/signup', [], true)
 6 APPPATH\Controllers\Accounts.php(84): view('accounts/signup', [...])
 7 SYSTEMPATH\CodeIgniter.php(934): App\Controllers\Accounts->register()
 8 SYSTEMPATH\CodeIgniter.php(499): CodeIgniter\CodeIgniter->runController(Object(App\Controllers\Accounts))
 9 SYSTEMPATH\CodeIgniter.php(368): CodeIgniter\CodeIgniter->handleRequest(null, Object(Config\Cache), false)
10 FCPATH\index.php(67): CodeIgniter\CodeIgniter->run()
INFO - 2023-03-14 08:58:03 --> Session: Class initialized using 'CodeIgniter\Session\Handlers\FileHandler' driver.
INFO - 2023-03-14 08:59:20 --> Session: Class initialized using 'CodeIgniter\Session\Handlers\FileHandler' driver.
INFO - 2023-03-14 08:59:42 --> Session: Class initialized using 'CodeIgniter\Session\Handlers\FileHandler' driver.
INFO - 2023-03-14 08:59:49 --> Session: Class initialized using 'CodeIgniter\Session\Handlers\FileHandler' driver.
INFO - 2023-03-14 09:14:17 --> Session: Class initialized using 'CodeIgniter\Session\Handlers\FileHandler' driver.
INFO - 2023-03-14 09:51:51 --> Session: Class initialized using 'CodeIgniter\Session\Handlers\FileHandler' driver.
INFO - 2023-03-14 09:52:18 --> Session: Class initialized using 'CodeIgniter\Session\Handlers\FileHandler' driver.
INFO - 2023-03-14 09:53:49 --> Session: Class initialized using 'CodeIgniter\Session\Handlers\FileHandler' driver.
INFO - 2023-03-14 09:54:28 --> Session: Class initialized using 'CodeIgniter\Session\Handlers\FileHandler' driver.
INFO - 2023-03-14 09:55:50 --> Session: Class initialized using 'CodeIgniter\Session\Handlers\FileHandler' driver.
INFO - 2023-03-14 09:56:25 --> Session: Class initialized using 'CodeIgniter\Session\Handlers\FileHandler' driver.
INFO - 2023-03-14 09:56:45 --> Session: Class initialized using 'CodeIgniter\Session\Handlers\FileHandler' driver.
INFO - 2023-03-14 09:58:37 --> Session: Class initialized using 'CodeIgniter\Session\Handlers\FileHandler' driver.
INFO - 2023-03-14 09:58:41 --> Session: Class initialized using 'CodeIgniter\Session\Handlers\FileHandler' driver.
INFO - 2023-03-14 10:30:55 --> Session: Class initialized using 'CodeIgniter\Session\Handlers\FileHandler' driver.
INFO - 2023-03-14 10:35:44 --> Session: Class initialized using 'CodeIgniter\Session\Handlers\FileHandler' driver.
INFO - 2023-03-14 10:36:04 --> Session: Class initialized using 'CodeIgniter\Session\Handlers\FileHandler' driver.
INFO - 2023-03-14 10:37:19 --> Session: Class initialized using 'CodeIgniter\Session\Handlers\FileHandler' driver.
INFO - 2023-03-14 10:39:20 --> Session: Class initialized using 'CodeIgniter\Session\Handlers\FileHandler' driver.
CRITICAL - 2023-03-14 10:39:20 --> Array to string conversion
in SYSTEMPATH\Database\Query.php on line 329.
 1 [internal function]: CodeIgniter\Debug\Exceptions->errorHandler(2, 'Array to string conversion', 'SYSTEMPATH\\Database\\Query.php', 329)
 2 SYSTEMPATH\Database\Query.php(329): implode(',', [...])
 3 SYSTEMPATH\Database\Query.php(310): CodeIgniter\Database\Query->matchNamedBinds('SELECT *
FROM "customer"
WHERE "userid" = :userid:
 LIMIT 1', [...])
 4 SYSTEMPATH\Database\Query.php(159): CodeIgniter\Database\Query->compileBinds()
 5 SYSTEMPATH\Database\BaseConnection.php(605): CodeIgniter\Database\Query->getQuery()
 6 SYSTEMPATH\Database\BaseBuilder.php(1616): CodeIgniter\Database\BaseConnection->query('SELECT *
FROM "customer"
WHERE "userid" = :userid:
 LIMIT 1', [...], false)
 7 SYSTEMPATH\Model.php(268): CodeIgniter\Database\BaseBuilder->get()
 8 SYSTEMPATH\BaseModel.php(656): CodeIgniter\Model->doFirst()
 9 APPPATH\Models\CustomersModel.php(23): CodeIgniter\BaseModel->first()
10 APPPATH\Controllers\Lists.php(129): App\Models\CustomersModel->getUserid([...])
11 SYSTEMPATH\CodeIgniter.php(934): App\Controllers\Lists->suborder('1')
12 SYSTEMPATH\CodeIgniter.php(499): CodeIgniter\CodeIgniter->runController(Object(App\Controllers\Lists))
13 SYSTEMPATH\CodeIgniter.php(368): CodeIgniter\CodeIgniter->handleRequest(null, Object(Config\Cache), false)
14 FCPATH\index.php(67): CodeIgniter\CodeIgniter->run()
INFO - 2023-03-14 12:13:12 --> Session: Class initialized using 'CodeIgniter\Session\Handlers\FileHandler' driver.
CRITICAL - 2023-03-14 12:13:12 --> Array to string conversion
in SYSTEMPATH\Database\Query.php on line 329.
 1 [internal function]: CodeIgniter\Debug\Exceptions->errorHandler(2, 'Array to string conversion', 'SYSTEMPATH\\Database\\Query.php', 329)
 2 SYSTEMPATH\Database\Query.php(329): implode(',', [...])
 3 SYSTEMPATH\Database\Query.php(310): CodeIgniter\Database\Query->matchNamedBinds('SELECT *
FROM "customer"
WHERE "userid" = :userid:
 LIMIT 1', [...])
 4 SYSTEMPATH\Database\Query.php(159): CodeIgniter\Database\Query->compileBinds()
 5 SYSTEMPATH\Database\BaseConnection.php(605): CodeIgniter\Database\Query->getQuery()
 6 SYSTEMPATH\Database\BaseBuilder.php(1616): CodeIgniter\Database\BaseConnection->query('SELECT *
FROM "customer"
WHERE "userid" = :userid:
 LIMIT 1', [...], false)
 7 SYSTEMPATH\Model.php(268): CodeIgniter\Database\BaseBuilder->get()
 8 SYSTEMPATH\BaseModel.php(656): CodeIgniter\Model->doFirst()
 9 APPPATH\Models\CustomersModel.php(23): CodeIgniter\BaseModel->first()
10 APPPATH\Controllers\Lists.php(129): App\Models\CustomersModel->getUserid([...])
11 SYSTEMPATH\CodeIgniter.php(934): App\Controllers\Lists->suborder('1')
12 SYSTEMPATH\CodeIgniter.php(499): CodeIgniter\CodeIgniter->runController(Object(App\Controllers\Lists))
13 SYSTEMPATH\CodeIgniter.php(368): CodeIgniter\CodeIgniter->handleRequest(null, Object(Config\Cache), false)
14 FCPATH\index.php(67): CodeIgniter\CodeIgniter->run()
INFO - 2023-03-14 12:13:15 --> Session: Class initialized using 'CodeIgniter\Session\Handlers\FileHandler' driver.
INFO - 2023-03-14 12:13:17 --> Session: Class initialized using 'CodeIgniter\Session\Handlers\FileHandler' driver.
INFO - 2023-03-14 12:13:18 --> Session: Class initialized using 'CodeIgniter\Session\Handlers\FileHandler' driver.
INFO - 2023-03-14 12:13:19 --> Session: Class initialized using 'CodeIgniter\Session\Handlers\FileHandler' driver.
INFO - 2023-03-14 12:19:16 --> Session: Class initialized using 'CodeIgniter\Session\Handlers\FileHandler' driver.
INFO - 2023-03-14 12:20:34 --> Session: Class initialized using 'CodeIgniter\Session\Handlers\FileHandler' driver.
CRITICAL - 2023-03-14 12:20:34 --> Array to string conversion
in SYSTEMPATH\Database\Query.php on line 329.
 1 [internal function]: CodeIgniter\Debug\Exceptions->errorHandler(2, 'Array to string conversion', 'SYSTEMPATH\\Database\\Query.php', 329)
 2 SYSTEMPATH\Database\Query.php(329): implode(',', [...])
 3 SYSTEMPATH\Database\Query.php(310): CodeIgniter\Database\Query->matchNamedBinds('SELECT *
FROM "customer"
WHERE "userid" = :userid:
 LIMIT 1', [...])
 4 SYSTEMPATH\Database\Query.php(159): CodeIgniter\Database\Query->compileBinds()
 5 SYSTEMPATH\Database\BaseConnection.php(605): CodeIgniter\Database\Query->getQuery()
 6 SYSTEMPATH\Database\BaseBuilder.php(1616): CodeIgniter\Database\BaseConnection->query('SELECT *
FROM "customer"
WHERE "userid" = :userid:
 LIMIT 1', [...], false)
 7 SYSTEMPATH\Model.php(268): CodeIgniter\Database\BaseBuilder->get()
 8 SYSTEMPATH\BaseModel.php(656): CodeIgniter\Model->doFirst()
 9 APPPATH\Models\CustomersModel.php(23): CodeIgniter\BaseModel->first()
10 APPPATH\Controllers\Lists.php(129): App\Models\CustomersModel->getUserid([...])
11 SYSTEMPATH\CodeIgniter.php(934): App\Controllers\Lists->suborder('1')
12 SYSTEMPATH\CodeIgniter.php(499): CodeIgniter\CodeIgniter->runController(Object(App\Controllers\Lists))
13 SYSTEMPATH\CodeIgniter.php(368): CodeIgniter\CodeIgniter->handleRequest(null, Object(Config\Cache), false)
14 FCPATH\index.php(67): CodeIgniter\CodeIgniter->run()
INFO - 2023-03-14 12:35:01 --> Session: Class initialized using 'CodeIgniter\Session\Handlers\FileHandler' driver.
CRITICAL - 2023-03-14 12:35:01 --> Array to string conversion
in SYSTEMPATH\Database\Query.php on line 329.
 1 [internal function]: CodeIgniter\Debug\Exceptions->errorHandler(2, 'Array to string conversion', 'SYSTEMPATH\\Database\\Query.php', 329)
 2 SYSTEMPATH\Database\Query.php(329): implode(',', [...])
 3 SYSTEMPATH\Database\Query.php(310): CodeIgniter\Database\Query->matchNamedBinds('SELECT *
FROM "customer"
WHERE "userid" = :userid:
 LIMIT 1', [...])
 4 SYSTEMPATH\Database\Query.php(159): CodeIgniter\Database\Query->compileBinds()
 5 SYSTEMPATH\Database\BaseConnection.php(605): CodeIgniter\Database\Query->getQuery()
 6 SYSTEMPATH\Database\BaseBuilder.php(1616): CodeIgniter\Database\BaseConnection->query('SELECT *
FROM "customer"
WHERE "userid" = :userid:
 LIMIT 1', [...], false)
 7 SYSTEMPATH\Model.php(268): CodeIgniter\Database\BaseBuilder->get()
 8 SYSTEMPATH\BaseModel.php(656): CodeIgniter\Model->doFirst()
 9 APPPATH\Models\CustomersModel.php(23): CodeIgniter\BaseModel->first()
10 APPPATH\Controllers\Lists.php(129): App\Models\CustomersModel->getUserid([...])
11 SYSTEMPATH\CodeIgniter.php(934): App\Controllers\Lists->suborder('1')
12 SYSTEMPATH\CodeIgniter.php(499): CodeIgniter\CodeIgniter->runController(Object(App\Controllers\Lists))
13 SYSTEMPATH\CodeIgniter.php(368): CodeIgniter\CodeIgniter->handleRequest(null, Object(Config\Cache), false)
14 FCPATH\index.php(67): CodeIgniter\CodeIgniter->run()
INFO - 2023-03-14 12:38:48 --> Session: Class initialized using 'CodeIgniter\Session\Handlers\FileHandler' driver.
INFO - 2023-03-14 12:39:11 --> Session: Class initialized using 'CodeIgniter\Session\Handlers\FileHandler' driver.
INFO - 2023-03-14 12:54:48 --> Session: Class initialized using 'CodeIgniter\Session\Handlers\FileHandler' driver.
INFO - 2023-03-14 12:55:19 --> Session: Class initialized using 'CodeIgniter\Session\Handlers\FileHandler' driver.
CRITICAL - 2023-03-14 12:55:19 --> Array to string conversion
in SYSTEMPATH\Database\Query.php on line 329.
 1 [internal function]: CodeIgniter\Debug\Exceptions->errorHandler(2, 'Array to string conversion', 'SYSTEMPATH\\Database\\Query.php', 329)
 2 SYSTEMPATH\Database\Query.php(329): implode(',', [...])
 3 SYSTEMPATH\Database\Query.php(310): CodeIgniter\Database\Query->matchNamedBinds('SELECT *
FROM "customer"
WHERE "userid" = :userid:
 LIMIT 1', [...])
 4 SYSTEMPATH\Database\Query.php(159): CodeIgniter\Database\Query->compileBinds()
 5 SYSTEMPATH\Database\BaseConnection.php(605): CodeIgniter\Database\Query->getQuery()
 6 SYSTEMPATH\Database\BaseBuilder.php(1616): CodeIgniter\Database\BaseConnection->query('SELECT *
FROM "customer"
WHERE "userid" = :userid:
 LIMIT 1', [...], false)
 7 SYSTEMPATH\Model.php(268): CodeIgniter\Database\BaseBuilder->get()
 8 SYSTEMPATH\BaseModel.php(656): CodeIgniter\Model->doFirst()
 9 APPPATH\Models\CustomersModel.php(23): CodeIgniter\BaseModel->first()
10 APPPATH\Controllers\Lists.php(129): App\Models\CustomersModel->getUserid([...])
11 SYSTEMPATH\CodeIgniter.php(934): App\Controllers\Lists->suborder('1')
12 SYSTEMPATH\CodeIgniter.php(499): CodeIgniter\CodeIgniter->runController(Object(App\Controllers\Lists))
13 SYSTEMPATH\CodeIgniter.php(368): CodeIgniter\CodeIgniter->handleRequest(null, Object(Config\Cache), false)
14 FCPATH\index.php(67): CodeIgniter\CodeIgniter->run()
INFO - 2023-03-14 12:55:49 --> Session: Class initialized using 'CodeIgniter\Session\Handlers\FileHandler' driver.
INFO - 2023-03-14 12:56:01 --> Session: Class initialized using 'CodeIgniter\Session\Handlers\FileHandler' driver.
CRITICAL - 2023-03-14 12:56:01 --> Array to string conversion
in SYSTEMPATH\Database\Query.php on line 329.
 1 [internal function]: CodeIgniter\Debug\Exceptions->errorHandler(2, 'Array to string conversion', 'SYSTEMPATH\\Database\\Query.php', 329)
 2 SYSTEMPATH\Database\Query.php(329): implode(',', [...])
 3 SYSTEMPATH\Database\Query.php(310): CodeIgniter\Database\Query->matchNamedBinds('SELECT *
FROM "customer"
WHERE "userid" = :userid:
 LIMIT 1', [...])
 4 SYSTEMPATH\Database\Query.php(159): CodeIgniter\Database\Query->compileBinds()
 5 SYSTEMPATH\Database\BaseConnection.php(605): CodeIgniter\Database\Query->getQuery()
 6 SYSTEMPATH\Database\BaseBuilder.php(1616): CodeIgniter\Database\BaseConnection->query('SELECT *
FROM "customer"
WHERE "userid" = :userid:
 LIMIT 1', [...], false)
 7 SYSTEMPATH\Model.php(268): CodeIgniter\Database\BaseBuilder->get()
 8 SYSTEMPATH\BaseModel.php(656): CodeIgniter\Model->doFirst()
 9 APPPATH\Models\CustomersModel.php(23): CodeIgniter\BaseModel->first()
10 APPPATH\Controllers\Lists.php(129): App\Models\CustomersModel->getUserid([...])
11 SYSTEMPATH\CodeIgniter.php(934): App\Controllers\Lists->suborder('1')
12 SYSTEMPATH\CodeIgniter.php(499): CodeIgniter\CodeIgniter->runController(Object(App\Controllers\Lists))
13 SYSTEMPATH\CodeIgniter.php(368): CodeIgniter\CodeIgniter->handleRequest(null, Object(Config\Cache), false)
14 FCPATH\index.php(67): CodeIgniter\CodeIgniter->run()
INFO - 2023-03-14 13:00:18 --> Session: Class initialized using 'CodeIgniter\Session\Handlers\FileHandler' driver.
INFO - 2023-03-14 13:00:25 --> Session: Class initialized using 'CodeIgniter\Session\Handlers\FileHandler' driver.
CRITICAL - 2023-03-14 13:00:25 --> Array to string conversion
in SYSTEMPATH\Database\Query.php on line 329.
 1 [internal function]: CodeIgniter\Debug\Exceptions->errorHandler(2, 'Array to string conversion', 'SYSTEMPATH\\Database\\Query.php', 329)
 2 SYSTEMPATH\Database\Query.php(329): implode(',', [...])
 3 SYSTEMPATH\Database\Query.php(310): CodeIgniter\Database\Query->matchNamedBinds('SELECT *
FROM "customer"
WHERE "userid" = :userid:
 LIMIT 1', [...])
 4 SYSTEMPATH\Database\Query.php(159): CodeIgniter\Database\Query->compileBinds()
 5 SYSTEMPATH\Database\BaseConnection.php(605): CodeIgniter\Database\Query->getQuery()
 6 SYSTEMPATH\Database\BaseBuilder.php(1616): CodeIgniter\Database\BaseConnection->query('SELECT *
FROM "customer"
WHERE "userid" = :userid:
 LIMIT 1', [...], false)
 7 SYSTEMPATH\Model.php(268): CodeIgniter\Database\BaseBuilder->get()
 8 SYSTEMPATH\BaseModel.php(656): CodeIgniter\Model->doFirst()
 9 APPPATH\Models\CustomersModel.php(23): CodeIgniter\BaseModel->first()
10 APPPATH\Controllers\Lists.php(129): App\Models\CustomersModel->getUserid([...])
11 SYSTEMPATH\CodeIgniter.php(934): App\Controllers\Lists->suborder('1')
12 SYSTEMPATH\CodeIgniter.php(499): CodeIgniter\CodeIgniter->runController(Object(App\Controllers\Lists))
13 SYSTEMPATH\CodeIgniter.php(368): CodeIgniter\CodeIgniter->handleRequest(null, Object(Config\Cache), false)
14 FCPATH\index.php(67): CodeIgniter\CodeIgniter->run()
INFO - 2023-03-14 13:00:33 --> Session: Class initialized using 'CodeIgniter\Session\Handlers\FileHandler' driver.
CRITICAL - 2023-03-14 13:00:33 --> Array to string conversion
in SYSTEMPATH\Database\Query.php on line 329.
 1 [internal function]: CodeIgniter\Debug\Exceptions->errorHandler(2, 'Array to string conversion', 'SYSTEMPATH\\Database\\Query.php', 329)
 2 SYSTEMPATH\Database\Query.php(329): implode(',', [...])
 3 SYSTEMPATH\Database\Query.php(310): CodeIgniter\Database\Query->matchNamedBinds('SELECT *
FROM "customer"
WHERE "userid" = :userid:
 LIMIT 1', [...])
 4 SYSTEMPATH\Database\Query.php(159): CodeIgniter\Database\Query->compileBinds()
 5 SYSTEMPATH\Database\BaseConnection.php(605): CodeIgniter\Database\Query->getQuery()
 6 SYSTEMPATH\Database\BaseBuilder.php(1616): CodeIgniter\Database\BaseConnection->query('SELECT *
FROM "customer"
WHERE "userid" = :userid:
 LIMIT 1', [...], false)
 7 SYSTEMPATH\Model.php(268): CodeIgniter\Database\BaseBuilder->get()
 8 SYSTEMPATH\BaseModel.php(656): CodeIgniter\Model->doFirst()
 9 APPPATH\Models\CustomersModel.php(23): CodeIgniter\BaseModel->first()
10 APPPATH\Controllers\Lists.php(129): App\Models\CustomersModel->getUserid([...])
11 SYSTEMPATH\CodeIgniter.php(934): App\Controllers\Lists->suborder('1')
12 SYSTEMPATH\CodeIgniter.php(499): CodeIgniter\CodeIgniter->runController(Object(App\Controllers\Lists))
13 SYSTEMPATH\CodeIgniter.php(368): CodeIgniter\CodeIgniter->handleRequest(null, Object(Config\Cache), false)
14 FCPATH\index.php(67): CodeIgniter\CodeIgniter->run()
INFO - 2023-03-14 13:11:29 --> Session: Class initialized using 'CodeIgniter\Session\Handlers\FileHandler' driver.
CRITICAL - 2023-03-14 13:11:29 --> Array to string conversion
in SYSTEMPATH\Database\Query.php on line 329.
 1 [internal function]: CodeIgniter\Debug\Exceptions->errorHandler(2, 'Array to string conversion', 'SYSTEMPATH\\Database\\Query.php', 329)
 2 SYSTEMPATH\Database\Query.php(329): implode(',', [...])
 3 SYSTEMPATH\Database\Query.php(310): CodeIgniter\Database\Query->matchNamedBinds('SELECT *
FROM "customer"
WHERE "userid" = :userid:
 LIMIT 1', [...])
 4 SYSTEMPATH\Database\Query.php(159): CodeIgniter\Database\Query->compileBinds()
 5 SYSTEMPATH\Database\BaseConnection.php(605): CodeIgniter\Database\Query->getQuery()
 6 SYSTEMPATH\Database\BaseBuilder.php(1616): CodeIgniter\Database\BaseConnection->query('SELECT *
FROM "customer"
WHERE "userid" = :userid:
 LIMIT 1', [...], false)
 7 SYSTEMPATH\Model.php(268): CodeIgniter\Database\BaseBuilder->get()
 8 SYSTEMPATH\BaseModel.php(656): CodeIgniter\Model->doFirst()
 9 APPPATH\Models\CustomersModel.php(23): CodeIgniter\BaseModel->first()
10 APPPATH\Controllers\Lists.php(129): App\Models\CustomersModel->getUserid([...])
11 SYSTEMPATH\CodeIgniter.php(934): App\Controllers\Lists->suborder('1')
12 SYSTEMPATH\CodeIgniter.php(499): CodeIgniter\CodeIgniter->runController(Object(App\Controllers\Lists))
13 SYSTEMPATH\CodeIgniter.php(368): CodeIgniter\CodeIgniter->handleRequest(null, Object(Config\Cache), false)
14 FCPATH\index.php(67): CodeIgniter\CodeIgniter->run()
INFO - 2023-03-14 13:22:59 --> Session: Class initialized using 'CodeIgniter\Session\Handlers\FileHandler' driver.
CRITICAL - 2023-03-14 13:22:59 --> Array to string conversion
in SYSTEMPATH\Database\Query.php on line 329.
 1 [internal function]: CodeIgniter\Debug\Exceptions->errorHandler(2, 'Array to string conversion', 'SYSTEMPATH\\Database\\Query.php', 329)
 2 SYSTEMPATH\Database\Query.php(329): implode(',', [...])
 3 SYSTEMPATH\Database\Query.php(310): CodeIgniter\Database\Query->matchNamedBinds('SELECT *
FROM "customer"
WHERE "userid" = :userid:
 LIMIT 1', [...])
 4 SYSTEMPATH\Database\Query.php(159): CodeIgniter\Database\Query->compileBinds()
 5 SYSTEMPATH\Database\BaseConnection.php(605): CodeIgniter\Database\Query->getQuery()
 6 SYSTEMPATH\Database\BaseBuilder.php(1616): CodeIgniter\Database\BaseConnection->query('SELECT *
FROM "customer"
WHERE "userid" = :userid:
 LIMIT 1', [...], false)
 7 SYSTEMPATH\Model.php(268): CodeIgniter\Database\BaseBuilder->get()
 8 SYSTEMPATH\BaseModel.php(656): CodeIgniter\Model->doFirst()
 9 APPPATH\Models\CustomersModel.php(23): CodeIgniter\BaseModel->first()
10 APPPATH\Controllers\Lists.php(129): App\Models\CustomersModel->getUserid([...])
11 SYSTEMPATH\CodeIgniter.php(934): App\Controllers\Lists->suborder('1')
12 SYSTEMPATH\CodeIgniter.php(499): CodeIgniter\CodeIgniter->runController(Object(App\Controllers\Lists))
13 SYSTEMPATH\CodeIgniter.php(368): CodeIgniter\CodeIgniter->handleRequest(null, Object(Config\Cache), false)
14 FCPATH\index.php(67): CodeIgniter\CodeIgniter->run()
INFO - 2023-03-14 13:31:22 --> Session: Class initialized using 'CodeIgniter\Session\Handlers\FileHandler' driver.
CRITICAL - 2023-03-14 13:31:23 --> Array to string conversion
in SYSTEMPATH\Database\Query.php on line 329.
 1 [internal function]: CodeIgniter\Debug\Exceptions->errorHandler(2, 'Array to string conversion', 'SYSTEMPATH\\Database\\Query.php', 329)
 2 SYSTEMPATH\Database\Query.php(329): implode(',', [...])
 3 SYSTEMPATH\Database\Query.php(310): CodeIgniter\Database\Query->matchNamedBinds('SELECT *
FROM "customer"
WHERE "userid" = :userid:
 LIMIT 1', [...])
 4 SYSTEMPATH\Database\Query.php(159): CodeIgniter\Database\Query->compileBinds()
 5 SYSTEMPATH\Database\BaseConnection.php(605): CodeIgniter\Database\Query->getQuery()
 6 SYSTEMPATH\Database\BaseBuilder.php(1616): CodeIgniter\Database\BaseConnection->query('SELECT *
FROM "customer"
WHERE "userid" = :userid:
 LIMIT 1', [...], false)
 7 SYSTEMPATH\Model.php(268): CodeIgniter\Database\BaseBuilder->get()
 8 SYSTEMPATH\BaseModel.php(656): CodeIgniter\Model->doFirst()
 9 APPPATH\Models\CustomersModel.php(23): CodeIgniter\BaseModel->first()
10 APPPATH\Controllers\Lists.php(129): App\Models\CustomersModel->getUserid([...])
11 SYSTEMPATH\CodeIgniter.php(934): App\Controllers\Lists->suborder('1')
12 SYSTEMPATH\CodeIgniter.php(499): CodeIgniter\CodeIgniter->runController(Object(App\Controllers\Lists))
13 SYSTEMPATH\CodeIgniter.php(368): CodeIgniter\CodeIgniter->handleRequest(null, Object(Config\Cache), false)
14 FCPATH\index.php(67): CodeIgniter\CodeIgniter->run()
INFO - 2023-03-14 13:31:27 --> Session: Class initialized using 'CodeIgniter\Session\Handlers\FileHandler' driver.
CRITICAL - 2023-03-14 13:31:28 --> Array to string conversion
in SYSTEMPATH\Database\Query.php on line 329.
 1 [internal function]: CodeIgniter\Debug\Exceptions->errorHandler(2, 'Array to string conversion', 'SYSTEMPATH\\Database\\Query.php', 329)
 2 SYSTEMPATH\Database\Query.php(329): implode(',', [...])
 3 SYSTEMPATH\Database\Query.php(310): CodeIgniter\Database\Query->matchNamedBinds('SELECT *
FROM "customer"
WHERE "userid" = :userid:
 LIMIT 1', [...])
 4 SYSTEMPATH\Database\Query.php(159): CodeIgniter\Database\Query->compileBinds()
 5 SYSTEMPATH\Database\BaseConnection.php(605): CodeIgniter\Database\Query->getQuery()
 6 SYSTEMPATH\Database\BaseBuilder.php(1616): CodeIgniter\Database\BaseConnection->query('SELECT *
FROM "customer"
WHERE "userid" = :userid:
 LIMIT 1', [...], false)
 7 SYSTEMPATH\Model.php(268): CodeIgniter\Database\BaseBuilder->get()
 8 SYSTEMPATH\BaseModel.php(656): CodeIgniter\Model->doFirst()
 9 APPPATH\Models\CustomersModel.php(23): CodeIgniter\BaseModel->first()
10 APPPATH\Controllers\Lists.php(129): App\Models\CustomersModel->getUserid([...])
11 SYSTEMPATH\CodeIgniter.php(934): App\Controllers\Lists->suborder('1')
12 SYSTEMPATH\CodeIgniter.php(499): CodeIgniter\CodeIgniter->runController(Object(App\Controllers\Lists))
13 SYSTEMPATH\CodeIgniter.php(368): CodeIgniter\CodeIgniter->handleRequest(null, Object(Config\Cache), false)
14 FCPATH\index.php(67): CodeIgniter\CodeIgniter->run()
INFO - 2023-03-14 13:31:45 --> Session: Class initialized using 'CodeIgniter\Session\Handlers\FileHandler' driver.
CRITICAL - 2023-03-14 13:31:45 --> Array to string conversion
in SYSTEMPATH\Database\Query.php on line 329.
 1 [internal function]: CodeIgniter\Debug\Exceptions->errorHandler(2, 'Array to string conversion', 'SYSTEMPATH\\Database\\Query.php', 329)
 2 SYSTEMPATH\Database\Query.php(329): implode(',', [...])
 3 SYSTEMPATH\Database\Query.php(310): CodeIgniter\Database\Query->matchNamedBinds('SELECT *
FROM "customer"
WHERE "userid" = :userid:
 LIMIT 1', [...])
 4 SYSTEMPATH\Database\Query.php(159): CodeIgniter\Database\Query->compileBinds()
 5 SYSTEMPATH\Database\BaseConnection.php(605): CodeIgniter\Database\Query->getQuery()
 6 SYSTEMPATH\Database\BaseBuilder.php(1616): CodeIgniter\Database\BaseConnection->query('SELECT *
FROM "customer"
WHERE "userid" = :userid:
 LIMIT 1', [...], false)
 7 SYSTEMPATH\Model.php(268): CodeIgniter\Database\BaseBuilder->get()
 8 SYSTEMPATH\BaseModel.php(656): CodeIgniter\Model->doFirst()
 9 APPPATH\Models\CustomersModel.php(23): CodeIgniter\BaseModel->first()
10 APPPATH\Controllers\Lists.php(129): App\Models\CustomersModel->getUserid([...])
11 SYSTEMPATH\CodeIgniter.php(934): App\Controllers\Lists->suborder('1')
12 SYSTEMPATH\CodeIgniter.php(499): CodeIgniter\CodeIgniter->runController(Object(App\Controllers\Lists))
13 SYSTEMPATH\CodeIgniter.php(368): CodeIgniter\CodeIgniter->handleRequest(null, Object(Config\Cache), false)
14 FCPATH\index.php(67): CodeIgniter\CodeIgniter->run()
INFO - 2023-03-14 13:40:47 --> Session: Class initialized using 'CodeIgniter\Session\Handlers\FileHandler' driver.
CRITICAL - 2023-03-14 13:40:47 --> Array to string conversion
in SYSTEMPATH\Database\Query.php on line 329.
 1 [internal function]: CodeIgniter\Debug\Exceptions->errorHandler(2, 'Array to string conversion', 'SYSTEMPATH\\Database\\Query.php', 329)
 2 SYSTEMPATH\Database\Query.php(329): implode(',', [...])
 3 SYSTEMPATH\Database\Query.php(310): CodeIgniter\Database\Query->matchNamedBinds('SELECT *
FROM "customer"
WHERE "userid" = :userid:
 LIMIT 1', [...])
 4 SYSTEMPATH\Database\Query.php(159): CodeIgniter\Database\Query->compileBinds()
 5 SYSTEMPATH\Database\BaseConnection.php(605): CodeIgniter\Database\Query->getQuery()
 6 SYSTEMPATH\Database\BaseBuilder.php(1616): CodeIgniter\Database\BaseConnection->query('SELECT *
FROM "customer"
WHERE "userid" = :userid:
 LIMIT 1', [...], false)
 7 SYSTEMPATH\Model.php(268): CodeIgniter\Database\BaseBuilder->get()
 8 SYSTEMPATH\BaseModel.php(656): CodeIgniter\Model->doFirst()
 9 APPPATH\Models\CustomersModel.php(23): CodeIgniter\BaseModel->first()
10 APPPATH\Controllers\Lists.php(129): App\Models\CustomersModel->getUserid([...])
11 SYSTEMPATH\CodeIgniter.php(934): App\Controllers\Lists->suborder('1')
12 SYSTEMPATH\CodeIgniter.php(499): CodeIgniter\CodeIgniter->runController(Object(App\Controllers\Lists))
13 SYSTEMPATH\CodeIgniter.php(368): CodeIgniter\CodeIgniter->handleRequest(null, Object(Config\Cache), false)
14 FCPATH\index.php(67): CodeIgniter\CodeIgniter->run()
INFO - 2023-03-14 13:41:29 --> Session: Class initialized using 'CodeIgniter\Session\Handlers\FileHandler' driver.
CRITICAL - 2023-03-14 13:41:30 --> Array to string conversion
in SYSTEMPATH\Database\Query.php on line 329.
 1 [internal function]: CodeIgniter\Debug\Exceptions->errorHandler(2, 'Array to string conversion', 'SYSTEMPATH\\Database\\Query.php', 329)
 2 SYSTEMPATH\Database\Query.php(329): implode(',', [...])
 3 SYSTEMPATH\Database\Query.php(310): CodeIgniter\Database\Query->matchNamedBinds('SELECT *
FROM "customer"
WHERE "userid" = :userid:
 LIMIT 1', [...])
 4 SYSTEMPATH\Database\Query.php(159): CodeIgniter\Database\Query->compileBinds()
 5 SYSTEMPATH\Database\BaseConnection.php(605): CodeIgniter\Database\Query->getQuery()
 6 SYSTEMPATH\Database\BaseBuilder.php(1616): CodeIgniter\Database\BaseConnection->query('SELECT *
FROM "customer"
WHERE "userid" = :userid:
 LIMIT 1', [...], false)
 7 SYSTEMPATH\Model.php(268): CodeIgniter\Database\BaseBuilder->get()
 8 SYSTEMPATH\BaseModel.php(656): CodeIgniter\Model->doFirst()
 9 APPPATH\Models\CustomersModel.php(23): CodeIgniter\BaseModel->first()
10 APPPATH\Controllers\Lists.php(129): App\Models\CustomersModel->getUserid([...])
11 SYSTEMPATH\CodeIgniter.php(934): App\Controllers\Lists->suborder('1')
12 SYSTEMPATH\CodeIgniter.php(499): CodeIgniter\CodeIgniter->runController(Object(App\Controllers\Lists))
13 SYSTEMPATH\CodeIgniter.php(368): CodeIgniter\CodeIgniter->handleRequest(null, Object(Config\Cache), false)
14 FCPATH\index.php(67): CodeIgniter\CodeIgniter->run()
INFO - 2023-03-14 13:46:37 --> Session: Class initialized using 'CodeIgniter\Session\Handlers\FileHandler' driver.
CRITICAL - 2023-03-14 13:46:38 --> Array to string conversion
in SYSTEMPATH\Database\Query.php on line 329.
 1 [internal function]: CodeIgniter\Debug\Exceptions->errorHandler(2, 'Array to string conversion', 'SYSTEMPATH\\Database\\Query.php', 329)
 2 SYSTEMPATH\Database\Query.php(329): implode(',', [...])
 3 SYSTEMPATH\Database\Query.php(310): CodeIgniter\Database\Query->matchNamedBinds('SELECT *
FROM "customer"
WHERE "userid" = :userid:
 LIMIT 1', [...])
 4 SYSTEMPATH\Database\Query.php(159): CodeIgniter\Database\Query->compileBinds()
 5 SYSTEMPATH\Database\BaseConnection.php(605): CodeIgniter\Database\Query->getQuery()
 6 SYSTEMPATH\Database\BaseBuilder.php(1616): CodeIgniter\Database\BaseConnection->query('SELECT *
FROM "customer"
WHERE "userid" = :userid:
 LIMIT 1', [...], false)
 7 SYSTEMPATH\Model.php(268): CodeIgniter\Database\BaseBuilder->get()
 8 SYSTEMPATH\BaseModel.php(656): CodeIgniter\Model->doFirst()
 9 APPPATH\Models\CustomersModel.php(23): CodeIgniter\BaseModel->first()
10 APPPATH\Controllers\Lists.php(129): App\Models\CustomersModel->getUserid([...])
11 SYSTEMPATH\CodeIgniter.php(934): App\Controllers\Lists->suborder('1')
12 SYSTEMPATH\CodeIgniter.php(499): CodeIgniter\CodeIgniter->runController(Object(App\Controllers\Lists))
13 SYSTEMPATH\CodeIgniter.php(368): CodeIgniter\CodeIgniter->handleRequest(null, Object(Config\Cache), false)
14 FCPATH\index.php(67): CodeIgniter\CodeIgniter->run()
INFO - 2023-03-14 13:48:05 --> Session: Class initialized using 'CodeIgniter\Session\Handlers\FileHandler' driver.
CRITICAL - 2023-03-14 13:48:05 --> Array to string conversion
in SYSTEMPATH\Database\Query.php on line 329.
 1 [internal function]: CodeIgniter\Debug\Exceptions->errorHandler(2, 'Array to string conversion', 'SYSTEMPATH\\Database\\Query.php', 329)
 2 SYSTEMPATH\Database\Query.php(329): implode(',', [...])
 3 SYSTEMPATH\Database\Query.php(310): CodeIgniter\Database\Query->matchNamedBinds('SELECT *
FROM "customer"
WHERE "userid" = :userid:
 LIMIT 1', [...])
 4 SYSTEMPATH\Database\Query.php(159): CodeIgniter\Database\Query->compileBinds()
 5 SYSTEMPATH\Database\BaseConnection.php(605): CodeIgniter\Database\Query->getQuery()
 6 SYSTEMPATH\Database\BaseBuilder.php(1616): CodeIgniter\Database\BaseConnection->query('SELECT *
FROM "customer"
WHERE "userid" = :userid:
 LIMIT 1', [...], false)
 7 SYSTEMPATH\Model.php(268): CodeIgniter\Database\BaseBuilder->get()
 8 SYSTEMPATH\BaseModel.php(656): CodeIgniter\Model->doFirst()
 9 APPPATH\Models\CustomersModel.php(23): CodeIgniter\BaseModel->first()
10 APPPATH\Controllers\Lists.php(129): App\Models\CustomersModel->getUserid([...])
11 SYSTEMPATH\CodeIgniter.php(934): App\Controllers\Lists->suborder('1')
12 SYSTEMPATH\CodeIgniter.php(499): CodeIgniter\CodeIgniter->runController(Object(App\Controllers\Lists))
13 SYSTEMPATH\CodeIgniter.php(368): CodeIgniter\CodeIgniter->handleRequest(null, Object(Config\Cache), false)
14 FCPATH\index.php(67): CodeIgniter\CodeIgniter->run()
INFO - 2023-03-14 13:49:06 --> Session: Class initialized using 'CodeIgniter\Session\Handlers\FileHandler' driver.
CRITICAL - 2023-03-14 13:49:06 --> Array to string conversion
in SYSTEMPATH\Database\Query.php on line 329.
 1 [internal function]: CodeIgniter\Debug\Exceptions->errorHandler(2, 'Array to string conversion', 'SYSTEMPATH\\Database\\Query.php', 329)
 2 SYSTEMPATH\Database\Query.php(329): implode(',', [...])
 3 SYSTEMPATH\Database\Query.php(310): CodeIgniter\Database\Query->matchNamedBinds('SELECT *
FROM "customer"
WHERE "userid" = :userid:
 LIMIT 1', [...])
 4 SYSTEMPATH\Database\Query.php(159): CodeIgniter\Database\Query->compileBinds()
 5 SYSTEMPATH\Database\BaseConnection.php(605): CodeIgniter\Database\Query->getQuery()
 6 SYSTEMPATH\Database\BaseBuilder.php(1616): CodeIgniter\Database\BaseConnection->query('SELECT *
FROM "customer"
WHERE "userid" = :userid:
 LIMIT 1', [...], false)
 7 SYSTEMPATH\Model.php(268): CodeIgniter\Database\BaseBuilder->get()
 8 SYSTEMPATH\BaseModel.php(656): CodeIgniter\Model->doFirst()
 9 APPPATH\Models\CustomersModel.php(23): CodeIgniter\BaseModel->first()
10 APPPATH\Controllers\Lists.php(129): App\Models\CustomersModel->getUserid([...])
11 SYSTEMPATH\CodeIgniter.php(934): App\Controllers\Lists->suborder('1')
12 SYSTEMPATH\CodeIgniter.php(499): CodeIgniter\CodeIgniter->runController(Object(App\Controllers\Lists))
13 SYSTEMPATH\CodeIgniter.php(368): CodeIgniter\CodeIgniter->handleRequest(null, Object(Config\Cache), false)
14 FCPATH\index.php(67): CodeIgniter\CodeIgniter->run()
INFO - 2023-03-14 15:07:00 --> Session: Class initialized using 'CodeIgniter\Session\Handlers\FileHandler' driver.
CRITICAL - 2023-03-14 15:07:00 --> Array to string conversion
in SYSTEMPATH\Database\Query.php on line 329.
 1 [internal function]: CodeIgniter\Debug\Exceptions->errorHandler(2, 'Array to string conversion', 'SYSTEMPATH\\Database\\Query.php', 329)
 2 SYSTEMPATH\Database\Query.php(329): implode(',', [...])
 3 SYSTEMPATH\Database\Query.php(310): CodeIgniter\Database\Query->matchNamedBinds('SELECT *
FROM "customer"
WHERE "userid" = :userid:
 LIMIT 1', [...])
 4 SYSTEMPATH\Database\Query.php(159): CodeIgniter\Database\Query->compileBinds()
 5 SYSTEMPATH\Database\BaseConnection.php(605): CodeIgniter\Database\Query->getQuery()
 6 SYSTEMPATH\Database\BaseBuilder.php(1616): CodeIgniter\Database\BaseConnection->query('SELECT *
FROM "customer"
WHERE "userid" = :userid:
 LIMIT 1', [...], false)
 7 SYSTEMPATH\Model.php(268): CodeIgniter\Database\BaseBuilder->get()
 8 SYSTEMPATH\BaseModel.php(656): CodeIgniter\Model->doFirst()
 9 APPPATH\Models\CustomersModel.php(23): CodeIgniter\BaseModel->first()
10 APPPATH\Controllers\Lists.php(132): App\Models\CustomersModel->getUserid([...])
11 SYSTEMPATH\CodeIgniter.php(934): App\Controllers\Lists->suborder('1')
12 SYSTEMPATH\CodeIgniter.php(499): CodeIgniter\CodeIgniter->runController(Object(App\Controllers\Lists))
13 SYSTEMPATH\CodeIgniter.php(368): CodeIgniter\CodeIgniter->handleRequest(null, Object(Config\Cache), false)
14 FCPATH\index.php(67): CodeIgniter\CodeIgniter->run()
INFO - 2023-03-14 15:12:23 --> Session: Class initialized using 'CodeIgniter\Session\Handlers\FileHandler' driver.
CRITICAL - 2023-03-14 15:12:23 --> Array to string conversion
in SYSTEMPATH\Database\Query.php on line 329.
 1 [internal function]: CodeIgniter\Debug\Exceptions->errorHandler(2, 'Array to string conversion', 'SYSTEMPATH\\Database\\Query.php', 329)
 2 SYSTEMPATH\Database\Query.php(329): implode(',', [...])
 3 SYSTEMPATH\Database\Query.php(310): CodeIgniter\Database\Query->matchNamedBinds('SELECT *
FROM "customer"
WHERE "userid" = :userid:
 LIMIT 1', [...])
 4 SYSTEMPATH\Database\Query.php(159): CodeIgniter\Database\Query->compileBinds()
 5 SYSTEMPATH\Database\BaseConnection.php(605): CodeIgniter\Database\Query->getQuery()
 6 SYSTEMPATH\Database\BaseBuilder.php(1616): CodeIgniter\Database\BaseConnection->query('SELECT *
FROM "customer"
WHERE "userid" = :userid:
 LIMIT 1', [...], false)
 7 SYSTEMPATH\Model.php(268): CodeIgniter\Database\BaseBuilder->get()
 8 SYSTEMPATH\BaseModel.php(656): CodeIgniter\Model->doFirst()
 9 APPPATH\Models\CustomersModel.php(23): CodeIgniter\BaseModel->first()
10 APPPATH\Controllers\Lists.php(132): App\Models\CustomersModel->getUserid([...])
11 SYSTEMPATH\CodeIgniter.php(934): App\Controllers\Lists->suborder('1')
12 SYSTEMPATH\CodeIgniter.php(499): CodeIgniter\CodeIgniter->runController(Object(App\Controllers\Lists))
13 SYSTEMPATH\CodeIgniter.php(368): CodeIgniter\CodeIgniter->handleRequest(null, Object(Config\Cache), false)
14 FCPATH\index.php(67): CodeIgniter\CodeIgniter->run()
