CRITICAL - 2023-02-27 06:50:43 --> Undefined variable $conn
in APPPATH\Views\lists\jobs.php on line 60.
 1 APPPATH\Views\lists\jobs.php(60): CodeIgniter\Debug\Exceptions->errorHandler(2, 'Undefined variable $conn', 'APPPATH\\Views\\lists\\jobs.php', 60)
 2 SYSTEMPATH\View\View.php(213): include('APPPATH\\Views\\lists\\jobs.php')
 3 SYSTEMPATH\View\View.php(216): CodeIgniter\View\View->CodeIgniter\View\{closure}()
 4 SYSTEMPATH\Common.php(1184): CodeIgniter\View\View->render('lists/jobs', [], true)
 5 APPPATH\Controllers\Lists.php(31): view('lists/jobs')
 6 SYSTEMPATH\CodeIgniter.php(934): App\Controllers\Lists->jobs()
 7 SYSTEMPATH\CodeIgniter.php(499): CodeIgniter\CodeIgniter->runController(Object(App\Controllers\Lists))
 8 SYSTEMPATH\CodeIgniter.php(368): CodeIgniter\CodeIgniter->handleRequest(null, Object(Config\Cache), false)
 9 FCPATH\index.php(67): CodeIgniter\CodeIgniter->run()
CRITICAL - 2023-02-27 06:51:39 --> Undefined variable $conn
in APPPATH\Views\lists\orders.php on line 20.
 1 APPPATH\Views\lists\orders.php(20): CodeIgniter\Debug\Exceptions->errorHandler(2, 'Undefined variable $conn', 'APPPATH\\Views\\lists\\orders.php', 20)
 2 SYSTEMPATH\View\View.php(213): include('APPPATH\\Views\\lists\\orders.php')
 3 SYSTEMPATH\View\View.php(216): CodeIgniter\View\View->CodeIgniter\View\{closure}()
 4 SYSTEMPATH\Common.php(1184): CodeIgniter\View\View->render('lists/orders', [], true)
 5 APPPATH\Controllers\Lists.php(35): view('lists/orders')
 6 SYSTEMPATH\CodeIgniter.php(934): App\Controllers\Lists->orders()
 7 SYSTEMPATH\CodeIgniter.php(499): CodeIgniter\CodeIgniter->runController(Object(App\Controllers\Lists))
 8 SYSTEMPATH\CodeIgniter.php(368): CodeIgniter\CodeIgniter->handleRequest(null, Object(Config\Cache), false)
 9 FCPATH\index.php(67): CodeIgniter\CodeIgniter->run()
CRITICAL - 2023-02-27 08:29:37 --> Unmatched '}'
in APPPATH\Views\lists\orders.php on line 65.
 1 SYSTEMPATH\View\View.php(216): CodeIgniter\View\View->CodeIgniter\View\{closure}()
 2 SYSTEMPATH\Common.php(1184): CodeIgniter\View\View->render('lists/orders', [], true)
 3 APPPATH\Controllers\Lists.php(35): view('lists/orders')
 4 SYSTEMPATH\CodeIgniter.php(934): App\Controllers\Lists->orders()
 5 SYSTEMPATH\CodeIgniter.php(499): CodeIgniter\CodeIgniter->runController(Object(App\Controllers\Lists))
 6 SYSTEMPATH\CodeIgniter.php(368): CodeIgniter\CodeIgniter->handleRequest(null, Object(Config\Cache), false)
 7 FCPATH\index.php(67): CodeIgniter\CodeIgniter->run()
CRITICAL - 2023-02-27 08:29:56 --> Undefined variable $row
in APPPATH\Views\lists\orders.php on line 52.
 1 APPPATH\Views\lists\orders.php(52): CodeIgniter\Debug\Exceptions->errorHandler(2, 'Undefined variable $row', 'APPPATH\\Views\\lists\\orders.php', 52)
 2 SYSTEMPATH\View\View.php(213): include('APPPATH\\Views\\lists\\orders.php')
 3 SYSTEMPATH\View\View.php(216): CodeIgniter\View\View->CodeIgniter\View\{closure}()
 4 SYSTEMPATH\Common.php(1184): CodeIgniter\View\View->render('lists/orders', [], true)
 5 APPPATH\Controllers\Lists.php(35): view('lists/orders')
 6 SYSTEMPATH\CodeIgniter.php(934): App\Controllers\Lists->orders()
 7 SYSTEMPATH\CodeIgniter.php(499): CodeIgniter\CodeIgniter->runController(Object(App\Controllers\Lists))
 8 SYSTEMPATH\CodeIgniter.php(368): CodeIgniter\CodeIgniter->handleRequest(null, Object(Config\Cache), false)
 9 FCPATH\index.php(67): CodeIgniter\CodeIgniter->run()
CRITICAL - 2023-02-27 08:30:36 --> Undefined variable $title
in APPPATH\Views\layouts\main.php on line 6.
 1 APPPATH\Views\layouts\main.php(6): CodeIgniter\Debug\Exceptions->errorHandler(2, 'Undefined variable $title', 'APPPATH\\Views\\layouts\\main.php', 6)
 2 SYSTEMPATH\View\View.php(213): include('APPPATH\\Views\\layouts\\main.php')
 3 SYSTEMPATH\View\View.php(216): CodeIgniter\View\View->CodeIgniter\View\{closure}()
 4 SYSTEMPATH\View\View.php(229): CodeIgniter\View\View->render('layouts/main', [], true)
 5 SYSTEMPATH\Common.php(1184): CodeIgniter\View\View->render('lists/orders', [], true)
 6 APPPATH\Controllers\Lists.php(35): view('lists/orders')
 7 SYSTEMPATH\CodeIgniter.php(934): App\Controllers\Lists->orders()
 8 SYSTEMPATH\CodeIgniter.php(499): CodeIgniter\CodeIgniter->runController(Object(App\Controllers\Lists))
 9 SYSTEMPATH\CodeIgniter.php(368): CodeIgniter\CodeIgniter->handleRequest(null, Object(Config\Cache), false)
10 FCPATH\index.php(67): CodeIgniter\CodeIgniter->run()
CRITICAL - 2023-02-27 08:31:11 --> Undefined variable $title
in APPPATH\Views\layouts\main.php on line 6.
 1 APPPATH\Views\layouts\main.php(6): CodeIgniter\Debug\Exceptions->errorHandler(2, 'Undefined variable $title', 'APPPATH\\Views\\layouts\\main.php', 6)
 2 SYSTEMPATH\View\View.php(213): include('APPPATH\\Views\\layouts\\main.php')
 3 SYSTEMPATH\View\View.php(216): CodeIgniter\View\View->CodeIgniter\View\{closure}()
 4 SYSTEMPATH\View\View.php(229): CodeIgniter\View\View->render('layouts/main', [], true)
 5 SYSTEMPATH\Common.php(1184): CodeIgniter\View\View->render('lists/orders', [], true)
 6 APPPATH\Controllers\Lists.php(36): view('lists/orders')
 7 SYSTEMPATH\CodeIgniter.php(934): App\Controllers\Lists->orders()
 8 SYSTEMPATH\CodeIgniter.php(499): CodeIgniter\CodeIgniter->runController(Object(App\Controllers\Lists))
 9 SYSTEMPATH\CodeIgniter.php(368): CodeIgniter\CodeIgniter->handleRequest(null, Object(Config\Cache), false)
10 FCPATH\index.php(67): CodeIgniter\CodeIgniter->run()
CRITICAL - 2023-02-27 11:18:21 --> Undefined variable $order
in APPPATH\Views\lists\orders.php on line 40.
 1 APPPATH\Views\lists\orders.php(40): CodeIgniter\Debug\Exceptions->errorHandler(2, 'Undefined variable $order', 'APPPATH\\Views\\lists\\orders.php', 40)
 2 SYSTEMPATH\View\View.php(213): include('APPPATH\\Views\\lists\\orders.php')
 3 SYSTEMPATH\View\View.php(216): CodeIgniter\View\View->CodeIgniter\View\{closure}()
 4 SYSTEMPATH\Common.php(1184): CodeIgniter\View\View->render('lists/orders', [], true)
 5 APPPATH\Controllers\Lists.php(36): view('lists/orders', [...])
 6 SYSTEMPATH\CodeIgniter.php(934): App\Controllers\Lists->orders()
 7 SYSTEMPATH\CodeIgniter.php(499): CodeIgniter\CodeIgniter->runController(Object(App\Controllers\Lists))
 8 SYSTEMPATH\CodeIgniter.php(368): CodeIgniter\CodeIgniter->handleRequest(null, Object(Config\Cache), false)
 9 FCPATH\index.php(67): CodeIgniter\CodeIgniter->run()
CRITICAL - 2023-02-27 11:19:42 --> Undefined variable $order
in APPPATH\Views\lists\orders.php on line 40.
 1 APPPATH\Views\lists\orders.php(40): CodeIgniter\Debug\Exceptions->errorHandler(2, 'Undefined variable $order', 'APPPATH\\Views\\lists\\orders.php', 40)
 2 SYSTEMPATH\View\View.php(213): include('APPPATH\\Views\\lists\\orders.php')
 3 SYSTEMPATH\View\View.php(216): CodeIgniter\View\View->CodeIgniter\View\{closure}()
 4 SYSTEMPATH\Common.php(1184): CodeIgniter\View\View->render('lists/orders', [], true)
 5 APPPATH\Controllers\Lists.php(36): view('lists/orders', [...])
 6 SYSTEMPATH\CodeIgniter.php(934): App\Controllers\Lists->orders()
 7 SYSTEMPATH\CodeIgniter.php(499): CodeIgniter\CodeIgniter->runController(Object(App\Controllers\Lists))
 8 SYSTEMPATH\CodeIgniter.php(368): CodeIgniter\CodeIgniter->handleRequest(null, Object(Config\Cache), false)
 9 FCPATH\index.php(67): CodeIgniter\CodeIgniter->run()
CRITICAL - 2023-02-27 12:24:23 --> Undefined array key "customerid"
in APPPATH\Controllers\Lists.php on line 43.
 1 APPPATH\Controllers\Lists.php(43): CodeIgniter\Debug\Exceptions->errorHandler(2, 'Undefined array key "customerid"', 'APPPATH\\Controllers\\Lists.php', 43)
 2 SYSTEMPATH\CodeIgniter.php(934): App\Controllers\Lists->orders()
 3 SYSTEMPATH\CodeIgniter.php(499): CodeIgniter\CodeIgniter->runController(Object(App\Controllers\Lists))
 4 SYSTEMPATH\CodeIgniter.php(368): CodeIgniter\CodeIgniter->handleRequest(null, Object(Config\Cache), false)
 5 FCPATH\index.php(67): CodeIgniter\CodeIgniter->run()
