INFO - 2023-04-06 11:08:33 --> Session: Class initialized using 'CodeIgniter\Session\Handlers\FileHandler' driver.
INFO - 2023-04-06 11:11:39 --> Session: Class initialized using 'CodeIgniter\Session\Handlers\FileHandler' driver.
INFO - 2023-04-06 11:11:42 --> Session: Class initialized using 'CodeIgniter\Session\Handlers\FileHandler' driver.
INFO - 2023-04-06 11:11:45 --> Session: Class initialized using 'CodeIgniter\Session\Handlers\FileHandler' driver.
INFO - 2023-04-06 11:11:50 --> Session: Class initialized using 'CodeIgniter\Session\Handlers\FileHandler' driver.
INFO - 2023-04-06 11:11:54 --> Session: Class initialized using 'CodeIgniter\Session\Handlers\FileHandler' driver.
INFO - 2023-04-06 11:13:37 --> Session: Class initialized using 'CodeIgniter\Session\Handlers\FileHandler' driver.
INFO - 2023-04-06 11:13:38 --> Session: Class initialized using 'CodeIgniter\Session\Handlers\FileHandler' driver.
CRITICAL - 2023-04-06 11:13:38 --> Undefined array key 0
in APPPATH\Views\lists\jobs-table.php on line 67.
 1 APPPATH\Views\lists\jobs-table.php(67): CodeIgniter\Debug\Exceptions->errorHandler(2, 'Undefined array key 0', 'APPPATH\\Views\\lists\\jobs-table.php', 67)
 2 SYSTEMPATH\View\View.php(213): include('APPPATH\\Views\\lists\\jobs-table.php')
 3 SYSTEMPATH\View\View.php(216): CodeIgniter\View\View->CodeIgniter\View\{closure}()
 4 SYSTEMPATH\Common.php(1184): CodeIgniter\View\View->render('lists/jobs-table', [], true)
 5 APPPATH\Controllers\Lists.php(186): view('lists/jobs-table', [...])
 6 SYSTEMPATH\CodeIgniter.php(934): App\Controllers\Lists->assignedjobs('12')
 7 SYSTEMPATH\CodeIgniter.php(499): CodeIgniter\CodeIgniter->runController(Object(App\Controllers\Lists))
 8 SYSTEMPATH\CodeIgniter.php(368): CodeIgniter\CodeIgniter->handleRequest(null, Object(Config\Cache), false)
 9 FCPATH\index.php(67): CodeIgniter\CodeIgniter->run()
INFO - 2023-04-06 11:13:41 --> Session: Class initialized using 'CodeIgniter\Session\Handlers\FileHandler' driver.
CRITICAL - 2023-04-06 11:13:41 --> Undefined array key 0
in APPPATH\Views\lists\jobs-table.php on line 67.
 1 APPPATH\Views\lists\jobs-table.php(67): CodeIgniter\Debug\Exceptions->errorHandler(2, 'Undefined array key 0', 'APPPATH\\Views\\lists\\jobs-table.php', 67)
 2 SYSTEMPATH\View\View.php(213): include('APPPATH\\Views\\lists\\jobs-table.php')
 3 SYSTEMPATH\View\View.php(216): CodeIgniter\View\View->CodeIgniter\View\{closure}()
 4 SYSTEMPATH\Common.php(1184): CodeIgniter\View\View->render('lists/jobs-table', [], true)
 5 APPPATH\Controllers\Lists.php(186): view('lists/jobs-table', [...])
 6 SYSTEMPATH\CodeIgniter.php(934): App\Controllers\Lists->assignedjobs('12')
 7 SYSTEMPATH\CodeIgniter.php(499): CodeIgniter\CodeIgniter->runController(Object(App\Controllers\Lists))
 8 SYSTEMPATH\CodeIgniter.php(368): CodeIgniter\CodeIgniter->handleRequest(null, Object(Config\Cache), false)
 9 FCPATH\index.php(67): CodeIgniter\CodeIgniter->run()
INFO - 2023-04-06 11:13:41 --> Session: Class initialized using 'CodeIgniter\Session\Handlers\FileHandler' driver.
CRITICAL - 2023-04-06 11:13:42 --> Undefined array key 0
in APPPATH\Views\lists\jobs-table.php on line 67.
 1 APPPATH\Views\lists\jobs-table.php(67): CodeIgniter\Debug\Exceptions->errorHandler(2, 'Undefined array key 0', 'APPPATH\\Views\\lists\\jobs-table.php', 67)
 2 SYSTEMPATH\View\View.php(213): include('APPPATH\\Views\\lists\\jobs-table.php')
 3 SYSTEMPATH\View\View.php(216): CodeIgniter\View\View->CodeIgniter\View\{closure}()
 4 SYSTEMPATH\Common.php(1184): CodeIgniter\View\View->render('lists/jobs-table', [], true)
 5 APPPATH\Controllers\Lists.php(186): view('lists/jobs-table', [...])
 6 SYSTEMPATH\CodeIgniter.php(934): App\Controllers\Lists->assignedjobs('12')
 7 SYSTEMPATH\CodeIgniter.php(499): CodeIgniter\CodeIgniter->runController(Object(App\Controllers\Lists))
 8 SYSTEMPATH\CodeIgniter.php(368): CodeIgniter\CodeIgniter->handleRequest(null, Object(Config\Cache), false)
 9 FCPATH\index.php(67): CodeIgniter\CodeIgniter->run()
INFO - 2023-04-06 11:13:44 --> Session: Class initialized using 'CodeIgniter\Session\Handlers\FileHandler' driver.
CRITICAL - 2023-04-06 11:13:44 --> Undefined array key 0
in APPPATH\Views\lists\jobs-table.php on line 67.
 1 APPPATH\Views\lists\jobs-table.php(67): CodeIgniter\Debug\Exceptions->errorHandler(2, 'Undefined array key 0', 'APPPATH\\Views\\lists\\jobs-table.php', 67)
 2 SYSTEMPATH\View\View.php(213): include('APPPATH\\Views\\lists\\jobs-table.php')
 3 SYSTEMPATH\View\View.php(216): CodeIgniter\View\View->CodeIgniter\View\{closure}()
 4 SYSTEMPATH\Common.php(1184): CodeIgniter\View\View->render('lists/jobs-table', [], true)
 5 APPPATH\Controllers\Lists.php(186): view('lists/jobs-table', [...])
 6 SYSTEMPATH\CodeIgniter.php(934): App\Controllers\Lists->assignedjobs('12')
 7 SYSTEMPATH\CodeIgniter.php(499): CodeIgniter\CodeIgniter->runController(Object(App\Controllers\Lists))
 8 SYSTEMPATH\CodeIgniter.php(368): CodeIgniter\CodeIgniter->handleRequest(null, Object(Config\Cache), false)
 9 FCPATH\index.php(67): CodeIgniter\CodeIgniter->run()
INFO - 2023-04-06 11:13:45 --> Session: Class initialized using 'CodeIgniter\Session\Handlers\FileHandler' driver.
INFO - 2023-04-06 11:13:48 --> Session: Class initialized using 'CodeIgniter\Session\Handlers\FileHandler' driver.
INFO - 2023-04-06 11:13:50 --> Session: Class initialized using 'CodeIgniter\Session\Handlers\FileHandler' driver.
CRITICAL - 2023-04-06 11:13:51 --> Undefined array key 0
in APPPATH\Views\lists\jobs-table.php on line 67.
 1 APPPATH\Views\lists\jobs-table.php(67): CodeIgniter\Debug\Exceptions->errorHandler(2, 'Undefined array key 0', 'APPPATH\\Views\\lists\\jobs-table.php', 67)
 2 SYSTEMPATH\View\View.php(213): include('APPPATH\\Views\\lists\\jobs-table.php')
 3 SYSTEMPATH\View\View.php(216): CodeIgniter\View\View->CodeIgniter\View\{closure}()
 4 SYSTEMPATH\Common.php(1184): CodeIgniter\View\View->render('lists/jobs-table', [], true)
 5 APPPATH\Controllers\Lists.php(186): view('lists/jobs-table', [...])
 6 SYSTEMPATH\CodeIgniter.php(934): App\Controllers\Lists->assignedjobs('12')
 7 SYSTEMPATH\CodeIgniter.php(499): CodeIgniter\CodeIgniter->runController(Object(App\Controllers\Lists))
 8 SYSTEMPATH\CodeIgniter.php(368): CodeIgniter\CodeIgniter->handleRequest(null, Object(Config\Cache), false)
 9 FCPATH\index.php(67): CodeIgniter\CodeIgniter->run()
INFO - 2023-04-06 11:13:54 --> Session: Class initialized using 'CodeIgniter\Session\Handlers\FileHandler' driver.
INFO - 2023-04-06 11:13:57 --> Session: Class initialized using 'CodeIgniter\Session\Handlers\FileHandler' driver.
INFO - 2023-04-06 11:13:58 --> Session: Class initialized using 'CodeIgniter\Session\Handlers\FileHandler' driver.
CRITICAL - 2023-04-06 11:13:58 --> Undefined array key 0
in APPPATH\Views\lists\jobs-table.php on line 67.
 1 APPPATH\Views\lists\jobs-table.php(67): CodeIgniter\Debug\Exceptions->errorHandler(2, 'Undefined array key 0', 'APPPATH\\Views\\lists\\jobs-table.php', 67)
 2 SYSTEMPATH\View\View.php(213): include('APPPATH\\Views\\lists\\jobs-table.php')
 3 SYSTEMPATH\View\View.php(216): CodeIgniter\View\View->CodeIgniter\View\{closure}()
 4 SYSTEMPATH\Common.php(1184): CodeIgniter\View\View->render('lists/jobs-table', [], true)
 5 APPPATH\Controllers\Lists.php(186): view('lists/jobs-table', [...])
 6 SYSTEMPATH\CodeIgniter.php(934): App\Controllers\Lists->assignedjobs('12')
 7 SYSTEMPATH\CodeIgniter.php(499): CodeIgniter\CodeIgniter->runController(Object(App\Controllers\Lists))
 8 SYSTEMPATH\CodeIgniter.php(368): CodeIgniter\CodeIgniter->handleRequest(null, Object(Config\Cache), false)
 9 FCPATH\index.php(67): CodeIgniter\CodeIgniter->run()
INFO - 2023-04-06 11:14:15 --> Session: Class initialized using 'CodeIgniter\Session\Handlers\FileHandler' driver.
CRITICAL - 2023-04-06 11:14:15 --> Undefined array key 0
in APPPATH\Views\lists\jobs-table.php on line 67.
 1 APPPATH\Views\lists\jobs-table.php(67): CodeIgniter\Debug\Exceptions->errorHandler(2, 'Undefined array key 0', 'APPPATH\\Views\\lists\\jobs-table.php', 67)
 2 SYSTEMPATH\View\View.php(213): include('APPPATH\\Views\\lists\\jobs-table.php')
 3 SYSTEMPATH\View\View.php(216): CodeIgniter\View\View->CodeIgniter\View\{closure}()
 4 SYSTEMPATH\Common.php(1184): CodeIgniter\View\View->render('lists/jobs-table', [], true)
 5 APPPATH\Controllers\Lists.php(186): view('lists/jobs-table', [...])
 6 SYSTEMPATH\CodeIgniter.php(934): App\Controllers\Lists->assignedjobs('12')
 7 SYSTEMPATH\CodeIgniter.php(499): CodeIgniter\CodeIgniter->runController(Object(App\Controllers\Lists))
 8 SYSTEMPATH\CodeIgniter.php(368): CodeIgniter\CodeIgniter->handleRequest(null, Object(Config\Cache), false)
 9 FCPATH\index.php(67): CodeIgniter\CodeIgniter->run()
INFO - 2023-04-06 11:14:59 --> Session: Class initialized using 'CodeIgniter\Session\Handlers\FileHandler' driver.
INFO - 2023-04-06 11:15:04 --> Session: Class initialized using 'CodeIgniter\Session\Handlers\FileHandler' driver.
CRITICAL - 2023-04-06 11:15:04 --> Undefined array key 0
in APPPATH\Views\lists\jobs-table.php on line 67.
 1 APPPATH\Views\lists\jobs-table.php(67): CodeIgniter\Debug\Exceptions->errorHandler(2, 'Undefined array key 0', 'APPPATH\\Views\\lists\\jobs-table.php', 67)
 2 SYSTEMPATH\View\View.php(213): include('APPPATH\\Views\\lists\\jobs-table.php')
 3 SYSTEMPATH\View\View.php(216): CodeIgniter\View\View->CodeIgniter\View\{closure}()
 4 SYSTEMPATH\Common.php(1184): CodeIgniter\View\View->render('lists/jobs-table', [], true)
 5 APPPATH\Controllers\Lists.php(186): view('lists/jobs-table', [...])
 6 SYSTEMPATH\CodeIgniter.php(934): App\Controllers\Lists->assignedjobs('12')
 7 SYSTEMPATH\CodeIgniter.php(499): CodeIgniter\CodeIgniter->runController(Object(App\Controllers\Lists))
 8 SYSTEMPATH\CodeIgniter.php(368): CodeIgniter\CodeIgniter->handleRequest(null, Object(Config\Cache), false)
 9 FCPATH\index.php(67): CodeIgniter\CodeIgniter->run()
INFO - 2023-04-06 11:16:12 --> Session: Class initialized using 'CodeIgniter\Session\Handlers\FileHandler' driver.
CRITICAL - 2023-04-06 11:16:13 --> Undefined array key 0
in APPPATH\Views\lists\jobs-table.php on line 67.
 1 APPPATH\Views\lists\jobs-table.php(67): CodeIgniter\Debug\Exceptions->errorHandler(2, 'Undefined array key 0', 'APPPATH\\Views\\lists\\jobs-table.php', 67)
 2 SYSTEMPATH\View\View.php(213): include('APPPATH\\Views\\lists\\jobs-table.php')
 3 SYSTEMPATH\View\View.php(216): CodeIgniter\View\View->CodeIgniter\View\{closure}()
 4 SYSTEMPATH\Common.php(1184): CodeIgniter\View\View->render('lists/jobs-table', [], true)
 5 APPPATH\Controllers\Lists.php(186): view('lists/jobs-table', [...])
 6 SYSTEMPATH\CodeIgniter.php(934): App\Controllers\Lists->assignedjobs('1')
 7 SYSTEMPATH\CodeIgniter.php(499): CodeIgniter\CodeIgniter->runController(Object(App\Controllers\Lists))
 8 SYSTEMPATH\CodeIgniter.php(368): CodeIgniter\CodeIgniter->handleRequest(null, Object(Config\Cache), false)
 9 FCPATH\index.php(67): CodeIgniter\CodeIgniter->run()
INFO - 2023-04-06 11:16:17 --> Session: Class initialized using 'CodeIgniter\Session\Handlers\FileHandler' driver.
INFO - 2023-04-06 11:16:27 --> Session: Class initialized using 'CodeIgniter\Session\Handlers\FileHandler' driver.
CRITICAL - 2023-04-06 11:16:27 --> Undefined array key 0
in APPPATH\Views\lists\jobs-table.php on line 67.
 1 APPPATH\Views\lists\jobs-table.php(67): CodeIgniter\Debug\Exceptions->errorHandler(2, 'Undefined array key 0', 'APPPATH\\Views\\lists\\jobs-table.php', 67)
 2 SYSTEMPATH\View\View.php(213): include('APPPATH\\Views\\lists\\jobs-table.php')
 3 SYSTEMPATH\View\View.php(216): CodeIgniter\View\View->CodeIgniter\View\{closure}()
 4 SYSTEMPATH\Common.php(1184): CodeIgniter\View\View->render('lists/jobs-table', [], true)
 5 APPPATH\Controllers\Lists.php(186): view('lists/jobs-table', [...])
 6 SYSTEMPATH\CodeIgniter.php(934): App\Controllers\Lists->assignedjobs('1')
 7 SYSTEMPATH\CodeIgniter.php(499): CodeIgniter\CodeIgniter->runController(Object(App\Controllers\Lists))
 8 SYSTEMPATH\CodeIgniter.php(368): CodeIgniter\CodeIgniter->handleRequest(null, Object(Config\Cache), false)
 9 FCPATH\index.php(67): CodeIgniter\CodeIgniter->run()
INFO - 2023-04-06 11:16:28 --> Session: Class initialized using 'CodeIgniter\Session\Handlers\FileHandler' driver.
CRITICAL - 2023-04-06 11:16:28 --> Undefined array key 0
in APPPATH\Views\lists\jobs-table.php on line 67.
 1 APPPATH\Views\lists\jobs-table.php(67): CodeIgniter\Debug\Exceptions->errorHandler(2, 'Undefined array key 0', 'APPPATH\\Views\\lists\\jobs-table.php', 67)
 2 SYSTEMPATH\View\View.php(213): include('APPPATH\\Views\\lists\\jobs-table.php')
 3 SYSTEMPATH\View\View.php(216): CodeIgniter\View\View->CodeIgniter\View\{closure}()
 4 SYSTEMPATH\Common.php(1184): CodeIgniter\View\View->render('lists/jobs-table', [], true)
 5 APPPATH\Controllers\Lists.php(186): view('lists/jobs-table', [...])
 6 SYSTEMPATH\CodeIgniter.php(934): App\Controllers\Lists->assignedjobs('12')
 7 SYSTEMPATH\CodeIgniter.php(499): CodeIgniter\CodeIgniter->runController(Object(App\Controllers\Lists))
 8 SYSTEMPATH\CodeIgniter.php(368): CodeIgniter\CodeIgniter->handleRequest(null, Object(Config\Cache), false)
 9 FCPATH\index.php(67): CodeIgniter\CodeIgniter->run()
INFO - 2023-04-06 11:17:44 --> Session: Class initialized using 'CodeIgniter\Session\Handlers\FileHandler' driver.
CRITICAL - 2023-04-06 11:17:44 --> Undefined array key 0
in APPPATH\Views\lists\jobs-table.php on line 67.
 1 APPPATH\Views\lists\jobs-table.php(67): CodeIgniter\Debug\Exceptions->errorHandler(2, 'Undefined array key 0', 'APPPATH\\Views\\lists\\jobs-table.php', 67)
 2 SYSTEMPATH\View\View.php(213): include('APPPATH\\Views\\lists\\jobs-table.php')
 3 SYSTEMPATH\View\View.php(216): CodeIgniter\View\View->CodeIgniter\View\{closure}()
 4 SYSTEMPATH\Common.php(1184): CodeIgniter\View\View->render('lists/jobs-table', [], true)
 5 APPPATH\Controllers\Lists.php(186): view('lists/jobs-table', [...])
 6 SYSTEMPATH\CodeIgniter.php(934): App\Controllers\Lists->assignedjobs('12')
 7 SYSTEMPATH\CodeIgniter.php(499): CodeIgniter\CodeIgniter->runController(Object(App\Controllers\Lists))
 8 SYSTEMPATH\CodeIgniter.php(368): CodeIgniter\CodeIgniter->handleRequest(null, Object(Config\Cache), false)
 9 FCPATH\index.php(67): CodeIgniter\CodeIgniter->run()
INFO - 2023-04-06 11:17:55 --> Session: Class initialized using 'CodeIgniter\Session\Handlers\FileHandler' driver.
CRITICAL - 2023-04-06 11:17:55 --> Undefined array key 0
in APPPATH\Views\lists\jobs-table.php on line 67.
 1 APPPATH\Views\lists\jobs-table.php(67): CodeIgniter\Debug\Exceptions->errorHandler(2, 'Undefined array key 0', 'APPPATH\\Views\\lists\\jobs-table.php', 67)
 2 SYSTEMPATH\View\View.php(213): include('APPPATH\\Views\\lists\\jobs-table.php')
 3 SYSTEMPATH\View\View.php(216): CodeIgniter\View\View->CodeIgniter\View\{closure}()
 4 SYSTEMPATH\Common.php(1184): CodeIgniter\View\View->render('lists/jobs-table', [], true)
 5 APPPATH\Controllers\Lists.php(186): view('lists/jobs-table', [...])
 6 SYSTEMPATH\CodeIgniter.php(934): App\Controllers\Lists->assignedjobs('12')
 7 SYSTEMPATH\CodeIgniter.php(499): CodeIgniter\CodeIgniter->runController(Object(App\Controllers\Lists))
 8 SYSTEMPATH\CodeIgniter.php(368): CodeIgniter\CodeIgniter->handleRequest(null, Object(Config\Cache), false)
 9 FCPATH\index.php(67): CodeIgniter\CodeIgniter->run()
INFO - 2023-04-06 11:20:02 --> Session: Class initialized using 'CodeIgniter\Session\Handlers\FileHandler' driver.
CRITICAL - 2023-04-06 11:20:03 --> Undefined array key 0
in APPPATH\Views\lists\jobs-table.php on line 67.
 1 APPPATH\Views\lists\jobs-table.php(67): CodeIgniter\Debug\Exceptions->errorHandler(2, 'Undefined array key 0', 'APPPATH\\Views\\lists\\jobs-table.php', 67)
 2 SYSTEMPATH\View\View.php(213): include('APPPATH\\Views\\lists\\jobs-table.php')
 3 SYSTEMPATH\View\View.php(216): CodeIgniter\View\View->CodeIgniter\View\{closure}()
 4 SYSTEMPATH\Common.php(1184): CodeIgniter\View\View->render('lists/jobs-table', [], true)
 5 APPPATH\Controllers\Lists.php(186): view('lists/jobs-table', [...])
 6 SYSTEMPATH\CodeIgniter.php(934): App\Controllers\Lists->assignedjobs('12')
 7 SYSTEMPATH\CodeIgniter.php(499): CodeIgniter\CodeIgniter->runController(Object(App\Controllers\Lists))
 8 SYSTEMPATH\CodeIgniter.php(368): CodeIgniter\CodeIgniter->handleRequest(null, Object(Config\Cache), false)
 9 FCPATH\index.php(67): CodeIgniter\CodeIgniter->run()
INFO - 2023-04-06 11:20:14 --> Session: Class initialized using 'CodeIgniter\Session\Handlers\FileHandler' driver.
CRITICAL - 2023-04-06 11:20:14 --> syntax error, unexpected token ";"
in APPPATH\Views\lists\jobs-table.php on line 67.
 1 SYSTEMPATH\View\View.php(216): CodeIgniter\View\View->CodeIgniter\View\{closure}()
 2 SYSTEMPATH\Common.php(1184): CodeIgniter\View\View->render('lists/jobs-table', [], true)
 3 APPPATH\Controllers\Lists.php(186): view('lists/jobs-table', [...])
 4 SYSTEMPATH\CodeIgniter.php(934): App\Controllers\Lists->assignedjobs('12')
 5 SYSTEMPATH\CodeIgniter.php(499): CodeIgniter\CodeIgniter->runController(Object(App\Controllers\Lists))
 6 SYSTEMPATH\CodeIgniter.php(368): CodeIgniter\CodeIgniter->handleRequest(null, Object(Config\Cache), false)
 7 FCPATH\index.php(67): CodeIgniter\CodeIgniter->run()
INFO - 2023-04-06 11:20:28 --> Session: Class initialized using 'CodeIgniter\Session\Handlers\FileHandler' driver.
INFO - 2023-04-06 11:22:58 --> Session: Class initialized using 'CodeIgniter\Session\Handlers\FileHandler' driver.
INFO - 2023-04-06 11:23:02 --> Session: Class initialized using 'CodeIgniter\Session\Handlers\FileHandler' driver.
CRITICAL - 2023-04-06 11:23:16 --> Unsupported operand types: array - int
in APPPATH\Controllers\Forms.php on line 70.
 1 SYSTEMPATH\CodeIgniter.php(934): App\Controllers\Forms->assignOrder()
 2 SYSTEMPATH\CodeIgniter.php(499): CodeIgniter\CodeIgniter->runController(Object(App\Controllers\Forms))
 3 SYSTEMPATH\CodeIgniter.php(368): CodeIgniter\CodeIgniter->handleRequest(null, Object(Config\Cache), false)
 4 FCPATH\index.php(67): CodeIgniter\CodeIgniter->run()
CRITICAL - 2023-04-06 11:24:12 --> Unsupported operand types: array - int
in APPPATH\Controllers\Forms.php on line 70.
 1 SYSTEMPATH\CodeIgniter.php(934): App\Controllers\Forms->assignOrder()
 2 SYSTEMPATH\CodeIgniter.php(499): CodeIgniter\CodeIgniter->runController(Object(App\Controllers\Forms))
 3 SYSTEMPATH\CodeIgniter.php(368): CodeIgniter\CodeIgniter->handleRequest(null, Object(Config\Cache), false)
 4 FCPATH\index.php(67): CodeIgniter\CodeIgniter->run()
CRITICAL - 2023-04-06 11:24:26 --> Unsupported operand types: array - int
in APPPATH\Controllers\Forms.php on line 70.
 1 SYSTEMPATH\CodeIgniter.php(934): App\Controllers\Forms->assignOrder()
 2 SYSTEMPATH\CodeIgniter.php(499): CodeIgniter\CodeIgniter->runController(Object(App\Controllers\Forms))
 3 SYSTEMPATH\CodeIgniter.php(368): CodeIgniter\CodeIgniter->handleRequest(null, Object(Config\Cache), false)
 4 FCPATH\index.php(67): CodeIgniter\CodeIgniter->run()
CRITICAL - 2023-04-06 11:26:56 --> There is no data to insert.
in SYSTEMPATH\BaseModel.php on line 762.
 1 SYSTEMPATH\BaseModel.php(762): CodeIgniter\Database\Exceptions\DataException::forEmptyDataset('insert')
 2 SYSTEMPATH\Model.php(730): CodeIgniter\BaseModel->insert([], true)
 3 APPPATH\Models\OrdersModel.php(121): CodeIgniter\Model->insert([...])
 4 APPPATH\Controllers\Forms.php(78): App\Models\OrdersModel->assignOrder([...])
 5 SYSTEMPATH\CodeIgniter.php(934): App\Controllers\Forms->assignOrder()
 6 SYSTEMPATH\CodeIgniter.php(499): CodeIgniter\CodeIgniter->runController(Object(App\Controllers\Forms))
 7 SYSTEMPATH\CodeIgniter.php(368): CodeIgniter\CodeIgniter->handleRequest(null, Object(Config\Cache), false)
 8 FCPATH\index.php(67): CodeIgniter\CodeIgniter->run()
CRITICAL - 2023-04-06 11:28:54 --> There is no data to insert.
in SYSTEMPATH\BaseModel.php on line 762.
 1 SYSTEMPATH\BaseModel.php(762): CodeIgniter\Database\Exceptions\DataException::forEmptyDataset('insert')
 2 SYSTEMPATH\Model.php(730): CodeIgniter\BaseModel->insert([], true)
 3 APPPATH\Models\OrdersModel.php(123): CodeIgniter\Model->insert([...])
 4 APPPATH\Controllers\Forms.php(77): App\Models\OrdersModel->assignOrder([...])
 5 SYSTEMPATH\CodeIgniter.php(934): App\Controllers\Forms->assignOrder()
 6 SYSTEMPATH\CodeIgniter.php(499): CodeIgniter\CodeIgniter->runController(Object(App\Controllers\Forms))
 7 SYSTEMPATH\CodeIgniter.php(368): CodeIgniter\CodeIgniter->handleRequest(null, Object(Config\Cache), false)
 8 FCPATH\index.php(67): CodeIgniter\CodeIgniter->run()
CRITICAL - 2023-04-06 11:29:08 --> There is no data to insert.
in SYSTEMPATH\BaseModel.php on line 762.
 1 SYSTEMPATH\BaseModel.php(762): CodeIgniter\Database\Exceptions\DataException::forEmptyDataset('insert')
 2 SYSTEMPATH\Model.php(730): CodeIgniter\BaseModel->insert([], true)
 3 APPPATH\Models\OrdersModel.php(123): CodeIgniter\Model->insert([...])
 4 APPPATH\Controllers\Forms.php(76): App\Models\OrdersModel->assignOrder([...])
 5 SYSTEMPATH\CodeIgniter.php(934): App\Controllers\Forms->assignOrder()
 6 SYSTEMPATH\CodeIgniter.php(499): CodeIgniter\CodeIgniter->runController(Object(App\Controllers\Forms))
 7 SYSTEMPATH\CodeIgniter.php(368): CodeIgniter\CodeIgniter->handleRequest(null, Object(Config\Cache), false)
 8 FCPATH\index.php(67): CodeIgniter\CodeIgniter->run()
CRITICAL - 2023-04-06 11:29:54 --> There is no data to insert.
in SYSTEMPATH\BaseModel.php on line 762.
 1 SYSTEMPATH\BaseModel.php(762): CodeIgniter\Database\Exceptions\DataException::forEmptyDataset('insert')
 2 SYSTEMPATH\Model.php(730): CodeIgniter\BaseModel->insert([], true)
 3 APPPATH\Models\OrdersModel.php(123): CodeIgniter\Model->insert([...])
 4 APPPATH\Controllers\Forms.php(76): App\Models\OrdersModel->assignOrder([...])
 5 SYSTEMPATH\CodeIgniter.php(934): App\Controllers\Forms->assignOrder()
 6 SYSTEMPATH\CodeIgniter.php(499): CodeIgniter\CodeIgniter->runController(Object(App\Controllers\Forms))
 7 SYSTEMPATH\CodeIgniter.php(368): CodeIgniter\CodeIgniter->handleRequest(null, Object(Config\Cache), false)
 8 FCPATH\index.php(67): CodeIgniter\CodeIgniter->run()
CRITICAL - 2023-04-06 11:31:53 --> There is no data to insert.
in SYSTEMPATH\BaseModel.php on line 762.
 1 SYSTEMPATH\BaseModel.php(762): CodeIgniter\Database\Exceptions\DataException::forEmptyDataset('insert')
 2 SYSTEMPATH\Model.php(730): CodeIgniter\BaseModel->insert([], true)
 3 APPPATH\Models\JobsModel.php(54): CodeIgniter\Model->insert([...])
 4 APPPATH\Controllers\Forms.php(76): App\Models\JobsModel->assignOrder([...])
 5 SYSTEMPATH\CodeIgniter.php(934): App\Controllers\Forms->assignOrder()
 6 SYSTEMPATH\CodeIgniter.php(499): CodeIgniter\CodeIgniter->runController(Object(App\Controllers\Forms))
 7 SYSTEMPATH\CodeIgniter.php(368): CodeIgniter\CodeIgniter->handleRequest(null, Object(Config\Cache), false)
 8 FCPATH\index.php(67): CodeIgniter\CodeIgniter->run()
CRITICAL - 2023-04-06 12:14:27 --> There is no data to insert.
in SYSTEMPATH\BaseModel.php on line 762.
 1 SYSTEMPATH\BaseModel.php(762): CodeIgniter\Database\Exceptions\DataException::forEmptyDataset('insert')
 2 SYSTEMPATH\Model.php(730): CodeIgniter\BaseModel->insert([], true)
 3 APPPATH\Models\JobsModel.php(54): CodeIgniter\Model->insert([...])
 4 APPPATH\Controllers\Forms.php(76): App\Models\JobsModel->assignOrder([...])
 5 SYSTEMPATH\CodeIgniter.php(934): App\Controllers\Forms->assignOrder()
 6 SYSTEMPATH\CodeIgniter.php(499): CodeIgniter\CodeIgniter->runController(Object(App\Controllers\Forms))
 7 SYSTEMPATH\CodeIgniter.php(368): CodeIgniter\CodeIgniter->handleRequest(null, Object(Config\Cache), false)
 8 FCPATH\index.php(67): CodeIgniter\CodeIgniter->run()
CRITICAL - 2023-04-06 12:16:12 --> The route for "/orderssuccess=2" cannot be found.
in SYSTEMPATH\HTTP\RedirectResponse.php on line 60.
 1 SYSTEMPATH\HTTP\RedirectResponse.php(60): CodeIgniter\HTTP\Exceptions\HTTPException::forInvalidRedirectRoute('/orderssuccess=2')
 2 SYSTEMPATH\Common.php(880): CodeIgniter\HTTP\RedirectResponse->route(false)
 3 APPPATH\Controllers\Forms.php(83): redirect('/orderssuccess=2')
 4 SYSTEMPATH\CodeIgniter.php(934): App\Controllers\Forms->assignOrder()
 5 SYSTEMPATH\CodeIgniter.php(499): CodeIgniter\CodeIgniter->runController(Object(App\Controllers\Forms))
 6 SYSTEMPATH\CodeIgniter.php(368): CodeIgniter\CodeIgniter->handleRequest(null, Object(Config\Cache), false)
 7 FCPATH\index.php(67): CodeIgniter\CodeIgniter->run()
CRITICAL - 2023-04-06 12:20:46 --> The route for "/orders?success=2" cannot be found.
in SYSTEMPATH\HTTP\RedirectResponse.php on line 60.
 1 SYSTEMPATH\HTTP\RedirectResponse.php(60): CodeIgniter\HTTP\Exceptions\HTTPException::forInvalidRedirectRoute('/orders?success=2')
 2 SYSTEMPATH\Common.php(880): CodeIgniter\HTTP\RedirectResponse->route(false)
 3 APPPATH\Controllers\Forms.php(83): redirect('/orders?success=2')
 4 SYSTEMPATH\CodeIgniter.php(934): App\Controllers\Forms->assignOrder()
 5 SYSTEMPATH\CodeIgniter.php(499): CodeIgniter\CodeIgniter->runController(Object(App\Controllers\Forms))
 6 SYSTEMPATH\CodeIgniter.php(368): CodeIgniter\CodeIgniter->handleRequest(null, Object(Config\Cache), false)
 7 FCPATH\index.php(67): CodeIgniter\CodeIgniter->run()
CRITICAL - 2023-04-06 12:29:25 --> Undefined property: App\Controllers\Forms::$session
in APPPATH\Controllers\Forms.php on line 86.
 1 APPPATH\Controllers\Forms.php(86): CodeIgniter\Debug\Exceptions->errorHandler(2, 'Undefined property: App\\Controllers\\Forms::$session', 'APPPATH\\Controllers\\Forms.php', 86)
 2 SYSTEMPATH\CodeIgniter.php(934): App\Controllers\Forms->assignOrder()
 3 SYSTEMPATH\CodeIgniter.php(499): CodeIgniter\CodeIgniter->runController(Object(App\Controllers\Forms))
 4 SYSTEMPATH\CodeIgniter.php(368): CodeIgniter\CodeIgniter->handleRequest(null, Object(Config\Cache), false)
 5 FCPATH\index.php(67): CodeIgniter\CodeIgniter->run()
CRITICAL - 2023-04-06 12:33:18 --> The route for "/orders" cannot be found.
in SYSTEMPATH\HTTP\RedirectResponse.php on line 60.
 1 SYSTEMPATH\HTTP\RedirectResponse.php(60): CodeIgniter\HTTP\Exceptions\HTTPException::forInvalidRedirectRoute('/orders')
 2 SYSTEMPATH\Common.php(880): CodeIgniter\HTTP\RedirectResponse->route(false)
 3 APPPATH\Controllers\Forms.php(87): redirect('/orders')
 4 SYSTEMPATH\CodeIgniter.php(934): App\Controllers\Forms->assignOrder()
 5 SYSTEMPATH\CodeIgniter.php(499): CodeIgniter\CodeIgniter->runController(Object(App\Controllers\Forms))
 6 SYSTEMPATH\CodeIgniter.php(368): CodeIgniter\CodeIgniter->handleRequest(null, Object(Config\Cache), false)
 7 FCPATH\index.php(67): CodeIgniter\CodeIgniter->run()
CRITICAL - 2023-04-06 12:35:00 --> Array to string conversion
in APPPATH\Controllers\Forms.php on line 86.
 1 APPPATH\Controllers\Forms.php(86): CodeIgniter\Debug\Exceptions->errorHandler(2, 'Array to string conversion', 'APPPATH\\Controllers\\Forms.php', 86)
 2 SYSTEMPATH\CodeIgniter.php(934): App\Controllers\Forms->assignOrder()
 3 SYSTEMPATH\CodeIgniter.php(499): CodeIgniter\CodeIgniter->runController(Object(App\Controllers\Forms))
 4 SYSTEMPATH\CodeIgniter.php(368): CodeIgniter\CodeIgniter->handleRequest(null, Object(Config\Cache), false)
 5 FCPATH\index.php(67): CodeIgniter\CodeIgniter->run()
CRITICAL - 2023-04-06 12:35:55 --> The route for "http://localhost/orders" cannot be found.
in SYSTEMPATH\HTTP\RedirectResponse.php on line 60.
 1 SYSTEMPATH\HTTP\RedirectResponse.php(60): CodeIgniter\HTTP\Exceptions\HTTPException::forInvalidRedirectRoute('http://localhost/orders')
 2 SYSTEMPATH\Common.php(880): CodeIgniter\HTTP\RedirectResponse->route(false)
 3 APPPATH\Controllers\Forms.php(86): redirect('http://localhost/orders')
 4 SYSTEMPATH\CodeIgniter.php(934): App\Controllers\Forms->assignOrder()
 5 SYSTEMPATH\CodeIgniter.php(499): CodeIgniter\CodeIgniter->runController(Object(App\Controllers\Forms))
 6 SYSTEMPATH\CodeIgniter.php(368): CodeIgniter\CodeIgniter->handleRequest(null, Object(Config\Cache), false)
 7 FCPATH\index.php(67): CodeIgniter\CodeIgniter->run()
INFO - 2023-04-06 12:38:25 --> Session: Class initialized using 'CodeIgniter\Session\Handlers\FileHandler' driver.
CRITICAL - 2023-04-06 12:38:25 --> Undefined variable $flycodes
in APPPATH\Views\forms\order.php on line 45.
 1 APPPATH\Views\forms\order.php(45): CodeIgniter\Debug\Exceptions->errorHandler(2, 'Undefined variable $flycodes', 'APPPATH\\Views\\forms\\order.php', 45)
 2 SYSTEMPATH\View\View.php(213): include('APPPATH\\Views\\forms\\order.php')
 3 SYSTEMPATH\View\View.php(216): CodeIgniter\View\View->CodeIgniter\View\{closure}()
 4 SYSTEMPATH\Common.php(1184): CodeIgniter\View\View->render('forms/order', [], true)
 5 APPPATH\Controllers\Forms.php(92): view('forms/order', [...])
 6 SYSTEMPATH\CodeIgniter.php(934): App\Controllers\Forms->assignOrder()
 7 SYSTEMPATH\CodeIgniter.php(499): CodeIgniter\CodeIgniter->runController(Object(App\Controllers\Forms))
 8 SYSTEMPATH\CodeIgniter.php(368): CodeIgniter\CodeIgniter->handleRequest(null, Object(Config\Cache), false)
 9 FCPATH\index.php(67): CodeIgniter\CodeIgniter->run()
CRITICAL - 2023-04-06 12:40:29 --> The route for "http://localhost/orders" cannot be found.
in SYSTEMPATH\HTTP\RedirectResponse.php on line 60.
 1 SYSTEMPATH\HTTP\RedirectResponse.php(60): CodeIgniter\HTTP\Exceptions\HTTPException::forInvalidRedirectRoute('http://localhost/orders')
 2 SYSTEMPATH\Common.php(880): CodeIgniter\HTTP\RedirectResponse->route(false)
 3 APPPATH\Controllers\Forms.php(84): redirect('http://localhost/orders')
 4 SYSTEMPATH\CodeIgniter.php(934): App\Controllers\Forms->assignOrder()
 5 SYSTEMPATH\CodeIgniter.php(499): CodeIgniter\CodeIgniter->runController(Object(App\Controllers\Forms))
 6 SYSTEMPATH\CodeIgniter.php(368): CodeIgniter\CodeIgniter->handleRequest(null, Object(Config\Cache), false)
 7 FCPATH\index.php(67): CodeIgniter\CodeIgniter->run()
INFO - 2023-04-06 13:22:27 --> Session: Class initialized using 'CodeIgniter\Session\Handlers\FileHandler' driver.
INFO - 2023-04-06 13:22:57 --> Session: Class initialized using 'CodeIgniter\Session\Handlers\FileHandler' driver.
INFO - 2023-04-06 13:22:59 --> Session: Class initialized using 'CodeIgniter\Session\Handlers\FileHandler' driver.
INFO - 2023-04-06 13:23:24 --> Session: Class initialized using 'CodeIgniter\Session\Handlers\FileHandler' driver.
INFO - 2023-04-06 13:24:35 --> Session: Class initialized using 'CodeIgniter\Session\Handlers\FileHandler' driver.
INFO - 2023-04-06 13:24:36 --> Session: Class initialized using 'CodeIgniter\Session\Handlers\FileHandler' driver.
INFO - 2023-04-06 13:24:44 --> Session: Class initialized using 'CodeIgniter\Session\Handlers\FileHandler' driver.
INFO - 2023-04-06 13:24:50 --> Session: Class initialized using 'CodeIgniter\Session\Handlers\FileHandler' driver.
INFO - 2023-04-06 13:24:58 --> Session: Class initialized using 'CodeIgniter\Session\Handlers\FileHandler' driver.
INFO - 2023-04-06 13:24:59 --> Session: Class initialized using 'CodeIgniter\Session\Handlers\FileHandler' driver.
INFO - 2023-04-06 13:25:00 --> Session: Class initialized using 'CodeIgniter\Session\Handlers\FileHandler' driver.
CRITICAL - 2023-04-06 13:27:39 --> Undefined variable $data
in APPPATH\Models\JobsModel.php on line 53.
 1 APPPATH\Models\JobsModel.php(53): CodeIgniter\Debug\Exceptions->errorHandler(2, 'Undefined variable $data', 'APPPATH\\Models\\JobsModel.php', 53)
 2 APPPATH\Controllers\Forms.php(76): App\Models\JobsModel->assignOrder([...])
 3 SYSTEMPATH\CodeIgniter.php(934): App\Controllers\Forms->assignOrder()
 4 SYSTEMPATH\CodeIgniter.php(499): CodeIgniter\CodeIgniter->runController(Object(App\Controllers\Forms))
 5 SYSTEMPATH\CodeIgniter.php(368): CodeIgniter\CodeIgniter->handleRequest(null, Object(Config\Cache), false)
 6 FCPATH\index.php(67): CodeIgniter\CodeIgniter->run()
INFO - 2023-04-06 13:27:46 --> Session: Class initialized using 'CodeIgniter\Session\Handlers\FileHandler' driver.
INFO - 2023-04-06 14:44:50 --> Session: Class initialized using 'CodeIgniter\Session\Handlers\FileHandler' driver.
INFO - 2023-04-06 14:44:55 --> Session: Class initialized using 'CodeIgniter\Session\Handlers\FileHandler' driver.
INFO - 2023-04-06 14:44:59 --> Session: Class initialized using 'CodeIgniter\Session\Handlers\FileHandler' driver.
INFO - 2023-04-06 14:45:03 --> Session: Class initialized using 'CodeIgniter\Session\Handlers\FileHandler' driver.
INFO - 2023-04-06 14:45:22 --> Session: Class initialized using 'CodeIgniter\Session\Handlers\FileHandler' driver.
INFO - 2023-04-06 14:45:26 --> Session: Class initialized using 'CodeIgniter\Session\Handlers\FileHandler' driver.
INFO - 2023-04-06 14:45:27 --> Session: Class initialized using 'CodeIgniter\Session\Handlers\FileHandler' driver.
INFO - 2023-04-06 15:14:12 --> Session: Class initialized using 'CodeIgniter\Session\Handlers\FileHandler' driver.
INFO - 2023-04-06 15:14:16 --> Session: Class initialized using 'CodeIgniter\Session\Handlers\FileHandler' driver.
INFO - 2023-04-06 15:14:17 --> Session: Class initialized using 'CodeIgniter\Session\Handlers\FileHandler' driver.
