INFO - 2023-03-31 07:21:19 --> Session: Class initialized using 'CodeIgniter\Session\Handlers\FileHandler' driver.
INFO - 2023-03-31 07:44:05 --> Session: Class initialized using 'CodeIgniter\Session\Handlers\FileHandler' driver.
INFO - 2023-03-31 07:44:10 --> Session: Class initialized using 'CodeIgniter\Session\Handlers\FileHandler' driver.
INFO - 2023-03-31 07:44:13 --> Session: Class initialized using 'CodeIgniter\Session\Handlers\FileHandler' driver.
INFO - 2023-03-31 07:47:36 --> Session: Class initialized using 'CodeIgniter\Session\Handlers\FileHandler' driver.
CRITICAL - 2023-03-31 07:47:36 --> Array to string conversion
in APPPATH\Views\lists\sub-orders.php on line 19.
 1 APPPATH\Views\lists\sub-orders.php(19): CodeIgniter\Debug\Exceptions->errorHandler(2, 'Array to string conversion', 'APPPATH\\Views\\lists\\sub-orders.php', 19)
 2 SYSTEMPATH\View\View.php(213): include('APPPATH\\Views\\lists\\sub-orders.php')
 3 SYSTEMPATH\View\View.php(216): CodeIgniter\View\View->CodeIgniter\View\{closure}()
 4 SYSTEMPATH\Common.php(1184): CodeIgniter\View\View->render('lists/sub-orders', [], true)
 5 APPPATH\Controllers\Lists.php(167): view('lists/sub-orders', [...])
 6 SYSTEMPATH\CodeIgniter.php(934): App\Controllers\Lists->suborder('2')
 7 SYSTEMPATH\CodeIgniter.php(499): CodeIgniter\CodeIgniter->runController(Object(App\Controllers\Lists))
 8 SYSTEMPATH\CodeIgniter.php(368): CodeIgniter\CodeIgniter->handleRequest(null, Object(Config\Cache), false)
 9 FCPATH\index.php(67): CodeIgniter\CodeIgniter->run()
INFO - 2023-03-31 07:47:40 --> Session: Class initialized using 'CodeIgniter\Session\Handlers\FileHandler' driver.
CRITICAL - 2023-03-31 07:47:41 --> Array to string conversion
in APPPATH\Views\lists\sub-orders.php on line 19.
 1 APPPATH\Views\lists\sub-orders.php(19): CodeIgniter\Debug\Exceptions->errorHandler(2, 'Array to string conversion', 'APPPATH\\Views\\lists\\sub-orders.php', 19)
 2 SYSTEMPATH\View\View.php(213): include('APPPATH\\Views\\lists\\sub-orders.php')
 3 SYSTEMPATH\View\View.php(216): CodeIgniter\View\View->CodeIgniter\View\{closure}()
 4 SYSTEMPATH\Common.php(1184): CodeIgniter\View\View->render('lists/sub-orders', [], true)
 5 APPPATH\Controllers\Lists.php(167): view('lists/sub-orders', [...])
 6 SYSTEMPATH\CodeIgniter.php(934): App\Controllers\Lists->suborder('2')
 7 SYSTEMPATH\CodeIgniter.php(499): CodeIgniter\CodeIgniter->runController(Object(App\Controllers\Lists))
 8 SYSTEMPATH\CodeIgniter.php(368): CodeIgniter\CodeIgniter->handleRequest(null, Object(Config\Cache), false)
 9 FCPATH\index.php(67): CodeIgniter\CodeIgniter->run()
INFO - 2023-03-31 07:47:41 --> Session: Class initialized using 'CodeIgniter\Session\Handlers\FileHandler' driver.
CRITICAL - 2023-03-31 07:47:41 --> Array to string conversion
in APPPATH\Views\lists\sub-orders.php on line 19.
 1 APPPATH\Views\lists\sub-orders.php(19): CodeIgniter\Debug\Exceptions->errorHandler(2, 'Array to string conversion', 'APPPATH\\Views\\lists\\sub-orders.php', 19)
 2 SYSTEMPATH\View\View.php(213): include('APPPATH\\Views\\lists\\sub-orders.php')
 3 SYSTEMPATH\View\View.php(216): CodeIgniter\View\View->CodeIgniter\View\{closure}()
 4 SYSTEMPATH\Common.php(1184): CodeIgniter\View\View->render('lists/sub-orders', [], true)
 5 APPPATH\Controllers\Lists.php(167): view('lists/sub-orders', [...])
 6 SYSTEMPATH\CodeIgniter.php(934): App\Controllers\Lists->suborder('23')
 7 SYSTEMPATH\CodeIgniter.php(499): CodeIgniter\CodeIgniter->runController(Object(App\Controllers\Lists))
 8 SYSTEMPATH\CodeIgniter.php(368): CodeIgniter\CodeIgniter->handleRequest(null, Object(Config\Cache), false)
 9 FCPATH\index.php(67): CodeIgniter\CodeIgniter->run()
INFO - 2023-03-31 07:47:52 --> Session: Class initialized using 'CodeIgniter\Session\Handlers\FileHandler' driver.
CRITICAL - 2023-03-31 07:47:52 --> Array to string conversion
in APPPATH\Views\lists\sub-orders.php on line 19.
 1 APPPATH\Views\lists\sub-orders.php(19): CodeIgniter\Debug\Exceptions->errorHandler(2, 'Array to string conversion', 'APPPATH\\Views\\lists\\sub-orders.php', 19)
 2 SYSTEMPATH\View\View.php(213): include('APPPATH\\Views\\lists\\sub-orders.php')
 3 SYSTEMPATH\View\View.php(216): CodeIgniter\View\View->CodeIgniter\View\{closure}()
 4 SYSTEMPATH\Common.php(1184): CodeIgniter\View\View->render('lists/sub-orders', [], true)
 5 APPPATH\Controllers\Lists.php(167): view('lists/sub-orders', [...])
 6 SYSTEMPATH\CodeIgniter.php(934): App\Controllers\Lists->suborder('1')
 7 SYSTEMPATH\CodeIgniter.php(499): CodeIgniter\CodeIgniter->runController(Object(App\Controllers\Lists))
 8 SYSTEMPATH\CodeIgniter.php(368): CodeIgniter\CodeIgniter->handleRequest(null, Object(Config\Cache), false)
 9 FCPATH\index.php(67): CodeIgniter\CodeIgniter->run()
INFO - 2023-03-31 07:47:58 --> Session: Class initialized using 'CodeIgniter\Session\Handlers\FileHandler' driver.
INFO - 2023-03-31 07:50:12 --> Session: Class initialized using 'CodeIgniter\Session\Handlers\FileHandler' driver.
INFO - 2023-03-31 07:50:18 --> Session: Class initialized using 'CodeIgniter\Session\Handlers\FileHandler' driver.
CRITICAL - 2023-03-31 07:50:18 --> Undefined array key 1
in APPPATH\Views\lists\sub-orders.php on line 20.
 1 APPPATH\Views\lists\sub-orders.php(20): CodeIgniter\Debug\Exceptions->errorHandler(2, 'Undefined array key 1', 'APPPATH\\Views\\lists\\sub-orders.php', 20)
 2 SYSTEMPATH\View\View.php(213): include('APPPATH\\Views\\lists\\sub-orders.php')
 3 SYSTEMPATH\View\View.php(216): CodeIgniter\View\View->CodeIgniter\View\{closure}()
 4 SYSTEMPATH\Common.php(1184): CodeIgniter\View\View->render('lists/sub-orders', [], true)
 5 APPPATH\Controllers\Lists.php(167): view('lists/sub-orders', [...])
 6 SYSTEMPATH\CodeIgniter.php(934): App\Controllers\Lists->suborder('1')
 7 SYSTEMPATH\CodeIgniter.php(499): CodeIgniter\CodeIgniter->runController(Object(App\Controllers\Lists))
 8 SYSTEMPATH\CodeIgniter.php(368): CodeIgniter\CodeIgniter->handleRequest(null, Object(Config\Cache), false)
 9 FCPATH\index.php(67): CodeIgniter\CodeIgniter->run()
INFO - 2023-03-31 07:50:39 --> Session: Class initialized using 'CodeIgniter\Session\Handlers\FileHandler' driver.
CRITICAL - 2023-03-31 07:50:39 --> Undefined array key 1
in APPPATH\Views\lists\sub-orders.php on line 20.
 1 APPPATH\Views\lists\sub-orders.php(20): CodeIgniter\Debug\Exceptions->errorHandler(2, 'Undefined array key 1', 'APPPATH\\Views\\lists\\sub-orders.php', 20)
 2 SYSTEMPATH\View\View.php(213): include('APPPATH\\Views\\lists\\sub-orders.php')
 3 SYSTEMPATH\View\View.php(216): CodeIgniter\View\View->CodeIgniter\View\{closure}()
 4 SYSTEMPATH\Common.php(1184): CodeIgniter\View\View->render('lists/sub-orders', [], true)
 5 APPPATH\Controllers\Lists.php(167): view('lists/sub-orders', [...])
 6 SYSTEMPATH\CodeIgniter.php(934): App\Controllers\Lists->suborder('1')
 7 SYSTEMPATH\CodeIgniter.php(499): CodeIgniter\CodeIgniter->runController(Object(App\Controllers\Lists))
 8 SYSTEMPATH\CodeIgniter.php(368): CodeIgniter\CodeIgniter->handleRequest(null, Object(Config\Cache), false)
 9 FCPATH\index.php(67): CodeIgniter\CodeIgniter->run()
INFO - 2023-03-31 07:51:43 --> Session: Class initialized using 'CodeIgniter\Session\Handlers\FileHandler' driver.
CRITICAL - 2023-03-31 07:51:44 --> Undefined array key 1
in APPPATH\Views\lists\sub-orders.php on line 20.
 1 APPPATH\Views\lists\sub-orders.php(20): CodeIgniter\Debug\Exceptions->errorHandler(2, 'Undefined array key 1', 'APPPATH\\Views\\lists\\sub-orders.php', 20)
 2 SYSTEMPATH\View\View.php(213): include('APPPATH\\Views\\lists\\sub-orders.php')
 3 SYSTEMPATH\View\View.php(216): CodeIgniter\View\View->CodeIgniter\View\{closure}()
 4 SYSTEMPATH\Common.php(1184): CodeIgniter\View\View->render('lists/sub-orders', [], true)
 5 APPPATH\Controllers\Lists.php(168): view('lists/sub-orders', [...])
 6 SYSTEMPATH\CodeIgniter.php(934): App\Controllers\Lists->suborder('1')
 7 SYSTEMPATH\CodeIgniter.php(499): CodeIgniter\CodeIgniter->runController(Object(App\Controllers\Lists))
 8 SYSTEMPATH\CodeIgniter.php(368): CodeIgniter\CodeIgniter->handleRequest(null, Object(Config\Cache), false)
 9 FCPATH\index.php(67): CodeIgniter\CodeIgniter->run()
INFO - 2023-03-31 07:52:30 --> Session: Class initialized using 'CodeIgniter\Session\Handlers\FileHandler' driver.
CRITICAL - 2023-03-31 07:52:30 --> Undefined variable $user
in APPPATH\Views\lists\sub-orders.php on line 20.
 1 APPPATH\Views\lists\sub-orders.php(20): CodeIgniter\Debug\Exceptions->errorHandler(2, 'Undefined variable $user', 'APPPATH\\Views\\lists\\sub-orders.php', 20)
 2 SYSTEMPATH\View\View.php(213): include('APPPATH\\Views\\lists\\sub-orders.php')
 3 SYSTEMPATH\View\View.php(216): CodeIgniter\View\View->CodeIgniter\View\{closure}()
 4 SYSTEMPATH\Common.php(1184): CodeIgniter\View\View->render('lists/sub-orders', [], true)
 5 APPPATH\Controllers\Lists.php(168): view('lists/sub-orders', [...])
 6 SYSTEMPATH\CodeIgniter.php(934): App\Controllers\Lists->suborder('1')
 7 SYSTEMPATH\CodeIgniter.php(499): CodeIgniter\CodeIgniter->runController(Object(App\Controllers\Lists))
 8 SYSTEMPATH\CodeIgniter.php(368): CodeIgniter\CodeIgniter->handleRequest(null, Object(Config\Cache), false)
 9 FCPATH\index.php(67): CodeIgniter\CodeIgniter->run()
INFO - 2023-03-31 07:52:45 --> Session: Class initialized using 'CodeIgniter\Session\Handlers\FileHandler' driver.
INFO - 2023-03-31 08:14:06 --> Session: Class initialized using 'CodeIgniter\Session\Handlers\FileHandler' driver.
ERROR - 2023-03-31 08:14:07 --> ErrorException: pg_query(): Query failed: ERROR:  column fly.id does not exist
LINE 3: WHERE &quot;fly&quot;.&quot;id&quot; IN ('A00103','A00103','A00023')
              ^
HINT:  Perhaps you meant to reference the column &quot;fly.fid&quot;. in C:\xampp\htdocs\fgpr\vendor\codeigniter4\framework\system\Database\Postgre\Connection.php:147
Stack trace:
#0 [internal function]: CodeIgniter\Debug\Exceptions->errorHandler(2, 'pg_query(): Que...', 'C:\\xampp\\htdocs...', 147)
#1 C:\xampp\htdocs\fgpr\vendor\codeigniter4\framework\system\Database\Postgre\Connection.php(147): pg_query(Object(PgSql\Connection), 'SELECT *\nFROM "...')
#2 C:\xampp\htdocs\fgpr\vendor\codeigniter4\framework\system\Database\BaseConnection.php(691): CodeIgniter\Database\Postgre\Connection->execute('SELECT *\nFROM "...')
#3 C:\xampp\htdocs\fgpr\vendor\codeigniter4\framework\system\Database\BaseConnection.php(605): CodeIgniter\Database\BaseConnection->simpleQuery('SELECT *\nFROM "...')
#4 C:\xampp\htdocs\fgpr\vendor\codeigniter4\framework\system\Database\BaseBuilder.php(1616): CodeIgniter\Database\BaseConnection->query('SELECT *\nFROM "...', Array, false)
#5 C:\xampp\htdocs\fgpr\vendor\codeigniter4\framework\system\Model.php(196): CodeIgniter\Database\BaseBuilder->get()
#6 C:\xampp\htdocs\fgpr\vendor\codeigniter4\framework\system\BaseModel.php(557): CodeIgniter\Model->doFind(false, Array)
#7 C:\xampp\htdocs\fgpr\app\Models\FlyModel.php(20): CodeIgniter\BaseModel->find(Array)
#8 C:\xampp\htdocs\fgpr\app\Controllers\Lists.php(157): App\Models\FlyModel->getFlies(Array)
#9 C:\xampp\htdocs\fgpr\vendor\codeigniter4\framework\system\CodeIgniter.php(934): App\Controllers\Lists->suborder('1')
#10 C:\xampp\htdocs\fgpr\vendor\codeigniter4\framework\system\CodeIgniter.php(499): CodeIgniter\CodeIgniter->runController(Object(App\Controllers\Lists))
#11 C:\xampp\htdocs\fgpr\vendor\codeigniter4\framework\system\CodeIgniter.php(368): CodeIgniter\CodeIgniter->handleRequest(NULL, Object(Config\Cache), false)
#12 C:\xampp\htdocs\fgpr\public\index.php(67): CodeIgniter\CodeIgniter->run()
#13 {main}
CRITICAL - 2023-03-31 08:14:07 --> pg_query(): Query failed: ERROR:  column fly.id does not exist
LINE 3: WHERE &quot;fly&quot;.&quot;id&quot; IN ('A00103','A00103','A00023')
              ^
HINT:  Perhaps you meant to reference the column &quot;fly.fid&quot;.
in SYSTEMPATH\Database\BaseConnection.php on line 645.
 1 SYSTEMPATH\Database\BaseBuilder.php(1616): CodeIgniter\Database\BaseConnection->query('SELECT *
FROM "fly"
WHERE "fly"."id" IN :fly.id:', [...], false)
 2 SYSTEMPATH\Model.php(196): CodeIgniter\Database\BaseBuilder->get()
 3 SYSTEMPATH\BaseModel.php(557): CodeIgniter\Model->doFind(false, [...])
 4 APPPATH\Models\FlyModel.php(20): CodeIgniter\BaseModel->find([...])
 5 APPPATH\Controllers\Lists.php(157): App\Models\FlyModel->getFlies([...])
 6 SYSTEMPATH\CodeIgniter.php(934): App\Controllers\Lists->suborder('1')
 7 SYSTEMPATH\CodeIgniter.php(499): CodeIgniter\CodeIgniter->runController(Object(App\Controllers\Lists))
 8 SYSTEMPATH\CodeIgniter.php(368): CodeIgniter\CodeIgniter->handleRequest(null, Object(Config\Cache), false)
 9 FCPATH\index.php(67): CodeIgniter\CodeIgniter->run()
INFO - 2023-03-31 08:16:29 --> Session: Class initialized using 'CodeIgniter\Session\Handlers\FileHandler' driver.
ERROR - 2023-03-31 08:16:29 --> ErrorException: pg_query(): Query failed: ERROR:  column &quot;flycode&quot; does not exist
LINE 3: WHERE &quot;flycode&quot; IN ('A00103','A00103','A00023')
              ^
HINT:  Perhaps you meant to reference the column &quot;fly.fly_code&quot;. in C:\xampp\htdocs\fgpr\vendor\codeigniter4\framework\system\Database\Postgre\Connection.php:147
Stack trace:
#0 [internal function]: CodeIgniter\Debug\Exceptions->errorHandler(2, 'pg_query(): Que...', 'C:\\xampp\\htdocs...', 147)
#1 C:\xampp\htdocs\fgpr\vendor\codeigniter4\framework\system\Database\Postgre\Connection.php(147): pg_query(Object(PgSql\Connection), 'SELECT *\nFROM "...')
#2 C:\xampp\htdocs\fgpr\vendor\codeigniter4\framework\system\Database\BaseConnection.php(691): CodeIgniter\Database\Postgre\Connection->execute('SELECT *\nFROM "...')
#3 C:\xampp\htdocs\fgpr\vendor\codeigniter4\framework\system\Database\BaseConnection.php(605): CodeIgniter\Database\BaseConnection->simpleQuery('SELECT *\nFROM "...')
#4 C:\xampp\htdocs\fgpr\vendor\codeigniter4\framework\system\Database\BaseBuilder.php(1616): CodeIgniter\Database\BaseConnection->query('SELECT *\nFROM "...', Array, false)
#5 C:\xampp\htdocs\fgpr\vendor\codeigniter4\framework\system\Model.php(241): CodeIgniter\Database\BaseBuilder->get()
#6 C:\xampp\htdocs\fgpr\vendor\codeigniter4\framework\system\BaseModel.php(618): CodeIgniter\Model->doFindAll(0, 0)
#7 C:\xampp\htdocs\fgpr\app\Models\FlyModel.php(20): CodeIgniter\BaseModel->findAll()
#8 C:\xampp\htdocs\fgpr\app\Controllers\Lists.php(157): App\Models\FlyModel->getFlies(Array)
#9 C:\xampp\htdocs\fgpr\vendor\codeigniter4\framework\system\CodeIgniter.php(934): App\Controllers\Lists->suborder('1')
#10 C:\xampp\htdocs\fgpr\vendor\codeigniter4\framework\system\CodeIgniter.php(499): CodeIgniter\CodeIgniter->runController(Object(App\Controllers\Lists))
#11 C:\xampp\htdocs\fgpr\vendor\codeigniter4\framework\system\CodeIgniter.php(368): CodeIgniter\CodeIgniter->handleRequest(NULL, Object(Config\Cache), false)
#12 C:\xampp\htdocs\fgpr\public\index.php(67): CodeIgniter\CodeIgniter->run()
#13 {main}
CRITICAL - 2023-03-31 08:16:29 --> pg_query(): Query failed: ERROR:  column &quot;flycode&quot; does not exist
LINE 3: WHERE &quot;flycode&quot; IN ('A00103','A00103','A00023')
              ^
HINT:  Perhaps you meant to reference the column &quot;fly.fly_code&quot;.
in SYSTEMPATH\Database\BaseConnection.php on line 645.
 1 SYSTEMPATH\Database\BaseBuilder.php(1616): CodeIgniter\Database\BaseConnection->query('SELECT *
FROM "fly"
WHERE "flycode" IN :flycode:', [...], false)
 2 SYSTEMPATH\Model.php(241): CodeIgniter\Database\BaseBuilder->get()
 3 SYSTEMPATH\BaseModel.php(618): CodeIgniter\Model->doFindAll(0, 0)
 4 APPPATH\Models\FlyModel.php(20): CodeIgniter\BaseModel->findAll()
 5 APPPATH\Controllers\Lists.php(157): App\Models\FlyModel->getFlies([...])
 6 SYSTEMPATH\CodeIgniter.php(934): App\Controllers\Lists->suborder('1')
 7 SYSTEMPATH\CodeIgniter.php(499): CodeIgniter\CodeIgniter->runController(Object(App\Controllers\Lists))
 8 SYSTEMPATH\CodeIgniter.php(368): CodeIgniter\CodeIgniter->handleRequest(null, Object(Config\Cache), false)
 9 FCPATH\index.php(67): CodeIgniter\CodeIgniter->run()
INFO - 2023-03-31 08:16:31 --> Session: Class initialized using 'CodeIgniter\Session\Handlers\FileHandler' driver.
ERROR - 2023-03-31 08:16:31 --> ErrorException: pg_query(): Query failed: ERROR:  column &quot;flycode&quot; does not exist
LINE 3: WHERE &quot;flycode&quot; IN ('A00103','A00103','A00023')
              ^
HINT:  Perhaps you meant to reference the column &quot;fly.fly_code&quot;. in C:\xampp\htdocs\fgpr\vendor\codeigniter4\framework\system\Database\Postgre\Connection.php:147
Stack trace:
#0 [internal function]: CodeIgniter\Debug\Exceptions->errorHandler(2, 'pg_query(): Que...', 'C:\\xampp\\htdocs...', 147)
#1 C:\xampp\htdocs\fgpr\vendor\codeigniter4\framework\system\Database\Postgre\Connection.php(147): pg_query(Object(PgSql\Connection), 'SELECT *\nFROM "...')
#2 C:\xampp\htdocs\fgpr\vendor\codeigniter4\framework\system\Database\BaseConnection.php(691): CodeIgniter\Database\Postgre\Connection->execute('SELECT *\nFROM "...')
#3 C:\xampp\htdocs\fgpr\vendor\codeigniter4\framework\system\Database\BaseConnection.php(605): CodeIgniter\Database\BaseConnection->simpleQuery('SELECT *\nFROM "...')
#4 C:\xampp\htdocs\fgpr\vendor\codeigniter4\framework\system\Database\BaseBuilder.php(1616): CodeIgniter\Database\BaseConnection->query('SELECT *\nFROM "...', Array, false)
#5 C:\xampp\htdocs\fgpr\vendor\codeigniter4\framework\system\Model.php(241): CodeIgniter\Database\BaseBuilder->get()
#6 C:\xampp\htdocs\fgpr\vendor\codeigniter4\framework\system\BaseModel.php(618): CodeIgniter\Model->doFindAll(0, 0)
#7 C:\xampp\htdocs\fgpr\app\Models\FlyModel.php(20): CodeIgniter\BaseModel->findAll()
#8 C:\xampp\htdocs\fgpr\app\Controllers\Lists.php(157): App\Models\FlyModel->getFlies(Array)
#9 C:\xampp\htdocs\fgpr\vendor\codeigniter4\framework\system\CodeIgniter.php(934): App\Controllers\Lists->suborder('1')
#10 C:\xampp\htdocs\fgpr\vendor\codeigniter4\framework\system\CodeIgniter.php(499): CodeIgniter\CodeIgniter->runController(Object(App\Controllers\Lists))
#11 C:\xampp\htdocs\fgpr\vendor\codeigniter4\framework\system\CodeIgniter.php(368): CodeIgniter\CodeIgniter->handleRequest(NULL, Object(Config\Cache), false)
#12 C:\xampp\htdocs\fgpr\public\index.php(67): CodeIgniter\CodeIgniter->run()
#13 {main}
CRITICAL - 2023-03-31 08:16:31 --> pg_query(): Query failed: ERROR:  column &quot;flycode&quot; does not exist
LINE 3: WHERE &quot;flycode&quot; IN ('A00103','A00103','A00023')
              ^
HINT:  Perhaps you meant to reference the column &quot;fly.fly_code&quot;.
in SYSTEMPATH\Database\BaseConnection.php on line 645.
 1 SYSTEMPATH\Database\BaseBuilder.php(1616): CodeIgniter\Database\BaseConnection->query('SELECT *
FROM "fly"
WHERE "flycode" IN :flycode:', [...], false)
 2 SYSTEMPATH\Model.php(241): CodeIgniter\Database\BaseBuilder->get()
 3 SYSTEMPATH\BaseModel.php(618): CodeIgniter\Model->doFindAll(0, 0)
 4 APPPATH\Models\FlyModel.php(20): CodeIgniter\BaseModel->findAll()
 5 APPPATH\Controllers\Lists.php(157): App\Models\FlyModel->getFlies([...])
 6 SYSTEMPATH\CodeIgniter.php(934): App\Controllers\Lists->suborder('1')
 7 SYSTEMPATH\CodeIgniter.php(499): CodeIgniter\CodeIgniter->runController(Object(App\Controllers\Lists))
 8 SYSTEMPATH\CodeIgniter.php(368): CodeIgniter\CodeIgniter->handleRequest(null, Object(Config\Cache), false)
 9 FCPATH\index.php(67): CodeIgniter\CodeIgniter->run()
INFO - 2023-03-31 08:16:42 --> Session: Class initialized using 'CodeIgniter\Session\Handlers\FileHandler' driver.
CRITICAL - 2023-03-31 08:16:42 --> Undefined array key "flyname"
in APPPATH\Views\lists\sub-orders.php on line 20.
 1 APPPATH\Views\lists\sub-orders.php(20): CodeIgniter\Debug\Exceptions->errorHandler(2, 'Undefined array key "flyname"', 'APPPATH\\Views\\lists\\sub-orders.php', 20)
 2 SYSTEMPATH\View\View.php(213): include('APPPATH\\Views\\lists\\sub-orders.php')
 3 SYSTEMPATH\View\View.php(216): CodeIgniter\View\View->CodeIgniter\View\{closure}()
 4 SYSTEMPATH\Common.php(1184): CodeIgniter\View\View->render('lists/sub-orders', [], true)
 5 APPPATH\Controllers\Lists.php(159): view('lists/sub-orders', [...])
 6 SYSTEMPATH\CodeIgniter.php(934): App\Controllers\Lists->suborder('1')
 7 SYSTEMPATH\CodeIgniter.php(499): CodeIgniter\CodeIgniter->runController(Object(App\Controllers\Lists))
 8 SYSTEMPATH\CodeIgniter.php(368): CodeIgniter\CodeIgniter->handleRequest(null, Object(Config\Cache), false)
 9 FCPATH\index.php(67): CodeIgniter\CodeIgniter->run()
INFO - 2023-03-31 08:17:11 --> Session: Class initialized using 'CodeIgniter\Session\Handlers\FileHandler' driver.
CRITICAL - 2023-03-31 08:17:11 --> Undefined array key 2
in APPPATH\Views\lists\sub-orders.php on line 20.
 1 APPPATH\Views\lists\sub-orders.php(20): CodeIgniter\Debug\Exceptions->errorHandler(2, 'Undefined array key 2', 'APPPATH\\Views\\lists\\sub-orders.php', 20)
 2 SYSTEMPATH\View\View.php(213): include('APPPATH\\Views\\lists\\sub-orders.php')
 3 SYSTEMPATH\View\View.php(216): CodeIgniter\View\View->CodeIgniter\View\{closure}()
 4 SYSTEMPATH\Common.php(1184): CodeIgniter\View\View->render('lists/sub-orders', [], true)
 5 APPPATH\Controllers\Lists.php(159): view('lists/sub-orders', [...])
 6 SYSTEMPATH\CodeIgniter.php(934): App\Controllers\Lists->suborder('1')
 7 SYSTEMPATH\CodeIgniter.php(499): CodeIgniter\CodeIgniter->runController(Object(App\Controllers\Lists))
 8 SYSTEMPATH\CodeIgniter.php(368): CodeIgniter\CodeIgniter->handleRequest(null, Object(Config\Cache), false)
 9 FCPATH\index.php(67): CodeIgniter\CodeIgniter->run()
INFO - 2023-03-31 08:19:19 --> Session: Class initialized using 'CodeIgniter\Session\Handlers\FileHandler' driver.
CRITICAL - 2023-03-31 08:19:19 --> Undefined array key "flyname"
in APPPATH\Views\lists\sub-orders.php on line 20.
 1 APPPATH\Views\lists\sub-orders.php(20): CodeIgniter\Debug\Exceptions->errorHandler(2, 'Undefined array key "flyname"', 'APPPATH\\Views\\lists\\sub-orders.php', 20)
 2 SYSTEMPATH\View\View.php(213): include('APPPATH\\Views\\lists\\sub-orders.php')
 3 SYSTEMPATH\View\View.php(216): CodeIgniter\View\View->CodeIgniter\View\{closure}()
 4 SYSTEMPATH\Common.php(1184): CodeIgniter\View\View->render('lists/sub-orders', [], true)
 5 APPPATH\Controllers\Lists.php(159): view('lists/sub-orders', [...])
 6 SYSTEMPATH\CodeIgniter.php(934): App\Controllers\Lists->suborder('1')
 7 SYSTEMPATH\CodeIgniter.php(499): CodeIgniter\CodeIgniter->runController(Object(App\Controllers\Lists))
 8 SYSTEMPATH\CodeIgniter.php(368): CodeIgniter\CodeIgniter->handleRequest(null, Object(Config\Cache), false)
 9 FCPATH\index.php(67): CodeIgniter\CodeIgniter->run()
INFO - 2023-03-31 08:20:07 --> Session: Class initialized using 'CodeIgniter\Session\Handlers\FileHandler' driver.
CRITICAL - 2023-03-31 08:20:08 --> Undefined array key "flyname"
in APPPATH\Views\lists\sub-orders.php on line 20.
 1 APPPATH\Views\lists\sub-orders.php(20): CodeIgniter\Debug\Exceptions->errorHandler(2, 'Undefined array key "flyname"', 'APPPATH\\Views\\lists\\sub-orders.php', 20)
 2 SYSTEMPATH\View\View.php(213): include('APPPATH\\Views\\lists\\sub-orders.php')
 3 SYSTEMPATH\View\View.php(216): CodeIgniter\View\View->CodeIgniter\View\{closure}()
 4 SYSTEMPATH\Common.php(1184): CodeIgniter\View\View->render('lists/sub-orders', [], true)
 5 APPPATH\Controllers\Lists.php(160): view('lists/sub-orders', [...])
 6 SYSTEMPATH\CodeIgniter.php(934): App\Controllers\Lists->suborder('1')
 7 SYSTEMPATH\CodeIgniter.php(499): CodeIgniter\CodeIgniter->runController(Object(App\Controllers\Lists))
 8 SYSTEMPATH\CodeIgniter.php(368): CodeIgniter\CodeIgniter->handleRequest(null, Object(Config\Cache), false)
 9 FCPATH\index.php(67): CodeIgniter\CodeIgniter->run()
INFO - 2023-03-31 08:23:17 --> Session: Class initialized using 'CodeIgniter\Session\Handlers\FileHandler' driver.
ERROR - 2023-03-31 08:23:17 --> ErrorException: pg_query(): Query failed: ERROR:  syntax error at or near &quot;:&quot;
LINE 3: WHERE 0 = :0:
                  ^ in C:\xampp\htdocs\fgpr\vendor\codeigniter4\framework\system\Database\Postgre\Connection.php:147
Stack trace:
#0 [internal function]: CodeIgniter\Debug\Exceptions->errorHandler(2, 'pg_query(): Que...', 'C:\\xampp\\htdocs...', 147)
#1 C:\xampp\htdocs\fgpr\vendor\codeigniter4\framework\system\Database\Postgre\Connection.php(147): pg_query(Object(PgSql\Connection), 'SELECT *\nFROM "...')
#2 C:\xampp\htdocs\fgpr\vendor\codeigniter4\framework\system\Database\BaseConnection.php(691): CodeIgniter\Database\Postgre\Connection->execute('SELECT *\nFROM "...')
#3 C:\xampp\htdocs\fgpr\vendor\codeigniter4\framework\system\Database\BaseConnection.php(605): CodeIgniter\Database\BaseConnection->simpleQuery('SELECT *\nFROM "...')
#4 C:\xampp\htdocs\fgpr\vendor\codeigniter4\framework\system\Database\BaseBuilder.php(1616): CodeIgniter\Database\BaseConnection->query('SELECT *\nFROM "...', Array, false)
#5 C:\xampp\htdocs\fgpr\vendor\codeigniter4\framework\system\Model.php(241): CodeIgniter\Database\BaseBuilder->get()
#6 C:\xampp\htdocs\fgpr\vendor\codeigniter4\framework\system\BaseModel.php(618): CodeIgniter\Model->doFindAll(0, 0)
#7 C:\xampp\htdocs\fgpr\app\Models\FlyModel.php(22): CodeIgniter\BaseModel->findAll()
#8 C:\xampp\htdocs\fgpr\app\Controllers\Lists.php(157): App\Models\FlyModel->getFlies(Array)
#9 C:\xampp\htdocs\fgpr\vendor\codeigniter4\framework\system\CodeIgniter.php(934): App\Controllers\Lists->suborder('1')
#10 C:\xampp\htdocs\fgpr\vendor\codeigniter4\framework\system\CodeIgniter.php(499): CodeIgniter\CodeIgniter->runController(Object(App\Controllers\Lists))
#11 C:\xampp\htdocs\fgpr\vendor\codeigniter4\framework\system\CodeIgniter.php(368): CodeIgniter\CodeIgniter->handleRequest(NULL, Object(Config\Cache), false)
#12 C:\xampp\htdocs\fgpr\public\index.php(67): CodeIgniter\CodeIgniter->run()
#13 {main}
CRITICAL - 2023-03-31 08:23:17 --> pg_query(): Query failed: ERROR:  syntax error at or near &quot;:&quot;
LINE 3: WHERE 0 = :0:
                  ^
in SYSTEMPATH\Database\BaseConnection.php on line 645.
 1 SYSTEMPATH\Database\BaseBuilder.php(1616): CodeIgniter\Database\BaseConnection->query('SELECT *
FROM "fly"
WHERE 0 = :0:
AND 1 = :1:', [...], false)
 2 SYSTEMPATH\Model.php(241): CodeIgniter\Database\BaseBuilder->get()
 3 SYSTEMPATH\BaseModel.php(618): CodeIgniter\Model->doFindAll(0, 0)
 4 APPPATH\Models\FlyModel.php(22): CodeIgniter\BaseModel->findAll()
 5 APPPATH\Controllers\Lists.php(157): App\Models\FlyModel->getFlies([...])
 6 SYSTEMPATH\CodeIgniter.php(934): App\Controllers\Lists->suborder('1')
 7 SYSTEMPATH\CodeIgniter.php(499): CodeIgniter\CodeIgniter->runController(Object(App\Controllers\Lists))
 8 SYSTEMPATH\CodeIgniter.php(368): CodeIgniter\CodeIgniter->handleRequest(null, Object(Config\Cache), false)
 9 FCPATH\index.php(67): CodeIgniter\CodeIgniter->run()
INFO - 2023-03-31 08:23:55 --> Session: Class initialized using 'CodeIgniter\Session\Handlers\FileHandler' driver.
ERROR - 2023-03-31 08:23:55 --> ErrorException: pg_query(): Query failed: ERROR:  operator does not exist: character varying = record
LINE 3: WHERE &quot;fly_code&quot; = ('A00103','A00103','A00023')
                         ^
HINT:  No operator matches the given name and argument types. You might need to add explicit type casts. in C:\xampp\htdocs\fgpr\vendor\codeigniter4\framework\system\Database\Postgre\Connection.php:147
Stack trace:
#0 [internal function]: CodeIgniter\Debug\Exceptions->errorHandler(2, 'pg_query(): Que...', 'C:\\xampp\\htdocs...', 147)
#1 C:\xampp\htdocs\fgpr\vendor\codeigniter4\framework\system\Database\Postgre\Connection.php(147): pg_query(Object(PgSql\Connection), 'SELECT *\nFROM "...')
#2 C:\xampp\htdocs\fgpr\vendor\codeigniter4\framework\system\Database\BaseConnection.php(691): CodeIgniter\Database\Postgre\Connection->execute('SELECT *\nFROM "...')
#3 C:\xampp\htdocs\fgpr\vendor\codeigniter4\framework\system\Database\BaseConnection.php(605): CodeIgniter\Database\BaseConnection->simpleQuery('SELECT *\nFROM "...')
#4 C:\xampp\htdocs\fgpr\vendor\codeigniter4\framework\system\Database\BaseBuilder.php(1616): CodeIgniter\Database\BaseConnection->query('SELECT *\nFROM "...', Array, false)
#5 C:\xampp\htdocs\fgpr\vendor\codeigniter4\framework\system\Model.php(241): CodeIgniter\Database\BaseBuilder->get()
#6 C:\xampp\htdocs\fgpr\vendor\codeigniter4\framework\system\BaseModel.php(618): CodeIgniter\Model->doFindAll(0, 0)
#7 C:\xampp\htdocs\fgpr\app\Models\FlyModel.php(22): CodeIgniter\BaseModel->findAll()
#8 C:\xampp\htdocs\fgpr\app\Controllers\Lists.php(157): App\Models\FlyModel->getFlies(Array)
#9 C:\xampp\htdocs\fgpr\vendor\codeigniter4\framework\system\CodeIgniter.php(934): App\Controllers\Lists->suborder('1')
#10 C:\xampp\htdocs\fgpr\vendor\codeigniter4\framework\system\CodeIgniter.php(499): CodeIgniter\CodeIgniter->runController(Object(App\Controllers\Lists))
#11 C:\xampp\htdocs\fgpr\vendor\codeigniter4\framework\system\CodeIgniter.php(368): CodeIgniter\CodeIgniter->handleRequest(NULL, Object(Config\Cache), false)
#12 C:\xampp\htdocs\fgpr\public\index.php(67): CodeIgniter\CodeIgniter->run()
#13 {main}
CRITICAL - 2023-03-31 08:23:55 --> pg_query(): Query failed: ERROR:  operator does not exist: character varying = record
LINE 3: WHERE &quot;fly_code&quot; = ('A00103','A00103','A00023')
                         ^
HINT:  No operator matches the given name and argument types. You might need to add explicit type casts.
in SYSTEMPATH\Database\BaseConnection.php on line 645.
 1 SYSTEMPATH\Database\BaseBuilder.php(1616): CodeIgniter\Database\BaseConnection->query('SELECT *
FROM "fly"
WHERE "fly_code" = :fly_code:', [...], false)
 2 SYSTEMPATH\Model.php(241): CodeIgniter\Database\BaseBuilder->get()
 3 SYSTEMPATH\BaseModel.php(618): CodeIgniter\Model->doFindAll(0, 0)
 4 APPPATH\Models\FlyModel.php(22): CodeIgniter\BaseModel->findAll()
 5 APPPATH\Controllers\Lists.php(157): App\Models\FlyModel->getFlies([...])
 6 SYSTEMPATH\CodeIgniter.php(934): App\Controllers\Lists->suborder('1')
 7 SYSTEMPATH\CodeIgniter.php(499): CodeIgniter\CodeIgniter->runController(Object(App\Controllers\Lists))
 8 SYSTEMPATH\CodeIgniter.php(368): CodeIgniter\CodeIgniter->handleRequest(null, Object(Config\Cache), false)
 9 FCPATH\index.php(67): CodeIgniter\CodeIgniter->run()
INFO - 2023-03-31 08:24:14 --> Session: Class initialized using 'CodeIgniter\Session\Handlers\FileHandler' driver.
CRITICAL - 2023-03-31 08:24:14 --> Undefined array key "flyname"
in APPPATH\Views\lists\sub-orders.php on line 20.
 1 APPPATH\Views\lists\sub-orders.php(20): CodeIgniter\Debug\Exceptions->errorHandler(2, 'Undefined array key "flyname"', 'APPPATH\\Views\\lists\\sub-orders.php', 20)
 2 SYSTEMPATH\View\View.php(213): include('APPPATH\\Views\\lists\\sub-orders.php')
 3 SYSTEMPATH\View\View.php(216): CodeIgniter\View\View->CodeIgniter\View\{closure}()
 4 SYSTEMPATH\Common.php(1184): CodeIgniter\View\View->render('lists/sub-orders', [], true)
 5 APPPATH\Controllers\Lists.php(160): view('lists/sub-orders', [...])
 6 SYSTEMPATH\CodeIgniter.php(934): App\Controllers\Lists->suborder('1')
 7 SYSTEMPATH\CodeIgniter.php(499): CodeIgniter\CodeIgniter->runController(Object(App\Controllers\Lists))
 8 SYSTEMPATH\CodeIgniter.php(368): CodeIgniter\CodeIgniter->handleRequest(null, Object(Config\Cache), false)
 9 FCPATH\index.php(67): CodeIgniter\CodeIgniter->run()
INFO - 2023-03-31 08:24:48 --> Session: Class initialized using 'CodeIgniter\Session\Handlers\FileHandler' driver.
CRITICAL - 2023-03-31 08:24:48 --> Undefined array key "flyname"
in APPPATH\Views\lists\sub-orders.php on line 20.
 1 APPPATH\Views\lists\sub-orders.php(20): CodeIgniter\Debug\Exceptions->errorHandler(2, 'Undefined array key "flyname"', 'APPPATH\\Views\\lists\\sub-orders.php', 20)
 2 SYSTEMPATH\View\View.php(213): include('APPPATH\\Views\\lists\\sub-orders.php')
 3 SYSTEMPATH\View\View.php(216): CodeIgniter\View\View->CodeIgniter\View\{closure}()
 4 SYSTEMPATH\Common.php(1184): CodeIgniter\View\View->render('lists/sub-orders', [], true)
 5 APPPATH\Controllers\Lists.php(160): view('lists/sub-orders', [...])
 6 SYSTEMPATH\CodeIgniter.php(934): App\Controllers\Lists->suborder('1')
 7 SYSTEMPATH\CodeIgniter.php(499): CodeIgniter\CodeIgniter->runController(Object(App\Controllers\Lists))
 8 SYSTEMPATH\CodeIgniter.php(368): CodeIgniter\CodeIgniter->handleRequest(null, Object(Config\Cache), false)
 9 FCPATH\index.php(67): CodeIgniter\CodeIgniter->run()
INFO - 2023-03-31 08:26:45 --> Session: Class initialized using 'CodeIgniter\Session\Handlers\FileHandler' driver.
CRITICAL - 2023-03-31 08:26:45 --> Undefined array key "flyname"
in APPPATH\Views\lists\sub-orders.php on line 20.
 1 APPPATH\Views\lists\sub-orders.php(20): CodeIgniter\Debug\Exceptions->errorHandler(2, 'Undefined array key "flyname"', 'APPPATH\\Views\\lists\\sub-orders.php', 20)
 2 SYSTEMPATH\View\View.php(213): include('APPPATH\\Views\\lists\\sub-orders.php')
 3 SYSTEMPATH\View\View.php(216): CodeIgniter\View\View->CodeIgniter\View\{closure}()
 4 SYSTEMPATH\Common.php(1184): CodeIgniter\View\View->render('lists/sub-orders', [], true)
 5 APPPATH\Controllers\Lists.php(160): view('lists/sub-orders', [...])
 6 SYSTEMPATH\CodeIgniter.php(934): App\Controllers\Lists->suborder('1')
 7 SYSTEMPATH\CodeIgniter.php(499): CodeIgniter\CodeIgniter->runController(Object(App\Controllers\Lists))
 8 SYSTEMPATH\CodeIgniter.php(368): CodeIgniter\CodeIgniter->handleRequest(null, Object(Config\Cache), false)
 9 FCPATH\index.php(67): CodeIgniter\CodeIgniter->run()
INFO - 2023-03-31 08:32:24 --> Session: Class initialized using 'CodeIgniter\Session\Handlers\FileHandler' driver.
CRITICAL - 2023-03-31 08:32:24 --> Undefined array key "flyname"
in APPPATH\Views\lists\sub-orders.php on line 20.
 1 APPPATH\Views\lists\sub-orders.php(20): CodeIgniter\Debug\Exceptions->errorHandler(2, 'Undefined array key "flyname"', 'APPPATH\\Views\\lists\\sub-orders.php', 20)
 2 SYSTEMPATH\View\View.php(213): include('APPPATH\\Views\\lists\\sub-orders.php')
 3 SYSTEMPATH\View\View.php(216): CodeIgniter\View\View->CodeIgniter\View\{closure}()
 4 SYSTEMPATH\Common.php(1184): CodeIgniter\View\View->render('lists/sub-orders', [], true)
 5 APPPATH\Controllers\Lists.php(160): view('lists/sub-orders', [...])
 6 SYSTEMPATH\CodeIgniter.php(934): App\Controllers\Lists->suborder('1')
 7 SYSTEMPATH\CodeIgniter.php(499): CodeIgniter\CodeIgniter->runController(Object(App\Controllers\Lists))
 8 SYSTEMPATH\CodeIgniter.php(368): CodeIgniter\CodeIgniter->handleRequest(null, Object(Config\Cache), false)
 9 FCPATH\index.php(67): CodeIgniter\CodeIgniter->run()
INFO - 2023-03-31 08:33:53 --> Session: Class initialized using 'CodeIgniter\Session\Handlers\FileHandler' driver.
CRITICAL - 2023-03-31 08:33:53 --> Undefined array key "description"
in APPPATH\Views\lists\sub-orders.php on line 21.
 1 APPPATH\Views\lists\sub-orders.php(21): CodeIgniter\Debug\Exceptions->errorHandler(2, 'Undefined array key "description"', 'APPPATH\\Views\\lists\\sub-orders.php', 21)
 2 SYSTEMPATH\View\View.php(213): include('APPPATH\\Views\\lists\\sub-orders.php')
 3 SYSTEMPATH\View\View.php(216): CodeIgniter\View\View->CodeIgniter\View\{closure}()
 4 SYSTEMPATH\Common.php(1184): CodeIgniter\View\View->render('lists/sub-orders', [], true)
 5 APPPATH\Controllers\Lists.php(160): view('lists/sub-orders', [...])
 6 SYSTEMPATH\CodeIgniter.php(934): App\Controllers\Lists->suborder('1')
 7 SYSTEMPATH\CodeIgniter.php(499): CodeIgniter\CodeIgniter->runController(Object(App\Controllers\Lists))
 8 SYSTEMPATH\CodeIgniter.php(368): CodeIgniter\CodeIgniter->handleRequest(null, Object(Config\Cache), false)
 9 FCPATH\index.php(67): CodeIgniter\CodeIgniter->run()
INFO - 2023-03-31 08:37:21 --> Session: Class initialized using 'CodeIgniter\Session\Handlers\FileHandler' driver.
INFO - 2023-03-31 08:38:05 --> Session: Class initialized using 'CodeIgniter\Session\Handlers\FileHandler' driver.
INFO - 2023-03-31 08:39:23 --> Session: Class initialized using 'CodeIgniter\Session\Handlers\FileHandler' driver.
INFO - 2023-03-31 08:40:02 --> Session: Class initialized using 'CodeIgniter\Session\Handlers\FileHandler' driver.
INFO - 2023-03-31 08:40:13 --> Session: Class initialized using 'CodeIgniter\Session\Handlers\FileHandler' driver.
INFO - 2023-03-31 09:05:38 --> Session: Class initialized using 'CodeIgniter\Session\Handlers\FileHandler' driver.
INFO - 2023-03-31 09:05:41 --> Session: Class initialized using 'CodeIgniter\Session\Handlers\FileHandler' driver.
INFO - 2023-03-31 09:06:20 --> Session: Class initialized using 'CodeIgniter\Session\Handlers\FileHandler' driver.
CRITICAL - 2023-03-31 09:06:20 --> Call to undefined function App\Controllers\array_collumn()
in APPPATH\Controllers\Lists.php on line 157.
 1 SYSTEMPATH\CodeIgniter.php(934): App\Controllers\Lists->suborder('2')
 2 SYSTEMPATH\CodeIgniter.php(499): CodeIgniter\CodeIgniter->runController(Object(App\Controllers\Lists))
 3 SYSTEMPATH\CodeIgniter.php(368): CodeIgniter\CodeIgniter->handleRequest(null, Object(Config\Cache), false)
 4 FCPATH\index.php(67): CodeIgniter\CodeIgniter->run()
INFO - 2023-03-31 09:07:13 --> Session: Class initialized using 'CodeIgniter\Session\Handlers\FileHandler' driver.
INFO - 2023-03-31 09:08:28 --> Session: Class initialized using 'CodeIgniter\Session\Handlers\FileHandler' driver.
INFO - 2023-03-31 09:08:33 --> Session: Class initialized using 'CodeIgniter\Session\Handlers\FileHandler' driver.
INFO - 2023-03-31 09:21:18 --> Session: Class initialized using 'CodeIgniter\Session\Handlers\FileHandler' driver.
INFO - 2023-03-31 09:23:51 --> Session: Class initialized using 'CodeIgniter\Session\Handlers\FileHandler' driver.
CRITICAL - 2023-03-31 09:23:51 --> syntax error, unexpected token "else", expecting end of file
in APPPATH\Views\lists\jobs-table.php on line 46.
 1 SYSTEMPATH\View\View.php(216): CodeIgniter\View\View->CodeIgniter\View\{closure}()
 2 SYSTEMPATH\Common.php(1184): CodeIgniter\View\View->render('lists/jobs-table', [], true)
 3 APPPATH\Controllers\Lists.php(185): view('lists/jobs-table', [...])
 4 SYSTEMPATH\CodeIgniter.php(934): App\Controllers\Lists->assignedjobs('4')
 5 SYSTEMPATH\CodeIgniter.php(499): CodeIgniter\CodeIgniter->runController(Object(App\Controllers\Lists))
 6 SYSTEMPATH\CodeIgniter.php(368): CodeIgniter\CodeIgniter->handleRequest(null, Object(Config\Cache), false)
 7 FCPATH\index.php(67): CodeIgniter\CodeIgniter->run()
INFO - 2023-03-31 09:23:54 --> Session: Class initialized using 'CodeIgniter\Session\Handlers\FileHandler' driver.
INFO - 2023-03-31 09:24:11 --> Session: Class initialized using 'CodeIgniter\Session\Handlers\FileHandler' driver.
INFO - 2023-03-31 09:24:21 --> Session: Class initialized using 'CodeIgniter\Session\Handlers\FileHandler' driver.
CRITICAL - 2023-03-31 09:24:21 --> syntax error, unexpected token "else", expecting end of file
in APPPATH\Views\lists\jobs-table.php on line 46.
 1 SYSTEMPATH\View\View.php(216): CodeIgniter\View\View->CodeIgniter\View\{closure}()
 2 SYSTEMPATH\Common.php(1184): CodeIgniter\View\View->render('lists/jobs-table', [], true)
 3 APPPATH\Controllers\Lists.php(185): view('lists/jobs-table', [...])
 4 SYSTEMPATH\CodeIgniter.php(934): App\Controllers\Lists->assignedjobs('4')
 5 SYSTEMPATH\CodeIgniter.php(499): CodeIgniter\CodeIgniter->runController(Object(App\Controllers\Lists))
 6 SYSTEMPATH\CodeIgniter.php(368): CodeIgniter\CodeIgniter->handleRequest(null, Object(Config\Cache), false)
 7 FCPATH\index.php(67): CodeIgniter\CodeIgniter->run()
INFO - 2023-03-31 09:24:25 --> Session: Class initialized using 'CodeIgniter\Session\Handlers\FileHandler' driver.
CRITICAL - 2023-03-31 09:24:25 --> syntax error, unexpected token "else", expecting end of file
in APPPATH\Views\lists\jobs-table.php on line 46.
 1 SYSTEMPATH\View\View.php(216): CodeIgniter\View\View->CodeIgniter\View\{closure}()
 2 SYSTEMPATH\Common.php(1184): CodeIgniter\View\View->render('lists/jobs-table', [], true)
 3 APPPATH\Controllers\Lists.php(185): view('lists/jobs-table', [...])
 4 SYSTEMPATH\CodeIgniter.php(934): App\Controllers\Lists->assignedjobs('4')
 5 SYSTEMPATH\CodeIgniter.php(499): CodeIgniter\CodeIgniter->runController(Object(App\Controllers\Lists))
 6 SYSTEMPATH\CodeIgniter.php(368): CodeIgniter\CodeIgniter->handleRequest(null, Object(Config\Cache), false)
 7 FCPATH\index.php(67): CodeIgniter\CodeIgniter->run()
INFO - 2023-03-31 09:26:14 --> Session: Class initialized using 'CodeIgniter\Session\Handlers\FileHandler' driver.
INFO - 2023-03-31 09:26:29 --> Session: Class initialized using 'CodeIgniter\Session\Handlers\FileHandler' driver.
INFO - 2023-03-31 09:26:31 --> Session: Class initialized using 'CodeIgniter\Session\Handlers\FileHandler' driver.
CRITICAL - 2023-03-31 09:26:31 --> Array to string conversion
in APPPATH\Views\lists\jobs-table.php on line 23.
 1 APPPATH\Views\lists\jobs-table.php(23): CodeIgniter\Debug\Exceptions->errorHandler(2, 'Array to string conversion', 'APPPATH\\Views\\lists\\jobs-table.php', 23)
 2 SYSTEMPATH\View\View.php(213): include('APPPATH\\Views\\lists\\jobs-table.php')
 3 SYSTEMPATH\View\View.php(216): CodeIgniter\View\View->CodeIgniter\View\{closure}()
 4 SYSTEMPATH\Common.php(1184): CodeIgniter\View\View->render('lists/jobs-table', [], true)
 5 APPPATH\Controllers\Lists.php(185): view('lists/jobs-table', [...])
 6 SYSTEMPATH\CodeIgniter.php(934): App\Controllers\Lists->assignedjobs('4')
 7 SYSTEMPATH\CodeIgniter.php(499): CodeIgniter\CodeIgniter->runController(Object(App\Controllers\Lists))
 8 SYSTEMPATH\CodeIgniter.php(368): CodeIgniter\CodeIgniter->handleRequest(null, Object(Config\Cache), false)
 9 FCPATH\index.php(67): CodeIgniter\CodeIgniter->run()
INFO - 2023-03-31 09:28:39 --> Session: Class initialized using 'CodeIgniter\Session\Handlers\FileHandler' driver.
INFO - 2023-03-31 09:29:11 --> Session: Class initialized using 'CodeIgniter\Session\Handlers\FileHandler' driver.
INFO - 2023-03-31 09:29:24 --> Session: Class initialized using 'CodeIgniter\Session\Handlers\FileHandler' driver.
CRITICAL - 2023-03-31 09:29:24 --> Array to string conversion
in APPPATH\Views\lists\jobs-table.php on line 23.
 1 APPPATH\Views\lists\jobs-table.php(23): CodeIgniter\Debug\Exceptions->errorHandler(2, 'Array to string conversion', 'APPPATH\\Views\\lists\\jobs-table.php', 23)
 2 SYSTEMPATH\View\View.php(213): include('APPPATH\\Views\\lists\\jobs-table.php')
 3 SYSTEMPATH\View\View.php(216): CodeIgniter\View\View->CodeIgniter\View\{closure}()
 4 SYSTEMPATH\Common.php(1184): CodeIgniter\View\View->render('lists/jobs-table', [], true)
 5 APPPATH\Controllers\Lists.php(186): view('lists/jobs-table', [...])
 6 SYSTEMPATH\CodeIgniter.php(934): App\Controllers\Lists->assignedjobs('4')
 7 SYSTEMPATH\CodeIgniter.php(499): CodeIgniter\CodeIgniter->runController(Object(App\Controllers\Lists))
 8 SYSTEMPATH\CodeIgniter.php(368): CodeIgniter\CodeIgniter->handleRequest(null, Object(Config\Cache), false)
 9 FCPATH\index.php(67): CodeIgniter\CodeIgniter->run()
INFO - 2023-03-31 09:33:21 --> Session: Class initialized using 'CodeIgniter\Session\Handlers\FileHandler' driver.
CRITICAL - 2023-03-31 09:33:21 --> Array to string conversion
in APPPATH\Views\lists\jobs-table.php on line 23.
 1 APPPATH\Views\lists\jobs-table.php(23): CodeIgniter\Debug\Exceptions->errorHandler(2, 'Array to string conversion', 'APPPATH\\Views\\lists\\jobs-table.php', 23)
 2 SYSTEMPATH\View\View.php(213): include('APPPATH\\Views\\lists\\jobs-table.php')
 3 SYSTEMPATH\View\View.php(216): CodeIgniter\View\View->CodeIgniter\View\{closure}()
 4 SYSTEMPATH\Common.php(1184): CodeIgniter\View\View->render('lists/jobs-table', [], true)
 5 APPPATH\Controllers\Lists.php(186): view('lists/jobs-table', [...])
 6 SYSTEMPATH\CodeIgniter.php(934): App\Controllers\Lists->assignedjobs('4')
 7 SYSTEMPATH\CodeIgniter.php(499): CodeIgniter\CodeIgniter->runController(Object(App\Controllers\Lists))
 8 SYSTEMPATH\CodeIgniter.php(368): CodeIgniter\CodeIgniter->handleRequest(null, Object(Config\Cache), false)
 9 FCPATH\index.php(67): CodeIgniter\CodeIgniter->run()
INFO - 2023-03-31 09:36:56 --> Session: Class initialized using 'CodeIgniter\Session\Handlers\FileHandler' driver.
CRITICAL - 2023-03-31 09:36:56 --> Array to string conversion
in APPPATH\Views\lists\jobs-table.php on line 23.
 1 APPPATH\Views\lists\jobs-table.php(23): CodeIgniter\Debug\Exceptions->errorHandler(2, 'Array to string conversion', 'APPPATH\\Views\\lists\\jobs-table.php', 23)
 2 SYSTEMPATH\View\View.php(213): include('APPPATH\\Views\\lists\\jobs-table.php')
 3 SYSTEMPATH\View\View.php(216): CodeIgniter\View\View->CodeIgniter\View\{closure}()
 4 SYSTEMPATH\Common.php(1184): CodeIgniter\View\View->render('lists/jobs-table', [], true)
 5 APPPATH\Controllers\Lists.php(184): view('lists/jobs-table', [...])
 6 SYSTEMPATH\CodeIgniter.php(934): App\Controllers\Lists->assignedjobs('4')
 7 SYSTEMPATH\CodeIgniter.php(499): CodeIgniter\CodeIgniter->runController(Object(App\Controllers\Lists))
 8 SYSTEMPATH\CodeIgniter.php(368): CodeIgniter\CodeIgniter->handleRequest(null, Object(Config\Cache), false)
 9 FCPATH\index.php(67): CodeIgniter\CodeIgniter->run()
INFO - 2023-03-31 09:38:12 --> Session: Class initialized using 'CodeIgniter\Session\Handlers\FileHandler' driver.
CRITICAL - 2023-03-31 09:38:12 --> Array to string conversion
in APPPATH\Views\lists\jobs-table.php on line 23.
 1 APPPATH\Views\lists\jobs-table.php(23): CodeIgniter\Debug\Exceptions->errorHandler(2, 'Array to string conversion', 'APPPATH\\Views\\lists\\jobs-table.php', 23)
 2 SYSTEMPATH\View\View.php(213): include('APPPATH\\Views\\lists\\jobs-table.php')
 3 SYSTEMPATH\View\View.php(216): CodeIgniter\View\View->CodeIgniter\View\{closure}()
 4 SYSTEMPATH\Common.php(1184): CodeIgniter\View\View->render('lists/jobs-table', [], true)
 5 APPPATH\Controllers\Lists.php(184): view('lists/jobs-table', [...])
 6 SYSTEMPATH\CodeIgniter.php(934): App\Controllers\Lists->assignedjobs('4')
 7 SYSTEMPATH\CodeIgniter.php(499): CodeIgniter\CodeIgniter->runController(Object(App\Controllers\Lists))
 8 SYSTEMPATH\CodeIgniter.php(368): CodeIgniter\CodeIgniter->handleRequest(null, Object(Config\Cache), false)
 9 FCPATH\index.php(67): CodeIgniter\CodeIgniter->run()
INFO - 2023-03-31 09:38:29 --> Session: Class initialized using 'CodeIgniter\Session\Handlers\FileHandler' driver.
CRITICAL - 2023-03-31 09:38:29 --> Array to string conversion
in APPPATH\Views\lists\jobs-table.php on line 27.
 1 APPPATH\Views\lists\jobs-table.php(27): CodeIgniter\Debug\Exceptions->errorHandler(2, 'Array to string conversion', 'APPPATH\\Views\\lists\\jobs-table.php', 27)
 2 SYSTEMPATH\View\View.php(213): include('APPPATH\\Views\\lists\\jobs-table.php')
 3 SYSTEMPATH\View\View.php(216): CodeIgniter\View\View->CodeIgniter\View\{closure}()
 4 SYSTEMPATH\Common.php(1184): CodeIgniter\View\View->render('lists/jobs-table', [], true)
 5 APPPATH\Controllers\Lists.php(184): view('lists/jobs-table', [...])
 6 SYSTEMPATH\CodeIgniter.php(934): App\Controllers\Lists->assignedjobs('4')
 7 SYSTEMPATH\CodeIgniter.php(499): CodeIgniter\CodeIgniter->runController(Object(App\Controllers\Lists))
 8 SYSTEMPATH\CodeIgniter.php(368): CodeIgniter\CodeIgniter->handleRequest(null, Object(Config\Cache), false)
 9 FCPATH\index.php(67): CodeIgniter\CodeIgniter->run()
INFO - 2023-03-31 09:40:07 --> Session: Class initialized using 'CodeIgniter\Session\Handlers\FileHandler' driver.
CRITICAL - 2023-03-31 09:40:07 --> Undefined array key 0
in APPPATH\Views\lists\jobs-table.php on line 27.
 1 APPPATH\Views\lists\jobs-table.php(27): CodeIgniter\Debug\Exceptions->errorHandler(2, 'Undefined array key 0', 'APPPATH\\Views\\lists\\jobs-table.php', 27)
 2 SYSTEMPATH\View\View.php(213): include('APPPATH\\Views\\lists\\jobs-table.php')
 3 SYSTEMPATH\View\View.php(216): CodeIgniter\View\View->CodeIgniter\View\{closure}()
 4 SYSTEMPATH\Common.php(1184): CodeIgniter\View\View->render('lists/jobs-table', [], true)
 5 APPPATH\Controllers\Lists.php(184): view('lists/jobs-table', [...])
 6 SYSTEMPATH\CodeIgniter.php(934): App\Controllers\Lists->assignedjobs('4')
 7 SYSTEMPATH\CodeIgniter.php(499): CodeIgniter\CodeIgniter->runController(Object(App\Controllers\Lists))
 8 SYSTEMPATH\CodeIgniter.php(368): CodeIgniter\CodeIgniter->handleRequest(null, Object(Config\Cache), false)
 9 FCPATH\index.php(67): CodeIgniter\CodeIgniter->run()
INFO - 2023-03-31 09:41:05 --> Session: Class initialized using 'CodeIgniter\Session\Handlers\FileHandler' driver.
CRITICAL - 2023-03-31 09:41:05 --> Undefined array key 0
in APPPATH\Views\lists\jobs-table.php on line 27.
 1 APPPATH\Views\lists\jobs-table.php(27): CodeIgniter\Debug\Exceptions->errorHandler(2, 'Undefined array key 0', 'APPPATH\\Views\\lists\\jobs-table.php', 27)
 2 SYSTEMPATH\View\View.php(213): include('APPPATH\\Views\\lists\\jobs-table.php')
 3 SYSTEMPATH\View\View.php(216): CodeIgniter\View\View->CodeIgniter\View\{closure}()
 4 SYSTEMPATH\Common.php(1184): CodeIgniter\View\View->render('lists/jobs-table', [], true)
 5 APPPATH\Controllers\Lists.php(185): view('lists/jobs-table', [...])
 6 SYSTEMPATH\CodeIgniter.php(934): App\Controllers\Lists->assignedjobs('4')
 7 SYSTEMPATH\CodeIgniter.php(499): CodeIgniter\CodeIgniter->runController(Object(App\Controllers\Lists))
 8 SYSTEMPATH\CodeIgniter.php(368): CodeIgniter\CodeIgniter->handleRequest(null, Object(Config\Cache), false)
 9 FCPATH\index.php(67): CodeIgniter\CodeIgniter->run()
INFO - 2023-03-31 09:43:42 --> Session: Class initialized using 'CodeIgniter\Session\Handlers\FileHandler' driver.
CRITICAL - 2023-03-31 09:43:42 --> Undefined array key 0
in APPPATH\Views\lists\jobs-table.php on line 27.
 1 APPPATH\Views\lists\jobs-table.php(27): CodeIgniter\Debug\Exceptions->errorHandler(2, 'Undefined array key 0', 'APPPATH\\Views\\lists\\jobs-table.php', 27)
 2 SYSTEMPATH\View\View.php(213): include('APPPATH\\Views\\lists\\jobs-table.php')
 3 SYSTEMPATH\View\View.php(216): CodeIgniter\View\View->CodeIgniter\View\{closure}()
 4 SYSTEMPATH\Common.php(1184): CodeIgniter\View\View->render('lists/jobs-table', [], true)
 5 APPPATH\Controllers\Lists.php(185): view('lists/jobs-table', [...])
 6 SYSTEMPATH\CodeIgniter.php(934): App\Controllers\Lists->assignedjobs('4')
 7 SYSTEMPATH\CodeIgniter.php(499): CodeIgniter\CodeIgniter->runController(Object(App\Controllers\Lists))
 8 SYSTEMPATH\CodeIgniter.php(368): CodeIgniter\CodeIgniter->handleRequest(null, Object(Config\Cache), false)
 9 FCPATH\index.php(67): CodeIgniter\CodeIgniter->run()
INFO - 2023-03-31 09:44:23 --> Session: Class initialized using 'CodeIgniter\Session\Handlers\FileHandler' driver.
CRITICAL - 2023-03-31 09:44:24 --> Undefined array key 0
in APPPATH\Views\lists\jobs-table.php on line 27.
 1 APPPATH\Views\lists\jobs-table.php(27): CodeIgniter\Debug\Exceptions->errorHandler(2, 'Undefined array key 0', 'APPPATH\\Views\\lists\\jobs-table.php', 27)
 2 SYSTEMPATH\View\View.php(213): include('APPPATH\\Views\\lists\\jobs-table.php')
 3 SYSTEMPATH\View\View.php(216): CodeIgniter\View\View->CodeIgniter\View\{closure}()
 4 SYSTEMPATH\Common.php(1184): CodeIgniter\View\View->render('lists/jobs-table', [], true)
 5 APPPATH\Controllers\Lists.php(185): view('lists/jobs-table', [...])
 6 SYSTEMPATH\CodeIgniter.php(934): App\Controllers\Lists->assignedjobs('4')
 7 SYSTEMPATH\CodeIgniter.php(499): CodeIgniter\CodeIgniter->runController(Object(App\Controllers\Lists))
 8 SYSTEMPATH\CodeIgniter.php(368): CodeIgniter\CodeIgniter->handleRequest(null, Object(Config\Cache), false)
 9 FCPATH\index.php(67): CodeIgniter\CodeIgniter->run()
INFO - 2023-03-31 09:46:57 --> Session: Class initialized using 'CodeIgniter\Session\Handlers\FileHandler' driver.
CRITICAL - 2023-03-31 09:46:57 --> Array to string conversion
in APPPATH\Views\lists\jobs-table.php on line 27.
 1 APPPATH\Views\lists\jobs-table.php(27): CodeIgniter\Debug\Exceptions->errorHandler(2, 'Array to string conversion', 'APPPATH\\Views\\lists\\jobs-table.php', 27)
 2 SYSTEMPATH\View\View.php(213): include('APPPATH\\Views\\lists\\jobs-table.php')
 3 SYSTEMPATH\View\View.php(216): CodeIgniter\View\View->CodeIgniter\View\{closure}()
 4 SYSTEMPATH\Common.php(1184): CodeIgniter\View\View->render('lists/jobs-table', [], true)
 5 APPPATH\Controllers\Lists.php(185): view('lists/jobs-table', [...])
 6 SYSTEMPATH\CodeIgniter.php(934): App\Controllers\Lists->assignedjobs('4')
 7 SYSTEMPATH\CodeIgniter.php(499): CodeIgniter\CodeIgniter->runController(Object(App\Controllers\Lists))
 8 SYSTEMPATH\CodeIgniter.php(368): CodeIgniter\CodeIgniter->handleRequest(null, Object(Config\Cache), false)
 9 FCPATH\index.php(67): CodeIgniter\CodeIgniter->run()
INFO - 2023-03-31 09:47:30 --> Session: Class initialized using 'CodeIgniter\Session\Handlers\FileHandler' driver.
CRITICAL - 2023-03-31 09:47:30 --> Array to string conversion
in APPPATH\Views\lists\jobs-table.php on line 27.
 1 APPPATH\Views\lists\jobs-table.php(27): CodeIgniter\Debug\Exceptions->errorHandler(2, 'Array to string conversion', 'APPPATH\\Views\\lists\\jobs-table.php', 27)
 2 SYSTEMPATH\View\View.php(213): include('APPPATH\\Views\\lists\\jobs-table.php')
 3 SYSTEMPATH\View\View.php(216): CodeIgniter\View\View->CodeIgniter\View\{closure}()
 4 SYSTEMPATH\Common.php(1184): CodeIgniter\View\View->render('lists/jobs-table', [], true)
 5 APPPATH\Controllers\Lists.php(185): view('lists/jobs-table', [...])
 6 SYSTEMPATH\CodeIgniter.php(934): App\Controllers\Lists->assignedjobs('4')
 7 SYSTEMPATH\CodeIgniter.php(499): CodeIgniter\CodeIgniter->runController(Object(App\Controllers\Lists))
 8 SYSTEMPATH\CodeIgniter.php(368): CodeIgniter\CodeIgniter->handleRequest(null, Object(Config\Cache), false)
 9 FCPATH\index.php(67): CodeIgniter\CodeIgniter->run()
INFO - 2023-03-31 09:47:47 --> Session: Class initialized using 'CodeIgniter\Session\Handlers\FileHandler' driver.
CRITICAL - 2023-03-31 09:47:47 --> Array to string conversion
in APPPATH\Views\lists\jobs-table.php on line 27.
 1 APPPATH\Views\lists\jobs-table.php(27): CodeIgniter\Debug\Exceptions->errorHandler(2, 'Array to string conversion', 'APPPATH\\Views\\lists\\jobs-table.php', 27)
 2 SYSTEMPATH\View\View.php(213): include('APPPATH\\Views\\lists\\jobs-table.php')
 3 SYSTEMPATH\View\View.php(216): CodeIgniter\View\View->CodeIgniter\View\{closure}()
 4 SYSTEMPATH\Common.php(1184): CodeIgniter\View\View->render('lists/jobs-table', [], true)
 5 APPPATH\Controllers\Lists.php(185): view('lists/jobs-table', [...])
 6 SYSTEMPATH\CodeIgniter.php(934): App\Controllers\Lists->assignedjobs('4')
 7 SYSTEMPATH\CodeIgniter.php(499): CodeIgniter\CodeIgniter->runController(Object(App\Controllers\Lists))
 8 SYSTEMPATH\CodeIgniter.php(368): CodeIgniter\CodeIgniter->handleRequest(null, Object(Config\Cache), false)
 9 FCPATH\index.php(67): CodeIgniter\CodeIgniter->run()
INFO - 2023-03-31 09:48:28 --> Session: Class initialized using 'CodeIgniter\Session\Handlers\FileHandler' driver.
CRITICAL - 2023-03-31 09:48:28 --> Array to string conversion
in APPPATH\Views\lists\jobs-table.php on line 27.
 1 APPPATH\Views\lists\jobs-table.php(27): CodeIgniter\Debug\Exceptions->errorHandler(2, 'Array to string conversion', 'APPPATH\\Views\\lists\\jobs-table.php', 27)
 2 SYSTEMPATH\View\View.php(213): include('APPPATH\\Views\\lists\\jobs-table.php')
 3 SYSTEMPATH\View\View.php(216): CodeIgniter\View\View->CodeIgniter\View\{closure}()
 4 SYSTEMPATH\Common.php(1184): CodeIgniter\View\View->render('lists/jobs-table', [], true)
 5 APPPATH\Controllers\Lists.php(185): view('lists/jobs-table', [...])
 6 SYSTEMPATH\CodeIgniter.php(934): App\Controllers\Lists->assignedjobs('4')
 7 SYSTEMPATH\CodeIgniter.php(499): CodeIgniter\CodeIgniter->runController(Object(App\Controllers\Lists))
 8 SYSTEMPATH\CodeIgniter.php(368): CodeIgniter\CodeIgniter->handleRequest(null, Object(Config\Cache), false)
 9 FCPATH\index.php(67): CodeIgniter\CodeIgniter->run()
INFO - 2023-03-31 09:50:19 --> Session: Class initialized using 'CodeIgniter\Session\Handlers\FileHandler' driver.
CRITICAL - 2023-03-31 09:50:20 --> Undefined array key "size"
in APPPATH\Controllers\Lists.php on line 179.
 1 APPPATH\Controllers\Lists.php(179): CodeIgniter\Debug\Exceptions->errorHandler(2, 'Undefined array key "size"', 'APPPATH\\Controllers\\Lists.php', 179)
 2 SYSTEMPATH\CodeIgniter.php(934): App\Controllers\Lists->assignedjobs('4')
 3 SYSTEMPATH\CodeIgniter.php(499): CodeIgniter\CodeIgniter->runController(Object(App\Controllers\Lists))
 4 SYSTEMPATH\CodeIgniter.php(368): CodeIgniter\CodeIgniter->handleRequest(null, Object(Config\Cache), false)
 5 FCPATH\index.php(67): CodeIgniter\CodeIgniter->run()
CRITICAL - 2023-03-31 09:51:52 --> syntax error, unexpected variable "$data"
in APPPATH\Controllers\Lists.php on line 179.
 1 SYSTEMPATH\Autoloader\Autoloader.php(289): CodeIgniter\Autoloader\Autoloader->includeFile('APPPATH\\Controllers\\Lists.php')
 2 SYSTEMPATH\Autoloader\Autoloader.php(267): CodeIgniter\Autoloader\Autoloader->loadInNamespace('App\\Controllers\\Lists')
 3 [internal function]: CodeIgniter\Autoloader\Autoloader->loadClass('App\\Controllers\\Lists')
 4 SYSTEMPATH\CodeIgniter.php(892): class_exists('\\App\\Controllers\\Lists', true)
 5 SYSTEMPATH\CodeIgniter.php(486): CodeIgniter\CodeIgniter->startController()
 6 SYSTEMPATH\CodeIgniter.php(368): CodeIgniter\CodeIgniter->handleRequest(null, Object(Config\Cache), false)
 7 FCPATH\index.php(67): CodeIgniter\CodeIgniter->run()
INFO - 2023-03-31 09:52:03 --> Session: Class initialized using 'CodeIgniter\Session\Handlers\FileHandler' driver.
INFO - 2023-03-31 09:52:34 --> Session: Class initialized using 'CodeIgniter\Session\Handlers\FileHandler' driver.
INFO - 2023-03-31 09:59:25 --> Session: Class initialized using 'CodeIgniter\Session\Handlers\FileHandler' driver.
INFO - 2023-03-31 09:59:27 --> Session: Class initialized using 'CodeIgniter\Session\Handlers\FileHandler' driver.
INFO - 2023-03-31 09:59:29 --> Session: Class initialized using 'CodeIgniter\Session\Handlers\FileHandler' driver.
INFO - 2023-03-31 09:59:40 --> Session: Class initialized using 'CodeIgniter\Session\Handlers\FileHandler' driver.
INFO - 2023-03-31 10:01:01 --> Session: Class initialized using 'CodeIgniter\Session\Handlers\FileHandler' driver.
INFO - 2023-03-31 10:01:04 --> Session: Class initialized using 'CodeIgniter\Session\Handlers\FileHandler' driver.
INFO - 2023-03-31 10:01:06 --> Session: Class initialized using 'CodeIgniter\Session\Handlers\FileHandler' driver.
INFO - 2023-03-31 10:01:08 --> Session: Class initialized using 'CodeIgniter\Session\Handlers\FileHandler' driver.
INFO - 2023-03-31 10:01:19 --> Session: Class initialized using 'CodeIgniter\Session\Handlers\FileHandler' driver.
INFO - 2023-03-31 10:01:22 --> Session: Class initialized using 'CodeIgniter\Session\Handlers\FileHandler' driver.
INFO - 2023-03-31 10:01:23 --> Session: Class initialized using 'CodeIgniter\Session\Handlers\FileHandler' driver.
INFO - 2023-03-31 10:02:00 --> Session: Class initialized using 'CodeIgniter\Session\Handlers\FileHandler' driver.
INFO - 2023-03-31 10:02:05 --> Session: Class initialized using 'CodeIgniter\Session\Handlers\FileHandler' driver.
INFO - 2023-03-31 10:02:13 --> Session: Class initialized using 'CodeIgniter\Session\Handlers\FileHandler' driver.
INFO - 2023-03-31 10:02:47 --> Session: Class initialized using 'CodeIgniter\Session\Handlers\FileHandler' driver.
INFO - 2023-03-31 10:02:49 --> Session: Class initialized using 'CodeIgniter\Session\Handlers\FileHandler' driver.
INFO - 2023-03-31 10:02:51 --> Session: Class initialized using 'CodeIgniter\Session\Handlers\FileHandler' driver.
INFO - 2023-03-31 10:02:52 --> Session: Class initialized using 'CodeIgniter\Session\Handlers\FileHandler' driver.
INFO - 2023-03-31 10:04:13 --> Session: Class initialized using 'CodeIgniter\Session\Handlers\FileHandler' driver.
INFO - 2023-03-31 10:04:17 --> Session: Class initialized using 'CodeIgniter\Session\Handlers\FileHandler' driver.
INFO - 2023-03-31 10:04:19 --> Session: Class initialized using 'CodeIgniter\Session\Handlers\FileHandler' driver.
INFO - 2023-03-31 10:04:21 --> Session: Class initialized using 'CodeIgniter\Session\Handlers\FileHandler' driver.
INFO - 2023-03-31 10:05:33 --> Session: Class initialized using 'CodeIgniter\Session\Handlers\FileHandler' driver.
INFO - 2023-03-31 10:05:49 --> Session: Class initialized using 'CodeIgniter\Session\Handlers\FileHandler' driver.
INFO - 2023-03-31 10:06:44 --> Session: Class initialized using 'CodeIgniter\Session\Handlers\FileHandler' driver.
INFO - 2023-03-31 10:10:36 --> Session: Class initialized using 'CodeIgniter\Session\Handlers\FileHandler' driver.
INFO - 2023-03-31 10:10:47 --> Session: Class initialized using 'CodeIgniter\Session\Handlers\FileHandler' driver.
INFO - 2023-03-31 10:51:10 --> Session: Class initialized using 'CodeIgniter\Session\Handlers\FileHandler' driver.
INFO - 2023-03-31 10:57:41 --> Session: Class initialized using 'CodeIgniter\Session\Handlers\FileHandler' driver.
INFO - 2023-03-31 10:57:49 --> Session: Class initialized using 'CodeIgniter\Session\Handlers\FileHandler' driver.
INFO - 2023-03-31 10:58:24 --> Session: Class initialized using 'CodeIgniter\Session\Handlers\FileHandler' driver.
INFO - 2023-03-31 10:58:41 --> Session: Class initialized using 'CodeIgniter\Session\Handlers\FileHandler' driver.
INFO - 2023-03-31 10:58:44 --> Session: Class initialized using 'CodeIgniter\Session\Handlers\FileHandler' driver.
INFO - 2023-03-31 10:58:48 --> Session: Class initialized using 'CodeIgniter\Session\Handlers\FileHandler' driver.
INFO - 2023-03-31 11:00:56 --> Session: Class initialized using 'CodeIgniter\Session\Handlers\FileHandler' driver.
INFO - 2023-03-31 11:02:16 --> Session: Class initialized using 'CodeIgniter\Session\Handlers\FileHandler' driver.
INFO - 2023-03-31 11:02:25 --> Session: Class initialized using 'CodeIgniter\Session\Handlers\FileHandler' driver.
INFO - 2023-03-31 11:02:28 --> Session: Class initialized using 'CodeIgniter\Session\Handlers\FileHandler' driver.
INFO - 2023-03-31 11:02:30 --> Session: Class initialized using 'CodeIgniter\Session\Handlers\FileHandler' driver.
INFO - 2023-03-31 11:02:34 --> Session: Class initialized using 'CodeIgniter\Session\Handlers\FileHandler' driver.
INFO - 2023-03-31 11:02:52 --> Session: Class initialized using 'CodeIgniter\Session\Handlers\FileHandler' driver.
INFO - 2023-03-31 11:06:52 --> Session: Class initialized using 'CodeIgniter\Session\Handlers\FileHandler' driver.
INFO - 2023-03-31 11:07:39 --> Session: Class initialized using 'CodeIgniter\Session\Handlers\FileHandler' driver.
INFO - 2023-03-31 11:07:42 --> Session: Class initialized using 'CodeIgniter\Session\Handlers\FileHandler' driver.
INFO - 2023-03-31 11:28:10 --> Session: Class initialized using 'CodeIgniter\Session\Handlers\FileHandler' driver.
INFO - 2023-03-31 11:28:15 --> Session: Class initialized using 'CodeIgniter\Session\Handlers\FileHandler' driver.
INFO - 2023-03-31 11:28:35 --> Session: Class initialized using 'CodeIgniter\Session\Handlers\FileHandler' driver.
INFO - 2023-03-31 11:28:51 --> Session: Class initialized using 'CodeIgniter\Session\Handlers\FileHandler' driver.
INFO - 2023-03-31 11:28:58 --> Session: Class initialized using 'CodeIgniter\Session\Handlers\FileHandler' driver.
INFO - 2023-03-31 11:29:54 --> Session: Class initialized using 'CodeIgniter\Session\Handlers\FileHandler' driver.
INFO - 2023-03-31 11:30:03 --> Session: Class initialized using 'CodeIgniter\Session\Handlers\FileHandler' driver.
INFO - 2023-03-31 11:30:14 --> Session: Class initialized using 'CodeIgniter\Session\Handlers\FileHandler' driver.
INFO - 2023-03-31 11:30:28 --> Session: Class initialized using 'CodeIgniter\Session\Handlers\FileHandler' driver.
INFO - 2023-03-31 11:30:34 --> Session: Class initialized using 'CodeIgniter\Session\Handlers\FileHandler' driver.
INFO - 2023-03-31 11:30:40 --> Session: Class initialized using 'CodeIgniter\Session\Handlers\FileHandler' driver.
INFO - 2023-03-31 11:43:26 --> Session: Class initialized using 'CodeIgniter\Session\Handlers\FileHandler' driver.
INFO - 2023-03-31 11:43:33 --> Session: Class initialized using 'CodeIgniter\Session\Handlers\FileHandler' driver.
INFO - 2023-03-31 11:43:36 --> Session: Class initialized using 'CodeIgniter\Session\Handlers\FileHandler' driver.
INFO - 2023-03-31 11:44:21 --> Session: Class initialized using 'CodeIgniter\Session\Handlers\FileHandler' driver.
INFO - 2023-03-31 11:45:27 --> Session: Class initialized using 'CodeIgniter\Session\Handlers\FileHandler' driver.
INFO - 2023-03-31 11:45:36 --> Session: Class initialized using 'CodeIgniter\Session\Handlers\FileHandler' driver.
INFO - 2023-03-31 11:45:41 --> Session: Class initialized using 'CodeIgniter\Session\Handlers\FileHandler' driver.
INFO - 2023-03-31 11:45:49 --> Session: Class initialized using 'CodeIgniter\Session\Handlers\FileHandler' driver.
INFO - 2023-03-31 13:17:34 --> Session: Class initialized using 'CodeIgniter\Session\Handlers\FileHandler' driver.
