CRITICAL - 2023-02-28 06:38:05 --> Undefined array key "customerid"
in APPPATH\Controllers\Lists.php on line 43.
 1 APPPATH\Controllers\Lists.php(43): CodeIgniter\Debug\Exceptions->errorHandler(2, 'Undefined array key "customerid"', 'APPPATH\\Controllers\\Lists.php', 43)
 2 SYSTEMPATH\CodeIgniter.php(934): App\Controllers\Lists->orders()
 3 SYSTEMPATH\CodeIgniter.php(499): CodeIgniter\CodeIgniter->runController(Object(App\Controllers\Lists))
 4 SYSTEMPATH\CodeIgniter.php(368): CodeIgniter\CodeIgniter->handleRequest(null, Object(Config\Cache), false)
 5 FCPATH\index.php(67): CodeIgniter\CodeIgniter->run()
CRITICAL - 2023-02-28 06:41:07 --> Unclosed '{' on line 71
in APPPATH\Views\lists\jobs.php on line 114.
 1 SYSTEMPATH\View\View.php(216): CodeIgniter\View\View->CodeIgniter\View\{closure}()
 2 SYSTEMPATH\Common.php(1184): CodeIgniter\View\View->render('lists/jobs', [], true)
 3 APPPATH\Controllers\Lists.php(33): view('lists/jobs')
 4 SYSTEMPATH\CodeIgniter.php(934): App\Controllers\Lists->jobs()
 5 SYSTEMPATH\CodeIgniter.php(499): CodeIgniter\CodeIgniter->runController(Object(App\Controllers\Lists))
 6 SYSTEMPATH\CodeIgniter.php(368): CodeIgniter\CodeIgniter->handleRequest(null, Object(Config\Cache), false)
 7 FCPATH\index.php(67): CodeIgniter\CodeIgniter->run()
CRITICAL - 2023-02-28 06:41:32 --> Unclosed '{' on line 71
in APPPATH\Views\lists\jobs.php on line 114.
 1 SYSTEMPATH\View\View.php(216): CodeIgniter\View\View->CodeIgniter\View\{closure}()
 2 SYSTEMPATH\Common.php(1184): CodeIgniter\View\View->render('lists/jobs', [], true)
 3 APPPATH\Controllers\Lists.php(33): view('lists/jobs')
 4 SYSTEMPATH\CodeIgniter.php(934): App\Controllers\Lists->jobs()
 5 SYSTEMPATH\CodeIgniter.php(499): CodeIgniter\CodeIgniter->runController(Object(App\Controllers\Lists))
 6 SYSTEMPATH\CodeIgniter.php(368): CodeIgniter\CodeIgniter->handleRequest(null, Object(Config\Cache), false)
 7 FCPATH\index.php(67): CodeIgniter\CodeIgniter->run()
CRITICAL - 2023-02-28 06:41:42 --> Undefined variable $result
in APPPATH\Views\lists\jobs.php on line 71.
 1 APPPATH\Views\lists\jobs.php(71): CodeIgniter\Debug\Exceptions->errorHandler(2, 'Undefined variable $result', 'APPPATH\\Views\\lists\\jobs.php', 71)
 2 SYSTEMPATH\View\View.php(213): include('APPPATH\\Views\\lists\\jobs.php')
 3 SYSTEMPATH\View\View.php(216): CodeIgniter\View\View->CodeIgniter\View\{closure}()
 4 SYSTEMPATH\Common.php(1184): CodeIgniter\View\View->render('lists/jobs', [], true)
 5 APPPATH\Controllers\Lists.php(33): view('lists/jobs')
 6 SYSTEMPATH\CodeIgniter.php(934): App\Controllers\Lists->jobs()
 7 SYSTEMPATH\CodeIgniter.php(499): CodeIgniter\CodeIgniter->runController(Object(App\Controllers\Lists))
 8 SYSTEMPATH\CodeIgniter.php(368): CodeIgniter\CodeIgniter->handleRequest(null, Object(Config\Cache), false)
 9 FCPATH\index.php(67): CodeIgniter\CodeIgniter->run()
CRITICAL - 2023-02-28 06:42:11 --> Undefined variable $job
in APPPATH\Views\lists\jobs.php on line 73.
 1 APPPATH\Views\lists\jobs.php(73): CodeIgniter\Debug\Exceptions->errorHandler(2, 'Undefined variable $job', 'APPPATH\\Views\\lists\\jobs.php', 73)
 2 SYSTEMPATH\View\View.php(213): include('APPPATH\\Views\\lists\\jobs.php')
 3 SYSTEMPATH\View\View.php(216): CodeIgniter\View\View->CodeIgniter\View\{closure}()
 4 SYSTEMPATH\Common.php(1184): CodeIgniter\View\View->render('lists/jobs', [], true)
 5 APPPATH\Controllers\Lists.php(33): view('lists/jobs')
 6 SYSTEMPATH\CodeIgniter.php(934): App\Controllers\Lists->jobs()
 7 SYSTEMPATH\CodeIgniter.php(499): CodeIgniter\CodeIgniter->runController(Object(App\Controllers\Lists))
 8 SYSTEMPATH\CodeIgniter.php(368): CodeIgniter\CodeIgniter->handleRequest(null, Object(Config\Cache), false)
 9 FCPATH\index.php(67): CodeIgniter\CodeIgniter->run()
CRITICAL - 2023-02-28 06:45:59 --> Undefined array key "customerid"
in APPPATH\Controllers\Lists.php on line 43.
 1 APPPATH\Controllers\Lists.php(43): CodeIgniter\Debug\Exceptions->errorHandler(2, 'Undefined array key "customerid"', 'APPPATH\\Controllers\\Lists.php', 43)
 2 SYSTEMPATH\CodeIgniter.php(934): App\Controllers\Lists->orders()
 3 SYSTEMPATH\CodeIgniter.php(499): CodeIgniter\CodeIgniter->runController(Object(App\Controllers\Lists))
 4 SYSTEMPATH\CodeIgniter.php(368): CodeIgniter\CodeIgniter->handleRequest(null, Object(Config\Cache), false)
 5 FCPATH\index.php(67): CodeIgniter\CodeIgniter->run()
CRITICAL - 2023-02-28 09:07:37 --> Undefined array key "customerid"
in APPPATH\Controllers\Lists.php on line 43.
 1 APPPATH\Controllers\Lists.php(43): CodeIgniter\Debug\Exceptions->errorHandler(2, 'Undefined array key "customerid"', 'APPPATH\\Controllers\\Lists.php', 43)
 2 SYSTEMPATH\CodeIgniter.php(934): App\Controllers\Lists->orders()
 3 SYSTEMPATH\CodeIgniter.php(499): CodeIgniter\CodeIgniter->runController(Object(App\Controllers\Lists))
 4 SYSTEMPATH\CodeIgniter.php(368): CodeIgniter\CodeIgniter->handleRequest(null, Object(Config\Cache), false)
 5 FCPATH\index.php(67): CodeIgniter\CodeIgniter->run()
CRITICAL - 2023-02-28 09:17:09 --> Undefined variable $moreVars
in APPPATH\Views\accounts\signup.php on line 103.
 1 APPPATH\Views\accounts\signup.php(103): CodeIgniter\Debug\Exceptions->errorHandler(2, 'Undefined variable $moreVars', 'APPPATH\\Views\\accounts\\signup.php', 103)
 2 SYSTEMPATH\View\View.php(213): include('APPPATH\\Views\\accounts\\signup.php')
 3 SYSTEMPATH\View\View.php(216): CodeIgniter\View\View->CodeIgniter\View\{closure}()
 4 SYSTEMPATH\Common.php(1184): CodeIgniter\View\View->render('accounts/signup', [], true)
 5 APPPATH\Controllers\Accounts.php(32): view('accounts/signup')
 6 SYSTEMPATH\CodeIgniter.php(934): App\Controllers\Accounts->register()
 7 SYSTEMPATH\CodeIgniter.php(499): CodeIgniter\CodeIgniter->runController(Object(App\Controllers\Accounts))
 8 SYSTEMPATH\CodeIgniter.php(368): CodeIgniter\CodeIgniter->handleRequest(null, Object(Config\Cache), false)
 9 FCPATH\index.php(67): CodeIgniter\CodeIgniter->run()
CRITICAL - 2023-02-28 10:13:49 --> Class "Locale" not found
in SYSTEMPATH\CodeIgniter.php on line 194.
 1 ROOTPATH\spark(83): CodeIgniter\CodeIgniter->initialize()
CRITICAL - 2023-02-28 10:30:27 --> Undefined variable $meta_title
in APPPATH\Views\layouts\main.php on line 6.
 1 APPPATH\Views\layouts\main.php(6): CodeIgniter\Debug\Exceptions->errorHandler(2, 'Undefined variable $meta_title', 'APPPATH\\Views\\layouts\\main.php', 6)
 2 SYSTEMPATH\View\View.php(213): include('APPPATH\\Views\\layouts\\main.php')
 3 SYSTEMPATH\View\View.php(216): CodeIgniter\View\View->CodeIgniter\View\{closure}()
 4 SYSTEMPATH\View\View.php(229): CodeIgniter\View\View->render('layouts/main', [], true)
 5 SYSTEMPATH\Common.php(1184): CodeIgniter\View\View->render('pages/dashboard', [], true)
 6 APPPATH\Controllers\Lists.php(15): view('pages/dashboard', [...])
 7 SYSTEMPATH\CodeIgniter.php(934): App\Controllers\Lists->index()
 8 SYSTEMPATH\CodeIgniter.php(499): CodeIgniter\CodeIgniter->runController(Object(App\Controllers\Lists))
 9 SYSTEMPATH\CodeIgniter.php(368): CodeIgniter\CodeIgniter->handleRequest(null, Object(Config\Cache), false)
10 FCPATH\index.php(67): CodeIgniter\CodeIgniter->run()
CRITICAL - 2023-02-28 10:31:11 --> Undefined variable $moreVars
in APPPATH\Views\accounts\signup.php on line 97.
 1 APPPATH\Views\accounts\signup.php(97): CodeIgniter\Debug\Exceptions->errorHandler(2, 'Undefined variable $moreVars', 'APPPATH\\Views\\accounts\\signup.php', 97)
 2 SYSTEMPATH\View\View.php(213): include('APPPATH\\Views\\accounts\\signup.php')
 3 SYSTEMPATH\View\View.php(216): CodeIgniter\View\View->CodeIgniter\View\{closure}()
 4 SYSTEMPATH\Common.php(1184): CodeIgniter\View\View->render('accounts/signup', [], true)
 5 APPPATH\Controllers\Accounts.php(36): view('accounts/signup', [...])
 6 SYSTEMPATH\CodeIgniter.php(934): App\Controllers\Accounts->register()
 7 SYSTEMPATH\CodeIgniter.php(499): CodeIgniter\CodeIgniter->runController(Object(App\Controllers\Accounts))
 8 SYSTEMPATH\CodeIgniter.php(368): CodeIgniter\CodeIgniter->handleRequest(null, Object(Config\Cache), false)
 9 FCPATH\index.php(67): CodeIgniter\CodeIgniter->run()
CRITICAL - 2023-02-28 10:32:00 --> Undefined variable $moreVars
in APPPATH\Views\accounts\signup.php on line 97.
 1 APPPATH\Views\accounts\signup.php(97): CodeIgniter\Debug\Exceptions->errorHandler(2, 'Undefined variable $moreVars', 'APPPATH\\Views\\accounts\\signup.php', 97)
 2 SYSTEMPATH\View\View.php(213): include('APPPATH\\Views\\accounts\\signup.php')
 3 SYSTEMPATH\View\View.php(216): CodeIgniter\View\View->CodeIgniter\View\{closure}()
 4 SYSTEMPATH\Common.php(1184): CodeIgniter\View\View->render('accounts/signup', [], true)
 5 APPPATH\Controllers\Accounts.php(36): view('accounts/signup', [...])
 6 SYSTEMPATH\CodeIgniter.php(934): App\Controllers\Accounts->register()
 7 SYSTEMPATH\CodeIgniter.php(499): CodeIgniter\CodeIgniter->runController(Object(App\Controllers\Accounts))
 8 SYSTEMPATH\CodeIgniter.php(368): CodeIgniter\CodeIgniter->handleRequest(null, Object(Config\Cache), false)
 9 FCPATH\index.php(67): CodeIgniter\CodeIgniter->run()
CRITICAL - 2023-02-28 10:59:13 --> Undefined variable $meta_title
in APPPATH\Views\layouts\main.php on line 6.
 1 APPPATH\Views\layouts\main.php(6): CodeIgniter\Debug\Exceptions->errorHandler(2, 'Undefined variable $meta_title', 'APPPATH\\Views\\layouts\\main.php', 6)
 2 SYSTEMPATH\View\View.php(213): include('APPPATH\\Views\\layouts\\main.php')
 3 SYSTEMPATH\View\View.php(216): CodeIgniter\View\View->CodeIgniter\View\{closure}()
 4 SYSTEMPATH\View\View.php(229): CodeIgniter\View\View->render('layouts/main', [], true)
 5 SYSTEMPATH\Common.php(1184): CodeIgniter\View\View->render('lists/users', [], true)
 6 APPPATH\Controllers\Lists.php(27): view('lists/users', [...])
 7 SYSTEMPATH\CodeIgniter.php(934): App\Controllers\Lists->users()
 8 SYSTEMPATH\CodeIgniter.php(499): CodeIgniter\CodeIgniter->runController(Object(App\Controllers\Lists))
 9 SYSTEMPATH\CodeIgniter.php(368): CodeIgniter\CodeIgniter->handleRequest(null, Object(Config\Cache), false)
10 FCPATH\index.php(67): CodeIgniter\CodeIgniter->run()
CRITICAL - 2023-02-28 10:59:30 --> Undefined variable $meta_title
in APPPATH\Views\layouts\main.php on line 6.
 1 APPPATH\Views\layouts\main.php(6): CodeIgniter\Debug\Exceptions->errorHandler(2, 'Undefined variable $meta_title', 'APPPATH\\Views\\layouts\\main.php', 6)
 2 SYSTEMPATH\View\View.php(213): include('APPPATH\\Views\\layouts\\main.php')
 3 SYSTEMPATH\View\View.php(216): CodeIgniter\View\View->CodeIgniter\View\{closure}()
 4 SYSTEMPATH\View\View.php(229): CodeIgniter\View\View->render('layouts/main', [], true)
 5 SYSTEMPATH\Common.php(1184): CodeIgniter\View\View->render('lists/users', [], true)
 6 APPPATH\Controllers\Lists.php(27): view('lists/users', [...])
 7 SYSTEMPATH\CodeIgniter.php(934): App\Controllers\Lists->users()
 8 SYSTEMPATH\CodeIgniter.php(499): CodeIgniter\CodeIgniter->runController(Object(App\Controllers\Lists))
 9 SYSTEMPATH\CodeIgniter.php(368): CodeIgniter\CodeIgniter->handleRequest(null, Object(Config\Cache), false)
10 FCPATH\index.php(67): CodeIgniter\CodeIgniter->run()
ERROR - 2023-02-28 11:07:47 --> ErrorException: pg_query(): Query failed: ERROR:  null value in column &quot;type&quot; of relation &quot;users&quot; violates not-null constraint
DETAIL:  Failing row contains (21, usr, user, null, 1234). in C:\xampp\htdocs\fgpr\vendor\codeigniter4\framework\system\Database\Postgre\Connection.php:147
Stack trace:
#0 [internal function]: CodeIgniter\Debug\Exceptions->errorHandler(2, 'pg_query(): Que...', 'C:\\xampp\\htdocs...', 147)
#1 C:\xampp\htdocs\fgpr\vendor\codeigniter4\framework\system\Database\Postgre\Connection.php(147): pg_query(Object(PgSql\Connection), 'INSERT INTO "us...')
#2 C:\xampp\htdocs\fgpr\vendor\codeigniter4\framework\system\Database\BaseConnection.php(691): CodeIgniter\Database\Postgre\Connection->execute('INSERT INTO "us...')
#3 C:\xampp\htdocs\fgpr\vendor\codeigniter4\framework\system\Database\BaseConnection.php(605): CodeIgniter\Database\BaseConnection->simpleQuery('INSERT INTO "us...')
#4 C:\xampp\htdocs\fgpr\vendor\codeigniter4\framework\system\Database\BaseBuilder.php(2309): CodeIgniter\Database\BaseConnection->query('INSERT INTO "us...', Array, false)
#5 C:\xampp\htdocs\fgpr\vendor\codeigniter4\framework\system\Model.php(330): CodeIgniter\Database\BaseBuilder->insert()
#6 C:\xampp\htdocs\fgpr\vendor\codeigniter4\framework\system\BaseModel.php(782): CodeIgniter\Model->doInsert(Array)
#7 C:\xampp\htdocs\fgpr\vendor\codeigniter4\framework\system\Model.php(730): CodeIgniter\BaseModel->insert(Array, false)
#8 C:\xampp\htdocs\fgpr\vendor\codeigniter4\framework\system\BaseModel.php(692): CodeIgniter\Model->insert(Array, false)
#9 C:\xampp\htdocs\fgpr\app\Controllers\Accounts.php(40): CodeIgniter\BaseModel->save(Array)
#10 C:\xampp\htdocs\fgpr\vendor\codeigniter4\framework\system\CodeIgniter.php(934): App\Controllers\Accounts->register()
#11 C:\xampp\htdocs\fgpr\vendor\codeigniter4\framework\system\CodeIgniter.php(499): CodeIgniter\CodeIgniter->runController(Object(App\Controllers\Accounts))
#12 C:\xampp\htdocs\fgpr\vendor\codeigniter4\framework\system\CodeIgniter.php(368): CodeIgniter\CodeIgniter->handleRequest(NULL, Object(Config\Cache), false)
#13 C:\xampp\htdocs\fgpr\public\index.php(67): CodeIgniter\CodeIgniter->run()
#14 {main}
CRITICAL - 2023-02-28 11:07:47 --> pg_query(): Query failed: ERROR:  null value in column &quot;type&quot; of relation &quot;users&quot; violates not-null constraint
DETAIL:  Failing row contains (21, usr, user, null, 1234).
in SYSTEMPATH\Database\BaseConnection.php on line 645.
 1 SYSTEMPATH\Database\BaseBuilder.php(2309): CodeIgniter\Database\BaseConnection->query('INSERT INTO "users" ("name", "username", "password") VALUES (:name:, :username:, :password:)', [...], false)
 2 SYSTEMPATH\Model.php(330): CodeIgniter\Database\BaseBuilder->insert()
 3 SYSTEMPATH\BaseModel.php(782): CodeIgniter\Model->doInsert([...])
 4 SYSTEMPATH\Model.php(730): CodeIgniter\BaseModel->insert([...], false)
 5 SYSTEMPATH\BaseModel.php(692): CodeIgniter\Model->insert([...], false)
 6 APPPATH\Controllers\Accounts.php(40): CodeIgniter\BaseModel->save([...])
 7 SYSTEMPATH\CodeIgniter.php(934): App\Controllers\Accounts->register()
 8 SYSTEMPATH\CodeIgniter.php(499): CodeIgniter\CodeIgniter->runController(Object(App\Controllers\Accounts))
 9 SYSTEMPATH\CodeIgniter.php(368): CodeIgniter\CodeIgniter->handleRequest(null, Object(Config\Cache), false)
10 FCPATH\index.php(67): CodeIgniter\CodeIgniter->run()
ERROR - 2023-02-28 11:10:29 --> ErrorException: pg_query(): Query failed: ERROR:  null value in column &quot;type&quot; of relation &quot;users&quot; violates not-null constraint
DETAIL:  Failing row contains (22, usr, user, null, 1234). in C:\xampp\htdocs\fgpr\vendor\codeigniter4\framework\system\Database\Postgre\Connection.php:147
Stack trace:
#0 [internal function]: CodeIgniter\Debug\Exceptions->errorHandler(2, 'pg_query(): Que...', 'C:\\xampp\\htdocs...', 147)
#1 C:\xampp\htdocs\fgpr\vendor\codeigniter4\framework\system\Database\Postgre\Connection.php(147): pg_query(Object(PgSql\Connection), 'INSERT INTO "us...')
#2 C:\xampp\htdocs\fgpr\vendor\codeigniter4\framework\system\Database\BaseConnection.php(691): CodeIgniter\Database\Postgre\Connection->execute('INSERT INTO "us...')
#3 C:\xampp\htdocs\fgpr\vendor\codeigniter4\framework\system\Database\BaseConnection.php(605): CodeIgniter\Database\BaseConnection->simpleQuery('INSERT INTO "us...')
#4 C:\xampp\htdocs\fgpr\vendor\codeigniter4\framework\system\Database\BaseBuilder.php(2309): CodeIgniter\Database\BaseConnection->query('INSERT INTO "us...', Array, false)
#5 C:\xampp\htdocs\fgpr\vendor\codeigniter4\framework\system\Model.php(330): CodeIgniter\Database\BaseBuilder->insert()
#6 C:\xampp\htdocs\fgpr\vendor\codeigniter4\framework\system\BaseModel.php(782): CodeIgniter\Model->doInsert(Array)
#7 C:\xampp\htdocs\fgpr\vendor\codeigniter4\framework\system\Model.php(730): CodeIgniter\BaseModel->insert(Array, false)
#8 C:\xampp\htdocs\fgpr\vendor\codeigniter4\framework\system\BaseModel.php(692): CodeIgniter\Model->insert(Array, false)
#9 C:\xampp\htdocs\fgpr\app\Controllers\Accounts.php(40): CodeIgniter\BaseModel->save(Array)
#10 C:\xampp\htdocs\fgpr\vendor\codeigniter4\framework\system\CodeIgniter.php(934): App\Controllers\Accounts->register()
#11 C:\xampp\htdocs\fgpr\vendor\codeigniter4\framework\system\CodeIgniter.php(499): CodeIgniter\CodeIgniter->runController(Object(App\Controllers\Accounts))
#12 C:\xampp\htdocs\fgpr\vendor\codeigniter4\framework\system\CodeIgniter.php(368): CodeIgniter\CodeIgniter->handleRequest(NULL, Object(Config\Cache), false)
#13 C:\xampp\htdocs\fgpr\public\index.php(67): CodeIgniter\CodeIgniter->run()
#14 {main}
CRITICAL - 2023-02-28 11:10:29 --> pg_query(): Query failed: ERROR:  null value in column &quot;type&quot; of relation &quot;users&quot; violates not-null constraint
DETAIL:  Failing row contains (22, usr, user, null, 1234).
in SYSTEMPATH\Database\BaseConnection.php on line 645.
 1 SYSTEMPATH\Database\BaseBuilder.php(2309): CodeIgniter\Database\BaseConnection->query('INSERT INTO "users" ("name", "username", "password") VALUES (:name:, :username:, :password:)', [...], false)
 2 SYSTEMPATH\Model.php(330): CodeIgniter\Database\BaseBuilder->insert()
 3 SYSTEMPATH\BaseModel.php(782): CodeIgniter\Model->doInsert([...])
 4 SYSTEMPATH\Model.php(730): CodeIgniter\BaseModel->insert([...], false)
 5 SYSTEMPATH\BaseModel.php(692): CodeIgniter\Model->insert([...], false)
 6 APPPATH\Controllers\Accounts.php(40): CodeIgniter\BaseModel->save([...])
 7 SYSTEMPATH\CodeIgniter.php(934): App\Controllers\Accounts->register()
 8 SYSTEMPATH\CodeIgniter.php(499): CodeIgniter\CodeIgniter->runController(Object(App\Controllers\Accounts))
 9 SYSTEMPATH\CodeIgniter.php(368): CodeIgniter\CodeIgniter->handleRequest(null, Object(Config\Cache), false)
10 FCPATH\index.php(67): CodeIgniter\CodeIgniter->run()
