INFO - 2023-03-23 07:36:59 --> Session: Class initialized using 'CodeIgniter\Session\Handlers\FileHandler' driver.
CRITICAL - 2023-03-23 07:37:00 --> Array to string conversion
in SYSTEMPATH\Database\Query.php on line 329.
 1 [internal function]: CodeIgniter\Debug\Exceptions->errorHandler(2, 'Array to string conversion', 'SYSTEMPATH\\Database\\Query.php', 329)
 2 SYSTEMPATH\Database\Query.php(329): implode(',', [...])
 3 SYSTEMPATH\Database\Query.php(310): CodeIgniter\Database\Query->matchNamedBinds('SELECT "fly_code", "fly_code"
FROM "orders"
WHERE "fly_code" = :fly_code:
AND "fly_code" = :fly_code.1:
AND "orderid" IN :orderid:', [...])
 4 SYSTEMPATH\Database\Query.php(159): CodeIgniter\Database\Query->compileBinds()
 5 SYSTEMPATH\Database\BaseConnection.php(605): CodeIgniter\Database\Query->getQuery()
 6 SYSTEMPATH\Database\BaseBuilder.php(1616): CodeIgniter\Database\BaseConnection->query('SELECT "fly_code", "fly_code"
FROM "orders"
WHERE "fly_code" = :fly_code:
AND "fly_code" = :fly_code.1:
AND "orderid" IN :orderid:', [...], false)
 7 SYSTEMPATH\Model.php(241): CodeIgniter\Database\BaseBuilder->get()
 8 SYSTEMPATH\BaseModel.php(618): CodeIgniter\Model->doFindAll(0, 0)
 9 APPPATH\Models\OrdersModel.php(30): CodeIgniter\BaseModel->findAll()
10 APPPATH\Controllers\Lists.php(63): App\Models\OrdersModel->getOrders([...])
11 SYSTEMPATH\CodeIgniter.php(934): App\Controllers\Lists->jobs()
12 SYSTEMPATH\CodeIgniter.php(499): CodeIgniter\CodeIgniter->runController(Object(App\Controllers\Lists))
13 SYSTEMPATH\CodeIgniter.php(368): CodeIgniter\CodeIgniter->handleRequest(null, Object(Config\Cache), false)
14 FCPATH\index.php(67): CodeIgniter\CodeIgniter->run()
INFO - 2023-03-23 07:40:18 --> Session: Class initialized using 'CodeIgniter\Session\Handlers\FileHandler' driver.
CRITICAL - 2023-03-23 07:40:18 --> Array to string conversion
in SYSTEMPATH\Database\Query.php on line 329.
 1 [internal function]: CodeIgniter\Debug\Exceptions->errorHandler(2, 'Array to string conversion', 'SYSTEMPATH\\Database\\Query.php', 329)
 2 SYSTEMPATH\Database\Query.php(329): implode(',', [...])
 3 SYSTEMPATH\Database\Query.php(310): CodeIgniter\Database\Query->matchNamedBinds('SELECT "fly_code", "fly_code"
FROM "orders"
WHERE "fly_code" = :fly_code:
AND "fly_code" = :fly_code.1:
AND "orderid" IN :orderid:', [...])
 4 SYSTEMPATH\Database\Query.php(159): CodeIgniter\Database\Query->compileBinds()
 5 SYSTEMPATH\Database\BaseConnection.php(605): CodeIgniter\Database\Query->getQuery()
 6 SYSTEMPATH\Database\BaseBuilder.php(1616): CodeIgniter\Database\BaseConnection->query('SELECT "fly_code", "fly_code"
FROM "orders"
WHERE "fly_code" = :fly_code:
AND "fly_code" = :fly_code.1:
AND "orderid" IN :orderid:', [...], false)
 7 SYSTEMPATH\Model.php(241): CodeIgniter\Database\BaseBuilder->get()
 8 SYSTEMPATH\BaseModel.php(618): CodeIgniter\Model->doFindAll(0, 0)
 9 APPPATH\Models\OrdersModel.php(31): CodeIgniter\BaseModel->findAll()
10 APPPATH\Controllers\Lists.php(63): App\Models\OrdersModel->getOrders([...])
11 SYSTEMPATH\CodeIgniter.php(934): App\Controllers\Lists->jobs()
12 SYSTEMPATH\CodeIgniter.php(499): CodeIgniter\CodeIgniter->runController(Object(App\Controllers\Lists))
13 SYSTEMPATH\CodeIgniter.php(368): CodeIgniter\CodeIgniter->handleRequest(null, Object(Config\Cache), false)
14 FCPATH\index.php(67): CodeIgniter\CodeIgniter->run()
INFO - 2023-03-23 07:41:04 --> Session: Class initialized using 'CodeIgniter\Session\Handlers\FileHandler' driver.
CRITICAL - 2023-03-23 07:41:04 --> Array to string conversion
in SYSTEMPATH\Database\Query.php on line 329.
 1 [internal function]: CodeIgniter\Debug\Exceptions->errorHandler(2, 'Array to string conversion', 'SYSTEMPATH\\Database\\Query.php', 329)
 2 SYSTEMPATH\Database\Query.php(329): implode(',', [...])
 3 SYSTEMPATH\Database\Query.php(310): CodeIgniter\Database\Query->matchNamedBinds('SELECT "fly_code", "fly_code"
FROM "orders"
WHERE "fly_code" = :fly_code:
AND "fly_code" = :fly_code.1:
AND "orderid" IN :orderid:', [...])
 4 SYSTEMPATH\Database\Query.php(159): CodeIgniter\Database\Query->compileBinds()
 5 SYSTEMPATH\Database\BaseConnection.php(605): CodeIgniter\Database\Query->getQuery()
 6 SYSTEMPATH\Database\BaseBuilder.php(1616): CodeIgniter\Database\BaseConnection->query('SELECT "fly_code", "fly_code"
FROM "orders"
WHERE "fly_code" = :fly_code:
AND "fly_code" = :fly_code.1:
AND "orderid" IN :orderid:', [...], false)
 7 SYSTEMPATH\Model.php(241): CodeIgniter\Database\BaseBuilder->get()
 8 SYSTEMPATH\BaseModel.php(618): CodeIgniter\Model->doFindAll(0, 0)
 9 APPPATH\Models\OrdersModel.php(32): CodeIgniter\BaseModel->findAll()
10 APPPATH\Controllers\Lists.php(63): App\Models\OrdersModel->getOrders([...])
11 SYSTEMPATH\CodeIgniter.php(934): App\Controllers\Lists->jobs()
12 SYSTEMPATH\CodeIgniter.php(499): CodeIgniter\CodeIgniter->runController(Object(App\Controllers\Lists))
13 SYSTEMPATH\CodeIgniter.php(368): CodeIgniter\CodeIgniter->handleRequest(null, Object(Config\Cache), false)
14 FCPATH\index.php(67): CodeIgniter\CodeIgniter->run()
INFO - 2023-03-23 07:41:35 --> Session: Class initialized using 'CodeIgniter\Session\Handlers\FileHandler' driver.
CRITICAL - 2023-03-23 07:41:35 --> Array to string conversion
in SYSTEMPATH\Database\Query.php on line 329.
 1 [internal function]: CodeIgniter\Debug\Exceptions->errorHandler(2, 'Array to string conversion', 'SYSTEMPATH\\Database\\Query.php', 329)
 2 SYSTEMPATH\Database\Query.php(329): implode(',', [...])
 3 SYSTEMPATH\Database\Query.php(310): CodeIgniter\Database\Query->matchNamedBinds('SELECT "fly_code", "fly_code"
FROM "orders"
WHERE "fly_code" = :fly_code:
AND "fly_code" = :fly_code.1:
AND "orderid" = :orderid:', [...])
 4 SYSTEMPATH\Database\Query.php(159): CodeIgniter\Database\Query->compileBinds()
 5 SYSTEMPATH\Database\BaseConnection.php(605): CodeIgniter\Database\Query->getQuery()
 6 SYSTEMPATH\Database\BaseBuilder.php(1616): CodeIgniter\Database\BaseConnection->query('SELECT "fly_code", "fly_code"
FROM "orders"
WHERE "fly_code" = :fly_code:
AND "fly_code" = :fly_code.1:
AND "orderid" = :orderid:', [...], false)
 7 SYSTEMPATH\Model.php(840): CodeIgniter\Database\BaseBuilder->get()
 8 APPPATH\Models\OrdersModel.php(23): CodeIgniter\Model->__call('get', [])
 9 APPPATH\Controllers\Lists.php(63): App\Models\OrdersModel->getOrders([...])
10 SYSTEMPATH\CodeIgniter.php(934): App\Controllers\Lists->jobs()
11 SYSTEMPATH\CodeIgniter.php(499): CodeIgniter\CodeIgniter->runController(Object(App\Controllers\Lists))
12 SYSTEMPATH\CodeIgniter.php(368): CodeIgniter\CodeIgniter->handleRequest(null, Object(Config\Cache), false)
13 FCPATH\index.php(67): CodeIgniter\CodeIgniter->run()
INFO - 2023-03-23 07:42:09 --> Session: Class initialized using 'CodeIgniter\Session\Handlers\FileHandler' driver.
CRITICAL - 2023-03-23 07:42:09 --> Array to string conversion
in SYSTEMPATH\Database\Query.php on line 329.
 1 [internal function]: CodeIgniter\Debug\Exceptions->errorHandler(2, 'Array to string conversion', 'SYSTEMPATH\\Database\\Query.php', 329)
 2 SYSTEMPATH\Database\Query.php(329): implode(',', [...])
 3 SYSTEMPATH\Database\Query.php(310): CodeIgniter\Database\Query->matchNamedBinds('SELECT "fly_code", "fly_code"
FROM "orders"
WHERE "fly_code" = :fly_code:
AND "fly_code" = :fly_code.1:
AND "orderid" = :orderid:', [...])
 4 SYSTEMPATH\Database\Query.php(159): CodeIgniter\Database\Query->compileBinds()
 5 SYSTEMPATH\Database\BaseConnection.php(605): CodeIgniter\Database\Query->getQuery()
 6 SYSTEMPATH\Database\BaseBuilder.php(1616): CodeIgniter\Database\BaseConnection->query('SELECT "fly_code", "fly_code"
FROM "orders"
WHERE "fly_code" = :fly_code:
AND "fly_code" = :fly_code.1:
AND "orderid" = :orderid:', [...], false)
 7 SYSTEMPATH\Model.php(241): CodeIgniter\Database\BaseBuilder->get()
 8 SYSTEMPATH\BaseModel.php(618): CodeIgniter\Model->doFindAll(0, 0)
 9 APPPATH\Models\OrdersModel.php(23): CodeIgniter\BaseModel->findAll()
10 APPPATH\Controllers\Lists.php(63): App\Models\OrdersModel->getOrders([...])
11 SYSTEMPATH\CodeIgniter.php(934): App\Controllers\Lists->jobs()
12 SYSTEMPATH\CodeIgniter.php(499): CodeIgniter\CodeIgniter->runController(Object(App\Controllers\Lists))
13 SYSTEMPATH\CodeIgniter.php(368): CodeIgniter\CodeIgniter->handleRequest(null, Object(Config\Cache), false)
14 FCPATH\index.php(67): CodeIgniter\CodeIgniter->run()
INFO - 2023-03-23 07:44:18 --> Session: Class initialized using 'CodeIgniter\Session\Handlers\FileHandler' driver.
CRITICAL - 2023-03-23 07:44:18 --> Array to string conversion
in SYSTEMPATH\Database\Query.php on line 329.
 1 [internal function]: CodeIgniter\Debug\Exceptions->errorHandler(2, 'Array to string conversion', 'SYSTEMPATH\\Database\\Query.php', 329)
 2 SYSTEMPATH\Database\Query.php(329): implode(',', [...])
 3 SYSTEMPATH\Database\Query.php(310): CodeIgniter\Database\Query->matchNamedBinds('SELECT "fly_code", "fly_code"
FROM "orders"
WHERE "fly_code" = :fly_code:
AND "fly_code" = :fly_code.1:
AND "orderid" = :orderid:', [...])
 4 SYSTEMPATH\Database\Query.php(159): CodeIgniter\Database\Query->compileBinds()
 5 SYSTEMPATH\Database\BaseConnection.php(605): CodeIgniter\Database\Query->getQuery()
 6 SYSTEMPATH\Database\BaseBuilder.php(1616): CodeIgniter\Database\BaseConnection->query('SELECT "fly_code", "fly_code"
FROM "orders"
WHERE "fly_code" = :fly_code:
AND "fly_code" = :fly_code.1:
AND "orderid" = :orderid:', [...], false)
 7 SYSTEMPATH\Model.php(241): CodeIgniter\Database\BaseBuilder->get()
 8 SYSTEMPATH\BaseModel.php(618): CodeIgniter\Model->doFindAll(0, 0)
 9 APPPATH\Models\OrdersModel.php(23): CodeIgniter\BaseModel->findAll()
10 APPPATH\Controllers\Lists.php(63): App\Models\OrdersModel->getOrders([...])
11 SYSTEMPATH\CodeIgniter.php(934): App\Controllers\Lists->jobs()
12 SYSTEMPATH\CodeIgniter.php(499): CodeIgniter\CodeIgniter->runController(Object(App\Controllers\Lists))
13 SYSTEMPATH\CodeIgniter.php(368): CodeIgniter\CodeIgniter->handleRequest(null, Object(Config\Cache), false)
14 FCPATH\index.php(67): CodeIgniter\CodeIgniter->run()
INFO - 2023-03-23 07:45:04 --> Session: Class initialized using 'CodeIgniter\Session\Handlers\FileHandler' driver.
CRITICAL - 2023-03-23 07:45:04 --> Array to string conversion
in SYSTEMPATH\Database\Query.php on line 329.
 1 [internal function]: CodeIgniter\Debug\Exceptions->errorHandler(2, 'Array to string conversion', 'SYSTEMPATH\\Database\\Query.php', 329)
 2 SYSTEMPATH\Database\Query.php(329): implode(',', [...])
 3 SYSTEMPATH\Database\Query.php(310): CodeIgniter\Database\Query->matchNamedBinds('SELECT "fly_code", "fly_code"
FROM "orders"
WHERE "fly_code" = :fly_code:
AND "fly_code" = :fly_code.1:
AND "orderid" = :orderid:', [...])
 4 SYSTEMPATH\Database\Query.php(159): CodeIgniter\Database\Query->compileBinds()
 5 SYSTEMPATH\Database\BaseConnection.php(605): CodeIgniter\Database\Query->getQuery()
 6 SYSTEMPATH\Database\BaseBuilder.php(1616): CodeIgniter\Database\BaseConnection->query('SELECT "fly_code", "fly_code"
FROM "orders"
WHERE "fly_code" = :fly_code:
AND "fly_code" = :fly_code.1:
AND "orderid" = :orderid:', [...], false)
 7 SYSTEMPATH\Model.php(840): CodeIgniter\Database\BaseBuilder->get()
 8 APPPATH\Models\OrdersModel.php(23): CodeIgniter\Model->__call('get', [])
 9 APPPATH\Controllers\Lists.php(63): App\Models\OrdersModel->getOrders([...])
10 SYSTEMPATH\CodeIgniter.php(934): App\Controllers\Lists->jobs()
11 SYSTEMPATH\CodeIgniter.php(499): CodeIgniter\CodeIgniter->runController(Object(App\Controllers\Lists))
12 SYSTEMPATH\CodeIgniter.php(368): CodeIgniter\CodeIgniter->handleRequest(null, Object(Config\Cache), false)
13 FCPATH\index.php(67): CodeIgniter\CodeIgniter->run()
INFO - 2023-03-23 07:49:26 --> Session: Class initialized using 'CodeIgniter\Session\Handlers\FileHandler' driver.
CRITICAL - 2023-03-23 07:49:26 --> Array to string conversion
in SYSTEMPATH\Database\Query.php on line 329.
 1 [internal function]: CodeIgniter\Debug\Exceptions->errorHandler(2, 'Array to string conversion', 'SYSTEMPATH\\Database\\Query.php', 329)
 2 SYSTEMPATH\Database\Query.php(329): implode(',', [...])
 3 SYSTEMPATH\Database\Query.php(310): CodeIgniter\Database\Query->matchNamedBinds('SELECT "fly_code", "fly_code"
FROM "orders"
WHERE "fly_code" = :fly_code:
AND "fly_code" = :fly_code.1:
AND "orderid" = :orderid:', [...])
 4 SYSTEMPATH\Database\Query.php(159): CodeIgniter\Database\Query->compileBinds()
 5 SYSTEMPATH\Database\BaseConnection.php(605): CodeIgniter\Database\Query->getQuery()
 6 SYSTEMPATH\Database\BaseBuilder.php(1616): CodeIgniter\Database\BaseConnection->query('SELECT "fly_code", "fly_code"
FROM "orders"
WHERE "fly_code" = :fly_code:
AND "fly_code" = :fly_code.1:
AND "orderid" = :orderid:', [...], false)
 7 SYSTEMPATH\Model.php(840): CodeIgniter\Database\BaseBuilder->get()
 8 APPPATH\Models\OrdersModel.php(24): CodeIgniter\Model->__call('get', [])
 9 APPPATH\Controllers\Lists.php(63): App\Models\OrdersModel->getOrders([...])
10 SYSTEMPATH\CodeIgniter.php(934): App\Controllers\Lists->jobs()
11 SYSTEMPATH\CodeIgniter.php(499): CodeIgniter\CodeIgniter->runController(Object(App\Controllers\Lists))
12 SYSTEMPATH\CodeIgniter.php(368): CodeIgniter\CodeIgniter->handleRequest(null, Object(Config\Cache), false)
13 FCPATH\index.php(67): CodeIgniter\CodeIgniter->run()
INFO - 2023-03-23 07:52:56 --> Session: Class initialized using 'CodeIgniter\Session\Handlers\FileHandler' driver.
CRITICAL - 2023-03-23 07:52:56 --> syntax error, unexpected token "public"
in APPPATH\Models\OrdersModel.php on line 41.
 1 SYSTEMPATH\Autoloader\Autoloader.php(289): CodeIgniter\Autoloader\Autoloader->includeFile('APPPATH\\Models\\OrdersModel.php')
 2 SYSTEMPATH\Autoloader\Autoloader.php(267): CodeIgniter\Autoloader\Autoloader->loadInNamespace('App\\Models\\OrdersModel')
 3 [internal function]: CodeIgniter\Autoloader\Autoloader->loadClass('App\\Models\\OrdersModel')
 4 SYSTEMPATH\Config\Factories.php(155): class_exists('App\\Models\\OrdersModel')
 5 SYSTEMPATH\Config\Factories.php(125): CodeIgniter\Config\Factories::locateClass([...], 'App\\Models\\OrdersModel')
 6 SYSTEMPATH\Config\Factories.php(86): CodeIgniter\Config\Factories::__callStatic('models', [...])
 7 SYSTEMPATH\Common.php(829): CodeIgniter\Config\Factories::models('App\\Models\\OrdersModel', [...], null)
 8 APPPATH\Controllers\Lists.php(51): model('App\\Models\\OrdersModel')
 9 SYSTEMPATH\CodeIgniter.php(934): App\Controllers\Lists->jobs()
10 SYSTEMPATH\CodeIgniter.php(499): CodeIgniter\CodeIgniter->runController(Object(App\Controllers\Lists))
11 SYSTEMPATH\CodeIgniter.php(368): CodeIgniter\CodeIgniter->handleRequest(null, Object(Config\Cache), false)
12 FCPATH\index.php(67): CodeIgniter\CodeIgniter->run()
INFO - 2023-03-23 07:53:43 --> Session: Class initialized using 'CodeIgniter\Session\Handlers\FileHandler' driver.
CRITICAL - 2023-03-23 07:53:43 --> Array to string conversion
in SYSTEMPATH\Database\Query.php on line 329.
 1 [internal function]: CodeIgniter\Debug\Exceptions->errorHandler(2, 'Array to string conversion', 'SYSTEMPATH\\Database\\Query.php', 329)
 2 SYSTEMPATH\Database\Query.php(329): implode(',', [...])
 3 SYSTEMPATH\Database\Query.php(310): CodeIgniter\Database\Query->matchNamedBinds('SELECT "fly_code", "fly_code"
FROM "orders"
WHERE "fly_code" = :fly_code:
AND "fly_code" = :fly_code.1:
AND "orderid" = :orderid:', [...])
 4 SYSTEMPATH\Database\Query.php(159): CodeIgniter\Database\Query->compileBinds()
 5 SYSTEMPATH\Database\BaseConnection.php(605): CodeIgniter\Database\Query->getQuery()
 6 SYSTEMPATH\Database\BaseBuilder.php(1616): CodeIgniter\Database\BaseConnection->query('SELECT "fly_code", "fly_code"
FROM "orders"
WHERE "fly_code" = :fly_code:
AND "fly_code" = :fly_code.1:
AND "orderid" = :orderid:', [...], false)
 7 SYSTEMPATH\Model.php(840): CodeIgniter\Database\BaseBuilder->get()
 8 APPPATH\Models\OrdersModel.php(25): CodeIgniter\Model->__call('get', [])
 9 APPPATH\Controllers\Lists.php(63): App\Models\OrdersModel->getOrders([...])
10 SYSTEMPATH\CodeIgniter.php(934): App\Controllers\Lists->jobs()
11 SYSTEMPATH\CodeIgniter.php(499): CodeIgniter\CodeIgniter->runController(Object(App\Controllers\Lists))
12 SYSTEMPATH\CodeIgniter.php(368): CodeIgniter\CodeIgniter->handleRequest(null, Object(Config\Cache), false)
13 FCPATH\index.php(67): CodeIgniter\CodeIgniter->run()
INFO - 2023-03-23 07:54:49 --> Session: Class initialized using 'CodeIgniter\Session\Handlers\FileHandler' driver.
CRITICAL - 2023-03-23 07:54:49 --> Array to string conversion
in SYSTEMPATH\Database\Query.php on line 329.
 1 [internal function]: CodeIgniter\Debug\Exceptions->errorHandler(2, 'Array to string conversion', 'SYSTEMPATH\\Database\\Query.php', 329)
 2 SYSTEMPATH\Database\Query.php(329): implode(',', [...])
 3 SYSTEMPATH\Database\Query.php(310): CodeIgniter\Database\Query->matchNamedBinds('SELECT "fly_code", "fly_code"
FROM "orders"
WHERE "fly_code" = :fly_code:
AND "fly_code" = :fly_code.1:
AND 0 = :0:
AND 1 = :1:', [...])
 4 SYSTEMPATH\Database\Query.php(159): CodeIgniter\Database\Query->compileBinds()
 5 SYSTEMPATH\Database\BaseConnection.php(605): CodeIgniter\Database\Query->getQuery()
 6 SYSTEMPATH\Database\BaseBuilder.php(1616): CodeIgniter\Database\BaseConnection->query('SELECT "fly_code", "fly_code"
FROM "orders"
WHERE "fly_code" = :fly_code:
AND "fly_code" = :fly_code.1:
AND 0 = :0:
AND 1 = :1:', [...], false)
 7 SYSTEMPATH\Model.php(840): CodeIgniter\Database\BaseBuilder->get()
 8 APPPATH\Models\OrdersModel.php(25): CodeIgniter\Model->__call('get', [])
 9 APPPATH\Controllers\Lists.php(63): App\Models\OrdersModel->getOrders([...])
10 SYSTEMPATH\CodeIgniter.php(934): App\Controllers\Lists->jobs()
11 SYSTEMPATH\CodeIgniter.php(499): CodeIgniter\CodeIgniter->runController(Object(App\Controllers\Lists))
12 SYSTEMPATH\CodeIgniter.php(368): CodeIgniter\CodeIgniter->handleRequest(null, Object(Config\Cache), false)
13 FCPATH\index.php(67): CodeIgniter\CodeIgniter->run()
INFO - 2023-03-23 07:55:13 --> Session: Class initialized using 'CodeIgniter\Session\Handlers\FileHandler' driver.
CRITICAL - 2023-03-23 07:55:13 --> Array to string conversion
in SYSTEMPATH\Database\Query.php on line 329.
 1 [internal function]: CodeIgniter\Debug\Exceptions->errorHandler(2, 'Array to string conversion', 'SYSTEMPATH\\Database\\Query.php', 329)
 2 SYSTEMPATH\Database\Query.php(329): implode(',', [...])
 3 SYSTEMPATH\Database\Query.php(310): CodeIgniter\Database\Query->matchNamedBinds('SELECT "fly_code", "fly_code"
FROM "orders"
WHERE "fly_code" = :fly_code:
AND "fly_code" = :fly_code.1:
AND "orderid" = :orderid:', [...])
 4 SYSTEMPATH\Database\Query.php(159): CodeIgniter\Database\Query->compileBinds()
 5 SYSTEMPATH\Database\BaseConnection.php(605): CodeIgniter\Database\Query->getQuery()
 6 SYSTEMPATH\Database\BaseBuilder.php(1616): CodeIgniter\Database\BaseConnection->query('SELECT "fly_code", "fly_code"
FROM "orders"
WHERE "fly_code" = :fly_code:
AND "fly_code" = :fly_code.1:
AND "orderid" = :orderid:', [...], false)
 7 SYSTEMPATH\Model.php(840): CodeIgniter\Database\BaseBuilder->get()
 8 APPPATH\Models\OrdersModel.php(25): CodeIgniter\Model->__call('get', [])
 9 APPPATH\Controllers\Lists.php(63): App\Models\OrdersModel->getOrders([...])
10 SYSTEMPATH\CodeIgniter.php(934): App\Controllers\Lists->jobs()
11 SYSTEMPATH\CodeIgniter.php(499): CodeIgniter\CodeIgniter->runController(Object(App\Controllers\Lists))
12 SYSTEMPATH\CodeIgniter.php(368): CodeIgniter\CodeIgniter->handleRequest(null, Object(Config\Cache), false)
13 FCPATH\index.php(67): CodeIgniter\CodeIgniter->run()
INFO - 2023-03-23 07:55:47 --> Session: Class initialized using 'CodeIgniter\Session\Handlers\FileHandler' driver.
CRITICAL - 2023-03-23 07:55:47 --> Array to string conversion
in SYSTEMPATH\Database\Query.php on line 329.
 1 [internal function]: CodeIgniter\Debug\Exceptions->errorHandler(2, 'Array to string conversion', 'SYSTEMPATH\\Database\\Query.php', 329)
 2 SYSTEMPATH\Database\Query.php(329): implode(',', [...])
 3 SYSTEMPATH\Database\Query.php(310): CodeIgniter\Database\Query->matchNamedBinds('SELECT "fly_code", "fly_code"
FROM "orders"
WHERE "fly_code" = :fly_code:
AND "fly_code" = :fly_code.1:
AND "orderid" = :orderid:', [...])
 4 SYSTEMPATH\Database\Query.php(159): CodeIgniter\Database\Query->compileBinds()
 5 SYSTEMPATH\Database\BaseConnection.php(605): CodeIgniter\Database\Query->getQuery()
 6 SYSTEMPATH\Database\BaseBuilder.php(1616): CodeIgniter\Database\BaseConnection->query('SELECT "fly_code", "fly_code"
FROM "orders"
WHERE "fly_code" = :fly_code:
AND "fly_code" = :fly_code.1:
AND "orderid" = :orderid:', [...], false)
 7 SYSTEMPATH\Model.php(840): CodeIgniter\Database\BaseBuilder->get()
 8 APPPATH\Models\OrdersModel.php(26): CodeIgniter\Model->__call('get', [])
 9 APPPATH\Controllers\Lists.php(63): App\Models\OrdersModel->getOrders([...])
10 SYSTEMPATH\CodeIgniter.php(934): App\Controllers\Lists->jobs()
11 SYSTEMPATH\CodeIgniter.php(499): CodeIgniter\CodeIgniter->runController(Object(App\Controllers\Lists))
12 SYSTEMPATH\CodeIgniter.php(368): CodeIgniter\CodeIgniter->handleRequest(null, Object(Config\Cache), false)
13 FCPATH\index.php(67): CodeIgniter\CodeIgniter->run()
INFO - 2023-03-23 07:56:47 --> Session: Class initialized using 'CodeIgniter\Session\Handlers\FileHandler' driver.
CRITICAL - 2023-03-23 07:56:47 --> whereIn() expects $values to be of type array or closure
in SYSTEMPATH\Database\BaseBuilder.php on line 940.
 1 SYSTEMPATH\Database\BaseBuilder.php(827): CodeIgniter\Database\BaseBuilder->_whereIn('orderid', '4', false, 'AND ', null)
 2 SYSTEMPATH\Model.php(840): CodeIgniter\Database\BaseBuilder->whereIn('orderid', '4')
 3 APPPATH\Models\OrdersModel.php(27): CodeIgniter\Model->__call('whereIn', [...])
 4 APPPATH\Controllers\Lists.php(63): App\Models\OrdersModel->getOrders([...])
 5 SYSTEMPATH\CodeIgniter.php(934): App\Controllers\Lists->jobs()
 6 SYSTEMPATH\CodeIgniter.php(499): CodeIgniter\CodeIgniter->runController(Object(App\Controllers\Lists))
 7 SYSTEMPATH\CodeIgniter.php(368): CodeIgniter\CodeIgniter->handleRequest(null, Object(Config\Cache), false)
 8 FCPATH\index.php(67): CodeIgniter\CodeIgniter->run()
INFO - 2023-03-23 08:43:12 --> Session: Class initialized using 'CodeIgniter\Session\Handlers\FileHandler' driver.
CRITICAL - 2023-03-23 08:43:13 --> whereIn() expects $values to be of type array or closure
in SYSTEMPATH\Database\BaseBuilder.php on line 940.
 1 SYSTEMPATH\Database\BaseBuilder.php(827): CodeIgniter\Database\BaseBuilder->_whereIn('orderid', '4', false, 'AND ', null)
 2 SYSTEMPATH\Model.php(840): CodeIgniter\Database\BaseBuilder->whereIn('orderid', '4')
 3 APPPATH\Models\OrdersModel.php(28): CodeIgniter\Model->__call('whereIn', [...])
 4 APPPATH\Controllers\Lists.php(63): App\Models\OrdersModel->getOrders([...])
 5 SYSTEMPATH\CodeIgniter.php(934): App\Controllers\Lists->jobs()
 6 SYSTEMPATH\CodeIgniter.php(499): CodeIgniter\CodeIgniter->runController(Object(App\Controllers\Lists))
 7 SYSTEMPATH\CodeIgniter.php(368): CodeIgniter\CodeIgniter->handleRequest(null, Object(Config\Cache), false)
 8 FCPATH\index.php(67): CodeIgniter\CodeIgniter->run()
INFO - 2023-03-23 08:43:20 --> Session: Class initialized using 'CodeIgniter\Session\Handlers\FileHandler' driver.
CRITICAL - 2023-03-23 08:43:20 --> Array to string conversion
in SYSTEMPATH\Database\Query.php on line 329.
 1 [internal function]: CodeIgniter\Debug\Exceptions->errorHandler(2, 'Array to string conversion', 'SYSTEMPATH\\Database\\Query.php', 329)
 2 SYSTEMPATH\Database\Query.php(329): implode(',', [...])
 3 SYSTEMPATH\Database\Query.php(310): CodeIgniter\Database\Query->matchNamedBinds('SELECT "fly_code", "fly_code"
FROM "orders"
WHERE "fly_code" = :fly_code:
AND "fly_code" = :fly_code.1:
AND "orderid" = :orderid:', [...])
 4 SYSTEMPATH\Database\Query.php(159): CodeIgniter\Database\Query->compileBinds()
 5 SYSTEMPATH\Database\BaseConnection.php(605): CodeIgniter\Database\Query->getQuery()
 6 SYSTEMPATH\Database\BaseBuilder.php(1616): CodeIgniter\Database\BaseConnection->query('SELECT "fly_code", "fly_code"
FROM "orders"
WHERE "fly_code" = :fly_code:
AND "fly_code" = :fly_code.1:
AND "orderid" = :orderid:', [...], false)
 7 SYSTEMPATH\Model.php(840): CodeIgniter\Database\BaseBuilder->get()
 8 APPPATH\Models\OrdersModel.php(27): CodeIgniter\Model->__call('get', [])
 9 APPPATH\Controllers\Lists.php(63): App\Models\OrdersModel->getOrders([...])
10 SYSTEMPATH\CodeIgniter.php(934): App\Controllers\Lists->jobs()
11 SYSTEMPATH\CodeIgniter.php(499): CodeIgniter\CodeIgniter->runController(Object(App\Controllers\Lists))
12 SYSTEMPATH\CodeIgniter.php(368): CodeIgniter\CodeIgniter->handleRequest(null, Object(Config\Cache), false)
13 FCPATH\index.php(67): CodeIgniter\CodeIgniter->run()
INFO - 2023-03-23 08:43:42 --> Session: Class initialized using 'CodeIgniter\Session\Handlers\FileHandler' driver.
CRITICAL - 2023-03-23 08:43:42 --> Array to string conversion
in SYSTEMPATH\Database\Query.php on line 329.
 1 [internal function]: CodeIgniter\Debug\Exceptions->errorHandler(2, 'Array to string conversion', 'SYSTEMPATH\\Database\\Query.php', 329)
 2 SYSTEMPATH\Database\Query.php(329): implode(',', [...])
 3 SYSTEMPATH\Database\Query.php(310): CodeIgniter\Database\Query->matchNamedBinds('SELECT "fly_code", "fly_code"
FROM "orders"
WHERE "fly_code" = :fly_code:
AND "fly_code" = :fly_code.1:
AND "orderid" = :orderid:', [...])
 4 SYSTEMPATH\Database\Query.php(159): CodeIgniter\Database\Query->compileBinds()
 5 SYSTEMPATH\Database\BaseConnection.php(605): CodeIgniter\Database\Query->getQuery()
 6 SYSTEMPATH\Database\BaseBuilder.php(1616): CodeIgniter\Database\BaseConnection->query('SELECT "fly_code", "fly_code"
FROM "orders"
WHERE "fly_code" = :fly_code:
AND "fly_code" = :fly_code.1:
AND "orderid" = :orderid:', [...], false)
 7 SYSTEMPATH\Model.php(840): CodeIgniter\Database\BaseBuilder->get()
 8 APPPATH\Models\OrdersModel.php(27): CodeIgniter\Model->__call('get', [])
 9 APPPATH\Controllers\Lists.php(63): App\Models\OrdersModel->getOrders([...])
10 SYSTEMPATH\CodeIgniter.php(934): App\Controllers\Lists->jobs()
11 SYSTEMPATH\CodeIgniter.php(499): CodeIgniter\CodeIgniter->runController(Object(App\Controllers\Lists))
12 SYSTEMPATH\CodeIgniter.php(368): CodeIgniter\CodeIgniter->handleRequest(null, Object(Config\Cache), false)
13 FCPATH\index.php(67): CodeIgniter\CodeIgniter->run()
INFO - 2023-03-23 08:43:59 --> Session: Class initialized using 'CodeIgniter\Session\Handlers\FileHandler' driver.
CRITICAL - 2023-03-23 08:43:59 --> Array to string conversion
in SYSTEMPATH\Database\Query.php on line 329.
 1 [internal function]: CodeIgniter\Debug\Exceptions->errorHandler(2, 'Array to string conversion', 'SYSTEMPATH\\Database\\Query.php', 329)
 2 SYSTEMPATH\Database\Query.php(329): implode(',', [...])
 3 SYSTEMPATH\Database\Query.php(310): CodeIgniter\Database\Query->matchNamedBinds('SELECT "fly_code", "fly_code"
FROM "orders"
WHERE "fly_code" = :fly_code:
AND "fly_code" = :fly_code.1:
AND "orderid" = :orderid:', [...])
 4 SYSTEMPATH\Database\Query.php(159): CodeIgniter\Database\Query->compileBinds()
 5 SYSTEMPATH\Database\BaseConnection.php(605): CodeIgniter\Database\Query->getQuery()
 6 SYSTEMPATH\Database\BaseBuilder.php(1616): CodeIgniter\Database\BaseConnection->query('SELECT "fly_code", "fly_code"
FROM "orders"
WHERE "fly_code" = :fly_code:
AND "fly_code" = :fly_code.1:
AND "orderid" = :orderid:', [...], false)
 7 SYSTEMPATH\Model.php(840): CodeIgniter\Database\BaseBuilder->get()
 8 APPPATH\Models\OrdersModel.php(26): CodeIgniter\Model->__call('get', [])
 9 APPPATH\Controllers\Lists.php(63): App\Models\OrdersModel->getOrders([...])
10 SYSTEMPATH\CodeIgniter.php(934): App\Controllers\Lists->jobs()
11 SYSTEMPATH\CodeIgniter.php(499): CodeIgniter\CodeIgniter->runController(Object(App\Controllers\Lists))
12 SYSTEMPATH\CodeIgniter.php(368): CodeIgniter\CodeIgniter->handleRequest(null, Object(Config\Cache), false)
13 FCPATH\index.php(67): CodeIgniter\CodeIgniter->run()
INFO - 2023-03-23 08:44:37 --> Session: Class initialized using 'CodeIgniter\Session\Handlers\FileHandler' driver.
CRITICAL - 2023-03-23 08:44:37 --> Array to string conversion
in SYSTEMPATH\Database\Query.php on line 329.
 1 [internal function]: CodeIgniter\Debug\Exceptions->errorHandler(2, 'Array to string conversion', 'SYSTEMPATH\\Database\\Query.php', 329)
 2 SYSTEMPATH\Database\Query.php(329): implode(',', [...])
 3 SYSTEMPATH\Database\Query.php(310): CodeIgniter\Database\Query->matchNamedBinds('SELECT "fly_code", "fly_code"
FROM "orders"
WHERE "fly_code" = :fly_code:
AND "fly_code" = :fly_code.1:
AND "orderid" = :orderid:', [...])
 4 SYSTEMPATH\Database\Query.php(159): CodeIgniter\Database\Query->compileBinds()
 5 SYSTEMPATH\Database\BaseConnection.php(605): CodeIgniter\Database\Query->getQuery()
 6 SYSTEMPATH\Database\BaseBuilder.php(1616): CodeIgniter\Database\BaseConnection->query('SELECT "fly_code", "fly_code"
FROM "orders"
WHERE "fly_code" = :fly_code:
AND "fly_code" = :fly_code.1:
AND "orderid" = :orderid:', [...], false)
 7 SYSTEMPATH\Model.php(840): CodeIgniter\Database\BaseBuilder->get()
 8 APPPATH\Models\OrdersModel.php(23): CodeIgniter\Model->__call('get', [])
 9 APPPATH\Controllers\Lists.php(63): App\Models\OrdersModel->getOrders([...])
10 SYSTEMPATH\CodeIgniter.php(934): App\Controllers\Lists->jobs()
11 SYSTEMPATH\CodeIgniter.php(499): CodeIgniter\CodeIgniter->runController(Object(App\Controllers\Lists))
12 SYSTEMPATH\CodeIgniter.php(368): CodeIgniter\CodeIgniter->handleRequest(null, Object(Config\Cache), false)
13 FCPATH\index.php(67): CodeIgniter\CodeIgniter->run()
INFO - 2023-03-23 08:45:01 --> Session: Class initialized using 'CodeIgniter\Session\Handlers\FileHandler' driver.
CRITICAL - 2023-03-23 08:45:01 --> Array to string conversion
in SYSTEMPATH\Database\Query.php on line 329.
 1 [internal function]: CodeIgniter\Debug\Exceptions->errorHandler(2, 'Array to string conversion', 'SYSTEMPATH\\Database\\Query.php', 329)
 2 SYSTEMPATH\Database\Query.php(329): implode(',', [...])
 3 SYSTEMPATH\Database\Query.php(310): CodeIgniter\Database\Query->matchNamedBinds('SELECT "fly_code", "fly_code"
FROM "orders"
WHERE "fly_code" = :fly_code:
AND "fly_code" = :fly_code.1:
AND "orderid" = :orderid:', [...])
 4 SYSTEMPATH\Database\Query.php(159): CodeIgniter\Database\Query->compileBinds()
 5 SYSTEMPATH\Database\BaseConnection.php(605): CodeIgniter\Database\Query->getQuery()
 6 SYSTEMPATH\Database\BaseBuilder.php(1616): CodeIgniter\Database\BaseConnection->query('SELECT "fly_code", "fly_code"
FROM "orders"
WHERE "fly_code" = :fly_code:
AND "fly_code" = :fly_code.1:
AND "orderid" = :orderid:', [...], false)
 7 SYSTEMPATH\Model.php(241): CodeIgniter\Database\BaseBuilder->get()
 8 SYSTEMPATH\BaseModel.php(618): CodeIgniter\Model->doFindAll(0, 0)
 9 APPPATH\Models\OrdersModel.php(23): CodeIgniter\BaseModel->findAll()
10 APPPATH\Controllers\Lists.php(63): App\Models\OrdersModel->getOrders([...])
11 SYSTEMPATH\CodeIgniter.php(934): App\Controllers\Lists->jobs()
12 SYSTEMPATH\CodeIgniter.php(499): CodeIgniter\CodeIgniter->runController(Object(App\Controllers\Lists))
13 SYSTEMPATH\CodeIgniter.php(368): CodeIgniter\CodeIgniter->handleRequest(null, Object(Config\Cache), false)
14 FCPATH\index.php(67): CodeIgniter\CodeIgniter->run()
INFO - 2023-03-23 08:48:59 --> Session: Class initialized using 'CodeIgniter\Session\Handlers\FileHandler' driver.
CRITICAL - 2023-03-23 08:48:59 --> Array to string conversion
in SYSTEMPATH\Database\Query.php on line 329.
 1 [internal function]: CodeIgniter\Debug\Exceptions->errorHandler(2, 'Array to string conversion', 'SYSTEMPATH\\Database\\Query.php', 329)
 2 SYSTEMPATH\Database\Query.php(329): implode(',', [...])
 3 SYSTEMPATH\Database\Query.php(310): CodeIgniter\Database\Query->matchNamedBinds('SELECT "fly_code", "fly_code"
FROM "orders"
WHERE "fly_code" = :fly_code:
AND "fly_code" = :fly_code.1:
AND "orderid" = :orderid:', [...])
 4 SYSTEMPATH\Database\Query.php(159): CodeIgniter\Database\Query->compileBinds()
 5 SYSTEMPATH\Database\BaseConnection.php(605): CodeIgniter\Database\Query->getQuery()
 6 SYSTEMPATH\Database\BaseBuilder.php(1616): CodeIgniter\Database\BaseConnection->query('SELECT "fly_code", "fly_code"
FROM "orders"
WHERE "fly_code" = :fly_code:
AND "fly_code" = :fly_code.1:
AND "orderid" = :orderid:', [...], false)
 7 SYSTEMPATH\Model.php(241): CodeIgniter\Database\BaseBuilder->get()
 8 SYSTEMPATH\BaseModel.php(618): CodeIgniter\Model->doFindAll(0, 0)
 9 APPPATH\Models\OrdersModel.php(23): CodeIgniter\BaseModel->findAll()
10 APPPATH\Controllers\Lists.php(63): App\Models\OrdersModel->getOrders([...])
11 SYSTEMPATH\CodeIgniter.php(934): App\Controllers\Lists->jobs()
12 SYSTEMPATH\CodeIgniter.php(499): CodeIgniter\CodeIgniter->runController(Object(App\Controllers\Lists))
13 SYSTEMPATH\CodeIgniter.php(368): CodeIgniter\CodeIgniter->handleRequest(null, Object(Config\Cache), false)
14 FCPATH\index.php(67): CodeIgniter\CodeIgniter->run()
INFO - 2023-03-23 08:49:13 --> Session: Class initialized using 'CodeIgniter\Session\Handlers\FileHandler' driver.
CRITICAL - 2023-03-23 08:49:13 --> Array to string conversion
in SYSTEMPATH\Database\Query.php on line 329.
 1 [internal function]: CodeIgniter\Debug\Exceptions->errorHandler(2, 'Array to string conversion', 'SYSTEMPATH\\Database\\Query.php', 329)
 2 SYSTEMPATH\Database\Query.php(329): implode(',', [...])
 3 SYSTEMPATH\Database\Query.php(310): CodeIgniter\Database\Query->matchNamedBinds('SELECT "fly_code", "fly_code"
FROM "orders"
WHERE "fly_code" = :fly_code:
AND "fly_code" = :fly_code.1:
AND "orderid" = :orderid:', [...])
 4 SYSTEMPATH\Database\Query.php(159): CodeIgniter\Database\Query->compileBinds()
 5 SYSTEMPATH\Database\BaseConnection.php(605): CodeIgniter\Database\Query->getQuery()
 6 SYSTEMPATH\Database\BaseBuilder.php(1616): CodeIgniter\Database\BaseConnection->query('SELECT "fly_code", "fly_code"
FROM "orders"
WHERE "fly_code" = :fly_code:
AND "fly_code" = :fly_code.1:
AND "orderid" = :orderid:', [...], false)
 7 SYSTEMPATH\Model.php(241): CodeIgniter\Database\BaseBuilder->get()
 8 SYSTEMPATH\BaseModel.php(618): CodeIgniter\Model->doFindAll(0, 0)
 9 APPPATH\Models\OrdersModel.php(23): CodeIgniter\BaseModel->findAll()
10 APPPATH\Controllers\Lists.php(63): App\Models\OrdersModel->getOrders([...])
11 SYSTEMPATH\CodeIgniter.php(934): App\Controllers\Lists->jobs()
12 SYSTEMPATH\CodeIgniter.php(499): CodeIgniter\CodeIgniter->runController(Object(App\Controllers\Lists))
13 SYSTEMPATH\CodeIgniter.php(368): CodeIgniter\CodeIgniter->handleRequest(null, Object(Config\Cache), false)
14 FCPATH\index.php(67): CodeIgniter\CodeIgniter->run()
INFO - 2023-03-23 08:49:41 --> Session: Class initialized using 'CodeIgniter\Session\Handlers\FileHandler' driver.
CRITICAL - 2023-03-23 08:49:41 --> Array to string conversion
in SYSTEMPATH\Database\Query.php on line 329.
 1 [internal function]: CodeIgniter\Debug\Exceptions->errorHandler(2, 'Array to string conversion', 'SYSTEMPATH\\Database\\Query.php', 329)
 2 SYSTEMPATH\Database\Query.php(329): implode(',', [...])
 3 SYSTEMPATH\Database\Query.php(310): CodeIgniter\Database\Query->matchNamedBinds('SELECT "fly_code", "fly_code"
FROM "orders"
WHERE "fly_code" = :fly_code:
AND "fly_code" = :fly_code.1:
AND "orderid" = :orderid:', [...])
 4 SYSTEMPATH\Database\Query.php(159): CodeIgniter\Database\Query->compileBinds()
 5 SYSTEMPATH\Database\BaseConnection.php(605): CodeIgniter\Database\Query->getQuery()
 6 SYSTEMPATH\Database\BaseBuilder.php(1616): CodeIgniter\Database\BaseConnection->query('SELECT "fly_code", "fly_code"
FROM "orders"
WHERE "fly_code" = :fly_code:
AND "fly_code" = :fly_code.1:
AND "orderid" = :orderid:', [...], false)
 7 SYSTEMPATH\Model.php(241): CodeIgniter\Database\BaseBuilder->get()
 8 SYSTEMPATH\BaseModel.php(618): CodeIgniter\Model->doFindAll(0, 0)
 9 APPPATH\Models\OrdersModel.php(23): CodeIgniter\BaseModel->findAll()
10 APPPATH\Controllers\Lists.php(63): App\Models\OrdersModel->getOrders([...])
11 SYSTEMPATH\CodeIgniter.php(934): App\Controllers\Lists->jobs()
12 SYSTEMPATH\CodeIgniter.php(499): CodeIgniter\CodeIgniter->runController(Object(App\Controllers\Lists))
13 SYSTEMPATH\CodeIgniter.php(368): CodeIgniter\CodeIgniter->handleRequest(null, Object(Config\Cache), false)
14 FCPATH\index.php(67): CodeIgniter\CodeIgniter->run()
INFO - 2023-03-23 08:59:30 --> Session: Class initialized using 'CodeIgniter\Session\Handlers\FileHandler' driver.
CRITICAL - 2023-03-23 08:59:30 --> Array to string conversion
in SYSTEMPATH\Database\Query.php on line 329.
 1 [internal function]: CodeIgniter\Debug\Exceptions->errorHandler(2, 'Array to string conversion', 'SYSTEMPATH\\Database\\Query.php', 329)
 2 SYSTEMPATH\Database\Query.php(329): implode(',', [...])
 3 SYSTEMPATH\Database\Query.php(310): CodeIgniter\Database\Query->matchNamedBinds('SELECT "fly_code", "fly_code"
FROM "orders"
WHERE "fly_code" = :fly_code:
AND "fly_code" = :fly_code.1:
AND "orderid" = :orderid:', [...])
 4 SYSTEMPATH\Database\Query.php(159): CodeIgniter\Database\Query->compileBinds()
 5 SYSTEMPATH\Database\BaseConnection.php(605): CodeIgniter\Database\Query->getQuery()
 6 SYSTEMPATH\Database\BaseBuilder.php(1616): CodeIgniter\Database\BaseConnection->query('SELECT "fly_code", "fly_code"
FROM "orders"
WHERE "fly_code" = :fly_code:
AND "fly_code" = :fly_code.1:
AND "orderid" = :orderid:', [...], false)
 7 SYSTEMPATH\Model.php(241): CodeIgniter\Database\BaseBuilder->get()
 8 SYSTEMPATH\BaseModel.php(618): CodeIgniter\Model->doFindAll(0, 0)
 9 APPPATH\Models\OrdersModel.php(23): CodeIgniter\BaseModel->findAll()
10 APPPATH\Controllers\Lists.php(63): App\Models\OrdersModel->getOrders([...])
11 SYSTEMPATH\CodeIgniter.php(934): App\Controllers\Lists->jobs()
12 SYSTEMPATH\CodeIgniter.php(499): CodeIgniter\CodeIgniter->runController(Object(App\Controllers\Lists))
13 SYSTEMPATH\CodeIgniter.php(368): CodeIgniter\CodeIgniter->handleRequest(null, Object(Config\Cache), false)
14 FCPATH\index.php(67): CodeIgniter\CodeIgniter->run()
INFO - 2023-03-23 11:02:27 --> Session: Class initialized using 'CodeIgniter\Session\Handlers\FileHandler' driver.
CRITICAL - 2023-03-23 11:02:27 --> Array to string conversion
in SYSTEMPATH\Database\Query.php on line 329.
 1 [internal function]: CodeIgniter\Debug\Exceptions->errorHandler(2, 'Array to string conversion', 'SYSTEMPATH\\Database\\Query.php', 329)
 2 SYSTEMPATH\Database\Query.php(329): implode(',', [...])
 3 SYSTEMPATH\Database\Query.php(310): CodeIgniter\Database\Query->matchNamedBinds('SELECT "fly_code", "fly_code"
FROM "orders"
WHERE "fly_code" = :fly_code:
AND "fly_code" = :fly_code.1:
AND "orders"."orderid" = :orders.orderid:', [...])
 4 SYSTEMPATH\Database\Query.php(159): CodeIgniter\Database\Query->compileBinds()
 5 SYSTEMPATH\Database\BaseConnection.php(605): CodeIgniter\Database\Query->getQuery()
 6 SYSTEMPATH\Database\BaseBuilder.php(1616): CodeIgniter\Database\BaseConnection->query('SELECT "fly_code", "fly_code"
FROM "orders"
WHERE "fly_code" = :fly_code:
AND "fly_code" = :fly_code.1:
AND "orders"."orderid" = :orders.orderid:', [...], false)
 7 SYSTEMPATH\Model.php(200): CodeIgniter\Database\BaseBuilder->get()
 8 SYSTEMPATH\BaseModel.php(557): CodeIgniter\Model->doFind(true, 4)
 9 APPPATH\Models\OrdersModel.php(22): CodeIgniter\BaseModel->find(4)
10 APPPATH\Controllers\Lists.php(63): App\Models\OrdersModel->getOrders(4)
11 SYSTEMPATH\CodeIgniter.php(934): App\Controllers\Lists->jobs()
12 SYSTEMPATH\CodeIgniter.php(499): CodeIgniter\CodeIgniter->runController(Object(App\Controllers\Lists))
13 SYSTEMPATH\CodeIgniter.php(368): CodeIgniter\CodeIgniter->handleRequest(null, Object(Config\Cache), false)
14 FCPATH\index.php(67): CodeIgniter\CodeIgniter->run()
INFO - 2023-03-23 11:05:06 --> Session: Class initialized using 'CodeIgniter\Session\Handlers\FileHandler' driver.
CRITICAL - 2023-03-23 11:05:06 --> Array to string conversion
in SYSTEMPATH\Database\Query.php on line 329.
 1 [internal function]: CodeIgniter\Debug\Exceptions->errorHandler(2, 'Array to string conversion', 'SYSTEMPATH\\Database\\Query.php', 329)
 2 SYSTEMPATH\Database\Query.php(329): implode(',', [...])
 3 SYSTEMPATH\Database\Query.php(310): CodeIgniter\Database\Query->matchNamedBinds('SELECT "fly_code", "fly_code"
FROM "orders"
WHERE "fly_code" = :fly_code:
AND "fly_code" = :fly_code.1:
AND "orders"."orderid" = :orders.orderid:', [...])
 4 SYSTEMPATH\Database\Query.php(159): CodeIgniter\Database\Query->compileBinds()
 5 SYSTEMPATH\Database\BaseConnection.php(605): CodeIgniter\Database\Query->getQuery()
 6 SYSTEMPATH\Database\BaseBuilder.php(1616): CodeIgniter\Database\BaseConnection->query('SELECT "fly_code", "fly_code"
FROM "orders"
WHERE "fly_code" = :fly_code:
AND "fly_code" = :fly_code.1:
AND "orders"."orderid" = :orders.orderid:', [...], false)
 7 SYSTEMPATH\Model.php(200): CodeIgniter\Database\BaseBuilder->get()
 8 SYSTEMPATH\BaseModel.php(557): CodeIgniter\Model->doFind(true, 4)
 9 APPPATH\Models\OrdersModel.php(23): CodeIgniter\BaseModel->find(4)
10 APPPATH\Controllers\Lists.php(63): App\Models\OrdersModel->getOrders(4)
11 SYSTEMPATH\CodeIgniter.php(934): App\Controllers\Lists->jobs()
12 SYSTEMPATH\CodeIgniter.php(499): CodeIgniter\CodeIgniter->runController(Object(App\Controllers\Lists))
13 SYSTEMPATH\CodeIgniter.php(368): CodeIgniter\CodeIgniter->handleRequest(null, Object(Config\Cache), false)
14 FCPATH\index.php(67): CodeIgniter\CodeIgniter->run()
INFO - 2023-03-23 11:07:08 --> Session: Class initialized using 'CodeIgniter\Session\Handlers\FileHandler' driver.
CRITICAL - 2023-03-23 11:07:08 --> Array to string conversion
in SYSTEMPATH\Database\Query.php on line 329.
 1 [internal function]: CodeIgniter\Debug\Exceptions->errorHandler(2, 'Array to string conversion', 'SYSTEMPATH\\Database\\Query.php', 329)
 2 SYSTEMPATH\Database\Query.php(329): implode(',', [...])
 3 SYSTEMPATH\Database\Query.php(310): CodeIgniter\Database\Query->matchNamedBinds('SELECT "fly_code", "fly_code"
FROM "orders"
WHERE "fly_code" = :fly_code:
AND "fly_code" = :fly_code.1:
AND "orders"."orderid" = :orders.orderid:', [...])
 4 SYSTEMPATH\Database\Query.php(159): CodeIgniter\Database\Query->compileBinds()
 5 SYSTEMPATH\Database\BaseConnection.php(605): CodeIgniter\Database\Query->getQuery()
 6 SYSTEMPATH\Database\BaseBuilder.php(1616): CodeIgniter\Database\BaseConnection->query('SELECT "fly_code", "fly_code"
FROM "orders"
WHERE "fly_code" = :fly_code:
AND "fly_code" = :fly_code.1:
AND "orders"."orderid" = :orders.orderid:', [...], false)
 7 SYSTEMPATH\Model.php(200): CodeIgniter\Database\BaseBuilder->get()
 8 SYSTEMPATH\BaseModel.php(557): CodeIgniter\Model->doFind(true, 4)
 9 APPPATH\Models\OrdersModel.php(23): CodeIgniter\BaseModel->find(4)
10 APPPATH\Controllers\Lists.php(63): App\Models\OrdersModel->getOrders(4)
11 SYSTEMPATH\CodeIgniter.php(934): App\Controllers\Lists->jobs()
12 SYSTEMPATH\CodeIgniter.php(499): CodeIgniter\CodeIgniter->runController(Object(App\Controllers\Lists))
13 SYSTEMPATH\CodeIgniter.php(368): CodeIgniter\CodeIgniter->handleRequest(null, Object(Config\Cache), false)
14 FCPATH\index.php(67): CodeIgniter\CodeIgniter->run()
INFO - 2023-03-23 11:41:11 --> Session: Class initialized using 'CodeIgniter\Session\Handlers\FileHandler' driver.
CRITICAL - 2023-03-23 11:41:12 --> Array to string conversion
in SYSTEMPATH\Database\Query.php on line 329.
 1 [internal function]: CodeIgniter\Debug\Exceptions->errorHandler(2, 'Array to string conversion', 'SYSTEMPATH\\Database\\Query.php', 329)
 2 SYSTEMPATH\Database\Query.php(329): implode(',', [...])
 3 SYSTEMPATH\Database\Query.php(310): CodeIgniter\Database\Query->matchNamedBinds('SELECT "fly_code", "fly_code"
FROM "orders"
WHERE "fly_code" = :fly_code:
AND "fly_code" = :fly_code.1:
AND "orders"."orderid" = :orders.orderid:', [...])
 4 SYSTEMPATH\Database\Query.php(159): CodeIgniter\Database\Query->compileBinds()
 5 SYSTEMPATH\Database\BaseConnection.php(605): CodeIgniter\Database\Query->getQuery()
 6 SYSTEMPATH\Database\BaseBuilder.php(1616): CodeIgniter\Database\BaseConnection->query('SELECT "fly_code", "fly_code"
FROM "orders"
WHERE "fly_code" = :fly_code:
AND "fly_code" = :fly_code.1:
AND "orders"."orderid" = :orders.orderid:', [...], false)
 7 SYSTEMPATH\Model.php(200): CodeIgniter\Database\BaseBuilder->get()
 8 SYSTEMPATH\BaseModel.php(557): CodeIgniter\Model->doFind(true, 4)
 9 APPPATH\Models\OrdersModel.php(23): CodeIgniter\BaseModel->find(4)
10 APPPATH\Controllers\Lists.php(64): App\Models\OrdersModel->getOrders(4)
11 SYSTEMPATH\CodeIgniter.php(934): App\Controllers\Lists->jobs()
12 SYSTEMPATH\CodeIgniter.php(499): CodeIgniter\CodeIgniter->runController(Object(App\Controllers\Lists))
13 SYSTEMPATH\CodeIgniter.php(368): CodeIgniter\CodeIgniter->handleRequest(null, Object(Config\Cache), false)
14 FCPATH\index.php(67): CodeIgniter\CodeIgniter->run()
INFO - 2023-03-23 12:06:46 --> Session: Class initialized using 'CodeIgniter\Session\Handlers\FileHandler' driver.
INFO - 2023-03-23 12:06:51 --> Session: Class initialized using 'CodeIgniter\Session\Handlers\FileHandler' driver.
INFO - 2023-03-23 12:07:16 --> Session: Class initialized using 'CodeIgniter\Session\Handlers\FileHandler' driver.
CRITICAL - 2023-03-23 12:07:16 --> Array to string conversion
in SYSTEMPATH\Database\Query.php on line 329.
 1 [internal function]: CodeIgniter\Debug\Exceptions->errorHandler(2, 'Array to string conversion', 'SYSTEMPATH\\Database\\Query.php', 329)
 2 SYSTEMPATH\Database\Query.php(329): implode(',', [...])
 3 SYSTEMPATH\Database\Query.php(310): CodeIgniter\Database\Query->matchNamedBinds('SELECT "fly_code", "fly_code"
FROM "orders"
WHERE "fly_code" = :fly_code:
AND "fly_code" = :fly_code.1:
AND "orders"."orderid" = :orders.orderid:', [...])
 4 SYSTEMPATH\Database\Query.php(159): CodeIgniter\Database\Query->compileBinds()
 5 SYSTEMPATH\Database\BaseConnection.php(605): CodeIgniter\Database\Query->getQuery()
 6 SYSTEMPATH\Database\BaseBuilder.php(1616): CodeIgniter\Database\BaseConnection->query('SELECT "fly_code", "fly_code"
FROM "orders"
WHERE "fly_code" = :fly_code:
AND "fly_code" = :fly_code.1:
AND "orders"."orderid" = :orders.orderid:', [...], false)
 7 SYSTEMPATH\Model.php(200): CodeIgniter\Database\BaseBuilder->get()
 8 SYSTEMPATH\BaseModel.php(557): CodeIgniter\Model->doFind(true, 4)
 9 APPPATH\Models\OrdersModel.php(23): CodeIgniter\BaseModel->find(4)
10 APPPATH\Controllers\Lists.php(64): App\Models\OrdersModel->getOrders(4)
11 SYSTEMPATH\CodeIgniter.php(934): App\Controllers\Lists->jobs()
12 SYSTEMPATH\CodeIgniter.php(499): CodeIgniter\CodeIgniter->runController(Object(App\Controllers\Lists))
13 SYSTEMPATH\CodeIgniter.php(368): CodeIgniter\CodeIgniter->handleRequest(null, Object(Config\Cache), false)
14 FCPATH\index.php(67): CodeIgniter\CodeIgniter->run()
INFO - 2023-03-23 12:18:56 --> Session: Class initialized using 'CodeIgniter\Session\Handlers\FileHandler' driver.
INFO - 2023-03-23 12:19:40 --> Session: Class initialized using 'CodeIgniter\Session\Handlers\FileHandler' driver.
INFO - 2023-03-23 12:19:47 --> Session: Class initialized using 'CodeIgniter\Session\Handlers\FileHandler' driver.
INFO - 2023-03-23 12:19:50 --> Session: Class initialized using 'CodeIgniter\Session\Handlers\FileHandler' driver.
INFO - 2023-03-23 12:20:03 --> Session: Class initialized using 'CodeIgniter\Session\Handlers\FileHandler' driver.
INFO - 2023-03-23 12:20:06 --> Session: Class initialized using 'CodeIgniter\Session\Handlers\FileHandler' driver.
INFO - 2023-03-23 12:20:28 --> Session: Class initialized using 'CodeIgniter\Session\Handlers\FileHandler' driver.
CRITICAL - 2023-03-23 12:20:28 --> App\Models\OrdersModel::getOrders(): Argument #1 ($orderid) must be of type ?array, string given, called in C:\xampp\htdocs\fgpr\app\Controllers\Lists.php on line 90
in APPPATH\Models\OrdersModel.php on line 14.
 1 APPPATH\Controllers\Lists.php(90): App\Models\OrdersModel->getOrders('1')
 2 SYSTEMPATH\CodeIgniter.php(934): App\Controllers\Lists->orders('1')
 3 SYSTEMPATH\CodeIgniter.php(499): CodeIgniter\CodeIgniter->runController(Object(App\Controllers\Lists))
 4 SYSTEMPATH\CodeIgniter.php(368): CodeIgniter\CodeIgniter->handleRequest(null, Object(Config\Cache), false)
 5 FCPATH\index.php(67): CodeIgniter\CodeIgniter->run()
INFO - 2023-03-23 12:20:44 --> Session: Class initialized using 'CodeIgniter\Session\Handlers\FileHandler' driver.
INFO - 2023-03-23 12:20:55 --> Session: Class initialized using 'CodeIgniter\Session\Handlers\FileHandler' driver.
INFO - 2023-03-23 12:21:42 --> Session: Class initialized using 'CodeIgniter\Session\Handlers\FileHandler' driver.
CRITICAL - 2023-03-23 12:21:42 --> Array to string conversion
in APPPATH\Views\lists\orders.php on line 70.
 1 APPPATH\Views\lists\orders.php(70): CodeIgniter\Debug\Exceptions->errorHandler(2, 'Array to string conversion', 'APPPATH\\Views\\lists\\orders.php', 70)
 2 SYSTEMPATH\View\View.php(213): include('APPPATH\\Views\\lists\\orders.php')
 3 SYSTEMPATH\View\View.php(216): CodeIgniter\View\View->CodeIgniter\View\{closure}()
 4 SYSTEMPATH\Common.php(1184): CodeIgniter\View\View->render('lists/orders', [], true)
 5 APPPATH\Controllers\Lists.php(110): view('lists/orders', [...])
 6 SYSTEMPATH\CodeIgniter.php(934): App\Controllers\Lists->orders('3')
 7 SYSTEMPATH\CodeIgniter.php(499): CodeIgniter\CodeIgniter->runController(Object(App\Controllers\Lists))
 8 SYSTEMPATH\CodeIgniter.php(368): CodeIgniter\CodeIgniter->handleRequest(null, Object(Config\Cache), false)
 9 FCPATH\index.php(67): CodeIgniter\CodeIgniter->run()
INFO - 2023-03-23 12:29:34 --> Session: Class initialized using 'CodeIgniter\Session\Handlers\FileHandler' driver.
INFO - 2023-03-23 12:30:51 --> Session: Class initialized using 'CodeIgniter\Session\Handlers\FileHandler' driver.
INFO - 2023-03-23 12:31:22 --> Session: Class initialized using 'CodeIgniter\Session\Handlers\FileHandler' driver.
INFO - 2023-03-23 12:31:25 --> Session: Class initialized using 'CodeIgniter\Session\Handlers\FileHandler' driver.
INFO - 2023-03-23 12:36:41 --> Session: Class initialized using 'CodeIgniter\Session\Handlers\FileHandler' driver.
INFO - 2023-03-23 12:37:01 --> Session: Class initialized using 'CodeIgniter\Session\Handlers\FileHandler' driver.
INFO - 2023-03-23 12:37:03 --> Session: Class initialized using 'CodeIgniter\Session\Handlers\FileHandler' driver.
INFO - 2023-03-23 12:37:36 --> Session: Class initialized using 'CodeIgniter\Session\Handlers\FileHandler' driver.
INFO - 2023-03-23 12:37:38 --> Session: Class initialized using 'CodeIgniter\Session\Handlers\FileHandler' driver.
INFO - 2023-03-23 12:37:59 --> Session: Class initialized using 'CodeIgniter\Session\Handlers\FileHandler' driver.
INFO - 2023-03-23 12:38:03 --> Session: Class initialized using 'CodeIgniter\Session\Handlers\FileHandler' driver.
INFO - 2023-03-23 12:38:19 --> Session: Class initialized using 'CodeIgniter\Session\Handlers\FileHandler' driver.
INFO - 2023-03-23 12:38:23 --> Session: Class initialized using 'CodeIgniter\Session\Handlers\FileHandler' driver.
INFO - 2023-03-23 12:38:52 --> Session: Class initialized using 'CodeIgniter\Session\Handlers\FileHandler' driver.
INFO - 2023-03-23 12:38:55 --> Session: Class initialized using 'CodeIgniter\Session\Handlers\FileHandler' driver.
INFO - 2023-03-23 12:39:27 --> Session: Class initialized using 'CodeIgniter\Session\Handlers\FileHandler' driver.
INFO - 2023-03-23 12:39:29 --> Session: Class initialized using 'CodeIgniter\Session\Handlers\FileHandler' driver.
INFO - 2023-03-23 12:39:33 --> Session: Class initialized using 'CodeIgniter\Session\Handlers\FileHandler' driver.
INFO - 2023-03-23 12:41:06 --> Session: Class initialized using 'CodeIgniter\Session\Handlers\FileHandler' driver.
INFO - 2023-03-23 12:51:49 --> Session: Class initialized using 'CodeIgniter\Session\Handlers\FileHandler' driver.
INFO - 2023-03-23 12:55:16 --> Session: Class initialized using 'CodeIgniter\Session\Handlers\FileHandler' driver.
INFO - 2023-03-23 12:56:14 --> Session: Class initialized using 'CodeIgniter\Session\Handlers\FileHandler' driver.
INFO - 2023-03-23 13:01:51 --> Session: Class initialized using 'CodeIgniter\Session\Handlers\FileHandler' driver.
INFO - 2023-03-23 13:03:00 --> Session: Class initialized using 'CodeIgniter\Session\Handlers\FileHandler' driver.
INFO - 2023-03-23 13:12:38 --> Session: Class initialized using 'CodeIgniter\Session\Handlers\FileHandler' driver.
ERROR - 2023-03-23 13:12:39 --> ErrorException: pg_query(): Query failed: ERROR:  operator does not exist: numeric = record
LINE 3: WHERE &quot;orderno&quot; = ('1','1','2','2','2','2','1','23')
                        ^
HINT:  No operator matches the given name and argument types. You might need to add explicit type casts. in C:\xampp\htdocs\fgpr\vendor\codeigniter4\framework\system\Database\Postgre\Connection.php:147
Stack trace:
#0 [internal function]: CodeIgniter\Debug\Exceptions->errorHandler(2, 'pg_query(): Que...', 'C:\\xampp\\htdocs...', 147)
#1 C:\xampp\htdocs\fgpr\vendor\codeigniter4\framework\system\Database\Postgre\Connection.php(147): pg_query(Object(PgSql\Connection), 'SELECT *\nFROM "...')
#2 C:\xampp\htdocs\fgpr\vendor\codeigniter4\framework\system\Database\BaseConnection.php(691): CodeIgniter\Database\Postgre\Connection->execute('SELECT *\nFROM "...')
#3 C:\xampp\htdocs\fgpr\vendor\codeigniter4\framework\system\Database\BaseConnection.php(605): CodeIgniter\Database\BaseConnection->simpleQuery('SELECT *\nFROM "...')
#4 C:\xampp\htdocs\fgpr\vendor\codeigniter4\framework\system\Database\BaseBuilder.php(1616): CodeIgniter\Database\BaseConnection->query('SELECT *\nFROM "...', Array, false)
#5 C:\xampp\htdocs\fgpr\vendor\codeigniter4\framework\system\Model.php(840): CodeIgniter\Database\BaseBuilder->get()
#6 C:\xampp\htdocs\fgpr\app\Models\OrdersModel.php(83): CodeIgniter\Model->__call('get', Array)
#7 C:\xampp\htdocs\fgpr\app\Controllers\Lists.php(113): App\Models\OrdersModel->totalOrderCountByNo(Array)
#8 C:\xampp\htdocs\fgpr\vendor\codeigniter4\framework\system\CodeIgniter.php(934): App\Controllers\Lists->orders()
#9 C:\xampp\htdocs\fgpr\vendor\codeigniter4\framework\system\CodeIgniter.php(499): CodeIgniter\CodeIgniter->runController(Object(App\Controllers\Lists))
#10 C:\xampp\htdocs\fgpr\vendor\codeigniter4\framework\system\CodeIgniter.php(368): CodeIgniter\CodeIgniter->handleRequest(NULL, Object(Config\Cache), false)
#11 C:\xampp\htdocs\fgpr\public\index.php(67): CodeIgniter\CodeIgniter->run()
#12 {main}
CRITICAL - 2023-03-23 13:12:39 --> pg_query(): Query failed: ERROR:  operator does not exist: numeric = record
LINE 3: WHERE &quot;orderno&quot; = ('1','1','2','2','2','2','1','23')
                        ^
HINT:  No operator matches the given name and argument types. You might need to add explicit type casts.
in SYSTEMPATH\Database\BaseConnection.php on line 645.
 1 SYSTEMPATH\Database\BaseBuilder.php(1616): CodeIgniter\Database\BaseConnection->query('SELECT *
FROM "orders"
WHERE "orderno" = :orderno:', [...], false)
 2 SYSTEMPATH\Model.php(840): CodeIgniter\Database\BaseBuilder->get()
 3 APPPATH\Models\OrdersModel.php(83): CodeIgniter\Model->__call('get', [])
 4 APPPATH\Controllers\Lists.php(113): App\Models\OrdersModel->totalOrderCountByNo([...])
 5 SYSTEMPATH\CodeIgniter.php(934): App\Controllers\Lists->orders()
 6 SYSTEMPATH\CodeIgniter.php(499): CodeIgniter\CodeIgniter->runController(Object(App\Controllers\Lists))
 7 SYSTEMPATH\CodeIgniter.php(368): CodeIgniter\CodeIgniter->handleRequest(null, Object(Config\Cache), false)
 8 FCPATH\index.php(67): CodeIgniter\CodeIgniter->run()
INFO - 2023-03-23 13:13:28 --> Session: Class initialized using 'CodeIgniter\Session\Handlers\FileHandler' driver.
CRITICAL - 2023-03-23 13:13:28 --> Call to undefined method CodeIgniter\Database\Postgre\Result::num_rows()
in APPPATH\Models\OrdersModel.php on line 84.
 1 APPPATH\Controllers\Lists.php(113): App\Models\OrdersModel->totalOrderCountByNo(1)
 2 SYSTEMPATH\CodeIgniter.php(934): App\Controllers\Lists->orders()
 3 SYSTEMPATH\CodeIgniter.php(499): CodeIgniter\CodeIgniter->runController(Object(App\Controllers\Lists))
 4 SYSTEMPATH\CodeIgniter.php(368): CodeIgniter\CodeIgniter->handleRequest(null, Object(Config\Cache), false)
 5 FCPATH\index.php(67): CodeIgniter\CodeIgniter->run()
INFO - 2023-03-23 13:15:56 --> Session: Class initialized using 'CodeIgniter\Session\Handlers\FileHandler' driver.
CRITICAL - 2023-03-23 13:15:56 --> Call to undefined method CodeIgniter\Database\Postgre\Result::countAllResults()
in APPPATH\Models\OrdersModel.php on line 84.
 1 APPPATH\Controllers\Lists.php(113): App\Models\OrdersModel->totalOrderCountByNo(1)
 2 SYSTEMPATH\CodeIgniter.php(934): App\Controllers\Lists->orders()
 3 SYSTEMPATH\CodeIgniter.php(499): CodeIgniter\CodeIgniter->runController(Object(App\Controllers\Lists))
 4 SYSTEMPATH\CodeIgniter.php(368): CodeIgniter\CodeIgniter->handleRequest(null, Object(Config\Cache), false)
 5 FCPATH\index.php(67): CodeIgniter\CodeIgniter->run()
INFO - 2023-03-23 13:16:06 --> Session: Class initialized using 'CodeIgniter\Session\Handlers\FileHandler' driver.
INFO - 2023-03-23 13:16:16 --> Session: Class initialized using 'CodeIgniter\Session\Handlers\FileHandler' driver.
INFO - 2023-03-23 13:17:06 --> Session: Class initialized using 'CodeIgniter\Session\Handlers\FileHandler' driver.
ERROR - 2023-03-23 13:17:07 --> ErrorException: pg_query(): Query failed: ERROR:  operator does not exist: numeric = record
LINE 3: WHERE &quot;orderno&quot; = ('1','1','2','2','2','2','1','23')
                        ^
HINT:  No operator matches the given name and argument types. You might need to add explicit type casts. in C:\xampp\htdocs\fgpr\vendor\codeigniter4\framework\system\Database\Postgre\Connection.php:147
Stack trace:
#0 [internal function]: CodeIgniter\Debug\Exceptions->errorHandler(2, 'pg_query(): Que...', 'C:\\xampp\\htdocs...', 147)
#1 C:\xampp\htdocs\fgpr\vendor\codeigniter4\framework\system\Database\Postgre\Connection.php(147): pg_query(Object(PgSql\Connection), 'SELECT COUNT(*)...')
#2 C:\xampp\htdocs\fgpr\vendor\codeigniter4\framework\system\Database\BaseConnection.php(691): CodeIgniter\Database\Postgre\Connection->execute('SELECT COUNT(*)...')
#3 C:\xampp\htdocs\fgpr\vendor\codeigniter4\framework\system\Database\BaseConnection.php(605): CodeIgniter\Database\BaseConnection->simpleQuery('SELECT COUNT(*)...')
#4 C:\xampp\htdocs\fgpr\vendor\codeigniter4\framework\system\Database\BaseBuilder.php(1700): CodeIgniter\Database\BaseConnection->query('SELECT COUNT(*)...', Array, false)
#5 C:\xampp\htdocs\fgpr\vendor\codeigniter4\framework\system\Model.php(606): CodeIgniter\Database\BaseBuilder->countAllResults(true)
#6 C:\xampp\htdocs\fgpr\app\Models\OrdersModel.php(84): CodeIgniter\Model->countAllResults()
#7 C:\xampp\htdocs\fgpr\app\Controllers\Lists.php(113): App\Models\OrdersModel->totalOrderCountByNo(Array)
#8 C:\xampp\htdocs\fgpr\vendor\codeigniter4\framework\system\CodeIgniter.php(934): App\Controllers\Lists->orders()
#9 C:\xampp\htdocs\fgpr\vendor\codeigniter4\framework\system\CodeIgniter.php(499): CodeIgniter\CodeIgniter->runController(Object(App\Controllers\Lists))
#10 C:\xampp\htdocs\fgpr\vendor\codeigniter4\framework\system\CodeIgniter.php(368): CodeIgniter\CodeIgniter->handleRequest(NULL, Object(Config\Cache), false)
#11 C:\xampp\htdocs\fgpr\public\index.php(67): CodeIgniter\CodeIgniter->run()
#12 {main}
CRITICAL - 2023-03-23 13:17:07 --> pg_query(): Query failed: ERROR:  operator does not exist: numeric = record
LINE 3: WHERE &quot;orderno&quot; = ('1','1','2','2','2','2','1','23')
                        ^
HINT:  No operator matches the given name and argument types. You might need to add explicit type casts.
in SYSTEMPATH\Database\BaseConnection.php on line 645.
 1 SYSTEMPATH\Database\BaseBuilder.php(1700): CodeIgniter\Database\BaseConnection->query('SELECT COUNT(*) AS "numrows"
FROM "orders"
WHERE "orderno" = :orderno:', [...], false)
 2 SYSTEMPATH\Model.php(606): CodeIgniter\Database\BaseBuilder->countAllResults(true)
 3 APPPATH\Models\OrdersModel.php(84): CodeIgniter\Model->countAllResults()
 4 APPPATH\Controllers\Lists.php(113): App\Models\OrdersModel->totalOrderCountByNo([...])
 5 SYSTEMPATH\CodeIgniter.php(934): App\Controllers\Lists->orders()
 6 SYSTEMPATH\CodeIgniter.php(499): CodeIgniter\CodeIgniter->runController(Object(App\Controllers\Lists))
 7 SYSTEMPATH\CodeIgniter.php(368): CodeIgniter\CodeIgniter->handleRequest(null, Object(Config\Cache), false)
 8 FCPATH\index.php(67): CodeIgniter\CodeIgniter->run()
