INFO - 2023-03-24 05:36:27 --> Session: Class initialized using 'CodeIgniter\Session\Handlers\FileHandler' driver.
INFO - 2023-03-24 05:39:58 --> Session: Class initialized using 'CodeIgniter\Session\Handlers\FileHandler' driver.
INFO - 2023-03-24 05:40:21 --> Session: Class initialized using 'CodeIgniter\Session\Handlers\FileHandler' driver.
INFO - 2023-03-24 05:41:00 --> Session: Class initialized using 'CodeIgniter\Session\Handlers\FileHandler' driver.
INFO - 2023-03-24 07:48:33 --> Session: Class initialized using 'CodeIgniter\Session\Handlers\FileHandler' driver.
INFO - 2023-03-24 07:50:54 --> Session: Class initialized using 'CodeIgniter\Session\Handlers\FileHandler' driver.
INFO - 2023-03-24 07:51:09 --> Session: Class initialized using 'CodeIgniter\Session\Handlers\FileHandler' driver.
INFO - 2023-03-24 07:51:17 --> Session: Class initialized using 'CodeIgniter\Session\Handlers\FileHandler' driver.
INFO - 2023-03-24 07:52:37 --> Session: Class initialized using 'CodeIgniter\Session\Handlers\FileHandler' driver.
INFO - 2023-03-24 07:54:26 --> Session: Class initialized using 'CodeIgniter\Session\Handlers\FileHandler' driver.
ERROR - 2023-03-24 07:54:27 --> ErrorException: pg_query(): Query failed: ERROR:  operator does not exist: numeric = record
LINE 3: WHERE &quot;orderno&quot; = ('1','1','2','2','2','2','1','23')
                        ^
HINT:  No operator matches the given name and argument types. You might need to add explicit type casts. in C:\xampp\htdocs\fgpr\vendor\codeigniter4\framework\system\Database\Postgre\Connection.php:147
Stack trace:
#0 [internal function]: CodeIgniter\Debug\Exceptions->errorHandler(2, 'pg_query(): Que...', 'C:\\xampp\\htdocs...', 147)
#1 C:\xampp\htdocs\fgpr\vendor\codeigniter4\framework\system\Database\Postgre\Connection.php(147): pg_query(Object(PgSql\Connection), 'SELECT COUNT(*)...')
#2 C:\xampp\htdocs\fgpr\vendor\codeigniter4\framework\system\Database\BaseConnection.php(691): CodeIgniter\Database\Postgre\Connection->execute('SELECT COUNT(*)...')
#3 C:\xampp\htdocs\fgpr\vendor\codeigniter4\framework\system\Database\BaseConnection.php(605): CodeIgniter\Database\BaseConnection->simpleQuery('SELECT COUNT(*)...')
#4 C:\xampp\htdocs\fgpr\vendor\codeigniter4\framework\system\Database\BaseBuilder.php(1700): CodeIgniter\Database\BaseConnection->query('SELECT COUNT(*)...', Array, false)
#5 C:\xampp\htdocs\fgpr\vendor\codeigniter4\framework\system\Model.php(606): CodeIgniter\Database\BaseBuilder->countAllResults(true)
#6 C:\xampp\htdocs\fgpr\app\Models\OrdersModel.php(85): CodeIgniter\Model->countAllResults()
#7 C:\xampp\htdocs\fgpr\app\Controllers\Lists.php(111): App\Models\OrdersModel->totalOrderCountByNo(Array)
#8 C:\xampp\htdocs\fgpr\vendor\codeigniter4\framework\system\CodeIgniter.php(934): App\Controllers\Lists->orders()
#9 C:\xampp\htdocs\fgpr\vendor\codeigniter4\framework\system\CodeIgniter.php(499): CodeIgniter\CodeIgniter->runController(Object(App\Controllers\Lists))
#10 C:\xampp\htdocs\fgpr\vendor\codeigniter4\framework\system\CodeIgniter.php(368): CodeIgniter\CodeIgniter->handleRequest(NULL, Object(Config\Cache), false)
#11 C:\xampp\htdocs\fgpr\public\index.php(67): CodeIgniter\CodeIgniter->run()
#12 {main}
CRITICAL - 2023-03-24 07:54:27 --> pg_query(): Query failed: ERROR:  operator does not exist: numeric = record
LINE 3: WHERE &quot;orderno&quot; = ('1','1','2','2','2','2','1','23')
                        ^
HINT:  No operator matches the given name and argument types. You might need to add explicit type casts.
in SYSTEMPATH\Database\BaseConnection.php on line 645.
 1 SYSTEMPATH\Database\BaseBuilder.php(1700): CodeIgniter\Database\BaseConnection->query('SELECT COUNT(*) AS "numrows"
FROM "orders"
WHERE "orderno" = :orderno:', [...], false)
 2 SYSTEMPATH\Model.php(606): CodeIgniter\Database\BaseBuilder->countAllResults(true)
 3 APPPATH\Models\OrdersModel.php(85): CodeIgniter\Model->countAllResults()
 4 APPPATH\Controllers\Lists.php(111): App\Models\OrdersModel->totalOrderCountByNo([...])
 5 SYSTEMPATH\CodeIgniter.php(934): App\Controllers\Lists->orders()
 6 SYSTEMPATH\CodeIgniter.php(499): CodeIgniter\CodeIgniter->runController(Object(App\Controllers\Lists))
 7 SYSTEMPATH\CodeIgniter.php(368): CodeIgniter\CodeIgniter->handleRequest(null, Object(Config\Cache), false)
 8 FCPATH\index.php(67): CodeIgniter\CodeIgniter->run()
INFO - 2023-03-24 07:55:15 --> Session: Class initialized using 'CodeIgniter\Session\Handlers\FileHandler' driver.
CRITICAL - 2023-03-24 07:55:15 --> CodeIgniter\Database\BaseBuilder::whereIn(): Argument #1 ($key) must be of type ?string, array given, called in C:\xampp\htdocs\fgpr\vendor\codeigniter4\framework\system\Model.php on line 840
in SYSTEMPATH\Database\BaseBuilder.php on line 825.
 1 SYSTEMPATH\Model.php(840): CodeIgniter\Database\BaseBuilder->whereIn([...])
 2 APPPATH\Models\OrdersModel.php(85): CodeIgniter\Model->__call('whereIn', [...])
 3 APPPATH\Controllers\Lists.php(111): App\Models\OrdersModel->totalOrderCountByNo([...])
 4 SYSTEMPATH\CodeIgniter.php(934): App\Controllers\Lists->orders()
 5 SYSTEMPATH\CodeIgniter.php(499): CodeIgniter\CodeIgniter->runController(Object(App\Controllers\Lists))
 6 SYSTEMPATH\CodeIgniter.php(368): CodeIgniter\CodeIgniter->handleRequest(null, Object(Config\Cache), false)
 7 FCPATH\index.php(67): CodeIgniter\CodeIgniter->run()
INFO - 2023-03-24 08:00:25 --> Session: Class initialized using 'CodeIgniter\Session\Handlers\FileHandler' driver.
CRITICAL - 2023-03-24 08:00:25 --> CodeIgniter\Database\BaseBuilder::whereIn(): Argument #1 ($key) must be of type ?string, array given, called in C:\xampp\htdocs\fgpr\vendor\codeigniter4\framework\system\Model.php on line 840
in SYSTEMPATH\Database\BaseBuilder.php on line 825.
 1 SYSTEMPATH\Model.php(840): CodeIgniter\Database\BaseBuilder->whereIn([...])
 2 APPPATH\Models\OrdersModel.php(86): CodeIgniter\Model->__call('whereIn', [...])
 3 APPPATH\Controllers\Lists.php(111): App\Models\OrdersModel->totalOrderCountByNo([...])
 4 SYSTEMPATH\CodeIgniter.php(934): App\Controllers\Lists->orders()
 5 SYSTEMPATH\CodeIgniter.php(499): CodeIgniter\CodeIgniter->runController(Object(App\Controllers\Lists))
 6 SYSTEMPATH\CodeIgniter.php(368): CodeIgniter\CodeIgniter->handleRequest(null, Object(Config\Cache), false)
 7 FCPATH\index.php(67): CodeIgniter\CodeIgniter->run()
INFO - 2023-03-24 08:00:42 --> Session: Class initialized using 'CodeIgniter\Session\Handlers\FileHandler' driver.
CRITICAL - 2023-03-24 08:00:42 --> array_push(): Argument #1 ($array) must be of type array, int given
in APPPATH\Models\OrdersModel.php on line 87.
 1 APPPATH\Models\OrdersModel.php(87): array_push(3, [])
 2 APPPATH\Controllers\Lists.php(111): App\Models\OrdersModel->totalOrderCountByNo([...])
 3 SYSTEMPATH\CodeIgniter.php(934): App\Controllers\Lists->orders()
 4 SYSTEMPATH\CodeIgniter.php(499): CodeIgniter\CodeIgniter->runController(Object(App\Controllers\Lists))
 5 SYSTEMPATH\CodeIgniter.php(368): CodeIgniter\CodeIgniter->handleRequest(null, Object(Config\Cache), false)
 6 FCPATH\index.php(67): CodeIgniter\CodeIgniter->run()
INFO - 2023-03-24 08:01:13 --> Session: Class initialized using 'CodeIgniter\Session\Handlers\FileHandler' driver.
INFO - 2023-03-24 08:04:01 --> Session: Class initialized using 'CodeIgniter\Session\Handlers\FileHandler' driver.
INFO - 2023-03-24 08:04:07 --> Session: Class initialized using 'CodeIgniter\Session\Handlers\FileHandler' driver.
INFO - 2023-03-24 08:04:48 --> Session: Class initialized using 'CodeIgniter\Session\Handlers\FileHandler' driver.
INFO - 2023-03-24 08:05:18 --> Session: Class initialized using 'CodeIgniter\Session\Handlers\FileHandler' driver.
INFO - 2023-03-24 08:09:30 --> Session: Class initialized using 'CodeIgniter\Session\Handlers\FileHandler' driver.
INFO - 2023-03-24 08:10:41 --> Session: Class initialized using 'CodeIgniter\Session\Handlers\FileHandler' driver.
INFO - 2023-03-24 08:11:03 --> Session: Class initialized using 'CodeIgniter\Session\Handlers\FileHandler' driver.
INFO - 2023-03-24 08:11:31 --> Session: Class initialized using 'CodeIgniter\Session\Handlers\FileHandler' driver.
INFO - 2023-03-24 09:24:15 --> Session: Class initialized using 'CodeIgniter\Session\Handlers\FileHandler' driver.
CRITICAL - 2023-03-24 09:24:15 --> array_push(): Argument #1 ($array) must be of type array, null given
in APPPATH\Models\OrdersModel.php on line 94.
 1 APPPATH\Models\OrdersModel.php(94): array_push(null, '$5.00')
 2 APPPATH\Controllers\Lists.php(113): App\Models\OrdersModel->getAmountByNo([...])
 3 SYSTEMPATH\CodeIgniter.php(934): App\Controllers\Lists->orders()
 4 SYSTEMPATH\CodeIgniter.php(499): CodeIgniter\CodeIgniter->runController(Object(App\Controllers\Lists))
 5 SYSTEMPATH\CodeIgniter.php(368): CodeIgniter\CodeIgniter->handleRequest(null, Object(Config\Cache), false)
 6 FCPATH\index.php(67): CodeIgniter\CodeIgniter->run()
INFO - 2023-03-24 09:24:27 --> Session: Class initialized using 'CodeIgniter\Session\Handlers\FileHandler' driver.
INFO - 2023-03-24 09:24:34 --> Session: Class initialized using 'CodeIgniter\Session\Handlers\FileHandler' driver.
INFO - 2023-03-24 09:24:54 --> Session: Class initialized using 'CodeIgniter\Session\Handlers\FileHandler' driver.
INFO - 2023-03-24 09:25:32 --> Session: Class initialized using 'CodeIgniter\Session\Handlers\FileHandler' driver.
CRITICAL - 2023-03-24 09:25:33 --> Array to string conversion
in SYSTEMPATH\Database\Query.php on line 329.
 1 [internal function]: CodeIgniter\Debug\Exceptions->errorHandler(2, 'Array to string conversion', 'SYSTEMPATH\\Database\\Query.php', 329)
 2 SYSTEMPATH\Database\Query.php(329): implode(',', [...])
 3 SYSTEMPATH\Database\Query.php(310): CodeIgniter\Database\Query->matchNamedBinds('SELECT "fly_code", "fly_code"
FROM "orders"
WHERE "fly_code" = :fly_code:
AND "fly_code" = :fly_code.1:
AND "orderid" = :orderid:', [...])
 4 SYSTEMPATH\Database\Query.php(159): CodeIgniter\Database\Query->compileBinds()
 5 SYSTEMPATH\Database\BaseConnection.php(605): CodeIgniter\Database\Query->getQuery()
 6 SYSTEMPATH\Database\BaseBuilder.php(1616): CodeIgniter\Database\BaseConnection->query('SELECT "fly_code", "fly_code"
FROM "orders"
WHERE "fly_code" = :fly_code:
AND "fly_code" = :fly_code.1:
AND "orderid" = :orderid:', [...], false)
 7 SYSTEMPATH\Model.php(840): CodeIgniter\Database\BaseBuilder->get()
 8 APPPATH\Models\OrdersModel.php(24): CodeIgniter\Model->__call('get', [])
 9 APPPATH\Controllers\Lists.php(64): App\Models\OrdersModel->getOrders([...])
10 SYSTEMPATH\CodeIgniter.php(934): App\Controllers\Lists->jobs()
11 SYSTEMPATH\CodeIgniter.php(499): CodeIgniter\CodeIgniter->runController(Object(App\Controllers\Lists))
12 SYSTEMPATH\CodeIgniter.php(368): CodeIgniter\CodeIgniter->handleRequest(null, Object(Config\Cache), false)
13 FCPATH\index.php(67): CodeIgniter\CodeIgniter->run()
INFO - 2023-03-24 09:25:35 --> Session: Class initialized using 'CodeIgniter\Session\Handlers\FileHandler' driver.
