CRITICAL - 2023-03-01 08:37:43 --> Undefined variable $total_users
in APPPATH\Views\pages\dashboard.php on line 14.
 1 APPPATH\Views\pages\dashboard.php(14): CodeIgniter\Debug\Exceptions->errorHandler(2, 'Undefined variable $total_users', 'APPPATH\\Views\\pages\\dashboard.php', 14)
 2 SYSTEMPATH\View\View.php(213): include('APPPATH\\Views\\pages\\dashboard.php')
 3 SYSTEMPATH\View\View.php(216): CodeIgniter\View\View->CodeIgniter\View\{closure}()
 4 SYSTEMPATH\Common.php(1184): CodeIgniter\View\View->render('pages/dashboard', [], true)
 5 APPPATH\Controllers\Lists.php(15): view('pages/dashboard', [...])
 6 SYSTEMPATH\CodeIgniter.php(934): App\Controllers\Lists->index()
 7 SYSTEMPATH\CodeIgniter.php(499): CodeIgniter\CodeIgniter->runController(Object(App\Controllers\Lists))
 8 SYSTEMPATH\CodeIgniter.php(368): CodeIgniter\CodeIgniter->handleRequest(null, Object(Config\Cache), false)
 9 FCPATH\index.php(67): CodeIgniter\CodeIgniter->run()
CRITICAL - 2023-03-01 08:38:44 --> Call to undefined method App\Models\UsersModel::count_all
in SYSTEMPATH\Model.php on line 842.
 1 APPPATH\Models\UsersModel.php(29): CodeIgniter\Model->__call('count_all', [])
 2 APPPATH\Controllers\Lists.php(15): App\Models\UsersModel->totalUserCount()
 3 SYSTEMPATH\CodeIgniter.php(934): App\Controllers\Lists->index()
 4 SYSTEMPATH\CodeIgniter.php(499): CodeIgniter\CodeIgniter->runController(Object(App\Controllers\Lists))
 5 SYSTEMPATH\CodeIgniter.php(368): CodeIgniter\CodeIgniter->handleRequest(null, Object(Config\Cache), false)
 6 FCPATH\index.php(67): CodeIgniter\CodeIgniter->run()
CRITICAL - 2023-03-01 08:39:34 --> Call to undefined method App\Models\UsersModel::count_all
in SYSTEMPATH\Model.php on line 842.
 1 APPPATH\Models\UsersModel.php(29): CodeIgniter\Model->__call('count_all', [])
 2 APPPATH\Controllers\Lists.php(15): App\Models\UsersModel->totalUserCount()
 3 SYSTEMPATH\CodeIgniter.php(934): App\Controllers\Lists->index()
 4 SYSTEMPATH\CodeIgniter.php(499): CodeIgniter\CodeIgniter->runController(Object(App\Controllers\Lists))
 5 SYSTEMPATH\CodeIgniter.php(368): CodeIgniter\CodeIgniter->handleRequest(null, Object(Config\Cache), false)
 6 FCPATH\index.php(67): CodeIgniter\CodeIgniter->run()
CRITICAL - 2023-03-01 08:40:48 --> Call to undefined method App\Models\UsersModel::count_all
in SYSTEMPATH\Model.php on line 842.
 1 APPPATH\Models\UsersModel.php(29): CodeIgniter\Model->__call('count_all', [...])
 2 APPPATH\Controllers\Lists.php(15): App\Models\UsersModel->totalUserCount()
 3 SYSTEMPATH\CodeIgniter.php(934): App\Controllers\Lists->index()
 4 SYSTEMPATH\CodeIgniter.php(499): CodeIgniter\CodeIgniter->runController(Object(App\Controllers\Lists))
 5 SYSTEMPATH\CodeIgniter.php(368): CodeIgniter\CodeIgniter->handleRequest(null, Object(Config\Cache), false)
 6 FCPATH\index.php(67): CodeIgniter\CodeIgniter->run()
CRITICAL - 2023-03-01 09:01:52 --> include(../accounts/db_conn.php): Failed to open stream: No such file or directory
in APPPATH\Views\forms\order.php on line 65.
 1 APPPATH\Views\forms\order.php(65): CodeIgniter\Debug\Exceptions->errorHandler(2, 'include(../accounts/db_conn.php): Failed to open stream: No such file or directory', 'APPPATH\\Views\\forms\\order.php', 65)
 2 APPPATH\Views\forms\order.php(65): include()
 3 SYSTEMPATH\View\View.php(213): include('APPPATH\\Views\\forms\\order.php')
 4 SYSTEMPATH\View\View.php(216): CodeIgniter\View\View->CodeIgniter\View\{closure}()
 5 SYSTEMPATH\Common.php(1184): CodeIgniter\View\View->render('forms/order', [], true)
 6 APPPATH\Controllers\Forms.php(17): view('forms/order')
 7 SYSTEMPATH\CodeIgniter.php(934): App\Controllers\Forms->order()
 8 SYSTEMPATH\CodeIgniter.php(499): CodeIgniter\CodeIgniter->runController(Object(App\Controllers\Forms))
 9 SYSTEMPATH\CodeIgniter.php(368): CodeIgniter\CodeIgniter->handleRequest(null, Object(Config\Cache), false)
10 FCPATH\index.php(67): CodeIgniter\CodeIgniter->run()
CRITICAL - 2023-03-01 09:07:05 --> Undefined variable $meta_title
in APPPATH\Views\layouts\main.php on line 6.
 1 APPPATH\Views\layouts\main.php(6): CodeIgniter\Debug\Exceptions->errorHandler(2, 'Undefined variable $meta_title', 'APPPATH\\Views\\layouts\\main.php', 6)
 2 SYSTEMPATH\View\View.php(213): include('APPPATH\\Views\\layouts\\main.php')
 3 SYSTEMPATH\View\View.php(216): CodeIgniter\View\View->CodeIgniter\View\{closure}()
 4 SYSTEMPATH\View\View.php(229): CodeIgniter\View\View->render('layouts/main', [], true)
 5 SYSTEMPATH\Common.php(1184): CodeIgniter\View\View->render('forms/order', [], true)
 6 APPPATH\Controllers\Forms.php(17): view('forms/order')
 7 SYSTEMPATH\CodeIgniter.php(934): App\Controllers\Forms->order()
 8 SYSTEMPATH\CodeIgniter.php(499): CodeIgniter\CodeIgniter->runController(Object(App\Controllers\Forms))
 9 SYSTEMPATH\CodeIgniter.php(368): CodeIgniter\CodeIgniter->handleRequest(null, Object(Config\Cache), false)
10 FCPATH\index.php(67): CodeIgniter\CodeIgniter->run()
CRITICAL - 2023-03-01 09:10:41 --> Undefined variable $meta_title
in APPPATH\Views\layouts\main.php on line 6.
 1 APPPATH\Views\layouts\main.php(6): CodeIgniter\Debug\Exceptions->errorHandler(2, 'Undefined variable $meta_title', 'APPPATH\\Views\\layouts\\main.php', 6)
 2 SYSTEMPATH\View\View.php(213): include('APPPATH\\Views\\layouts\\main.php')
 3 SYSTEMPATH\View\View.php(216): CodeIgniter\View\View->CodeIgniter\View\{closure}()
 4 SYSTEMPATH\View\View.php(229): CodeIgniter\View\View->render('layouts/main', [], true)
 5 SYSTEMPATH\Common.php(1184): CodeIgniter\View\View->render('forms/order', [], true)
 6 APPPATH\Controllers\Forms.php(18): view('forms/order')
 7 SYSTEMPATH\CodeIgniter.php(934): App\Controllers\Forms->order()
 8 SYSTEMPATH\CodeIgniter.php(499): CodeIgniter\CodeIgniter->runController(Object(App\Controllers\Forms))
 9 SYSTEMPATH\CodeIgniter.php(368): CodeIgniter\CodeIgniter->handleRequest(null, Object(Config\Cache), false)
10 FCPATH\index.php(67): CodeIgniter\CodeIgniter->run()
CRITICAL - 2023-03-01 09:10:54 --> Undefined variable $meta_title
in APPPATH\Views\layouts\main.php on line 6.
 1 APPPATH\Views\layouts\main.php(6): CodeIgniter\Debug\Exceptions->errorHandler(2, 'Undefined variable $meta_title', 'APPPATH\\Views\\layouts\\main.php', 6)
 2 SYSTEMPATH\View\View.php(213): include('APPPATH\\Views\\layouts\\main.php')
 3 SYSTEMPATH\View\View.php(216): CodeIgniter\View\View->CodeIgniter\View\{closure}()
 4 SYSTEMPATH\View\View.php(229): CodeIgniter\View\View->render('layouts/main', [], true)
 5 SYSTEMPATH\Common.php(1184): CodeIgniter\View\View->render('forms/order', [], true)
 6 APPPATH\Controllers\Forms.php(19): view('forms/order')
 7 SYSTEMPATH\CodeIgniter.php(934): App\Controllers\Forms->order()
 8 SYSTEMPATH\CodeIgniter.php(499): CodeIgniter\CodeIgniter->runController(Object(App\Controllers\Forms))
 9 SYSTEMPATH\CodeIgniter.php(368): CodeIgniter\CodeIgniter->handleRequest(null, Object(Config\Cache), false)
10 FCPATH\index.php(67): CodeIgniter\CodeIgniter->run()
CRITICAL - 2023-03-01 09:14:46 --> Undefined array key "customerid"
in APPPATH\Controllers\Lists.php on line 50.
 1 APPPATH\Controllers\Lists.php(50): CodeIgniter\Debug\Exceptions->errorHandler(2, 'Undefined array key "customerid"', 'APPPATH\\Controllers\\Lists.php', 50)
 2 SYSTEMPATH\CodeIgniter.php(934): App\Controllers\Lists->orders()
 3 SYSTEMPATH\CodeIgniter.php(499): CodeIgniter\CodeIgniter->runController(Object(App\Controllers\Lists))
 4 SYSTEMPATH\CodeIgniter.php(368): CodeIgniter\CodeIgniter->handleRequest(null, Object(Config\Cache), false)
 5 FCPATH\index.php(67): CodeIgniter\CodeIgniter->run()
CRITICAL - 2023-03-01 09:14:55 --> Undefined variable $job
in APPPATH\Views\lists\jobs.php on line 73.
 1 APPPATH\Views\lists\jobs.php(73): CodeIgniter\Debug\Exceptions->errorHandler(2, 'Undefined variable $job', 'APPPATH\\Views\\lists\\jobs.php', 73)
 2 SYSTEMPATH\View\View.php(213): include('APPPATH\\Views\\lists\\jobs.php')
 3 SYSTEMPATH\View\View.php(216): CodeIgniter\View\View->CodeIgniter\View\{closure}()
 4 SYSTEMPATH\Common.php(1184): CodeIgniter\View\View->render('lists/jobs', [], true)
 5 APPPATH\Controllers\Lists.php(40): view('lists/jobs')
 6 SYSTEMPATH\CodeIgniter.php(934): App\Controllers\Lists->jobs()
 7 SYSTEMPATH\CodeIgniter.php(499): CodeIgniter\CodeIgniter->runController(Object(App\Controllers\Lists))
 8 SYSTEMPATH\CodeIgniter.php(368): CodeIgniter\CodeIgniter->handleRequest(null, Object(Config\Cache), false)
 9 FCPATH\index.php(67): CodeIgniter\CodeIgniter->run()
CRITICAL - 2023-03-01 09:17:08 --> Invalid file: "lists/fly.php"
in SYSTEMPATH\Exceptions\FrameworkException.php on line 33.
 1 SYSTEMPATH\View\View.php(201): CodeIgniter\Exceptions\FrameworkException::forInvalidFile('lists/fly.php')
 2 SYSTEMPATH\Common.php(1184): CodeIgniter\View\View->render('lists/fly', [], true)
 3 APPPATH\Controllers\Lists.php(59): view('lists/fly')
 4 SYSTEMPATH\CodeIgniter.php(934): App\Controllers\Lists->fly()
 5 SYSTEMPATH\CodeIgniter.php(499): CodeIgniter\CodeIgniter->runController(Object(App\Controllers\Lists))
 6 SYSTEMPATH\CodeIgniter.php(368): CodeIgniter\CodeIgniter->handleRequest(null, Object(Config\Cache), false)
 7 FCPATH\index.php(67): CodeIgniter\CodeIgniter->run()
CRITICAL - 2023-03-01 09:19:42 --> Call to undefined method CodeIgniter\View\View::extends()
in APPPATH\Views\lists\fly.php on line 1.
 1 SYSTEMPATH\View\View.php(213): include()
 2 SYSTEMPATH\View\View.php(216): CodeIgniter\View\View->CodeIgniter\View\{closure}()
 3 SYSTEMPATH\Common.php(1184): CodeIgniter\View\View->render('lists/fly', [], true)
 4 APPPATH\Controllers\Lists.php(59): view('lists/fly')
 5 SYSTEMPATH\CodeIgniter.php(934): App\Controllers\Lists->fly()
 6 SYSTEMPATH\CodeIgniter.php(499): CodeIgniter\CodeIgniter->runController(Object(App\Controllers\Lists))
 7 SYSTEMPATH\CodeIgniter.php(368): CodeIgniter\CodeIgniter->handleRequest(null, Object(Config\Cache), false)
 8 FCPATH\index.php(67): CodeIgniter\CodeIgniter->run()
CRITICAL - 2023-03-01 09:20:29 --> Undefined variable $meta_title
in APPPATH\Views\layouts\main.php on line 6.
 1 APPPATH\Views\layouts\main.php(6): CodeIgniter\Debug\Exceptions->errorHandler(2, 'Undefined variable $meta_title', 'APPPATH\\Views\\layouts\\main.php', 6)
 2 SYSTEMPATH\View\View.php(213): include('APPPATH\\Views\\layouts\\main.php')
 3 SYSTEMPATH\View\View.php(216): CodeIgniter\View\View->CodeIgniter\View\{closure}()
 4 SYSTEMPATH\View\View.php(229): CodeIgniter\View\View->render('layouts/main', [], true)
 5 SYSTEMPATH\Common.php(1184): CodeIgniter\View\View->render('lists/fly', [], true)
 6 APPPATH\Controllers\Lists.php(59): view('lists/fly')
 7 SYSTEMPATH\CodeIgniter.php(934): App\Controllers\Lists->fly()
 8 SYSTEMPATH\CodeIgniter.php(499): CodeIgniter\CodeIgniter->runController(Object(App\Controllers\Lists))
 9 SYSTEMPATH\CodeIgniter.php(368): CodeIgniter\CodeIgniter->handleRequest(null, Object(Config\Cache), false)
10 FCPATH\index.php(67): CodeIgniter\CodeIgniter->run()
CRITICAL - 2023-03-01 09:24:21 --> Undefined variable $meta_title
in APPPATH\Views\layouts\main.php on line 6.
 1 APPPATH\Views\layouts\main.php(6): CodeIgniter\Debug\Exceptions->errorHandler(2, 'Undefined variable $meta_title', 'APPPATH\\Views\\layouts\\main.php', 6)
 2 SYSTEMPATH\View\View.php(213): include('APPPATH\\Views\\layouts\\main.php')
 3 SYSTEMPATH\View\View.php(216): CodeIgniter\View\View->CodeIgniter\View\{closure}()
 4 SYSTEMPATH\View\View.php(229): CodeIgniter\View\View->render('layouts/main', [], true)
 5 SYSTEMPATH\Common.php(1184): CodeIgniter\View\View->render('lists/fly', [], true)
 6 APPPATH\Controllers\Lists.php(60): view('lists/fly')
 7 SYSTEMPATH\CodeIgniter.php(934): App\Controllers\Lists->fly()
 8 SYSTEMPATH\CodeIgniter.php(499): CodeIgniter\CodeIgniter->runController(Object(App\Controllers\Lists))
 9 SYSTEMPATH\CodeIgniter.php(368): CodeIgniter\CodeIgniter->handleRequest(null, Object(Config\Cache), false)
10 FCPATH\index.php(67): CodeIgniter\CodeIgniter->run()
CRITICAL - 2023-03-01 09:38:43 --> Cannot access offset of type string on string
in APPPATH\Views\lists\fly.php on line 32.
 1 SYSTEMPATH\View\View.php(213): include()
 2 SYSTEMPATH\View\View.php(216): CodeIgniter\View\View->CodeIgniter\View\{closure}()
 3 SYSTEMPATH\Common.php(1184): CodeIgniter\View\View->render('lists/fly', [], true)
 4 APPPATH\Controllers\Lists.php(62): view('lists/fly', [...])
 5 SYSTEMPATH\CodeIgniter.php(934): App\Controllers\Lists->fly()
 6 SYSTEMPATH\CodeIgniter.php(499): CodeIgniter\CodeIgniter->runController(Object(App\Controllers\Lists))
 7 SYSTEMPATH\CodeIgniter.php(368): CodeIgniter\CodeIgniter->handleRequest(null, Object(Config\Cache), false)
 8 FCPATH\index.php(67): CodeIgniter\CodeIgniter->run()
CRITICAL - 2023-03-01 09:45:19 --> Cannot access offset of type string on string
in APPPATH\Views\lists\fly.php on line 32.
 1 SYSTEMPATH\View\View.php(213): include()
 2 SYSTEMPATH\View\View.php(216): CodeIgniter\View\View->CodeIgniter\View\{closure}()
 3 SYSTEMPATH\Common.php(1184): CodeIgniter\View\View->render('lists/fly', [], true)
 4 APPPATH\Controllers\Lists.php(62): view('lists/fly', [...])
 5 SYSTEMPATH\CodeIgniter.php(934): App\Controllers\Lists->fly()
 6 SYSTEMPATH\CodeIgniter.php(499): CodeIgniter\CodeIgniter->runController(Object(App\Controllers\Lists))
 7 SYSTEMPATH\CodeIgniter.php(368): CodeIgniter\CodeIgniter->handleRequest(null, Object(Config\Cache), false)
 8 FCPATH\index.php(67): CodeIgniter\CodeIgniter->run()
CRITICAL - 2023-03-01 10:15:34 --> Cannot access offset of type string on string
in APPPATH\Views\lists\fly.php on line 32.
 1 SYSTEMPATH\View\View.php(213): include()
 2 SYSTEMPATH\View\View.php(216): CodeIgniter\View\View->CodeIgniter\View\{closure}()
 3 SYSTEMPATH\Common.php(1184): CodeIgniter\View\View->render('lists/fly', [], true)
 4 APPPATH\Controllers\Lists.php(62): view('lists/fly', [...])
 5 SYSTEMPATH\CodeIgniter.php(934): App\Controllers\Lists->fly()
 6 SYSTEMPATH\CodeIgniter.php(499): CodeIgniter\CodeIgniter->runController(Object(App\Controllers\Lists))
 7 SYSTEMPATH\CodeIgniter.php(368): CodeIgniter\CodeIgniter->handleRequest(null, Object(Config\Cache), false)
 8 FCPATH\index.php(67): CodeIgniter\CodeIgniter->run()
CRITICAL - 2023-03-01 10:18:09 --> Undefined array key "fly_code"
in APPPATH\Views\lists\fly.php on line 32.
 1 APPPATH\Views\lists\fly.php(32): CodeIgniter\Debug\Exceptions->errorHandler(2, 'Undefined array key "fly_code"', 'APPPATH\\Views\\lists\\fly.php', 32)
 2 SYSTEMPATH\View\View.php(213): include('APPPATH\\Views\\lists\\fly.php')
 3 SYSTEMPATH\View\View.php(216): CodeIgniter\View\View->CodeIgniter\View\{closure}()
 4 SYSTEMPATH\Common.php(1184): CodeIgniter\View\View->render('lists/fly', [], true)
 5 APPPATH\Controllers\Lists.php(63): view('lists/fly', [...])
 6 SYSTEMPATH\CodeIgniter.php(934): App\Controllers\Lists->fly()
 7 SYSTEMPATH\CodeIgniter.php(499): CodeIgniter\CodeIgniter->runController(Object(App\Controllers\Lists))
 8 SYSTEMPATH\CodeIgniter.php(368): CodeIgniter\CodeIgniter->handleRequest(null, Object(Config\Cache), false)
 9 FCPATH\index.php(67): CodeIgniter\CodeIgniter->run()
CRITICAL - 2023-03-01 10:18:18 --> Undefined array key "fly_code"
in APPPATH\Views\lists\fly.php on line 32.
 1 APPPATH\Views\lists\fly.php(32): CodeIgniter\Debug\Exceptions->errorHandler(2, 'Undefined array key "fly_code"', 'APPPATH\\Views\\lists\\fly.php', 32)
 2 SYSTEMPATH\View\View.php(213): include('APPPATH\\Views\\lists\\fly.php')
 3 SYSTEMPATH\View\View.php(216): CodeIgniter\View\View->CodeIgniter\View\{closure}()
 4 SYSTEMPATH\Common.php(1184): CodeIgniter\View\View->render('lists/fly', [], true)
 5 APPPATH\Controllers\Lists.php(63): view('lists/fly', [...])
 6 SYSTEMPATH\CodeIgniter.php(934): App\Controllers\Lists->fly()
 7 SYSTEMPATH\CodeIgniter.php(499): CodeIgniter\CodeIgniter->runController(Object(App\Controllers\Lists))
 8 SYSTEMPATH\CodeIgniter.php(368): CodeIgniter\CodeIgniter->handleRequest(null, Object(Config\Cache), false)
 9 FCPATH\index.php(67): CodeIgniter\CodeIgniter->run()
CRITICAL - 2023-03-01 10:21:43 --> Undefined array key "fly_name"
in APPPATH\Views\lists\fly.php on line 34.
 1 APPPATH\Views\lists\fly.php(34): CodeIgniter\Debug\Exceptions->errorHandler(2, 'Undefined array key "fly_name"', 'APPPATH\\Views\\lists\\fly.php', 34)
 2 SYSTEMPATH\View\View.php(213): include('APPPATH\\Views\\lists\\fly.php')
 3 SYSTEMPATH\View\View.php(216): CodeIgniter\View\View->CodeIgniter\View\{closure}()
 4 SYSTEMPATH\Common.php(1184): CodeIgniter\View\View->render('lists/fly', [], true)
 5 APPPATH\Controllers\Lists.php(63): view('lists/fly', [...])
 6 SYSTEMPATH\CodeIgniter.php(934): App\Controllers\Lists->fly()
 7 SYSTEMPATH\CodeIgniter.php(499): CodeIgniter\CodeIgniter->runController(Object(App\Controllers\Lists))
 8 SYSTEMPATH\CodeIgniter.php(368): CodeIgniter\CodeIgniter->handleRequest(null, Object(Config\Cache), false)
 9 FCPATH\index.php(67): CodeIgniter\CodeIgniter->run()
CRITICAL - 2023-03-01 10:30:48 --> Undefined variable $userid
in APPPATH\Views\lists\fly.php on line 32.
 1 APPPATH\Views\lists\fly.php(32): CodeIgniter\Debug\Exceptions->errorHandler(2, 'Undefined variable $userid', 'APPPATH\\Views\\lists\\fly.php', 32)
 2 SYSTEMPATH\View\View.php(213): include('APPPATH\\Views\\lists\\fly.php')
 3 SYSTEMPATH\View\View.php(216): CodeIgniter\View\View->CodeIgniter\View\{closure}()
 4 SYSTEMPATH\Common.php(1184): CodeIgniter\View\View->render('lists/fly', [], true)
 5 APPPATH\Controllers\Lists.php(63): view('lists/fly', [...])
 6 SYSTEMPATH\CodeIgniter.php(934): App\Controllers\Lists->fly()
 7 SYSTEMPATH\CodeIgniter.php(499): CodeIgniter\CodeIgniter->runController(Object(App\Controllers\Lists))
 8 SYSTEMPATH\CodeIgniter.php(368): CodeIgniter\CodeIgniter->handleRequest(null, Object(Config\Cache), false)
 9 FCPATH\index.php(67): CodeIgniter\CodeIgniter->run()
CRITICAL - 2023-03-01 10:37:40 --> Undefined variable $userid
in APPPATH\Views\lists\fly.php on line 32.
 1 APPPATH\Views\lists\fly.php(32): CodeIgniter\Debug\Exceptions->errorHandler(2, 'Undefined variable $userid', 'APPPATH\\Views\\lists\\fly.php', 32)
 2 SYSTEMPATH\View\View.php(213): include('APPPATH\\Views\\lists\\fly.php')
 3 SYSTEMPATH\View\View.php(216): CodeIgniter\View\View->CodeIgniter\View\{closure}()
 4 SYSTEMPATH\Common.php(1184): CodeIgniter\View\View->render('lists/fly', [], true)
 5 APPPATH\Controllers\Lists.php(68): view('lists/fly', [...])
 6 SYSTEMPATH\CodeIgniter.php(934): App\Controllers\Lists->fly()
 7 SYSTEMPATH\CodeIgniter.php(499): CodeIgniter\CodeIgniter->runController(Object(App\Controllers\Lists))
 8 SYSTEMPATH\CodeIgniter.php(368): CodeIgniter\CodeIgniter->handleRequest(null, Object(Config\Cache), false)
 9 FCPATH\index.php(67): CodeIgniter\CodeIgniter->run()
CRITICAL - 2023-03-01 10:38:12 --> Undefined variable $fly
in APPPATH\Views\lists\fly.php on line 47.
 1 APPPATH\Views\lists\fly.php(47): CodeIgniter\Debug\Exceptions->errorHandler(2, 'Undefined variable $fly', 'APPPATH\\Views\\lists\\fly.php', 47)
 2 SYSTEMPATH\View\View.php(213): include('APPPATH\\Views\\lists\\fly.php')
 3 SYSTEMPATH\View\View.php(216): CodeIgniter\View\View->CodeIgniter\View\{closure}()
 4 SYSTEMPATH\Common.php(1184): CodeIgniter\View\View->render('lists/fly', [], true)
 5 APPPATH\Controllers\Lists.php(68): view('lists/fly', [...])
 6 SYSTEMPATH\CodeIgniter.php(934): App\Controllers\Lists->fly('A007')
 7 SYSTEMPATH\CodeIgniter.php(499): CodeIgniter\CodeIgniter->runController(Object(App\Controllers\Lists))
 8 SYSTEMPATH\CodeIgniter.php(368): CodeIgniter\CodeIgniter->handleRequest(null, Object(Config\Cache), false)
 9 FCPATH\index.php(67): CodeIgniter\CodeIgniter->run()
CRITICAL - 2023-03-01 10:45:07 --> Undefined array key "customerid"
in APPPATH\Controllers\Lists.php on line 51.
 1 APPPATH\Controllers\Lists.php(51): CodeIgniter\Debug\Exceptions->errorHandler(2, 'Undefined array key "customerid"', 'APPPATH\\Controllers\\Lists.php', 51)
 2 SYSTEMPATH\CodeIgniter.php(934): App\Controllers\Lists->orders()
 3 SYSTEMPATH\CodeIgniter.php(499): CodeIgniter\CodeIgniter->runController(Object(App\Controllers\Lists))
 4 SYSTEMPATH\CodeIgniter.php(368): CodeIgniter\CodeIgniter->handleRequest(null, Object(Config\Cache), false)
 5 FCPATH\index.php(67): CodeIgniter\CodeIgniter->run()
