INFO - 2023-03-17 08:09:18 --> Session: Class initialized using 'CodeIgniter\Session\Handlers\FileHandler' driver.
INFO - 2023-03-17 08:48:21 --> Session: Class initialized using 'CodeIgniter\Session\Handlers\FileHandler' driver.
INFO - 2023-03-17 08:48:24 --> Session: Class initialized using 'CodeIgniter\Session\Handlers\FileHandler' driver.
INFO - 2023-03-17 09:03:18 --> Session: Class initialized using 'CodeIgniter\Session\Handlers\FileHandler' driver.
INFO - 2023-03-17 09:03:25 --> Session: Class initialized using 'CodeIgniter\Session\Handlers\FileHandler' driver.
INFO - 2023-03-17 09:05:48 --> Session: Class initialized using 'CodeIgniter\Session\Handlers\FileHandler' driver.
INFO - 2023-03-17 09:06:02 --> Session: Class initialized using 'CodeIgniter\Session\Handlers\FileHandler' driver.
INFO - 2023-03-17 09:08:42 --> Session: Class initialized using 'CodeIgniter\Session\Handlers\FileHandler' driver.
INFO - 2023-03-17 09:12:27 --> Session: Class initialized using 'CodeIgniter\Session\Handlers\FileHandler' driver.
INFO - 2023-03-17 09:12:45 --> Session: Class initialized using 'CodeIgniter\Session\Handlers\FileHandler' driver.
INFO - 2023-03-17 09:15:40 --> Session: Class initialized using 'CodeIgniter\Session\Handlers\FileHandler' driver.
INFO - 2023-03-17 09:15:46 --> Session: Class initialized using 'CodeIgniter\Session\Handlers\FileHandler' driver.
INFO - 2023-03-17 09:15:54 --> Session: Class initialized using 'CodeIgniter\Session\Handlers\FileHandler' driver.
INFO - 2023-03-17 10:10:17 --> Session: Class initialized using 'CodeIgniter\Session\Handlers\FileHandler' driver.
INFO - 2023-03-17 10:10:22 --> Session: Class initialized using 'CodeIgniter\Session\Handlers\FileHandler' driver.
ERROR - 2023-03-17 10:10:22 --> ErrorException: pg_query(): Query failed: ERROR:  invalid input syntax for type numeric: &quot;&quot; . $order[&quot;
LINE 3: WHERE &quot;orderno&quot; = '&quot; . $order['
                          ^ in C:\xampp\htdocs\fgpr\vendor\codeigniter4\framework\system\Database\Postgre\Connection.php:147
Stack trace:
#0 [internal function]: CodeIgniter\Debug\Exceptions->errorHandler(2, 'pg_query(): Que...', 'C:\\xampp\\htdocs...', 147)
#1 C:\xampp\htdocs\fgpr\vendor\codeigniter4\framework\system\Database\Postgre\Connection.php(147): pg_query(Object(PgSql\Connection), 'SELECT *\nFROM "...')
#2 C:\xampp\htdocs\fgpr\vendor\codeigniter4\framework\system\Database\BaseConnection.php(691): CodeIgniter\Database\Postgre\Connection->execute('SELECT *\nFROM "...')
#3 C:\xampp\htdocs\fgpr\vendor\codeigniter4\framework\system\Database\BaseConnection.php(605): CodeIgniter\Database\BaseConnection->simpleQuery('SELECT *\nFROM "...')
#4 C:\xampp\htdocs\fgpr\vendor\codeigniter4\framework\system\Database\BaseBuilder.php(1616): CodeIgniter\Database\BaseConnection->query('SELECT *\nFROM "...', Array, false)
#5 C:\xampp\htdocs\fgpr\vendor\codeigniter4\framework\system\Model.php(241): CodeIgniter\Database\BaseBuilder->get()
#6 C:\xampp\htdocs\fgpr\vendor\codeigniter4\framework\system\BaseModel.php(618): CodeIgniter\Model->doFindAll(0, 0)
#7 C:\xampp\htdocs\fgpr\app\Models\OrdersModel.php(43): CodeIgniter\BaseModel->findAll()
#8 C:\xampp\htdocs\fgpr\app\Controllers\Lists.php(126): App\Models\OrdersModel->getOrdersByNumber('" . $order[')
#9 C:\xampp\htdocs\fgpr\vendor\codeigniter4\framework\system\CodeIgniter.php(934): App\Controllers\Lists->suborder('" . $order[')
#10 C:\xampp\htdocs\fgpr\vendor\codeigniter4\framework\system\CodeIgniter.php(499): CodeIgniter\CodeIgniter->runController(Object(App\Controllers\Lists))
#11 C:\xampp\htdocs\fgpr\vendor\codeigniter4\framework\system\CodeIgniter.php(368): CodeIgniter\CodeIgniter->handleRequest(NULL, Object(Config\Cache), false)
#12 C:\xampp\htdocs\fgpr\public\index.php(67): CodeIgniter\CodeIgniter->run()
#13 {main}
CRITICAL - 2023-03-17 10:10:22 --> pg_query(): Query failed: ERROR:  invalid input syntax for type numeric: &quot;&quot; . $order[&quot;
LINE 3: WHERE &quot;orderno&quot; = '&quot; . $order['
                          ^
in SYSTEMPATH\Database\BaseConnection.php on line 645.
 1 SYSTEMPATH\Database\BaseBuilder.php(1616): CodeIgniter\Database\BaseConnection->query('SELECT *
FROM "orders"
WHERE "orderno" = :orderno:', [...], false)
 2 SYSTEMPATH\Model.php(241): CodeIgniter\Database\BaseBuilder->get()
 3 SYSTEMPATH\BaseModel.php(618): CodeIgniter\Model->doFindAll(0, 0)
 4 APPPATH\Models\OrdersModel.php(43): CodeIgniter\BaseModel->findAll()
 5 APPPATH\Controllers\Lists.php(126): App\Models\OrdersModel->getOrdersByNumber('" . $order[')
 6 SYSTEMPATH\CodeIgniter.php(934): App\Controllers\Lists->suborder('" . $order[')
 7 SYSTEMPATH\CodeIgniter.php(499): CodeIgniter\CodeIgniter->runController(Object(App\Controllers\Lists))
 8 SYSTEMPATH\CodeIgniter.php(368): CodeIgniter\CodeIgniter->handleRequest(null, Object(Config\Cache), false)
 9 FCPATH\index.php(67): CodeIgniter\CodeIgniter->run()
INFO - 2023-03-17 10:33:20 --> Session: Class initialized using 'CodeIgniter\Session\Handlers\FileHandler' driver.
CRITICAL - 2023-03-17 10:33:20 --> Undefined array key "fly.cost"
in APPPATH\Views\lists\jobs.php on line 61.
 1 APPPATH\Views\lists\jobs.php(61): CodeIgniter\Debug\Exceptions->errorHandler(2, 'Undefined array key "fly.cost"', 'APPPATH\\Views\\lists\\jobs.php', 61)
 2 SYSTEMPATH\View\View.php(213): include('APPPATH\\Views\\lists\\jobs.php')
 3 SYSTEMPATH\View\View.php(216): CodeIgniter\View\View->CodeIgniter\View\{closure}()
 4 SYSTEMPATH\Common.php(1184): CodeIgniter\View\View->render('lists/jobs', [], true)
 5 APPPATH\Controllers\Lists.php(69): view('lists/jobs', [...])
 6 SYSTEMPATH\CodeIgniter.php(934): App\Controllers\Lists->jobs()
 7 SYSTEMPATH\CodeIgniter.php(499): CodeIgniter\CodeIgniter->runController(Object(App\Controllers\Lists))
 8 SYSTEMPATH\CodeIgniter.php(368): CodeIgniter\CodeIgniter->handleRequest(null, Object(Config\Cache), false)
 9 FCPATH\index.php(67): CodeIgniter\CodeIgniter->run()
INFO - 2023-03-17 10:38:41 --> Session: Class initialized using 'CodeIgniter\Session\Handlers\FileHandler' driver.
CRITICAL - 2023-03-17 10:38:41 --> Undefined variable $amount
in APPPATH\Views\lists\jobs.php on line 65.
 1 APPPATH\Views\lists\jobs.php(65): CodeIgniter\Debug\Exceptions->errorHandler(2, 'Undefined variable $amount', 'APPPATH\\Views\\lists\\jobs.php', 65)
 2 SYSTEMPATH\View\View.php(213): include('APPPATH\\Views\\lists\\jobs.php')
 3 SYSTEMPATH\View\View.php(216): CodeIgniter\View\View->CodeIgniter\View\{closure}()
 4 SYSTEMPATH\Common.php(1184): CodeIgniter\View\View->render('lists/jobs', [], true)
 5 APPPATH\Controllers\Lists.php(69): view('lists/jobs', [...])
 6 SYSTEMPATH\CodeIgniter.php(934): App\Controllers\Lists->jobs()
 7 SYSTEMPATH\CodeIgniter.php(499): CodeIgniter\CodeIgniter->runController(Object(App\Controllers\Lists))
 8 SYSTEMPATH\CodeIgniter.php(368): CodeIgniter\CodeIgniter->handleRequest(null, Object(Config\Cache), false)
 9 FCPATH\index.php(67): CodeIgniter\CodeIgniter->run()
INFO - 2023-03-17 10:38:59 --> Session: Class initialized using 'CodeIgniter\Session\Handlers\FileHandler' driver.
CRITICAL - 2023-03-17 10:38:59 --> Undefined variable $amount
in APPPATH\Views\lists\jobs.php on line 65.
 1 APPPATH\Views\lists\jobs.php(65): CodeIgniter\Debug\Exceptions->errorHandler(2, 'Undefined variable $amount', 'APPPATH\\Views\\lists\\jobs.php', 65)
 2 SYSTEMPATH\View\View.php(213): include('APPPATH\\Views\\lists\\jobs.php')
 3 SYSTEMPATH\View\View.php(216): CodeIgniter\View\View->CodeIgniter\View\{closure}()
 4 SYSTEMPATH\Common.php(1184): CodeIgniter\View\View->render('lists/jobs', [], true)
 5 APPPATH\Controllers\Lists.php(69): view('lists/jobs', [...])
 6 SYSTEMPATH\CodeIgniter.php(934): App\Controllers\Lists->jobs()
 7 SYSTEMPATH\CodeIgniter.php(499): CodeIgniter\CodeIgniter->runController(Object(App\Controllers\Lists))
 8 SYSTEMPATH\CodeIgniter.php(368): CodeIgniter\CodeIgniter->handleRequest(null, Object(Config\Cache), false)
 9 FCPATH\index.php(67): CodeIgniter\CodeIgniter->run()
INFO - 2023-03-17 10:41:05 --> Session: Class initialized using 'CodeIgniter\Session\Handlers\FileHandler' driver.
CRITICAL - 2023-03-17 10:41:06 --> syntax error, unexpected token ";"
in APPPATH\Views\lists\jobs.php on line 65.
 1 SYSTEMPATH\View\View.php(216): CodeIgniter\View\View->CodeIgniter\View\{closure}()
 2 SYSTEMPATH\Common.php(1184): CodeIgniter\View\View->render('lists/jobs', [], true)
 3 APPPATH\Controllers\Lists.php(69): view('lists/jobs', [...])
 4 SYSTEMPATH\CodeIgniter.php(934): App\Controllers\Lists->jobs()
 5 SYSTEMPATH\CodeIgniter.php(499): CodeIgniter\CodeIgniter->runController(Object(App\Controllers\Lists))
 6 SYSTEMPATH\CodeIgniter.php(368): CodeIgniter\CodeIgniter->handleRequest(null, Object(Config\Cache), false)
 7 FCPATH\index.php(67): CodeIgniter\CodeIgniter->run()
INFO - 2023-03-17 10:43:39 --> Session: Class initialized using 'CodeIgniter\Session\Handlers\FileHandler' driver.
CRITICAL - 2023-03-17 10:43:39 --> Undefined array key "orders.qty"
in APPPATH\Views\lists\jobs.php on line 67.
 1 APPPATH\Views\lists\jobs.php(67): CodeIgniter\Debug\Exceptions->errorHandler(2, 'Undefined array key "orders.qty"', 'APPPATH\\Views\\lists\\jobs.php', 67)
 2 SYSTEMPATH\View\View.php(213): include('APPPATH\\Views\\lists\\jobs.php')
 3 SYSTEMPATH\View\View.php(216): CodeIgniter\View\View->CodeIgniter\View\{closure}()
 4 SYSTEMPATH\Common.php(1184): CodeIgniter\View\View->render('lists/jobs', [], true)
 5 APPPATH\Controllers\Lists.php(69): view('lists/jobs', [...])
 6 SYSTEMPATH\CodeIgniter.php(934): App\Controllers\Lists->jobs()
 7 SYSTEMPATH\CodeIgniter.php(499): CodeIgniter\CodeIgniter->runController(Object(App\Controllers\Lists))
 8 SYSTEMPATH\CodeIgniter.php(368): CodeIgniter\CodeIgniter->handleRequest(null, Object(Config\Cache), false)
 9 FCPATH\index.php(67): CodeIgniter\CodeIgniter->run()
INFO - 2023-03-17 10:45:16 --> Session: Class initialized using 'CodeIgniter\Session\Handlers\FileHandler' driver.
CRITICAL - 2023-03-17 10:45:16 --> Undefined array key "fly_code"
in APPPATH\Views\lists\jobs.php on line 73.
 1 APPPATH\Views\lists\jobs.php(73): CodeIgniter\Debug\Exceptions->errorHandler(2, 'Undefined array key "fly_code"', 'APPPATH\\Views\\lists\\jobs.php', 73)
 2 SYSTEMPATH\View\View.php(213): include('APPPATH\\Views\\lists\\jobs.php')
 3 SYSTEMPATH\View\View.php(216): CodeIgniter\View\View->CodeIgniter\View\{closure}()
 4 SYSTEMPATH\Common.php(1184): CodeIgniter\View\View->render('lists/jobs', [], true)
 5 APPPATH\Controllers\Lists.php(69): view('lists/jobs', [...])
 6 SYSTEMPATH\CodeIgniter.php(934): App\Controllers\Lists->jobs()
 7 SYSTEMPATH\CodeIgniter.php(499): CodeIgniter\CodeIgniter->runController(Object(App\Controllers\Lists))
 8 SYSTEMPATH\CodeIgniter.php(368): CodeIgniter\CodeIgniter->handleRequest(null, Object(Config\Cache), false)
 9 FCPATH\index.php(67): CodeIgniter\CodeIgniter->run()
INFO - 2023-03-17 10:48:29 --> Session: Class initialized using 'CodeIgniter\Session\Handlers\FileHandler' driver.
CRITICAL - 2023-03-17 10:48:29 --> Undefined array key "fly_code"
in APPPATH\Views\lists\jobs.php on line 73.
 1 APPPATH\Views\lists\jobs.php(73): CodeIgniter\Debug\Exceptions->errorHandler(2, 'Undefined array key "fly_code"', 'APPPATH\\Views\\lists\\jobs.php', 73)
 2 SYSTEMPATH\View\View.php(213): include('APPPATH\\Views\\lists\\jobs.php')
 3 SYSTEMPATH\View\View.php(216): CodeIgniter\View\View->CodeIgniter\View\{closure}()
 4 SYSTEMPATH\Common.php(1184): CodeIgniter\View\View->render('lists/jobs', [], true)
 5 APPPATH\Controllers\Lists.php(69): view('lists/jobs', [...])
 6 SYSTEMPATH\CodeIgniter.php(934): App\Controllers\Lists->jobs()
 7 SYSTEMPATH\CodeIgniter.php(499): CodeIgniter\CodeIgniter->runController(Object(App\Controllers\Lists))
 8 SYSTEMPATH\CodeIgniter.php(368): CodeIgniter\CodeIgniter->handleRequest(null, Object(Config\Cache), false)
 9 FCPATH\index.php(67): CodeIgniter\CodeIgniter->run()
INFO - 2023-03-17 10:49:33 --> Session: Class initialized using 'CodeIgniter\Session\Handlers\FileHandler' driver.
CRITICAL - 2023-03-17 10:49:33 --> Undefined array key "fly_code"
in APPPATH\Views\lists\jobs.php on line 73.
 1 APPPATH\Views\lists\jobs.php(73): CodeIgniter\Debug\Exceptions->errorHandler(2, 'Undefined array key "fly_code"', 'APPPATH\\Views\\lists\\jobs.php', 73)
 2 SYSTEMPATH\View\View.php(213): include('APPPATH\\Views\\lists\\jobs.php')
 3 SYSTEMPATH\View\View.php(216): CodeIgniter\View\View->CodeIgniter\View\{closure}()
 4 SYSTEMPATH\Common.php(1184): CodeIgniter\View\View->render('lists/jobs', [], true)
 5 APPPATH\Controllers\Lists.php(69): view('lists/jobs', [...])
 6 SYSTEMPATH\CodeIgniter.php(934): App\Controllers\Lists->jobs()
 7 SYSTEMPATH\CodeIgniter.php(499): CodeIgniter\CodeIgniter->runController(Object(App\Controllers\Lists))
 8 SYSTEMPATH\CodeIgniter.php(368): CodeIgniter\CodeIgniter->handleRequest(null, Object(Config\Cache), false)
 9 FCPATH\index.php(67): CodeIgniter\CodeIgniter->run()
INFO - 2023-03-17 10:50:18 --> Session: Class initialized using 'CodeIgniter\Session\Handlers\FileHandler' driver.
INFO - 2023-03-17 10:52:34 --> Session: Class initialized using 'CodeIgniter\Session\Handlers\FileHandler' driver.
INFO - 2023-03-17 10:55:12 --> Session: Class initialized using 'CodeIgniter\Session\Handlers\FileHandler' driver.
INFO - 2023-03-17 11:06:34 --> Session: Class initialized using 'CodeIgniter\Session\Handlers\FileHandler' driver.
INFO - 2023-03-17 11:07:21 --> Session: Class initialized using 'CodeIgniter\Session\Handlers\FileHandler' driver.
INFO - 2023-03-17 11:20:37 --> Session: Class initialized using 'CodeIgniter\Session\Handlers\FileHandler' driver.
INFO - 2023-03-17 11:24:02 --> Session: Class initialized using 'CodeIgniter\Session\Handlers\FileHandler' driver.
INFO - 2023-03-17 11:25:42 --> Session: Class initialized using 'CodeIgniter\Session\Handlers\FileHandler' driver.
INFO - 2023-03-17 11:27:07 --> Session: Class initialized using 'CodeIgniter\Session\Handlers\FileHandler' driver.
INFO - 2023-03-17 11:27:47 --> Session: Class initialized using 'CodeIgniter\Session\Handlers\FileHandler' driver.
INFO - 2023-03-17 12:37:35 --> Session: Class initialized using 'CodeIgniter\Session\Handlers\FileHandler' driver.
INFO - 2023-03-17 18:49:30 --> Session: Class initialized using 'CodeIgniter\Session\Handlers\FileHandler' driver.
INFO - 2023-03-17 18:49:54 --> Session: Class initialized using 'CodeIgniter\Session\Handlers\FileHandler' driver.
INFO - 2023-03-17 18:49:58 --> Session: Class initialized using 'CodeIgniter\Session\Handlers\FileHandler' driver.
INFO - 2023-03-17 18:50:26 --> Session: Class initialized using 'CodeIgniter\Session\Handlers\FileHandler' driver.
INFO - 2023-03-17 18:50:30 --> Session: Class initialized using 'CodeIgniter\Session\Handlers\FileHandler' driver.
INFO - 2023-03-17 20:07:28 --> Session: Class initialized using 'CodeIgniter\Session\Handlers\FileHandler' driver.
INFO - 2023-03-17 20:07:31 --> Session: Class initialized using 'CodeIgniter\Session\Handlers\FileHandler' driver.
ERROR - 2023-03-17 20:07:31 --> ErrorException: pg_query(): Query failed: ERROR:  invalid input syntax for type numeric: &quot;&quot; . $order[&quot;
LINE 3: WHERE &quot;orderno&quot; = '&quot; . $order['
                          ^ in C:\xampp\htdocs\fgpr\vendor\codeigniter4\framework\system\Database\Postgre\Connection.php:147
Stack trace:
#0 [internal function]: CodeIgniter\Debug\Exceptions->errorHandler(2, 'pg_query(): Que...', 'C:\\xampp\\htdocs...', 147)
#1 C:\xampp\htdocs\fgpr\vendor\codeigniter4\framework\system\Database\Postgre\Connection.php(147): pg_query(Object(PgSql\Connection), 'SELECT *\nFROM "...')
#2 C:\xampp\htdocs\fgpr\vendor\codeigniter4\framework\system\Database\BaseConnection.php(691): CodeIgniter\Database\Postgre\Connection->execute('SELECT *\nFROM "...')
#3 C:\xampp\htdocs\fgpr\vendor\codeigniter4\framework\system\Database\BaseConnection.php(605): CodeIgniter\Database\BaseConnection->simpleQuery('SELECT *\nFROM "...')
#4 C:\xampp\htdocs\fgpr\vendor\codeigniter4\framework\system\Database\BaseBuilder.php(1616): CodeIgniter\Database\BaseConnection->query('SELECT *\nFROM "...', Array, false)
#5 C:\xampp\htdocs\fgpr\vendor\codeigniter4\framework\system\Model.php(241): CodeIgniter\Database\BaseBuilder->get()
#6 C:\xampp\htdocs\fgpr\vendor\codeigniter4\framework\system\BaseModel.php(618): CodeIgniter\Model->doFindAll(0, 0)
#7 C:\xampp\htdocs\fgpr\app\Models\OrdersModel.php(43): CodeIgniter\BaseModel->findAll()
#8 C:\xampp\htdocs\fgpr\app\Controllers\Lists.php(126): App\Models\OrdersModel->getOrdersByNumber('" . $order[')
#9 C:\xampp\htdocs\fgpr\vendor\codeigniter4\framework\system\CodeIgniter.php(934): App\Controllers\Lists->suborder('" . $order[')
#10 C:\xampp\htdocs\fgpr\vendor\codeigniter4\framework\system\CodeIgniter.php(499): CodeIgniter\CodeIgniter->runController(Object(App\Controllers\Lists))
#11 C:\xampp\htdocs\fgpr\vendor\codeigniter4\framework\system\CodeIgniter.php(368): CodeIgniter\CodeIgniter->handleRequest(NULL, Object(Config\Cache), false)
#12 C:\xampp\htdocs\fgpr\public\index.php(67): CodeIgniter\CodeIgniter->run()
#13 {main}
CRITICAL - 2023-03-17 20:07:31 --> pg_query(): Query failed: ERROR:  invalid input syntax for type numeric: &quot;&quot; . $order[&quot;
LINE 3: WHERE &quot;orderno&quot; = '&quot; . $order['
                          ^
in SYSTEMPATH\Database\BaseConnection.php on line 645.
 1 SYSTEMPATH\Database\BaseBuilder.php(1616): CodeIgniter\Database\BaseConnection->query('SELECT *
FROM "orders"
WHERE "orderno" = :orderno:', [...], false)
 2 SYSTEMPATH\Model.php(241): CodeIgniter\Database\BaseBuilder->get()
 3 SYSTEMPATH\BaseModel.php(618): CodeIgniter\Model->doFindAll(0, 0)
 4 APPPATH\Models\OrdersModel.php(43): CodeIgniter\BaseModel->findAll()
 5 APPPATH\Controllers\Lists.php(126): App\Models\OrdersModel->getOrdersByNumber('" . $order[')
 6 SYSTEMPATH\CodeIgniter.php(934): App\Controllers\Lists->suborder('" . $order[')
 7 SYSTEMPATH\CodeIgniter.php(499): CodeIgniter\CodeIgniter->runController(Object(App\Controllers\Lists))
 8 SYSTEMPATH\CodeIgniter.php(368): CodeIgniter\CodeIgniter->handleRequest(null, Object(Config\Cache), false)
 9 FCPATH\index.php(67): CodeIgniter\CodeIgniter->run()
INFO - 2023-03-17 20:07:33 --> Session: Class initialized using 'CodeIgniter\Session\Handlers\FileHandler' driver.
