INFO - 2023-03-10 07:10:02 --> Session: Class initialized using 'CodeIgniter\Session\Handlers\FileHandler' driver.
INFO - 2023-03-10 07:11:15 --> Session: Class initialized using 'CodeIgniter\Session\Handlers\FileHandler' driver.
CRITICAL - 2023-03-10 07:11:15 --> Undefined variable $meta_title
in APPPATH\Views\layouts\main.php on line 6.
 1 APPPATH\Views\layouts\main.php(6): CodeIgniter\Debug\Exceptions->errorHandler(2, 'Undefined variable $meta_title', 'APPPATH\\Views\\layouts\\main.php', 6)
 2 SYSTEMPATH\View\View.php(213): include('APPPATH\\Views\\layouts\\main.php')
 3 SYSTEMPATH\View\View.php(216): CodeIgniter\View\View->CodeIgniter\View\{closure}()
 4 SYSTEMPATH\View\View.php(229): CodeIgniter\View\View->render('layouts/main', [], true)
 5 SYSTEMPATH\Common.php(1184): CodeIgniter\View\View->render('accounts/login', [], true)
 6 APPPATH\Controllers\Accounts.php(48): view('accounts/login')
 7 SYSTEMPATH\CodeIgniter.php(934): App\Controllers\Accounts->login()
 8 SYSTEMPATH\CodeIgniter.php(499): CodeIgniter\CodeIgniter->runController(Object(App\Controllers\Accounts))
 9 SYSTEMPATH\CodeIgniter.php(368): CodeIgniter\CodeIgniter->handleRequest(null, Object(Config\Cache), false)
10 FCPATH\index.php(67): CodeIgniter\CodeIgniter->run()
INFO - 2023-03-10 07:12:01 --> Session: Class initialized using 'CodeIgniter\Session\Handlers\FileHandler' driver.
INFO - 2023-03-10 07:12:56 --> Session: Class initialized using 'CodeIgniter\Session\Handlers\FileHandler' driver.
INFO - 2023-03-10 07:13:23 --> Session: Class initialized using 'CodeIgniter\Session\Handlers\FileHandler' driver.
INFO - 2023-03-10 07:15:04 --> Session: Class initialized using 'CodeIgniter\Session\Handlers\FileHandler' driver.
INFO - 2023-03-10 07:17:10 --> Session: Class initialized using 'CodeIgniter\Session\Handlers\FileHandler' driver.
INFO - 2023-03-10 07:18:16 --> Session: Class initialized using 'CodeIgniter\Session\Handlers\FileHandler' driver.
INFO - 2023-03-10 07:19:34 --> Session: Class initialized using 'CodeIgniter\Session\Handlers\FileHandler' driver.
INFO - 2023-03-10 07:20:15 --> Session: Class initialized using 'CodeIgniter\Session\Handlers\FileHandler' driver.
INFO - 2023-03-10 07:24:38 --> Session: Class initialized using 'CodeIgniter\Session\Handlers\FileHandler' driver.
INFO - 2023-03-10 07:25:44 --> Session: Class initialized using 'CodeIgniter\Session\Handlers\FileHandler' driver.
INFO - 2023-03-10 07:26:03 --> Session: Class initialized using 'CodeIgniter\Session\Handlers\FileHandler' driver.
INFO - 2023-03-10 07:26:34 --> Session: Class initialized using 'CodeIgniter\Session\Handlers\FileHandler' driver.
CRITICAL - 2023-03-10 07:26:34 --> Attempt to read property "password" on array
in APPPATH\Models\UsersModel.php on line 46.
 1 APPPATH\Models\UsersModel.php(46): CodeIgniter\Debug\Exceptions->errorHandler(2, 'Attempt to read property "password" on array', 'APPPATH\\Models\\UsersModel.php', 46)
 2 APPPATH\Controllers\Accounts.php(39): App\Models\UsersModel->login([...])
 3 SYSTEMPATH\CodeIgniter.php(934): App\Controllers\Accounts->login()
 4 SYSTEMPATH\CodeIgniter.php(499): CodeIgniter\CodeIgniter->runController(Object(App\Controllers\Accounts))
 5 SYSTEMPATH\CodeIgniter.php(368): CodeIgniter\CodeIgniter->handleRequest(null, Object(Config\Cache), false)
 6 FCPATH\index.php(67): CodeIgniter\CodeIgniter->run()
INFO - 2023-03-10 07:34:50 --> Session: Class initialized using 'CodeIgniter\Session\Handlers\FileHandler' driver.
CRITICAL - 2023-03-10 07:34:50 --> Attempt to read property "password" on array
in APPPATH\Models\UsersModel.php on line 46.
 1 APPPATH\Models\UsersModel.php(46): CodeIgniter\Debug\Exceptions->errorHandler(2, 'Attempt to read property "password" on array', 'APPPATH\\Models\\UsersModel.php', 46)
 2 APPPATH\Controllers\Accounts.php(39): App\Models\UsersModel->login([...])
 3 SYSTEMPATH\CodeIgniter.php(934): App\Controllers\Accounts->login()
 4 SYSTEMPATH\CodeIgniter.php(499): CodeIgniter\CodeIgniter->runController(Object(App\Controllers\Accounts))
 5 SYSTEMPATH\CodeIgniter.php(368): CodeIgniter\CodeIgniter->handleRequest(null, Object(Config\Cache), false)
 6 FCPATH\index.php(67): CodeIgniter\CodeIgniter->run()
INFO - 2023-03-10 07:35:36 --> Session: Class initialized using 'CodeIgniter\Session\Handlers\FileHandler' driver.
CRITICAL - 2023-03-10 07:35:36 --> Attempt to read property "password" on array
in APPPATH\Models\UsersModel.php on line 46.
 1 APPPATH\Models\UsersModel.php(46): CodeIgniter\Debug\Exceptions->errorHandler(2, 'Attempt to read property "password" on array', 'APPPATH\\Models\\UsersModel.php', 46)
 2 APPPATH\Controllers\Accounts.php(39): App\Models\UsersModel->login([...])
 3 SYSTEMPATH\CodeIgniter.php(934): App\Controllers\Accounts->login()
 4 SYSTEMPATH\CodeIgniter.php(499): CodeIgniter\CodeIgniter->runController(Object(App\Controllers\Accounts))
 5 SYSTEMPATH\CodeIgniter.php(368): CodeIgniter\CodeIgniter->handleRequest(null, Object(Config\Cache), false)
 6 FCPATH\index.php(67): CodeIgniter\CodeIgniter->run()
INFO - 2023-03-10 07:40:56 --> Session: Class initialized using 'CodeIgniter\Session\Handlers\FileHandler' driver.
INFO - 2023-03-10 07:41:14 --> Session: Class initialized using 'CodeIgniter\Session\Handlers\FileHandler' driver.
INFO - 2023-03-10 07:42:18 --> Session: Class initialized using 'CodeIgniter\Session\Handlers\FileHandler' driver.
CRITICAL - 2023-03-10 07:42:19 --> session_start(): Ignoring session_start() because a session is already active
in APPPATH\Models\UsersModel.php on line 48.
 1 [internal function]: CodeIgniter\Debug\Exceptions->errorHandler(8, 'session_start(): Ignoring session_start() because a session is already active', 'APPPATH\\Models\\UsersModel.php', 48)
 2 APPPATH\Models\UsersModel.php(48): session_start()
 3 APPPATH\Controllers\Accounts.php(39): App\Models\UsersModel->login([...])
 4 SYSTEMPATH\CodeIgniter.php(934): App\Controllers\Accounts->login()
 5 SYSTEMPATH\CodeIgniter.php(499): CodeIgniter\CodeIgniter->runController(Object(App\Controllers\Accounts))
 6 SYSTEMPATH\CodeIgniter.php(368): CodeIgniter\CodeIgniter->handleRequest(null, Object(Config\Cache), false)
 7 FCPATH\index.php(67): CodeIgniter\CodeIgniter->run()
INFO - 2023-03-10 07:46:45 --> Session: Class initialized using 'CodeIgniter\Session\Handlers\FileHandler' driver.
INFO - 2023-03-10 07:47:56 --> Session: Class initialized using 'CodeIgniter\Session\Handlers\FileHandler' driver.
INFO - 2023-03-10 07:49:11 --> Session: Class initialized using 'CodeIgniter\Session\Handlers\FileHandler' driver.
INFO - 2023-03-10 10:40:07 --> Session: Class initialized using 'CodeIgniter\Session\Handlers\FileHandler' driver.
INFO - 2023-03-10 11:04:27 --> Session: Class initialized using 'CodeIgniter\Session\Handlers\FileHandler' driver.
INFO - 2023-03-10 11:15:47 --> Session: Class initialized using 'CodeIgniter\Session\Handlers\FileHandler' driver.
CRITICAL - 2023-03-10 11:15:47 --> Undefined variable $meta_title
in APPPATH\Views\layouts\main.php on line 6.
 1 APPPATH\Views\layouts\main.php(6): CodeIgniter\Debug\Exceptions->errorHandler(2, 'Undefined variable $meta_title', 'APPPATH\\Views\\layouts\\main.php', 6)
 2 SYSTEMPATH\View\View.php(213): include('APPPATH\\Views\\layouts\\main.php')
 3 SYSTEMPATH\View\View.php(216): CodeIgniter\View\View->CodeIgniter\View\{closure}()
 4 SYSTEMPATH\View\View.php(229): CodeIgniter\View\View->render('layouts/main', [], true)
 5 SYSTEMPATH\Common.php(1184): CodeIgniter\View\View->render('pages/dashboard', [], true)
 6 APPPATH\Controllers\Home.php(20): view('pages/dashboard', [...])
 7 SYSTEMPATH\CodeIgniter.php(934): App\Controllers\Home->index()
 8 SYSTEMPATH\CodeIgniter.php(499): CodeIgniter\CodeIgniter->runController(Object(App\Controllers\Home))
 9 SYSTEMPATH\CodeIgniter.php(368): CodeIgniter\CodeIgniter->handleRequest(null, Object(Config\Cache), false)
10 FCPATH\index.php(67): CodeIgniter\CodeIgniter->run()
INFO - 2023-03-10 11:17:08 --> Session: Class initialized using 'CodeIgniter\Session\Handlers\FileHandler' driver.
CRITICAL - 2023-03-10 11:17:08 --> Undefined variable $meta_title
in APPPATH\Views\layouts\main.php on line 6.
 1 APPPATH\Views\layouts\main.php(6): CodeIgniter\Debug\Exceptions->errorHandler(2, 'Undefined variable $meta_title', 'APPPATH\\Views\\layouts\\main.php', 6)
 2 SYSTEMPATH\View\View.php(213): include('APPPATH\\Views\\layouts\\main.php')
 3 SYSTEMPATH\View\View.php(216): CodeIgniter\View\View->CodeIgniter\View\{closure}()
 4 SYSTEMPATH\View\View.php(229): CodeIgniter\View\View->render('layouts/main', [], true)
 5 SYSTEMPATH\Common.php(1184): CodeIgniter\View\View->render('pages/dashboard', [], true)
 6 APPPATH\Controllers\Home.php(20): view('pages/dashboard', [...])
 7 SYSTEMPATH\CodeIgniter.php(934): App\Controllers\Home->index()
 8 SYSTEMPATH\CodeIgniter.php(499): CodeIgniter\CodeIgniter->runController(Object(App\Controllers\Home))
 9 SYSTEMPATH\CodeIgniter.php(368): CodeIgniter\CodeIgniter->handleRequest(null, Object(Config\Cache), false)
10 FCPATH\index.php(67): CodeIgniter\CodeIgniter->run()
INFO - 2023-03-10 11:17:27 --> Session: Class initialized using 'CodeIgniter\Session\Handlers\FileHandler' driver.
CRITICAL - 2023-03-10 11:17:27 --> Undefined variable $meta_title
in APPPATH\Views\layouts\main.php on line 6.
 1 APPPATH\Views\layouts\main.php(6): CodeIgniter\Debug\Exceptions->errorHandler(2, 'Undefined variable $meta_title', 'APPPATH\\Views\\layouts\\main.php', 6)
 2 SYSTEMPATH\View\View.php(213): include('APPPATH\\Views\\layouts\\main.php')
 3 SYSTEMPATH\View\View.php(216): CodeIgniter\View\View->CodeIgniter\View\{closure}()
 4 SYSTEMPATH\View\View.php(229): CodeIgniter\View\View->render('layouts/main', [], true)
 5 SYSTEMPATH\Common.php(1184): CodeIgniter\View\View->render('pages/dashboard', [], true)
 6 APPPATH\Controllers\Home.php(20): view('pages/dashboard', [...])
 7 SYSTEMPATH\CodeIgniter.php(934): App\Controllers\Home->index()
 8 SYSTEMPATH\CodeIgniter.php(499): CodeIgniter\CodeIgniter->runController(Object(App\Controllers\Home))
 9 SYSTEMPATH\CodeIgniter.php(368): CodeIgniter\CodeIgniter->handleRequest(null, Object(Config\Cache), false)
10 FCPATH\index.php(67): CodeIgniter\CodeIgniter->run()
INFO - 2023-03-10 11:21:26 --> Session: Class initialized using 'CodeIgniter\Session\Handlers\FileHandler' driver.
CRITICAL - 2023-03-10 11:21:26 --> Undefined variable $meta_title
in APPPATH\Views\layouts\main.php on line 6.
 1 APPPATH\Views\layouts\main.php(6): CodeIgniter\Debug\Exceptions->errorHandler(2, 'Undefined variable $meta_title', 'APPPATH\\Views\\layouts\\main.php', 6)
 2 SYSTEMPATH\View\View.php(213): include('APPPATH\\Views\\layouts\\main.php')
 3 SYSTEMPATH\View\View.php(216): CodeIgniter\View\View->CodeIgniter\View\{closure}()
 4 SYSTEMPATH\View\View.php(229): CodeIgniter\View\View->render('layouts/main', [], true)
 5 SYSTEMPATH\Common.php(1184): CodeIgniter\View\View->render('pages/dashboard', [], true)
 6 APPPATH\Controllers\Home.php(22): view('pages/dashboard', [...])
 7 SYSTEMPATH\CodeIgniter.php(934): App\Controllers\Home->index()
 8 SYSTEMPATH\CodeIgniter.php(499): CodeIgniter\CodeIgniter->runController(Object(App\Controllers\Home))
 9 SYSTEMPATH\CodeIgniter.php(368): CodeIgniter\CodeIgniter->handleRequest(null, Object(Config\Cache), false)
10 FCPATH\index.php(67): CodeIgniter\CodeIgniter->run()
INFO - 2023-03-10 11:21:48 --> Session: Class initialized using 'CodeIgniter\Session\Handlers\FileHandler' driver.
INFO - 2023-03-10 11:22:50 --> Session: Class initialized using 'CodeIgniter\Session\Handlers\FileHandler' driver.
INFO - 2023-03-10 11:24:50 --> Session: Class initialized using 'CodeIgniter\Session\Handlers\FileHandler' driver.
INFO - 2023-03-10 11:27:59 --> Session: Class initialized using 'CodeIgniter\Session\Handlers\FileHandler' driver.
INFO - 2023-03-10 11:28:24 --> Session: Class initialized using 'CodeIgniter\Session\Handlers\FileHandler' driver.
INFO - 2023-03-10 11:28:49 --> Session: Class initialized using 'CodeIgniter\Session\Handlers\FileHandler' driver.
INFO - 2023-03-10 11:29:01 --> Session: Class initialized using 'CodeIgniter\Session\Handlers\FileHandler' driver.
INFO - 2023-03-10 11:35:05 --> Session: Class initialized using 'CodeIgniter\Session\Handlers\FileHandler' driver.
INFO - 2023-03-10 11:44:13 --> Session: Class initialized using 'CodeIgniter\Session\Handlers\FileHandler' driver.
INFO - 2023-03-10 11:55:37 --> Session: Class initialized using 'CodeIgniter\Session\Handlers\FileHandler' driver.
INFO - 2023-03-10 12:13:13 --> Session: Class initialized using 'CodeIgniter\Session\Handlers\FileHandler' driver.
INFO - 2023-03-10 12:13:19 --> Session: Class initialized using 'CodeIgniter\Session\Handlers\FileHandler' driver.
INFO - 2023-03-10 12:13:22 --> Session: Class initialized using 'CodeIgniter\Session\Handlers\FileHandler' driver.
INFO - 2023-03-10 12:13:55 --> Session: Class initialized using 'CodeIgniter\Session\Handlers\FileHandler' driver.
INFO - 2023-03-10 12:13:58 --> Session: Class initialized using 'CodeIgniter\Session\Handlers\FileHandler' driver.
INFO - 2023-03-10 12:13:58 --> Session: Class initialized using 'CodeIgniter\Session\Handlers\FileHandler' driver.
CRITICAL - 2023-03-10 12:13:58 --> Undefined variable $name
in APPPATH\Views\layouts\main.php on line 54.
 1 APPPATH\Views\layouts\main.php(54): CodeIgniter\Debug\Exceptions->errorHandler(2, 'Undefined variable $name', 'APPPATH\\Views\\layouts\\main.php', 54)
 2 SYSTEMPATH\View\View.php(213): include('APPPATH\\Views\\layouts\\main.php')
 3 SYSTEMPATH\View\View.php(216): CodeIgniter\View\View->CodeIgniter\View\{closure}()
 4 SYSTEMPATH\View\View.php(229): CodeIgniter\View\View->render('layouts/main', [], true)
 5 SYSTEMPATH\Common.php(1184): CodeIgniter\View\View->render('accounts/login', [], true)
 6 APPPATH\Controllers\Accounts.php(54): view('accounts/login', [...])
 7 SYSTEMPATH\CodeIgniter.php(934): App\Controllers\Accounts->login()
 8 SYSTEMPATH\CodeIgniter.php(499): CodeIgniter\CodeIgniter->runController(Object(App\Controllers\Accounts))
 9 SYSTEMPATH\CodeIgniter.php(368): CodeIgniter\CodeIgniter->handleRequest(null, Object(Config\Cache), false)
10 FCPATH\index.php(67): CodeIgniter\CodeIgniter->run()
INFO - 2023-03-10 12:16:20 --> Session: Class initialized using 'CodeIgniter\Session\Handlers\FileHandler' driver.
CRITICAL - 2023-03-10 12:16:20 --> Undefined variable $name
in APPPATH\Views\layouts\main.php on line 54.
 1 APPPATH\Views\layouts\main.php(54): CodeIgniter\Debug\Exceptions->errorHandler(2, 'Undefined variable $name', 'APPPATH\\Views\\layouts\\main.php', 54)
 2 SYSTEMPATH\View\View.php(213): include('APPPATH\\Views\\layouts\\main.php')
 3 SYSTEMPATH\View\View.php(216): CodeIgniter\View\View->CodeIgniter\View\{closure}()
 4 SYSTEMPATH\View\View.php(229): CodeIgniter\View\View->render('layouts/main', [], true)
 5 SYSTEMPATH\Common.php(1184): CodeIgniter\View\View->render('accounts/login', [], true)
 6 APPPATH\Controllers\Accounts.php(54): view('accounts/login', [...])
 7 SYSTEMPATH\CodeIgniter.php(934): App\Controllers\Accounts->login()
 8 SYSTEMPATH\CodeIgniter.php(499): CodeIgniter\CodeIgniter->runController(Object(App\Controllers\Accounts))
 9 SYSTEMPATH\CodeIgniter.php(368): CodeIgniter\CodeIgniter->handleRequest(null, Object(Config\Cache), false)
10 FCPATH\index.php(67): CodeIgniter\CodeIgniter->run()
INFO - 2023-03-10 12:38:07 --> Session: Class initialized using 'CodeIgniter\Session\Handlers\FileHandler' driver.
CRITICAL - 2023-03-10 12:38:07 --> Undefined variable $name
in APPPATH\Views\layouts\main.php on line 52.
 1 APPPATH\Views\layouts\main.php(52): CodeIgniter\Debug\Exceptions->errorHandler(2, 'Undefined variable $name', 'APPPATH\\Views\\layouts\\main.php', 52)
 2 SYSTEMPATH\View\View.php(213): include('APPPATH\\Views\\layouts\\main.php')
 3 SYSTEMPATH\View\View.php(216): CodeIgniter\View\View->CodeIgniter\View\{closure}()
 4 SYSTEMPATH\View\View.php(229): CodeIgniter\View\View->render('layouts/main', [], true)
 5 SYSTEMPATH\Common.php(1184): CodeIgniter\View\View->render('accounts/login', [], true)
 6 APPPATH\Controllers\Accounts.php(54): view('accounts/login', [...])
 7 SYSTEMPATH\CodeIgniter.php(934): App\Controllers\Accounts->login()
 8 SYSTEMPATH\CodeIgniter.php(499): CodeIgniter\CodeIgniter->runController(Object(App\Controllers\Accounts))
 9 SYSTEMPATH\CodeIgniter.php(368): CodeIgniter\CodeIgniter->handleRequest(null, Object(Config\Cache), false)
10 FCPATH\index.php(67): CodeIgniter\CodeIgniter->run()
INFO - 2023-03-10 12:39:39 --> Session: Class initialized using 'CodeIgniter\Session\Handlers\FileHandler' driver.
INFO - 2023-03-10 12:39:55 --> Session: Class initialized using 'CodeIgniter\Session\Handlers\FileHandler' driver.
CRITICAL - 2023-03-10 12:39:56 --> Attempt to read property "password" on array
in APPPATH\Models\UsersModel.php on line 45.
 1 APPPATH\Models\UsersModel.php(45): CodeIgniter\Debug\Exceptions->errorHandler(2, 'Attempt to read property "password" on array', 'APPPATH\\Models\\UsersModel.php', 45)
 2 APPPATH\Controllers\Accounts.php(43): App\Models\UsersModel->login('admin', '1234')
 3 SYSTEMPATH\CodeIgniter.php(934): App\Controllers\Accounts->login()
 4 SYSTEMPATH\CodeIgniter.php(499): CodeIgniter\CodeIgniter->runController(Object(App\Controllers\Accounts))
 5 SYSTEMPATH\CodeIgniter.php(368): CodeIgniter\CodeIgniter->handleRequest(null, Object(Config\Cache), false)
 6 FCPATH\index.php(67): CodeIgniter\CodeIgniter->run()
INFO - 2023-03-10 12:40:41 --> Session: Class initialized using 'CodeIgniter\Session\Handlers\FileHandler' driver.
INFO - 2023-03-10 12:40:51 --> Session: Class initialized using 'CodeIgniter\Session\Handlers\FileHandler' driver.
INFO - 2023-03-10 12:41:22 --> Session: Class initialized using 'CodeIgniter\Session\Handlers\FileHandler' driver.
INFO - 2023-03-10 12:41:23 --> Session: Class initialized using 'CodeIgniter\Session\Handlers\FileHandler' driver.
INFO - 2023-03-10 12:41:52 --> Session: Class initialized using 'CodeIgniter\Session\Handlers\FileHandler' driver.
INFO - 2023-03-10 12:41:53 --> Session: Class initialized using 'CodeIgniter\Session\Handlers\FileHandler' driver.
INFO - 2023-03-10 12:43:17 --> Session: Class initialized using 'CodeIgniter\Session\Handlers\FileHandler' driver.
INFO - 2023-03-10 12:43:23 --> Session: Class initialized using 'CodeIgniter\Session\Handlers\FileHandler' driver.
CRITICAL - 2023-03-10 12:44:42 --> Undefined variable $name
in APPPATH\Views\layouts\main.php on line 52.
 1 APPPATH\Views\layouts\main.php(52): CodeIgniter\Debug\Exceptions->errorHandler(2, 'Undefined variable $name', 'APPPATH\\Views\\layouts\\main.php', 52)
 2 SYSTEMPATH\View\View.php(213): include('APPPATH\\Views\\layouts\\main.php')
 3 SYSTEMPATH\View\View.php(216): CodeIgniter\View\View->CodeIgniter\View\{closure}()
 4 SYSTEMPATH\View\View.php(229): CodeIgniter\View\View->render('layouts/main', [], true)
 5 SYSTEMPATH\Common.php(1184): CodeIgniter\View\View->render('accounts/signup', [], true)
 6 APPPATH\Controllers\Accounts.php(84): view('accounts/signup', [...])
 7 SYSTEMPATH\CodeIgniter.php(934): App\Controllers\Accounts->register()
 8 SYSTEMPATH\CodeIgniter.php(499): CodeIgniter\CodeIgniter->runController(Object(App\Controllers\Accounts))
 9 SYSTEMPATH\CodeIgniter.php(368): CodeIgniter\CodeIgniter->handleRequest(null, Object(Config\Cache), false)
10 FCPATH\index.php(67): CodeIgniter\CodeIgniter->run()
INFO - 2023-03-10 12:44:48 --> Session: Class initialized using 'CodeIgniter\Session\Handlers\FileHandler' driver.
INFO - 2023-03-10 12:44:58 --> Session: Class initialized using 'CodeIgniter\Session\Handlers\FileHandler' driver.
INFO - 2023-03-10 12:44:59 --> Session: Class initialized using 'CodeIgniter\Session\Handlers\FileHandler' driver.
CRITICAL - 2023-03-10 12:45:12 --> Undefined variable $name
in APPPATH\Views\layouts\main.php on line 52.
 1 APPPATH\Views\layouts\main.php(52): CodeIgniter\Debug\Exceptions->errorHandler(2, 'Undefined variable $name', 'APPPATH\\Views\\layouts\\main.php', 52)
 2 SYSTEMPATH\View\View.php(213): include('APPPATH\\Views\\layouts\\main.php')
 3 SYSTEMPATH\View\View.php(216): CodeIgniter\View\View->CodeIgniter\View\{closure}()
 4 SYSTEMPATH\View\View.php(229): CodeIgniter\View\View->render('layouts/main', [], true)
 5 SYSTEMPATH\Common.php(1184): CodeIgniter\View\View->render('forms/order', [], true)
 6 APPPATH\Controllers\Forms.php(19): view('forms/order', [...])
 7 SYSTEMPATH\CodeIgniter.php(934): App\Controllers\Forms->order()
 8 SYSTEMPATH\CodeIgniter.php(499): CodeIgniter\CodeIgniter->runController(Object(App\Controllers\Forms))
 9 SYSTEMPATH\CodeIgniter.php(368): CodeIgniter\CodeIgniter->handleRequest(null, Object(Config\Cache), false)
10 FCPATH\index.php(67): CodeIgniter\CodeIgniter->run()
INFO - 2023-03-10 12:45:31 --> Session: Class initialized using 'CodeIgniter\Session\Handlers\FileHandler' driver.
CRITICAL - 2023-03-10 12:45:37 --> Undefined variable $name
in APPPATH\Views\layouts\main.php on line 52.
 1 APPPATH\Views\layouts\main.php(52): CodeIgniter\Debug\Exceptions->errorHandler(2, 'Undefined variable $name', 'APPPATH\\Views\\layouts\\main.php', 52)
 2 SYSTEMPATH\View\View.php(213): include('APPPATH\\Views\\layouts\\main.php')
 3 SYSTEMPATH\View\View.php(216): CodeIgniter\View\View->CodeIgniter\View\{closure}()
 4 SYSTEMPATH\View\View.php(229): CodeIgniter\View\View->render('layouts/main', [], true)
 5 SYSTEMPATH\Common.php(1184): CodeIgniter\View\View->render('lists/orders', [], true)
 6 APPPATH\Controllers\Lists.php(64): view('lists/orders', [...])
 7 SYSTEMPATH\CodeIgniter.php(934): App\Controllers\Lists->orders()
 8 SYSTEMPATH\CodeIgniter.php(499): CodeIgniter\CodeIgniter->runController(Object(App\Controllers\Lists))
 9 SYSTEMPATH\CodeIgniter.php(368): CodeIgniter\CodeIgniter->handleRequest(null, Object(Config\Cache), false)
10 FCPATH\index.php(67): CodeIgniter\CodeIgniter->run()
INFO - 2023-03-10 12:58:30 --> Session: Class initialized using 'CodeIgniter\Session\Handlers\FileHandler' driver.
INFO - 2023-03-10 13:01:46 --> Session: Class initialized using 'CodeIgniter\Session\Handlers\FileHandler' driver.
CRITICAL - 2023-03-10 13:01:51 --> Undefined variable $name
in APPPATH\Views\layouts\main.php on line 52.
 1 APPPATH\Views\layouts\main.php(52): CodeIgniter\Debug\Exceptions->errorHandler(2, 'Undefined variable $name', 'APPPATH\\Views\\layouts\\main.php', 52)
 2 SYSTEMPATH\View\View.php(213): include('APPPATH\\Views\\layouts\\main.php')
 3 SYSTEMPATH\View\View.php(216): CodeIgniter\View\View->CodeIgniter\View\{closure}()
 4 SYSTEMPATH\View\View.php(229): CodeIgniter\View\View->render('layouts/main', [], true)
 5 SYSTEMPATH\Common.php(1184): CodeIgniter\View\View->render('lists/users', [], true)
 6 APPPATH\Controllers\Lists.php(34): view('lists/users', [...])
 7 SYSTEMPATH\CodeIgniter.php(934): App\Controllers\Lists->users()
 8 SYSTEMPATH\CodeIgniter.php(499): CodeIgniter\CodeIgniter->runController(Object(App\Controllers\Lists))
 9 SYSTEMPATH\CodeIgniter.php(368): CodeIgniter\CodeIgniter->handleRequest(null, Object(Config\Cache), false)
10 FCPATH\index.php(67): CodeIgniter\CodeIgniter->run()
INFO - 2023-03-10 13:03:53 --> Session: Class initialized using 'CodeIgniter\Session\Handlers\FileHandler' driver.
INFO - 2023-03-10 13:08:06 --> Session: Class initialized using 'CodeIgniter\Session\Handlers\FileHandler' driver.
CRITICAL - 2023-03-10 13:08:06 --> Undefined variable $job
in APPPATH\Views\lists\jobs.php on line 73.
 1 APPPATH\Views\lists\jobs.php(73): CodeIgniter\Debug\Exceptions->errorHandler(2, 'Undefined variable $job', 'APPPATH\\Views\\lists\\jobs.php', 73)
 2 SYSTEMPATH\View\View.php(213): include('APPPATH\\Views\\lists\\jobs.php')
 3 SYSTEMPATH\View\View.php(216): CodeIgniter\View\View->CodeIgniter\View\{closure}()
 4 SYSTEMPATH\Common.php(1184): CodeIgniter\View\View->render('lists/jobs', [], true)
 5 APPPATH\Controllers\Lists.php(45): view('lists/jobs', [...])
 6 SYSTEMPATH\CodeIgniter.php(934): App\Controllers\Lists->jobs()
 7 SYSTEMPATH\CodeIgniter.php(499): CodeIgniter\CodeIgniter->runController(Object(App\Controllers\Lists))
 8 SYSTEMPATH\CodeIgniter.php(368): CodeIgniter\CodeIgniter->handleRequest(null, Object(Config\Cache), false)
 9 FCPATH\index.php(67): CodeIgniter\CodeIgniter->run()
INFO - 2023-03-10 14:04:32 --> Session: Class initialized using 'CodeIgniter\Session\Handlers\FileHandler' driver.
ERROR - 2023-03-10 14:04:33 --> ErrorException: pg_query(): Query failed: ERROR:  relation &quot;jobs&quot; does not exist
LINE 2: FROM &quot;jobs&quot;
             ^ in C:\xampp\htdocs\fgpr\vendor\codeigniter4\framework\system\Database\Postgre\Connection.php:147
Stack trace:
#0 [internal function]: CodeIgniter\Debug\Exceptions->errorHandler(2, 'pg_query(): Que...', 'C:\\xampp\\htdocs...', 147)
#1 C:\xampp\htdocs\fgpr\vendor\codeigniter4\framework\system\Database\Postgre\Connection.php(147): pg_query(Object(PgSql\Connection), 'SELECT *\nFROM "...')
#2 C:\xampp\htdocs\fgpr\vendor\codeigniter4\framework\system\Database\BaseConnection.php(691): CodeIgniter\Database\Postgre\Connection->execute('SELECT *\nFROM "...')
#3 C:\xampp\htdocs\fgpr\vendor\codeigniter4\framework\system\Database\BaseConnection.php(605): CodeIgniter\Database\BaseConnection->simpleQuery('SELECT *\nFROM "...')
#4 C:\xampp\htdocs\fgpr\vendor\codeigniter4\framework\system\Database\BaseBuilder.php(1616): CodeIgniter\Database\BaseConnection->query('SELECT *\nFROM "...', Array, false)
#5 C:\xampp\htdocs\fgpr\vendor\codeigniter4\framework\system\Model.php(241): CodeIgniter\Database\BaseBuilder->get()
#6 C:\xampp\htdocs\fgpr\vendor\codeigniter4\framework\system\BaseModel.php(618): CodeIgniter\Model->doFindAll(0, 0)
#7 C:\xampp\htdocs\fgpr\app\Models\JobsModel.php(18): CodeIgniter\BaseModel->findAll()
#8 C:\xampp\htdocs\fgpr\app\Controllers\Lists.php(54): App\Models\JobsModel->getJob(NULL)
#9 C:\xampp\htdocs\fgpr\vendor\codeigniter4\framework\system\CodeIgniter.php(934): App\Controllers\Lists->jobs()
#10 C:\xampp\htdocs\fgpr\vendor\codeigniter4\framework\system\CodeIgniter.php(499): CodeIgniter\CodeIgniter->runController(Object(App\Controllers\Lists))
#11 C:\xampp\htdocs\fgpr\vendor\codeigniter4\framework\system\CodeIgniter.php(368): CodeIgniter\CodeIgniter->handleRequest(NULL, Object(Config\Cache), false)
#12 C:\xampp\htdocs\fgpr\public\index.php(67): CodeIgniter\CodeIgniter->run()
#13 {main}
CRITICAL - 2023-03-10 14:04:33 --> pg_query(): Query failed: ERROR:  relation &quot;jobs&quot; does not exist
LINE 2: FROM &quot;jobs&quot;
             ^
in SYSTEMPATH\Database\BaseConnection.php on line 645.
 1 SYSTEMPATH\Database\BaseBuilder.php(1616): CodeIgniter\Database\BaseConnection->query('SELECT *
FROM "jobs"', [], false)
 2 SYSTEMPATH\Model.php(241): CodeIgniter\Database\BaseBuilder->get()
 3 SYSTEMPATH\BaseModel.php(618): CodeIgniter\Model->doFindAll(0, 0)
 4 APPPATH\Models\JobsModel.php(18): CodeIgniter\BaseModel->findAll()
 5 APPPATH\Controllers\Lists.php(54): App\Models\JobsModel->getJob(null)
 6 SYSTEMPATH\CodeIgniter.php(934): App\Controllers\Lists->jobs()
 7 SYSTEMPATH\CodeIgniter.php(499): CodeIgniter\CodeIgniter->runController(Object(App\Controllers\Lists))
 8 SYSTEMPATH\CodeIgniter.php(368): CodeIgniter\CodeIgniter->handleRequest(null, Object(Config\Cache), false)
 9 FCPATH\index.php(67): CodeIgniter\CodeIgniter->run()
INFO - 2023-03-10 14:05:07 --> Session: Class initialized using 'CodeIgniter\Session\Handlers\FileHandler' driver.
CRITICAL - 2023-03-10 14:05:07 --> syntax error, unexpected end of file
in APPPATH\Views\lists\jobs.php on line 96.
 1 SYSTEMPATH\View\View.php(216): CodeIgniter\View\View->CodeIgniter\View\{closure}()
 2 SYSTEMPATH\Common.php(1184): CodeIgniter\View\View->render('lists/jobs', [], true)
 3 APPPATH\Controllers\Lists.php(64): view('lists/jobs', [...])
 4 SYSTEMPATH\CodeIgniter.php(934): App\Controllers\Lists->jobs()
 5 SYSTEMPATH\CodeIgniter.php(499): CodeIgniter\CodeIgniter->runController(Object(App\Controllers\Lists))
 6 SYSTEMPATH\CodeIgniter.php(368): CodeIgniter\CodeIgniter->handleRequest(null, Object(Config\Cache), false)
 7 FCPATH\index.php(67): CodeIgniter\CodeIgniter->run()
INFO - 2023-03-10 14:08:44 --> Session: Class initialized using 'CodeIgniter\Session\Handlers\FileHandler' driver.
CRITICAL - 2023-03-10 14:08:44 --> syntax error, unexpected end of file, expecting "elseif" or "else" or "endif"
in APPPATH\Views\lists\jobs.php on line 97.
 1 SYSTEMPATH\View\View.php(216): CodeIgniter\View\View->CodeIgniter\View\{closure}()
 2 SYSTEMPATH\Common.php(1184): CodeIgniter\View\View->render('lists/jobs', [], true)
 3 APPPATH\Controllers\Lists.php(64): view('lists/jobs', [...])
 4 SYSTEMPATH\CodeIgniter.php(934): App\Controllers\Lists->jobs()
 5 SYSTEMPATH\CodeIgniter.php(499): CodeIgniter\CodeIgniter->runController(Object(App\Controllers\Lists))
 6 SYSTEMPATH\CodeIgniter.php(368): CodeIgniter\CodeIgniter->handleRequest(null, Object(Config\Cache), false)
 7 FCPATH\index.php(67): CodeIgniter\CodeIgniter->run()
INFO - 2023-03-10 14:11:45 --> Session: Class initialized using 'CodeIgniter\Session\Handlers\FileHandler' driver.
CRITICAL - 2023-03-10 14:11:45 --> Undefined array key "job.fly_code"
in APPPATH\Views\lists\jobs.php on line 56.
 1 APPPATH\Views\lists\jobs.php(56): CodeIgniter\Debug\Exceptions->errorHandler(2, 'Undefined array key "job.fly_code"', 'APPPATH\\Views\\lists\\jobs.php', 56)
 2 SYSTEMPATH\View\View.php(213): include('APPPATH\\Views\\lists\\jobs.php')
 3 SYSTEMPATH\View\View.php(216): CodeIgniter\View\View->CodeIgniter\View\{closure}()
 4 SYSTEMPATH\Common.php(1184): CodeIgniter\View\View->render('lists/jobs', [], true)
 5 APPPATH\Controllers\Lists.php(64): view('lists/jobs', [...])
 6 SYSTEMPATH\CodeIgniter.php(934): App\Controllers\Lists->jobs()
 7 SYSTEMPATH\CodeIgniter.php(499): CodeIgniter\CodeIgniter->runController(Object(App\Controllers\Lists))
 8 SYSTEMPATH\CodeIgniter.php(368): CodeIgniter\CodeIgniter->handleRequest(null, Object(Config\Cache), false)
 9 FCPATH\index.php(67): CodeIgniter\CodeIgniter->run()
INFO - 2023-03-10 14:25:04 --> Session: Class initialized using 'CodeIgniter\Session\Handlers\FileHandler' driver.
CRITICAL - 2023-03-10 14:25:05 --> Call to undefined method App\Models\FlyModel::getFlycode
in SYSTEMPATH\Model.php on line 842.
 1 APPPATH\Controllers\Lists.php(57): CodeIgniter\Model->__call('getFlycode', [...])
 2 SYSTEMPATH\CodeIgniter.php(934): App\Controllers\Lists->jobs()
 3 SYSTEMPATH\CodeIgniter.php(499): CodeIgniter\CodeIgniter->runController(Object(App\Controllers\Lists))
 4 SYSTEMPATH\CodeIgniter.php(368): CodeIgniter\CodeIgniter->handleRequest(null, Object(Config\Cache), false)
 5 FCPATH\index.php(67): CodeIgniter\CodeIgniter->run()
INFO - 2023-03-10 14:25:45 --> Session: Class initialized using 'CodeIgniter\Session\Handlers\FileHandler' driver.
CRITICAL - 2023-03-10 14:25:47 --> Call to undefined method App\Models\FlyModel::getFlycode
in SYSTEMPATH\Model.php on line 842.
 1 APPPATH\Controllers\Lists.php(58): CodeIgniter\Model->__call('getFlycode', [...])
 2 SYSTEMPATH\CodeIgniter.php(934): App\Controllers\Lists->jobs()
 3 SYSTEMPATH\CodeIgniter.php(499): CodeIgniter\CodeIgniter->runController(Object(App\Controllers\Lists))
 4 SYSTEMPATH\CodeIgniter.php(368): CodeIgniter\CodeIgniter->handleRequest(null, Object(Config\Cache), false)
 5 FCPATH\index.php(67): CodeIgniter\CodeIgniter->run()
INFO - 2023-03-10 14:27:11 --> Session: Class initialized using 'CodeIgniter\Session\Handlers\FileHandler' driver.
CRITICAL - 2023-03-10 14:27:11 --> Call to undefined method App\Models\FlyModel::getFlycode
in SYSTEMPATH\Model.php on line 842.
 1 APPPATH\Controllers\Lists.php(58): CodeIgniter\Model->__call('getFlycode', [...])
 2 SYSTEMPATH\CodeIgniter.php(934): App\Controllers\Lists->jobs()
 3 SYSTEMPATH\CodeIgniter.php(499): CodeIgniter\CodeIgniter->runController(Object(App\Controllers\Lists))
 4 SYSTEMPATH\CodeIgniter.php(368): CodeIgniter\CodeIgniter->handleRequest(null, Object(Config\Cache), false)
 5 FCPATH\index.php(67): CodeIgniter\CodeIgniter->run()
INFO - 2023-03-10 14:29:03 --> Session: Class initialized using 'CodeIgniter\Session\Handlers\FileHandler' driver.
CRITICAL - 2023-03-10 14:29:04 --> Call to undefined method App\Models\FlyModel::getFlycode
in SYSTEMPATH\Model.php on line 842.
 1 APPPATH\Controllers\Lists.php(58): CodeIgniter\Model->__call('getFlycode', [...])
 2 SYSTEMPATH\CodeIgniter.php(934): App\Controllers\Lists->jobs()
 3 SYSTEMPATH\CodeIgniter.php(499): CodeIgniter\CodeIgniter->runController(Object(App\Controllers\Lists))
 4 SYSTEMPATH\CodeIgniter.php(368): CodeIgniter\CodeIgniter->handleRequest(null, Object(Config\Cache), false)
 5 FCPATH\index.php(67): CodeIgniter\CodeIgniter->run()
INFO - 2023-03-10 14:43:33 --> Session: Class initialized using 'CodeIgniter\Session\Handlers\FileHandler' driver.
CRITICAL - 2023-03-10 14:43:34 --> Call to undefined method App\Models\FlyModel::getFlycode
in SYSTEMPATH\Model.php on line 842.
 1 APPPATH\Controllers\Lists.php(58): CodeIgniter\Model->__call('getFlycode', [...])
 2 SYSTEMPATH\CodeIgniter.php(934): App\Controllers\Lists->jobs()
 3 SYSTEMPATH\CodeIgniter.php(499): CodeIgniter\CodeIgniter->runController(Object(App\Controllers\Lists))
 4 SYSTEMPATH\CodeIgniter.php(368): CodeIgniter\CodeIgniter->handleRequest(null, Object(Config\Cache), false)
 5 FCPATH\index.php(67): CodeIgniter\CodeIgniter->run()
INFO - 2023-03-10 14:44:16 --> Session: Class initialized using 'CodeIgniter\Session\Handlers\FileHandler' driver.
CRITICAL - 2023-03-10 14:44:16 --> Undefined array key "description"
in APPPATH\Views\lists\jobs.php on line 57.
 1 APPPATH\Views\lists\jobs.php(57): CodeIgniter\Debug\Exceptions->errorHandler(2, 'Undefined array key "description"', 'APPPATH\\Views\\lists\\jobs.php', 57)
 2 SYSTEMPATH\View\View.php(213): include('APPPATH\\Views\\lists\\jobs.php')
 3 SYSTEMPATH\View\View.php(216): CodeIgniter\View\View->CodeIgniter\View\{closure}()
 4 SYSTEMPATH\Common.php(1184): CodeIgniter\View\View->render('lists/jobs', [], true)
 5 APPPATH\Controllers\Lists.php(66): view('lists/jobs', [...])
 6 SYSTEMPATH\CodeIgniter.php(934): App\Controllers\Lists->jobs()
 7 SYSTEMPATH\CodeIgniter.php(499): CodeIgniter\CodeIgniter->runController(Object(App\Controllers\Lists))
 8 SYSTEMPATH\CodeIgniter.php(368): CodeIgniter\CodeIgniter->handleRequest(null, Object(Config\Cache), false)
 9 FCPATH\index.php(67): CodeIgniter\CodeIgniter->run()
INFO - 2023-03-10 14:46:22 --> Session: Class initialized using 'CodeIgniter\Session\Handlers\FileHandler' driver.
CRITICAL - 2023-03-10 14:46:22 --> Undefined array key "description"
in APPPATH\Views\lists\jobs.php on line 57.
 1 APPPATH\Views\lists\jobs.php(57): CodeIgniter\Debug\Exceptions->errorHandler(2, 'Undefined array key "description"', 'APPPATH\\Views\\lists\\jobs.php', 57)
 2 SYSTEMPATH\View\View.php(213): include('APPPATH\\Views\\lists\\jobs.php')
 3 SYSTEMPATH\View\View.php(216): CodeIgniter\View\View->CodeIgniter\View\{closure}()
 4 SYSTEMPATH\Common.php(1184): CodeIgniter\View\View->render('lists/jobs', [], true)
 5 APPPATH\Controllers\Lists.php(68): view('lists/jobs', [...])
 6 SYSTEMPATH\CodeIgniter.php(934): App\Controllers\Lists->jobs()
 7 SYSTEMPATH\CodeIgniter.php(499): CodeIgniter\CodeIgniter->runController(Object(App\Controllers\Lists))
 8 SYSTEMPATH\CodeIgniter.php(368): CodeIgniter\CodeIgniter->handleRequest(null, Object(Config\Cache), false)
 9 FCPATH\index.php(67): CodeIgniter\CodeIgniter->run()
INFO - 2023-03-10 14:47:00 --> Session: Class initialized using 'CodeIgniter\Session\Handlers\FileHandler' driver.
CRITICAL - 2023-03-10 14:47:01 --> Undefined array key "description"
in APPPATH\Views\lists\jobs.php on line 57.
 1 APPPATH\Views\lists\jobs.php(57): CodeIgniter\Debug\Exceptions->errorHandler(2, 'Undefined array key "description"', 'APPPATH\\Views\\lists\\jobs.php', 57)
 2 SYSTEMPATH\View\View.php(213): include('APPPATH\\Views\\lists\\jobs.php')
 3 SYSTEMPATH\View\View.php(216): CodeIgniter\View\View->CodeIgniter\View\{closure}()
 4 SYSTEMPATH\Common.php(1184): CodeIgniter\View\View->render('lists/jobs', [], true)
 5 APPPATH\Controllers\Lists.php(68): view('lists/jobs', [...])
 6 SYSTEMPATH\CodeIgniter.php(934): App\Controllers\Lists->jobs()
 7 SYSTEMPATH\CodeIgniter.php(499): CodeIgniter\CodeIgniter->runController(Object(App\Controllers\Lists))
 8 SYSTEMPATH\CodeIgniter.php(368): CodeIgniter\CodeIgniter->handleRequest(null, Object(Config\Cache), false)
 9 FCPATH\index.php(67): CodeIgniter\CodeIgniter->run()
INFO - 2023-03-10 14:47:38 --> Session: Class initialized using 'CodeIgniter\Session\Handlers\FileHandler' driver.
CRITICAL - 2023-03-10 14:47:38 --> Undefined array key "description"
in APPPATH\Views\lists\jobs.php on line 57.
 1 APPPATH\Views\lists\jobs.php(57): CodeIgniter\Debug\Exceptions->errorHandler(2, 'Undefined array key "description"', 'APPPATH\\Views\\lists\\jobs.php', 57)
 2 SYSTEMPATH\View\View.php(213): include('APPPATH\\Views\\lists\\jobs.php')
 3 SYSTEMPATH\View\View.php(216): CodeIgniter\View\View->CodeIgniter\View\{closure}()
 4 SYSTEMPATH\Common.php(1184): CodeIgniter\View\View->render('lists/jobs', [], true)
 5 APPPATH\Controllers\Lists.php(68): view('lists/jobs', [...])
 6 SYSTEMPATH\CodeIgniter.php(934): App\Controllers\Lists->jobs()
 7 SYSTEMPATH\CodeIgniter.php(499): CodeIgniter\CodeIgniter->runController(Object(App\Controllers\Lists))
 8 SYSTEMPATH\CodeIgniter.php(368): CodeIgniter\CodeIgniter->handleRequest(null, Object(Config\Cache), false)
 9 FCPATH\index.php(67): CodeIgniter\CodeIgniter->run()
INFO - 2023-03-10 14:49:44 --> Session: Class initialized using 'CodeIgniter\Session\Handlers\FileHandler' driver.
CRITICAL - 2023-03-10 14:49:44 --> Array to string conversion
in APPPATH\Views\lists\jobs.php on line 57.
 1 APPPATH\Views\lists\jobs.php(57): CodeIgniter\Debug\Exceptions->errorHandler(2, 'Array to string conversion', 'APPPATH\\Views\\lists\\jobs.php', 57)
 2 SYSTEMPATH\View\View.php(213): include('APPPATH\\Views\\lists\\jobs.php')
 3 SYSTEMPATH\View\View.php(216): CodeIgniter\View\View->CodeIgniter\View\{closure}()
 4 SYSTEMPATH\Common.php(1184): CodeIgniter\View\View->render('lists/jobs', [], true)
 5 APPPATH\Controllers\Lists.php(68): view('lists/jobs', [...])
 6 SYSTEMPATH\CodeIgniter.php(934): App\Controllers\Lists->jobs()
 7 SYSTEMPATH\CodeIgniter.php(499): CodeIgniter\CodeIgniter->runController(Object(App\Controllers\Lists))
 8 SYSTEMPATH\CodeIgniter.php(368): CodeIgniter\CodeIgniter->handleRequest(null, Object(Config\Cache), false)
 9 FCPATH\index.php(67): CodeIgniter\CodeIgniter->run()
INFO - 2023-03-10 14:50:06 --> Session: Class initialized using 'CodeIgniter\Session\Handlers\FileHandler' driver.
CRITICAL - 2023-03-10 14:50:06 --> Undefined array key "size"
in APPPATH\Views\lists\jobs.php on line 58.
 1 APPPATH\Views\lists\jobs.php(58): CodeIgniter\Debug\Exceptions->errorHandler(2, 'Undefined array key "size"', 'APPPATH\\Views\\lists\\jobs.php', 58)
 2 SYSTEMPATH\View\View.php(213): include('APPPATH\\Views\\lists\\jobs.php')
 3 SYSTEMPATH\View\View.php(216): CodeIgniter\View\View->CodeIgniter\View\{closure}()
 4 SYSTEMPATH\Common.php(1184): CodeIgniter\View\View->render('lists/jobs', [], true)
 5 APPPATH\Controllers\Lists.php(68): view('lists/jobs', [...])
 6 SYSTEMPATH\CodeIgniter.php(934): App\Controllers\Lists->jobs()
 7 SYSTEMPATH\CodeIgniter.php(499): CodeIgniter\CodeIgniter->runController(Object(App\Controllers\Lists))
 8 SYSTEMPATH\CodeIgniter.php(368): CodeIgniter\CodeIgniter->handleRequest(null, Object(Config\Cache), false)
 9 FCPATH\index.php(67): CodeIgniter\CodeIgniter->run()
INFO - 2023-03-10 14:51:03 --> Session: Class initialized using 'CodeIgniter\Session\Handlers\FileHandler' driver.
CRITICAL - 2023-03-10 14:51:03 --> Undefined array key "size"
in APPPATH\Views\lists\jobs.php on line 58.
 1 APPPATH\Views\lists\jobs.php(58): CodeIgniter\Debug\Exceptions->errorHandler(2, 'Undefined array key "size"', 'APPPATH\\Views\\lists\\jobs.php', 58)
 2 SYSTEMPATH\View\View.php(213): include('APPPATH\\Views\\lists\\jobs.php')
 3 SYSTEMPATH\View\View.php(216): CodeIgniter\View\View->CodeIgniter\View\{closure}()
 4 SYSTEMPATH\Common.php(1184): CodeIgniter\View\View->render('lists/jobs', [], true)
 5 APPPATH\Controllers\Lists.php(68): view('lists/jobs', [...])
 6 SYSTEMPATH\CodeIgniter.php(934): App\Controllers\Lists->jobs()
 7 SYSTEMPATH\CodeIgniter.php(499): CodeIgniter\CodeIgniter->runController(Object(App\Controllers\Lists))
 8 SYSTEMPATH\CodeIgniter.php(368): CodeIgniter\CodeIgniter->handleRequest(null, Object(Config\Cache), false)
 9 FCPATH\index.php(67): CodeIgniter\CodeIgniter->run()
INFO - 2023-03-10 14:52:38 --> Session: Class initialized using 'CodeIgniter\Session\Handlers\FileHandler' driver.
CRITICAL - 2023-03-10 14:52:38 --> Call to undefined method App\Models\OrdersModel::getFlycode
in SYSTEMPATH\Model.php on line 842.
 1 APPPATH\Controllers\Lists.php(58): CodeIgniter\Model->__call('getFlycode', [...])
 2 SYSTEMPATH\CodeIgniter.php(934): App\Controllers\Lists->jobs()
 3 SYSTEMPATH\CodeIgniter.php(499): CodeIgniter\CodeIgniter->runController(Object(App\Controllers\Lists))
 4 SYSTEMPATH\CodeIgniter.php(368): CodeIgniter\CodeIgniter->handleRequest(null, Object(Config\Cache), false)
 5 FCPATH\index.php(67): CodeIgniter\CodeIgniter->run()
INFO - 2023-03-10 14:52:51 --> Session: Class initialized using 'CodeIgniter\Session\Handlers\FileHandler' driver.
CRITICAL - 2023-03-10 14:52:51 --> Call to undefined method App\Models\OrdersModel::getFlycode
in SYSTEMPATH\Model.php on line 842.
 1 APPPATH\Controllers\Lists.php(58): CodeIgniter\Model->__call('getFlycode', [...])
 2 SYSTEMPATH\CodeIgniter.php(934): App\Controllers\Lists->jobs()
 3 SYSTEMPATH\CodeIgniter.php(499): CodeIgniter\CodeIgniter->runController(Object(App\Controllers\Lists))
 4 SYSTEMPATH\CodeIgniter.php(368): CodeIgniter\CodeIgniter->handleRequest(null, Object(Config\Cache), false)
 5 FCPATH\index.php(67): CodeIgniter\CodeIgniter->run()
INFO - 2023-03-10 14:53:12 --> Session: Class initialized using 'CodeIgniter\Session\Handlers\FileHandler' driver.
CRITICAL - 2023-03-10 14:53:12 --> Trying to access array offset on value of type null
in APPPATH\Views\lists\jobs.php on line 59.
 1 APPPATH\Views\lists\jobs.php(59): CodeIgniter\Debug\Exceptions->errorHandler(2, 'Trying to access array offset on value of type null', 'APPPATH\\Views\\lists\\jobs.php', 59)
 2 SYSTEMPATH\View\View.php(213): include('APPPATH\\Views\\lists\\jobs.php')
 3 SYSTEMPATH\View\View.php(216): CodeIgniter\View\View->CodeIgniter\View\{closure}()
 4 SYSTEMPATH\Common.php(1184): CodeIgniter\View\View->render('lists/jobs', [], true)
 5 APPPATH\Controllers\Lists.php(69): view('lists/jobs', [...])
 6 SYSTEMPATH\CodeIgniter.php(934): App\Controllers\Lists->jobs()
 7 SYSTEMPATH\CodeIgniter.php(499): CodeIgniter\CodeIgniter->runController(Object(App\Controllers\Lists))
 8 SYSTEMPATH\CodeIgniter.php(368): CodeIgniter\CodeIgniter->handleRequest(null, Object(Config\Cache), false)
 9 FCPATH\index.php(67): CodeIgniter\CodeIgniter->run()
INFO - 2023-03-10 14:53:33 --> Session: Class initialized using 'CodeIgniter\Session\Handlers\FileHandler' driver.
CRITICAL - 2023-03-10 14:53:33 --> syntax error, unexpected token ";"
in APPPATH\Views\lists\jobs.php on line 59.
 1 SYSTEMPATH\View\View.php(216): CodeIgniter\View\View->CodeIgniter\View\{closure}()
 2 SYSTEMPATH\Common.php(1184): CodeIgniter\View\View->render('lists/jobs', [], true)
 3 APPPATH\Controllers\Lists.php(69): view('lists/jobs', [...])
 4 SYSTEMPATH\CodeIgniter.php(934): App\Controllers\Lists->jobs()
 5 SYSTEMPATH\CodeIgniter.php(499): CodeIgniter\CodeIgniter->runController(Object(App\Controllers\Lists))
 6 SYSTEMPATH\CodeIgniter.php(368): CodeIgniter\CodeIgniter->handleRequest(null, Object(Config\Cache), false)
 7 FCPATH\index.php(67): CodeIgniter\CodeIgniter->run()
INFO - 2023-03-10 14:53:59 --> Session: Class initialized using 'CodeIgniter\Session\Handlers\FileHandler' driver.
CRITICAL - 2023-03-10 14:53:59 --> Undefined array key "fly.cost"
in APPPATH\Views\lists\jobs.php on line 61.
 1 APPPATH\Views\lists\jobs.php(61): CodeIgniter\Debug\Exceptions->errorHandler(2, 'Undefined array key "fly.cost"', 'APPPATH\\Views\\lists\\jobs.php', 61)
 2 SYSTEMPATH\View\View.php(213): include('APPPATH\\Views\\lists\\jobs.php')
 3 SYSTEMPATH\View\View.php(216): CodeIgniter\View\View->CodeIgniter\View\{closure}()
 4 SYSTEMPATH\Common.php(1184): CodeIgniter\View\View->render('lists/jobs', [], true)
 5 APPPATH\Controllers\Lists.php(69): view('lists/jobs', [...])
 6 SYSTEMPATH\CodeIgniter.php(934): App\Controllers\Lists->jobs()
 7 SYSTEMPATH\CodeIgniter.php(499): CodeIgniter\CodeIgniter->runController(Object(App\Controllers\Lists))
 8 SYSTEMPATH\CodeIgniter.php(368): CodeIgniter\CodeIgniter->handleRequest(null, Object(Config\Cache), false)
 9 FCPATH\index.php(67): CodeIgniter\CodeIgniter->run()
